<?xml version="1.0" encoding="UTF-8"?>
<TestSessionContainer xmlns="http://www.codecover.org/xml/testsession-container" Date="1343081021341" TestSessionContainerId="2a49d615-e1ed-426c-8a4a-472f65f53d7b" version="1.0">
<SrcFileList>
<SrcFile Content="/**&#10; * Rubrica.java&#10; * &#10; * @author Alenadri Enrico - III G&#10; * @date 6/02/2009&#10; * Fixed by:&#10; * &quot;helloIAmPau - Pasquale Boemio &lt;pa.boemio[at]studenti.unina.it&gt;&quot;&#10; * &quot;b3by&quot; - Antonio Bevilacqua &lt;anto.bevilacqua[at]studenti.unina.it&gt;&quot;&#10; * ----------&#10; * This is the first called class. It simply shows the jpanel &quot;FramePri&quot;.&#10; * &#10; * We have fixed:&#10; * 1. indentation&#10; * 2. added some inline documentation&#10; * 3. replaced show() method with setVisible() method of frame object. show() seems to be deprecated&#10; * &#10; * NB: Some class or variables name are edited in order to respect the standard &quot;camel notation&quot;&#10; * to make this source code more readable. &#10; */&#10;package is2.rubrica;&#10;import javax.swing.JFrame;&#10;&#10;&#10;public class Rubrica{&#10;&#9;/**&#10;&#9; * The main method. I don't have to add something else. &#10;&#9; * &#10;&#9; * @param args : This is some command line arguments. Be careful, Rubrica.java doesn't use it!&#10;&#9; */&#10;&#9;public static void main(String[] args){&#10;&#9;&#9;&#10;&#9;&#9;int xLoc=400,   // posizione x dei frame nello schermo&#10;&#9;&#9;&#9;yLoc=400;   // posizione y dei frame nello schermo&#10;&#9;&#9;&#10;&#9;&#9;FramePri frame = new FramePri(xLoc,yLoc); // creo il pannello che verra` mostrato&#10;&#9;&#9;frame.setDefaultCloseOperation(JFrame.EXIT_ON_CLOSE); // operazione da eseguire alla sua chiusura&#10;&#9;&#9;&#10;&#9;&#9;/*-------------------------------------------------&#10;&#9;&#9; * FIX-3&#10;&#9;&#9; * ------------------------------------------------ &#10;&#9;&#9; * Il metodo show() risulta essere deprecato; per evitare problemi futuri&#10;&#9;&#9; * utilizziamo il metodo setVisible()&#10;&#9;&#9; */&#10;&#9;&#9;//frame.show(); &#10;&#9;&#9;frame.setVisible(true); // mostrami il pannello :)&#10;&#9;&#9;//-------------------------------------------------&#10;     &#10;&#9;}&#10; }&#10;" Filename="Rubrica.java" Intrnl_Id="1"/>
<SrcFile Content="/**&#10; * PanelInserimento.java&#10; * &#10; * @author Alenadri Enrico - III G&#10; * @date 6/02/2009&#10; * Fixed by:&#10; * &quot;helloIAmPau - Pasquale Boemio &lt;pa.boemio[at]studenti.unina.it&gt;&quot;&#10; * &quot;b3by&quot; - Antonio Bevilacqua &lt;anto.bevilacqua[at]studenti.unina.it&gt;&quot;&#10; * ----------&#10; * &#10; * We have fixed:&#10; * 1. indentation&#10; * 2. added some inline documentation&#10; * 3. added the serialVersionUID (not necessary)&#10; * 4. converted TextField objects in JTextField (frow AWT to Swing)&#10; * 5. resolved change panel if submit void rub name (thx to testVoidNameCreazioneRubrica())&#10; * 6. typing error changing &quot;Indirizzo&quot; to &quot;Indirizzo:&quot; (thx to pannelloOutputVisible())&#10; * &#10; * NB: Some class or variables name are edited in order to respect the standard &quot;camel notation&quot;&#10; * to make this source code more readable. &#10; */&#10;package is2.rubrica;&#10;&#10;import java.awt.TextArea;&#10;import java.awt.event.ActionEvent;&#10;import java.awt.event.ActionListener;&#10;import java.io.BufferedReader;&#10;import java.io.File;&#10;import java.io.FileNotFoundException;&#10;import java.io.FileOutputStream;&#10;import java.io.FileReader;&#10;import java.io.IOException;&#10;import java.io.PrintStream;&#10;&#10;import javax.swing.JButton;&#10;import javax.swing.JLabel;&#10;import javax.swing.JPanel;&#10;import javax.swing.JTextArea;&#10;import javax.swing.JTextField;&#10;&#10;public class PanelInserimento extends JPanel implements ActionListener{&#10;&#10;    // L'oggetto JFrame e` un oggetto &quot;Serializable&quot;. Poiche` abbiamo seri problemi,&#10;&#9;// preferiamo eliminare anche tutti i &quot;warning&quot; presenti nel codice, e quindi &#10;&#9;// assegnamo a questo un id autogenerato!&#10;&#9;private static final long serialVersionUID = 685601408825075349L;&#10;&#9;&#10;&#9;// ----------------------------------&#10;&#9;// Variabile non usata&#10;&#9;// private boolean exist=true;&#10;&#9;// ----------------------------------&#10;&#9;private int num=0,&#10;&#9;&#9;&#9;linee=0,&#10;&#9;&#9;&#9;lineeStm=0,&#10;&#9;&#9;&#9;i,&#10;&#9;&#9;&#9;cont;&#10;&#9;// ----------------------------------&#10;&#9;// Variabili non usate&#10;&#9;// &#9;&#9;con,&#10;&#9;//      x=0;&#10;&#9;// ----------------------------------&#10;&#9;&#10;&#9;private String linea,&#10;&#9;&#9;&#9;stringa,&#10;&#9;&#9;&#9;risCerca=&quot;&quot;;&#10;&#9;// ----------------------------------&#10;&#9;// Variabile non usata&#10;&#9;// &#9;nameRub;&#10;&#9;// ----------------------------------&#10;&#9;&#10;&#9;private JTextField inNome,&#10;&#9;&#9;&#9;inCognome,&#10;&#9;&#9;&#9;inNumero,&#10;&#9;&#9;&#9;inIndirizzo,&#10;&#9;&#9;&#9;inNameRub,&#10;&#9;&#9;&#9;inCerca;&#10;&#9;&#10;&#9;private FileOutputStream fileS;&#10;&#9;private FileReader fileL;&#10;&#9;private File exFile;&#10;&#9;private PrintStream scrittura;&#10;&#9;private BufferedReader lettura;&#10;&#9;private JTextArea risultati;&#10;&#9;private int[] cerca = new int[100];&#10;&#9;&#10;&#9;private JLabel testoIns,&#10;&#9;&#9;&#9;testoStp,&#10;&#9;&#9;&#9;nome,&#10;&#9;&#9;&#9;// ----------------------------------&#10;&#9;&#9;&#9;// Addirittura errori di battitura...&#10;&#9;&#9;&#9;// Congome,&#10;&#9;&#9;&#9;Cognome,&#10;&#9;&#9;&#9;// ----------------------------------&#10;&#9;&#9;&#9;Numero,&#10;&#9;&#9;&#9;Indirizzo,&#10;&#9;&#9;&#9;index,&#10;&#9;&#9;&#9;spazio,&#10;&#9;&#9;&#9;stmNome,&#10;&#9;&#9;&#9;stmCognome,&#10;&#9;&#9;&#9;stmNumero,&#10;&#9;&#9;&#9;stmIndirizzo,&#10;&#9;&#9;&#9;infoCerca;&#10;&#9;&#10;&#9;private JButton ok,&#10;&#9;&#9;&#9;reset,&#10;&#9;&#9;&#9;savExit,&#10;&#9;&#9;&#9;invio,&#10;&#9;&#9;&#9;invio_,&#10;&#9;&#9;&#9;indIns,&#10;&#9;&#9;&#9;indStp,&#10;&#9;&#9;&#9;indCer,&#10;&#9;&#9;&#9;avanti,&#10;&#9;&#9;&#9;back,&#10;&#9;&#9;&#9;indietro,&#10;&#9;&#9;&#9;exit,&#10;&#9;&#9;&#9;Cerca;&#10;&#9;&#10;&#9;public PanelInserimento(){&#10;&#9;&#9;&#10;&#9;&#9;this.exit = new JButton(&quot;esci&quot;);&#10;&#9;&#9;this.spazio= new JLabel(&quot;                              &quot;);&#10;&#9;&#9;&#10;&#9;&#9;// Componenti Index&#10;&#9;&#9;this.index = new JLabel(&quot;       Cosa vuoi fare?                                    &quot;);&#10;&#9;&#9;// ----------------------------------&#10;&#9;&#9;// Per poter fare testing, sono stati aggiunti i nomi ad alcune JLabel&#10;&#9;&#9;this.index.setName(&quot;index&quot;);&#10;&#9;&#9;// ----------------------------------&#10;&#9;&#9;this.indIns = new JButton(&quot;Crea rubrica&quot;);&#10;&#9;&#9;this.indStp = new JButton(&quot;Visualizza contatti&quot;);&#10;&#9;&#9;this.indCer = new JButton(&quot;Cerca Contatti&quot;);&#10;&#9;&#9;&#10;&#9;&#9;// Componenti inserimento nome Rubrica-inserimento scherda/stampa scheda&#10;&#9;&#9;this.testoIns = new JLabel(&quot;Inserisci il nome con cui salvare la rubrica        &quot;);&#10;&#9;&#9;this.testoStp = new JLabel(&quot;Inserisci il nome della rubrica        &quot;);&#10;&#9;&#9;// ----------------------------------&#10;&#9;&#9;// Per poter fare testing, sono stati aggiunti i nomi ad alcune JLabel&#10;&#9;&#9;this.testoStp.setName(&quot;testoStp&quot;);&#10;&#9;&#9;this.testoIns.setName(&quot;testoIns&quot;);&#10;&#9;&#9;// ----------------------------------&#10;&#9;&#9;this.inNameRub = new JTextField(10);&#10;&#9;&#9;// ----------------------------------&#10;&#9;&#9;// Per poter fare testing, sono stati aggiunti i nomi ai textfield&#10;&#9;&#9;this.inNameRub.setName(&quot;inNameRub&quot;);&#10;&#9;&#9;// ----------------------------------&#10;&#9;&#9;this.invio = new JButton(&quot;Invio&quot;);&#10;&#9;&#9;this.invio_ = new JButton(&quot;Invio &quot;);&#10;&#9;&#9;&#10;&#9;&#9;// Componenti Cerca&#10;&#9;&#9;this.Cerca = new JButton(&quot;Cerca&quot;);&#10;&#9;&#9;this.infoCerca = new JLabel(&quot;Puoi cercare per Nome-Cognome-Numero-indirizzo&quot;);&#10;&#9;&#9;// ----------------------------------&#10;&#9;&#9;// Per poter fare testing, sono stati aggiunti i nomi ai textfield&#10;&#9;&#9;this.infoCerca.setName(&quot;infoCerca&quot;);&#10;&#9;&#9;// ----------------------------------&#10;&#9;&#9;this.inCerca = new JTextField(10);&#10;&#9;&#9;// ----------------------------------&#10;&#9;&#9;// Per poter fare testing, sono stati aggiunti i nomi ai textfield&#10;&#9;&#9;this.inCerca.setName(&quot;inCerca&quot;);&#10;&#9;&#9;// ----------------------------------&#10;&#9;&#9;this.risultati = new TextArea(10,35);&#10;&#9;&#9;// ----------------------------------&#10;&#9;&#9;// Per poter fare testing, sono stati aggiunti i nomi ai textfield&#10;&#9;&#9;this.risultati.setName(&quot;risultati&quot;);&#10;&#9;&#9;// ----------------------------------&#10;&#9;&#9;this.risultati.setEditable(false);&#10;&#9;&#9;this.risultati.setCaretPosition(0);&#10;&#9;&#9;&#10;&#9;&#9;// Componenti inserimento scheda&#10;&#9;&#9;this.nome = new JLabel(&quot;                Nome&quot;);&#10;&#9;&#9;this.Cognome = new JLabel(&quot;                Cognome&quot;);&#10;&#9;&#9;this.Numero = new JLabel(&quot;                Numero Casa&quot;);&#10;&#9;&#9;this.Indirizzo = new JLabel(&quot;                Indirizzo&quot;);&#10;&#9;&#9;this.ok = new JButton(&quot;Add&quot;);&#10;&#9;&#9;this.reset = new JButton(&quot;Reset&quot;);&#10;&#9;&#9;this.savExit = new JButton(&quot;Save &amp; Back&quot;);&#10;&#9;&#9;this.inNome = new JTextField(17);&#10;&#9;&#9;this.inCognome = new JTextField(17);&#10;&#9;&#9;this.inNumero = new JTextField(17);&#10;&#9;&#9;this.inIndirizzo = new JTextField(17);&#10;&#9;&#9;// Per poter fare testing, sono stati aggiunti i nomi ai textfield&#10;&#9;&#9;this.inNome.setName(&quot;inNome&quot;);&#10;&#9;&#9;this.inCognome.setName(&quot;inCognome&quot;);&#10;&#9;&#9;this.inNumero.setName(&quot;inNumero&quot;);&#10;&#9;&#9;this.inIndirizzo.setName(&quot;inIndirizzo&quot;);&#10;&#9;&#9;// ----------------------------------&#10;&#9;&#9;&#10;&#9;&#9;// Componenti stampa Scheda&#10;&#9;&#9;this.stmNome = new JLabel(&quot;Nome:&quot;);&#10;&#9;&#9;this.stmCognome = new JLabel(&quot;Cognome:&quot;);&#10;&#9;&#9;this.stmNumero = new JLabel(&quot;Numero:&quot;);&#10;&#9;&#9;/* -------------------------------------------------&#10;&#9;&#9; * FIX-6&#10;&#9;&#9; * Errore di battitura&#10;&#9;&#9; * -------------------------------------------------&#10;&#9;&#9; */&#10;&#9;&#9;//this.stmIndirizzo = new JLabel(&quot;Indirizzo&quot;);&#10;&#9;&#9;this.stmIndirizzo = new JLabel(&quot;Indirizzo:&quot;);&#10;&#9;&#9;// -------------------------------------------------&#10;&#9;&#9;this.avanti = new JButton(&quot;&gt;&gt;&quot;);&#10;&#9;&#9;this.back = new JButton(&quot;Indietro&quot;);&#10;&#9;&#9;this.indietro = new JButton(&quot;&lt;&lt;&quot;);&#10;&#9;&#9;&#10;&#9;&#9;// ----------------------------------&#10;&#9;&#9;// Variabile non usata&#10;&#9;&#9;// &#9;this.nameRub = inNameRub.getText();&#10;&#9;&#9;// ----------------------------------&#10;&#9;&#9;&#10;&#9;&#9;// Aggiungo componenti index&#10;&#9;&#9;this.add(this.index);&#10;&#9;&#9;this.add(this.indIns);&#10;&#9;&#9;this.add(this.indStp);&#10;&#9;&#9;this.add(this.indCer);&#10;&#9;&#9;this.add(this.exit);&#10;&#9;&#9;&#10;&#9;&#9;this.indIns.addActionListener(this);&#10;&#9;&#9;this.indStp.addActionListener(this);&#10;&#9;&#9;this.indCer.addActionListener(this);&#10;&#9;&#9;this.exit.addActionListener(this);&#10;&#9;&#9;&#10;&#9;&#9;// Aggiungo componenti Inserimento rubrica&#10;&#9;&#9;this.add(this.testoStp);&#10;&#9;&#9;this.add(this.testoIns);&#10;&#9;&#9;this.add(this.inNameRub);&#10;&#9;&#9;this.add(this.invio);&#10;&#9;&#9;this.add(this.invio_);&#10;&#9;&#9;&#10;&#9;&#9;this.invio.addActionListener(this);&#10;&#9;&#9;this.invio_.addActionListener(this);&#10;&#9;&#9;&#10;&#9;&#9;// Aggiungo componenti Cerca&#10;&#9;&#9;this.add(this.risultati);&#10;&#9;&#9;this.add(this.infoCerca);&#10;&#9;&#9;this.add(this.inCerca);&#10;&#9;&#9;this.add(this.Cerca);&#10;&#9;&#9;&#10;&#9;&#9;this.Cerca.addActionListener(this);&#10;&#9;&#9;&#10;&#9;&#9;// Aggiungo componenti Input contatti&#10;&#9;&#9;this.add(this.nome);&#10;&#9;&#9;this.add(this.inNome);&#10;&#9;&#9;this.add(this.Cognome);&#10;&#9;&#9;this.add(this.inCognome);&#10;&#9;&#9;this.add(this.Numero);&#10;&#9;&#9;this.add(this.inNumero);&#10;&#9;&#9;this.add(this.Indirizzo);&#10;&#9;&#9;this.add(this.inIndirizzo);&#10;&#9;&#9;this.add(this.ok);&#10;&#9;&#9;this.add(this.reset);&#10;&#9;&#9;this.add(this.savExit);&#10;&#9;&#9;&#10;&#9;&#9;this.ok.addActionListener(this);&#10;&#9;&#9;this.reset.addActionListener(this);&#10;&#9;&#9;this.savExit.addActionListener(this);&#10;&#9;&#9;&#10;&#9;&#9;// Aggiungo componenti Visualizzazione contatti&#10;&#9;&#9;this.add(this.stmNome);&#10;&#9;&#9;this.add(this.stmCognome);&#10;&#9;&#9;this.add(this.stmNumero);&#10;&#9;&#9;this.add(this.stmIndirizzo);&#10;&#9;&#9;this.add(this.indietro);&#10;&#9;&#9;this.add(this.back);&#10;&#9;&#9;this.add(this.avanti);&#10;&#9;&#9;this.indietro.setEnabled(false);&#10;&#9;&#9;&#10;&#9;&#9;this.avanti.addActionListener(this);&#10;&#9;&#9;this.back.addActionListener(this);&#10;&#9;&#9;this.indietro.addActionListener(this);&#10;&#9;&#9;&#10;&#9;&#9;// Setto i componenti per visualizzare la scherata di index&#10;&#9;&#9;this.pannelloInput(false);&#10;&#9;&#9;this.pannelloOutput(false);&#10;&#9;&#9;this.pannelloRubIns(false);&#10;&#9;&#9;this.pannelloCerca(false);&#10;&#9;&#9;this.pannelloRisultati(false);&#10;&#9;&#9;&#10;&#9;}&#10;&#9;&#10;&#9;public void actionPerformed(ActionEvent evt){&#10;&#9;&#9;&#10;&#9;&#9;String nome = inNome.getText();&#10;&#9;&#9;String cognome = inCognome.getText();&#10;&#9;&#9;String numero = inNumero.getText();&#10;&#9;&#9;String indirizzo = inIndirizzo.getText();&#10;&#9;&#9;String nameRub = inNameRub.getText();&#10;&#9;&#9;boolean test;&#10;&#9;&#9;&#10;&#9;&#9;String command = evt.getActionCommand();&#10;&#9;&#9;command = command.toLowerCase();&#10;&#9;&#9;&#10;&#9;&#9;if(command.equals(&quot;&lt;&lt;&quot;)){&#10;&#9;&#9;&#9;if(this.num&gt;0){&#10;&#9;&#9;&#9;&#9;this.num--;&#10;&#9;&#9;&#9;&#9;this.avanti.setEnabled(true);&#10;&#9;&#9;&#9;}&#10;&#9;&#9;&#9;if(this.num&lt;0)&#10;&#9;&#9;&#9;&#9;this.indietro.setEnabled(false);&#10;&#9;&#9;&#9;&#10;&#9;&#9;&#9;this.letturaFile(nameRub);&#10;&#9;&#9;&#9;this.stampa();&#10;&#9;&#9;}&#10;&#9;&#9;if(command.equals(&quot;&gt;&gt;&quot;)){&#10;&#9;&#9;&#9;if((this.num+1)*4&lt;this.lineeStm){&#10;&#9;&#9;&#9;&#9;this.num++;&#10;&#9;&#9;&#9;&#9;this.indietro.setEnabled(true);&#10;&#9;&#9;&#9;}&#10;&#9;&#9;&#9;if((this.num+1)*4==this.lineeStm)&#10;&#9;&#9;&#9;&#9;this.avanti.setEnabled(false);&#10;&#9;&#9;&#9;&#10;&#9;&#9;&#9;this.letturaFile(nameRub);&#10;&#9;&#9;&#9;this.stampa();&#10;&#9;&#9;}&#10;&#9;&#9;if(command.equals(&quot;indietro&quot;)){&#10;&#9;&#9;&#9;this.num=0;&#10;&#9;&#9;&#9;this.risCerca=&quot;&quot;;&#10;&#9;&#9;&#9;this.testoStp.setText(&quot;Inserisci il nome della rubrica        &quot;);&#10;&#9;&#9;&#9;this.testoIns.setText(&quot;Inserisci il nome con cui salvare la rubrica        &quot;);&#10;&#9;&#9;&#9;this.avanti.setEnabled(true);&#10;&#9;&#9;&#9;this.indietro.setEnabled(false);&#10;&#9;&#9;&#9;this.pannelloIndex(true);&#10;&#9;&#9;&#9;this.pannelloInput(false);&#10;&#9;&#9;&#9;this.pannelloOutput(false);&#10;&#9;&#9;&#9;this.pannelloRubIns(false);&#10;&#9;&#9;&#9;this.pannelloRubStp(false);&#10;&#9;&#9;&#9;this.pannelloCerca(false);&#10;&#9;&#9;&#9;this.pannelloRisultati(false);&#10;&#9;&#9;}&#10;&#9;&#9;if(command.equals(&quot;add&quot;)){&#10;&#9;&#9;&#9;try{&#10;&#9;&#9;&#9;&#9;this.scrittura.println(nome);&#10;&#9;&#9;&#9;&#9;this.scrittura.println(cognome);&#10;&#9;&#9;&#9;&#9;this.scrittura.println(numero);&#10;&#9;&#9;&#9;&#9;this.scrittura.println(indirizzo);&#10;&#9;&#9;&#9;} &#10;&#9;&#9;&#9;catch(NullPointerException ex){&#10;&#9;&#9;&#9;&#9;System.out.println(&quot;File insesistente...                        &quot;);&#10;&#9;&#9;&#9;}&#10;&#9;&#9;&#9;&#10;&#9;&#9;&#9;this.reset();&#10;&#9;&#9;}&#10;&#9;&#9;if(command.equals(&quot;invio&quot;)){&#10;&#9;&#9;&#9;test=true;&#10;&#9;&#9;&#9;&#10;&#9;&#9;&#9;/*-------------------------------------------------&#10;&#9;&#9;&#9; * FIX-5&#10;&#9;&#9;&#9; * ------------------------------------------------ &#10;&#9;&#9;&#9; * Erroneamente la variabile test veniva settata a true&#10;&#9;&#9;&#9; * anche se veniva sottomesso un campo vuoto come nome della rubrica.&#10;&#9;&#9;&#9; * In questo modo si permetteva di cambiare pannello &#10;&#9;&#9;&#9; * e di non salvare i contatti successivamente inseriti&#10;&#9;&#9;&#9; */&#10;&#9;&#9;&#9;if(nameRub.equals(&quot;&quot;))&#10;&#9;&#9;&#9;&#9;//test=true;&#10;&#9;&#9;&#9;&#9;test = false;&#10;&#9;&#9;&#9;// ------------------------------------------------&#10;&#9;&#9;&#9;&#10;&#9;&#9;&#9;this.exFile = new File(nameRub);&#10;&#9;&#9;&#9;if( ((this.exFile).exists()) || (test==false)){&#10;&#9;&#9;&#9;&#9;this.inNameRub.setText(&quot;&quot;);&#10;&#9;&#9;&#9;&#9;if(test==false)&#10;&#9;&#9;&#9;&#9;&#9;this.testoIns.setText(&quot;Nome File non corretto.Riprova                        &quot;);&#10;&#9;&#9;&#9;&#9;else&#10;&#9;&#9;&#9;&#9;&#9;// ----------------------------------&#10;&#9;&#9;&#9;&#9;&#9;// Carattere UTF8 non codificato &#10;&#9;&#9;&#9;&#9;&#9;//this.testoIns.setText(&quot;File gi‡ esistente. Riprova                         &quot;);&#10;&#9;&#9;&#9;&#9;&#9;this.testoIns.setText(&quot;File già esistente. Riprova                         &quot;);&#10;&#9;&#9;&#9;&#9;&#9;// ----------------------------------&#10;&#9;&#9;&#9;&#9;}&#10;&#9;&#9;&#9;else{&#10;&#9;&#9;&#9;&#9;pannelloRubIns(false);&#10;&#9;&#9;&#9;&#9;pannelloInput(true);&#10;&#9;&#9;&#9;&#9;try{&#10;&#9;&#9;&#9;&#9;&#9;this.fileS = new FileOutputStream(nameRub);&#10;&#9;&#9;&#9;&#9;&#9;this.scrittura = new PrintStream(this.fileS);&#10;&#9;&#9;&#9;&#9;}&#10;&#9;&#9;&#9;&#9;catch(FileNotFoundException ex){&#10;&#9;&#9;&#9;&#9;&#9;System.out.println(&quot;Errore in lettura File...&quot;);&#10;&#9;&#9;&#9;&#9;}&#10;&#9;&#9;&#9;}&#10;&#9;&#9;}&#10;&#9;&#9;if(command.equals(&quot;invio &quot;)){&#10;&#9;&#9;&#9;test=true;&#10;&#9;&#9;&#9;&#10;&#9;&#9;&#9;if(nameRub.equals(&quot;&quot;))&#10;&#9;&#9;&#9;&#9;test=false;&#10;&#9;&#9;&#9;&#10;&#9;&#9;&#9;this.exFile = new File(nameRub);&#10;&#9;&#9;&#9;if( ((this.exFile).exists()) &amp;&amp; (test==true)){&#10;&#9;&#9;&#9;&#9;this.letturaFile(nameRub);&#10;&#9;&#9;&#9;&#9;this.stampa();&#10;&#9;&#9;&#9;&#9;this.pannelloRubStp(false);&#10;&#9;&#9;&#9;&#9;this.pannelloOutput(true);&#10;&#9;&#9;&#9;}&#10;&#9;&#9;&#9;else{&#10;&#9;&#9;&#9;&#9;this.inNameRub.setText(&quot;&quot;);&#10;&#9;&#9;&#9;&#9;if(test==false)&#10;&#9;&#9;&#9;&#9;&#9;this.testoStp.setText(&quot;Nome File non corretto.Riprova!                       &quot;);&#10;&#9;&#9;&#9;&#9;else&#10;&#9;&#9;&#9;&#9;&#9;testoStp.setText(&quot;File non esistente. Riprova!                        &quot;);&#10;&#9;&#9;&#9;}&#10;&#9;&#9;}&#10;&#9;&#9;if(command.equals(&quot;reset&quot;)){&#10;&#9;&#9;&#9;this.reset();&#10;&#9;&#9;}&#10;&#9;&#9;if(command.equals(&quot;save &amp; back&quot;)){&#10;&#9;&#9;&#9;this.pannelloInput(false);&#10;&#9;&#9;&#9;this.pannelloRubIns(false);&#10;&#9;&#9;&#9;this.pannelloRubStp(false);&#10;&#9;&#9;&#9;this.pannelloIndex(true);&#10;&#9;&#9;&#9;this.pannelloOutput(false);&#10;&#9;&#9;}&#10;&#9;&#9;if(command.equals(&quot;cerca&quot;)){&#10;&#9;&#9;&#9;test=true;&#10;&#9;&#9;&#9;&#10;&#9;&#9;&#9;if(nameRub.equals(&quot;&quot;))&#10;&#9;&#9;&#9;&#9;test=false;&#10;&#9;&#9;&#9;&#10;&#9;&#9;&#9;this.exFile = new File(nameRub);&#10;&#9;&#9;&#9;if( ((this.exFile).exists()) &amp;&amp; (test==true)){&#10;&#9;&#9;&#9;&#9;this.stringa = this.inCerca.getText();&#10;&#9;&#9;&#9;&#9;this.cont=0;&#10;&#9;&#9;&#9;&#9;// ----------------------------------&#10;&#9;&#9;&#9;&#9;// Variabile non usata&#10;&#9;&#9;&#9;&#9;// con=0;&#10;&#9;&#9;&#9;&#9;// ----------------------------------&#10;&#9;&#9;&#9;&#9;this.linee=0;&#10;&#9;&#9;&#9;&#9;this.cerca = new int[100];&#10;&#9;&#9;&#9;&#9;this.cerca(this.stringa,nameRub);&#10;&#9;&#9;&#9;&#9;this.i=0;&#10;&#9;&#9;&#9;&#9;if(this.cerca[0]==0) {&#10;&#9;&#9;&#9;&#9;&#9;do {&#10;&#9;&#9;&#9;&#9;&#9;&#9;this.stampaRisultati(this.cerca[this.i]-1,nameRub);&#10;&#9;&#9;&#9;&#9;&#9;&#9;this.i++;&#10;&#9;&#9;&#9;&#9;&#9;} while(this.cerca[this.i]!=0);&#10;&#9;&#9;&#9;&#9;}else{&#10;&#9;&#9;&#9;&#9;&#9;this.risCerca=&quot;Nessun contatto trovato!!&quot;;&#10;&#9;&#9;&#9;&#9;}&#10;&#9;&#9;&#9;&#9;this.risultati.setText(this.risCerca);&#10;&#9;&#9;&#9;&#9;this.pannelloCerca(false);&#10;&#9;&#9;&#9;&#9;this.pannelloRisultati(true);&#10;&#9;&#9;&#9;}else{&#10;&#9;&#9;&#9;&#9;this.inNameRub.setText(&quot;&quot;);&#10;&#9;&#9;&#9;&#9;if(test==false)&#10;&#9;&#9;&#9;&#9;&#9;this.testoStp.setText(&quot;Nome File non corretto.Riprova!                       &quot;);&#10;&#9;&#9;&#9;&#9;else&#10;&#9;&#9;&#9;&#9;&#9;this.testoStp.setText(&quot;File non esistente. Riprova!                        &quot;);&#10;&#9;&#9;&#9;}&#10;&#9;&#9;}&#10;&#9;&#9;if(command.equals(&quot;Esci&quot;)){&#10;&#9;&#9;&#9;System.exit(0);&#10;&#9;&#9;}&#10;&#9;&#9;if(command.equals(&quot;crea rubrica&quot;)){&#10;&#9;&#9;&#9;this.pannelloRubIns(true);&#10;&#9;&#9;&#9;this.pannelloIndex(false);&#10;&#9;&#9;}&#10;&#9;&#9;if(command.equals(&quot;visualizza contatti&quot;)){&#10;&#9;&#9;&#9;this.pannelloRubStp(true);&#10;&#9;&#9;&#9;this.pannelloIndex(false);&#10;&#9;&#9;}&#10;&#9;&#9;if(command.equals(&quot;cerca contatti&quot;)) {&#10;&#9;&#9;&#9;this.pannelloIndex(false);&#10;&#9;&#9;&#9;this.pannelloCerca(true);&#10;&#9;&#9;}&#10;&#9;}&#10;   &#10;&#9;void letturaFile(String nomeFile) {&#10;&#9;&#9;  int cont=0;&#10;&#9;&#9;  this.lineeStm=0;&#10;&#9;&#9;  &#10;&#9;&#9;  try {&#10;&#9;&#9;&#9;  this.fileL = new FileReader(nomeFile);&#10;&#9;&#9;&#9;  this.lettura = new BufferedReader(this.fileL);&#10;&#9;&#9;&#9;  &#10;&#9;&#9;&#9;  while( (this.linea = this.lettura.readLine()) != null )&#10;&#9;&#9;&#9;&#9;  this.lineeStm++;&#10;&#9;&#9;&#9;  &#10;&#9;&#9;&#9;  this.fileL = new FileReader(nomeFile);&#10;&#9;&#9;&#9;  this.lettura = new BufferedReader(fileL);&#10;&#9;&#9;&#9;  &#10;&#9;&#9;&#9;  while( cont &lt; this.num*4 ) {&#10;&#9;&#9;&#9;&#9;  cont++;&#10;&#9;&#9;&#9;&#9;  this.linea = this.lettura.readLine();&#10;&#9;&#9;&#9;  }&#10;&#9;&#9;  }&#10;&#9;&#9;  catch(FileNotFoundException ex) {&#10;&#9;&#9;&#9;  System.out.println(&quot;Errore in lettura file, Nessun file trovato!&quot;);&#10;&#9;&#9;  }&#10;&#9;&#9;  catch(IOException ex) {&#10;&#9;&#9;&#9;  System.out.println(&quot;Errore in lettura file..&quot;);&#10;&#9;&#9;  }&#10;&#9;}&#10;&#9;&#10;&#9;void cerca(String stringRicerca,String nomeFile) {&#10;&#9;&#9;this.i=0;&#10;&#9;&#9;&#10;&#9;&#9;try{&#10;&#9;&#9;&#9;this.fileL = new FileReader(nomeFile);&#10;&#9;&#9;&#9;this.lettura= new BufferedReader(this.fileL);&#10;&#9;&#9;&#9;&#10;&#9;&#9;&#9;while( (this.linea = this.lettura.readLine()) != null ) {&#10;&#9;&#9;&#9;&#9;this.linee++;&#10;&#9;&#9;&#9;}&#10;&#9;&#9;&#9;&#10;&#9;&#9;&#9;this.fileL = new FileReader(nomeFile);&#10;&#9;&#9;&#9;this.lettura = new BufferedReader(this.fileL);&#10;&#9;&#9;&#9;this.num=1;&#10;&#9;&#9;&#9;do {&#10;&#9;&#9;&#9;&#9;while( this.cont &lt; this.num*4 ) {&#10;&#9;&#9;&#9;&#9;&#9;this.cont++;&#10;&#9;&#9;&#9;&#9;&#9;this.linea = this.lettura.readLine();&#10;&#9;&#9;&#9;&#9;&#9;if( this.linea != null) {&#10;&#9;&#9;&#9;&#9;&#9;&#9;if(this.linea.equals(stringRicerca)) {&#10;&#9;&#9;&#9;&#9;&#9;&#9;&#9;this.cerca[this.i] = this.num;&#10;&#9;&#9;&#9;&#9;&#9;&#9;&#9;this.i++;&#10;&#9;&#9;&#9;&#9;&#9;&#9;}&#10;&#9;&#9;&#9;&#9;&#9;}&#10;&#9;&#9;&#9;&#9;}&#10;&#9;&#9;&#9;&#9;this.num++;&#10;&#9;&#9;&#9;}&#10;&#9;&#9;&#9;while(this.cont &lt; this.linee);&#10;&#9;&#9;}&#10;&#9;&#9;catch(FileNotFoundException ex) {&#10;&#9;&#9;&#9;System.out.println(&quot;Errore in lettura file..&quot;);&#10;&#9;&#9;}&#10;&#9;&#9;catch(IOException ex) {&#10;&#9;&#9;&#9;System.out.println(&quot;Errore in lettura file..&quot;);&#10;&#9;&#9;}&#10;&#9;}&#10;&#9;&#10;&#9;void stampaRisultati(int nume,String nomeFile) {&#10;&#9;&#9;this.cont=0;&#10;&#9;&#9;// ----------------------------------&#10;&#9;&#9;// Variabile non usata&#10;&#9;&#9;// con=0;&#10;&#9;&#9;// ----------------------------------&#10;&#9;&#9;this.linee=0;&#10;&#9;&#9;try{&#10;&#9;&#9;&#9;this.fileL = new FileReader(nomeFile);&#10;&#9;&#9;&#9;this.lettura = new BufferedReader(this.fileL);&#10;&#9;&#9;&#9;&#10;&#9;&#9;&#9;while( (this.linea = this.lettura.readLine()) != null ) {&#10;&#9;&#9;&#9;&#9;this.linee++;&#10;&#9;&#9;&#9;}&#10;&#9;&#9;&#9;&#10;&#9;&#9;&#9;this.fileL = new FileReader(nomeFile);&#10;&#9;&#9;&#9;this.lettura = new BufferedReader(this.fileL);&#10;&#9;&#9;&#9;&#10;&#9;&#9;&#9;while(this.cont&lt;nume*4) {&#10;&#9;&#9;&#9;&#9;this.linea = this.lettura.readLine();&#10;&#9;&#9;&#9;&#9;this.cont++;&#10;&#9;&#9;&#9;}&#10;&#9;&#9;&#9;&#10;&#9;&#9;&#9;this.linea = this.lettura.readLine();&#10;&#9;&#9;&#9;this.risCerca += &quot;Nome: &quot; + this.linea;&#10;&#9;&#9;&#9;&#10;&#9;&#9;&#9;this.linea = this.lettura.readLine();&#10;&#9;&#9;&#9;this.risCerca += &quot;\nCognome: &quot; + this.linea;&#10;&#9;&#9;&#9;&#10;&#9;&#9;&#9;this.linea = this.lettura.readLine();&#10;&#9;&#9;&#9;this.risCerca += &quot;\nNumero Casa: &quot; + this.linea;&#10;&#9;&#9;&#9;&#10;&#9;&#9;&#9;this.linea = this.lettura.readLine();&#10;&#9;&#9;&#9;this.risCerca += &quot;\nIndirizzo: &quot; + this.linea + &quot;\n\n&quot;;&#10;&#9;&#9;}&#10;&#9;&#9;catch(FileNotFoundException ex) {&#10;&#9;&#9;&#9;System.out.println(&quot;Errore in lettura file..&quot;);&#10;&#9;&#9;}&#10;&#9;&#9;catch(IOException ex) { &#10;&#9;&#9;&#9;System.out.println(&quot;Errore in lettura file..&quot;);&#10;&#9;&#9;}&#10;&#9;}&#10;&#10;&#9;void stampa() {&#10;&#9;&#9;&#10;&#9;&#9;try {&#10;&#9;&#9;&#9;this.linea = this.lettura.readLine();&#10;&#9;&#9;&#9;this.stmNome.setText(&quot;                        Nome :  &quot; + this.linea + &quot;                                            &quot;);&#10;&#9;&#9;&#9;this.linea = this.lettura.readLine();&#10;&#9;&#9;&#9;this.stmCognome.setText(&quot;                        Cognome :  &quot; + this.linea + &quot;                                  &quot;);&#10;&#9;&#9;&#9;this.linea = this.lettura.readLine();&#10;&#9;&#9;&#9;this.stmNumero.setText(&quot;                         Numero :  &quot; + this.linea + &quot;                                  &quot;);&#10;&#9;&#9;&#9;this.linea = this.lettura.readLine();&#10;&#9;&#9;&#9;this.stmIndirizzo.setText(&quot;                        Indirizzo :  &quot; + this.linea + &quot;                                  &quot;);&#10;&#9;&#9;}&#10;&#9;&#9;catch(IOException ex) {&#10;&#9;&#9;&#9;System.out.println(&quot;Errore in stampa Dati File.....&quot;);&#10;&#9;&#9;} &#10;&#9;&#9;catch(NullPointerException ex) {&#10;&#9;&#9;&#9;System.out.println(&quot;Nessun file ricevuto...&quot;);&#10;&#9;&#9;}&#10;&#9;}&#10;&#9;&#10;&#9;void reset() {&#10;&#9;&#9;this.inNome.setText(&quot;&quot;);&#10;&#9;&#9;this.inCognome.setText(&quot;&quot;);&#10;&#9;&#9;this.inNumero.setText(&quot;&quot;);&#10;&#9;&#9;this.inIndirizzo.setText(&quot;&quot;);&#10;&#9;}&#10;&#9;&#10;&#9;void pannelloCerca(boolean att) {&#10;&#9;&#9;this.testoStp.setVisible(att);&#10;&#9;&#9;this.inNameRub.setVisible(att);&#10;&#9;&#9;this.infoCerca.setVisible(att);&#10;&#9;&#9;this.inCerca.setVisible(att);&#10;&#9;&#9;Cerca.setVisible(att);&#10;&#9;&#9;back.setVisible(att);&#10;&#9;   }&#10;   &#10;&#9;void pannelloRisultati(boolean att) {&#10;&#9;&#9;this.risultati.setVisible(att);&#10;&#9;&#9;this.back.setVisible(att);&#10;&#9;}&#10;&#9;&#10;&#9;void pannelloInput(boolean att) {&#10;&#9;&#9;this.nome.setVisible(att);&#10;&#9;&#9;this.inNome.setVisible(att);&#10;&#9;&#9;this.Cognome.setVisible(att);&#10;&#9;&#9;this.inCognome.setVisible(att);&#10;&#9;&#9;this.Numero.setVisible(att);&#10;&#9;&#9;this.inNumero.setVisible(att);&#10;&#9;&#9;this.Indirizzo.setVisible(att);&#10;&#9;&#9;this.inIndirizzo.setVisible(att);&#10;&#9;&#9;&#10;&#9;&#9;this.ok.setVisible(att);&#10;&#9;&#9;this.reset.setVisible(att);&#10;&#9;&#9;this.savExit.setVisible(att);&#10;&#9;}&#10;&#9;&#10;&#9;void pannelloOutput(boolean att) {&#10;&#9;&#9;this.stmNome.setVisible(att);&#10;&#9;&#9;this.stmCognome.setVisible(att);&#10;&#9;&#9;this.stmNumero.setVisible(att);&#10;&#9;&#9;this.stmIndirizzo.setVisible(att);&#10;&#9;&#9;this.avanti.setVisible(att);&#10;&#9;&#9;this.back.setVisible(att);&#10;&#9;&#9;this.indietro.setVisible(att);&#10;&#9;}&#10;&#9;&#10;&#9;void pannelloRubIns(boolean att) {&#10;&#9;&#9;this.testoStp.setVisible(false);&#10;&#9;&#9;this.testoIns.setVisible(att);&#10;&#9;&#9;this.inNameRub.setVisible(att);&#10;&#9;&#9;this.invio.setVisible(att);&#10;&#9;&#9;this.invio_.setVisible(false);&#10;&#9;}&#10;&#9;&#10;&#9;void pannelloRubStp(boolean att) {&#10;&#9;&#9;this.testoIns.setVisible(false);&#10;&#9;&#9;this.testoStp.setVisible(att);&#10;&#9;&#9;this.inNameRub.setVisible(att);&#10;&#9;&#9;this.invio.setVisible(false);&#10;&#9;&#9;this.invio_.setVisible(att);&#10;&#9;&#9;this.back.setVisible(att);&#10;&#9;}&#10;&#9;&#10;&#9;void pannelloIndex(boolean att) {&#10;&#9;&#9;this.index.setVisible(att);&#10;&#9;&#9;this.indIns.setVisible(att);&#10;&#9;&#9;this.indStp.setVisible(att);&#10;&#9;&#9;this.indCer.setVisible(att);&#10;&#9;&#9;this.exit.setVisible(att);&#10;&#9;&#9;this.spazio.setVisible(att);&#10;&#9;}&#10;}" Filename="PanelInserimento.java" Intrnl_Id="2"/>
<SrcFile Content="/**&#10; * FramePri.java&#10; * &#10; * @author Alenadri Enrico - III G&#10; * @date 6/02/2009&#10; * Fixed by:&#10; * &quot;helloIAmPau - Pasquale Boemio &lt;pa.boemio[at]studenti.unina.it&gt;&quot;&#10; * &quot;b3by&quot; - Antonio Bevilacqua &lt;anto.bevilacqua[at]studenti.unina.it&gt;&quot;&#10; * ----------&#10; * This is the frame object showed by Rubrica.java.&#10; * We suppose the purpose of the author is to have an object representative of the view with &#10; * which the user interacts. &#10; * &#10; * We have fixed:&#10; * 1. indentation&#10; * 2. added some inline documentation&#10; * 3. added the serialVersionUID (not necessary)&#10; * &#10; * NB: Some class or variables name are edited in order to respect the standard &quot;camel notation&quot;&#10; * to make this source code more readable. &#10; */&#10;package is2.rubrica;&#10;&#10;import java.awt.Container;&#10;import javax.swing.JFrame;&#10;&#10;public class FramePri extends JFrame {&#10;&#9;&#10;    // L'oggetto JFrame e` un oggetto &quot;Serializable&quot;. Poiche` abbiamo seri problemi,&#10;&#9;// preferiamo eliminare anche tutti i &quot;warning&quot; presenti nel codice, e quindi &#10;&#9;// assegnamo a questo un id autogenerato!&#10;&#9;private static final long serialVersionUID = 5630246559558602437L;&#10;&#9;// Ecco quanto dovra` essere grande il mio pannello!&#10;&#9;public static final int DEFAULT_WIDTH = 300 ;&#10;&#9;public static final int DEFAULT_HEIGHT = 245 ;&#10;&#9;&#10;    /**&#10;     * This method builds the panel and puts it at location (xLoc,yLoc) on the screen. &#10;     * &#10;     * @param xLoc : This is the location of the panel on the axis x&#10;     * @param yLoc : This is the location of the panel on the axis y&#10;     */&#10;&#9;public FramePri(int xLoc,int yLoc){&#10;&#9;&#9;this.setSize(FramePri.DEFAULT_WIDTH, FramePri.DEFAULT_HEIGHT); // setta la dimensione&#10;&#9;&#9;this.setTitle(&quot;Rubrica 2.0  by Aleandri Enrico&quot;); // setta il titolo&#10;&#9;&#9;this.setResizable(false); // non permettere all'utente di fare come cacchio gli pare&#10;&#9;&#9;this.setLocation(xLoc,yLoc); // mettilo proprio li, aspe` un po` piu` a destra, ok!&#10;&#9;&#9;PanelInserimento panelIns = new PanelInserimento(); // crea il contenuto del pannello &#10;&#9;&#9;Container contentPane = getContentPane(); // prendi il contenitore&#10;&#9;&#9;contentPane.add(panelIns); // in tavola!&#10;&#9;&#9;&#10;&#9;}&#10;}&#10;" Filename="FramePri.java" Intrnl_Id="3"/>
</SrcFileList>
<CritList>
<CritListEntry Name="org.codecover.model.utils.criteria.LoopCoverage" PluginName="org.codecover"/>
<CritListEntry Name="org.codecover.model.utils.criteria.BranchCoverage" PluginName="org.codecover"/>
<CritListEntry Name="org.codecover.model.utils.criteria.ConditionCoverage" PluginName="org.codecover"/>
<CritListEntry Name="org.codecover.model.utils.criteria.SynchronizedStatementCoverage" PluginName="org.codecover"/>
<CritListEntry Name="org.codecover.model.utils.criteria.QMOCoverage" PluginName="org.codecover"/>
<CritListEntry Name="org.codecover.model.utils.criteria.StatementCoverage" PluginName="org.codecover"/>
</CritList>
<BoolOpList>
<BoolOp Arity="2" Intrnl_Id="4" Name="conditional and (&amp;&amp;)">
<BoolAssgnmntBoolMapList>
<MapEntry BoolAssgnmnt="10" Value="false"/>
<MapEntry BoolAssgnmnt="02" Value="false"/>
<MapEntry BoolAssgnmnt="11" Value="true"/>
</BoolAssgnmntBoolMapList>
</BoolOp>
<BoolOp Arity="2" Intrnl_Id="5" Name="conditional or (||)">
<BoolAssgnmntBoolMapList>
<MapEntry BoolAssgnmnt="01" Value="true"/>
<MapEntry BoolAssgnmnt="00" Value="false"/>
<MapEntry BoolAssgnmnt="12" Value="true"/>
</BoolAssgnmntBoolMapList>
</BoolOp>
</BoolOpList>
<HierarchyLvlTypeList>
<HierarchyLvlType EnglishName="package" IntrnlName="package" Intrnl_Id="6"/>
<HierarchyLvlType EnglishName="class" IntrnlName="class" Intrnl_Id="7"/>
<HierarchyLvlType EnglishName="method" IntrnlName="method" Intrnl_Id="8"/>
<HierarchyLvlType EnglishName="default package" IntrnlName="default package" Intrnl_Id="9"/>
</HierarchyLvlTypeList>
<MASTRoot>
<HierarchyLvl HierarchyLvlId="816" HierarchyLvlTypeId="9" Intrnl_Id="10" Name="default package">
<Header/>
<LocList/>
<HierarchyLvl HierarchyLvlId="815" HierarchyLvlTypeId="6" Intrnl_Id="11" Name="is2">
<Header/>
<LocList/>
<HierarchyLvl HierarchyLvlId="814" HierarchyLvlTypeId="6" Intrnl_Id="12" Name="rubrica">
<Header/>
<LocList/>
<HierarchyLvl HierarchyLvlId="796" HierarchyLvlTypeId="7" Intrnl_Id="13" Name="Rubrica">
<Header>
<Loc EndOffset="716" SrcFileId="1" StartOffset="696"/>
</Header>
<LocList>
<Loc EndOffset="1611" SrcFileId="1" StartOffset="696"/>
</LocList>
<HierarchyLvl HierarchyLvlId="795" HierarchyLvlTypeId="8" Intrnl_Id="14" Name="main">
<Header>
<Loc EndOffset="926" SrcFileId="1" StartOffset="888"/>
</Header>
<LocList>
<Loc EndOffset="1608" SrcFileId="1" StartOffset="888"/>
</LocList>
<StmntSeq Intrnl_Id="15">
<LocList>
<Loc EndOffset="1000" SrcFileId="1" StartOffset="933"/>
<Loc EndOffset="1088" SrcFileId="1" StartOffset="1047"/>
<Loc EndOffset="1184" SrcFileId="1" StartOffset="1131"/>
<Loc EndOffset="1518" SrcFileId="1" StartOffset="1495"/>
</LocList>
<BasicStmnt CovItemId="S1" CovItemPrefix="is2.rubrica.Rubrica.java" Intrnl_Id="16">
<LocList>
<Loc EndOffset="1000" SrcFileId="1" StartOffset="933"/>
</LocList>
</BasicStmnt>
<BasicStmnt CovItemId="S2" CovItemPrefix="is2.rubrica.Rubrica.java" Intrnl_Id="17">
<LocList>
<Loc EndOffset="1088" SrcFileId="1" StartOffset="1047"/>
</LocList>
</BasicStmnt>
<BasicStmnt CovItemId="S3" CovItemPrefix="is2.rubrica.Rubrica.java" Intrnl_Id="18">
<LocList>
<Loc EndOffset="1184" SrcFileId="1" StartOffset="1131"/>
</LocList>
</BasicStmnt>
<BasicStmnt CovItemId="S4" CovItemPrefix="is2.rubrica.Rubrica.java" Intrnl_Id="19">
<LocList>
<Loc EndOffset="1518" SrcFileId="1" StartOffset="1495"/>
</LocList>
</BasicStmnt>
</StmntSeq>
</HierarchyLvl>
</HierarchyLvl>
<HierarchyLvl HierarchyLvlId="811" HierarchyLvlTypeId="7" Intrnl_Id="20" Name="PanelInserimento">
<Header>
<Loc EndOffset="1320" SrcFileId="2" StartOffset="1250"/>
</Header>
<LocList>
<Loc EndOffset="18964" SrcFileId="2" StartOffset="1250"/>
</LocList>
<StmntSeq Intrnl_Id="21">
<LocList>
<Loc EndOffset="1597" SrcFileId="2" StartOffset="1532"/>
<Loc EndOffset="1795" SrcFileId="2" StartOffset="1735"/>
<Loc EndOffset="1975" SrcFileId="2" StartOffset="1926"/>
<Loc EndOffset="2406" SrcFileId="2" StartOffset="2371"/>
</LocList>
<BasicStmnt CovItemId="S1" CovItemPrefix="is2.rubrica.PanelInserimento.java" Intrnl_Id="22">
<LocList>
<Loc EndOffset="1597" SrcFileId="2" StartOffset="1532"/>
</LocList>
</BasicStmnt>
<BasicStmnt CovItemId="S2" CovItemPrefix="is2.rubrica.PanelInserimento.java" Intrnl_Id="23">
<LocList>
<Loc EndOffset="1795" SrcFileId="2" StartOffset="1735"/>
</LocList>
</BasicStmnt>
<BasicStmnt CovItemId="S3" CovItemPrefix="is2.rubrica.PanelInserimento.java" Intrnl_Id="24">
<LocList>
<Loc EndOffset="1975" SrcFileId="2" StartOffset="1926"/>
</LocList>
</BasicStmnt>
<BasicStmnt CovItemId="S4" CovItemPrefix="is2.rubrica.PanelInserimento.java" Intrnl_Id="25">
<LocList>
<Loc EndOffset="2406" SrcFileId="2" StartOffset="2371"/>
</LocList>
</BasicStmnt>
</StmntSeq>
<HierarchyLvl HierarchyLvlId="797" HierarchyLvlTypeId="8" Intrnl_Id="26" Name="PanelInserimento">
<Header>
<Loc EndOffset="2904" SrcFileId="2" StartOffset="2879"/>
</Header>
<LocList>
<Loc EndOffset="8396" SrcFileId="2" StartOffset="2879"/>
</LocList>
<StmntSeq Intrnl_Id="27">
<LocList>
<Loc EndOffset="2943" SrcFileId="2" StartOffset="2911"/>
<Loc EndOffset="3004" SrcFileId="2" StartOffset="2946"/>
<Loc EndOffset="3118" SrcFileId="2" StartOffset="3032"/>
<Loc EndOffset="3262" SrcFileId="2" StartOffset="3234"/>
<Loc EndOffset="3347" SrcFileId="2" StartOffset="3305"/>
<Loc EndOffset="3399" SrcFileId="2" StartOffset="3350"/>
<Loc EndOffset="3446" SrcFileId="2" StartOffset="3402"/>
<Loc EndOffset="3610" SrcFileId="2" StartOffset="3527"/>
<Loc EndOffset="3683" SrcFileId="2" StartOffset="3613"/>
<Loc EndOffset="3833" SrcFileId="2" StartOffset="3799"/>
<Loc EndOffset="3870" SrcFileId="2" StartOffset="3836"/>
<Loc EndOffset="3949" SrcFileId="2" StartOffset="3913"/>
<Loc EndOffset="4097" SrcFileId="2" StartOffset="4061"/>
<Loc EndOffset="4174" SrcFileId="2" StartOffset="4140"/>
<Loc EndOffset="4213" SrcFileId="2" StartOffset="4177"/>
<Loc EndOffset="4275" SrcFileId="2" StartOffset="4241"/>
<Loc EndOffset="4356" SrcFileId="2" StartOffset="4278"/>
<Loc EndOffset="4504" SrcFileId="2" StartOffset="4468"/>
<Loc EndOffset="4581" SrcFileId="2" StartOffset="4547"/>
<Loc EndOffset="4725" SrcFileId="2" StartOffset="4693"/>
<Loc EndOffset="4805" SrcFileId="2" StartOffset="4768"/>
<Loc EndOffset="4953" SrcFileId="2" StartOffset="4917"/>
<Loc EndOffset="5030" SrcFileId="2" StartOffset="4996"/>
<Loc EndOffset="5068" SrcFileId="2" StartOffset="5033"/>
<Loc EndOffset="5156" SrcFileId="2" StartOffset="5109"/>
<Loc EndOffset="5212" SrcFileId="2" StartOffset="5159"/>
<Loc EndOffset="5271" SrcFileId="2" StartOffset="5215"/>
<Loc EndOffset="5331" SrcFileId="2" StartOffset="5274"/>
<Loc EndOffset="5363" SrcFileId="2" StartOffset="5334"/>
<Loc EndOffset="5400" SrcFileId="2" StartOffset="5366"/>
<Loc EndOffset="5445" SrcFileId="2" StartOffset="5403"/>
<Loc EndOffset="5481" SrcFileId="2" StartOffset="5448"/>
<Loc EndOffset="5520" SrcFileId="2" StartOffset="5484"/>
<Loc EndOffset="5558" SrcFileId="2" StartOffset="5523"/>
<Loc EndOffset="5599" SrcFileId="2" StartOffset="5561"/>
<Loc EndOffset="5701" SrcFileId="2" StartOffset="5671"/>
<Loc EndOffset="5740" SrcFileId="2" StartOffset="5704"/>
<Loc EndOffset="5777" SrcFileId="2" StartOffset="5743"/>
<Loc EndOffset="5820" SrcFileId="2" StartOffset="5780"/>
<Loc EndOffset="5931" SrcFileId="2" StartOffset="5896"/>
<Loc EndOffset="5975" SrcFileId="2" StartOffset="5934"/>
<Loc EndOffset="6017" SrcFileId="2" StartOffset="5978"/>
<Loc EndOffset="6266" SrcFileId="2" StartOffset="6221"/>
<Loc EndOffset="6356" SrcFileId="2" StartOffset="6324"/>
<Loc EndOffset="6395" SrcFileId="2" StartOffset="6359"/>
<Loc EndOffset="6432" SrcFileId="2" StartOffset="6398"/>
<Loc EndOffset="6640" SrcFileId="2" StartOffset="6619"/>
<Loc EndOffset="6665" SrcFileId="2" StartOffset="6643"/>
<Loc EndOffset="6690" SrcFileId="2" StartOffset="6668"/>
<Loc EndOffset="6715" SrcFileId="2" StartOffset="6693"/>
<Loc EndOffset="6738" SrcFileId="2" StartOffset="6718"/>
<Loc EndOffset="6780" SrcFileId="2" StartOffset="6744"/>
<Loc EndOffset="6819" SrcFileId="2" StartOffset="6783"/>
<Loc EndOffset="6858" SrcFileId="2" StartOffset="6822"/>
<Loc EndOffset="6895" SrcFileId="2" StartOffset="6861"/>
<Loc EndOffset="6970" SrcFileId="2" StartOffset="6946"/>
<Loc EndOffset="6997" SrcFileId="2" StartOffset="6973"/>
<Loc EndOffset="7025" SrcFileId="2" StartOffset="7000"/>
<Loc EndOffset="7049" SrcFileId="2" StartOffset="7028"/>
<Loc EndOffset="7074" SrcFileId="2" StartOffset="7052"/>
<Loc EndOffset="7115" SrcFileId="2" StartOffset="7080"/>
<Loc EndOffset="7154" SrcFileId="2" StartOffset="7118"/>
<Loc EndOffset="7216" SrcFileId="2" StartOffset="7191"/>
<Loc EndOffset="7244" SrcFileId="2" StartOffset="7219"/>
<Loc EndOffset="7270" SrcFileId="2" StartOffset="7247"/>
<Loc EndOffset="7294" SrcFileId="2" StartOffset="7273"/>
<Loc EndOffset="7335" SrcFileId="2" StartOffset="7300"/>
<Loc EndOffset="7401" SrcFileId="2" StartOffset="7381"/>
<Loc EndOffset="7426" SrcFileId="2" StartOffset="7404"/>
<Loc EndOffset="7452" SrcFileId="2" StartOffset="7429"/>
<Loc EndOffset="7480" SrcFileId="2" StartOffset="7455"/>
<Loc EndOffset="7505" SrcFileId="2" StartOffset="7483"/>
<Loc EndOffset="7532" SrcFileId="2" StartOffset="7508"/>
<Loc EndOffset="7560" SrcFileId="2" StartOffset="7535"/>
<Loc EndOffset="7590" SrcFileId="2" StartOffset="7563"/>
<Loc EndOffset="7611" SrcFileId="2" StartOffset="7593"/>
<Loc EndOffset="7635" SrcFileId="2" StartOffset="7614"/>
<Loc EndOffset="7661" SrcFileId="2" StartOffset="7638"/>
<Loc EndOffset="7699" SrcFileId="2" StartOffset="7667"/>
<Loc EndOffset="7737" SrcFileId="2" StartOffset="7702"/>
<Loc EndOffset="7777" SrcFileId="2" StartOffset="7740"/>
<Loc EndOffset="7856" SrcFileId="2" StartOffset="7833"/>
<Loc EndOffset="7885" SrcFileId="2" StartOffset="7859"/>
<Loc EndOffset="7913" SrcFileId="2" StartOffset="7888"/>
<Loc EndOffset="7944" SrcFileId="2" StartOffset="7916"/>
<Loc EndOffset="7971" SrcFileId="2" StartOffset="7947"/>
<Loc EndOffset="7994" SrcFileId="2" StartOffset="7974"/>
<Loc EndOffset="8019" SrcFileId="2" StartOffset="7997"/>
<Loc EndOffset="8054" SrcFileId="2" StartOffset="8022"/>
<Loc EndOffset="8096" SrcFileId="2" StartOffset="8060"/>
<Loc EndOffset="8133" SrcFileId="2" StartOffset="8099"/>
<Loc EndOffset="8174" SrcFileId="2" StartOffset="8136"/>
<Loc EndOffset="8268" SrcFileId="2" StartOffset="8242"/>
<Loc EndOffset="8298" SrcFileId="2" StartOffset="8271"/>
<Loc EndOffset="8328" SrcFileId="2" StartOffset="8301"/>
<Loc EndOffset="8357" SrcFileId="2" StartOffset="8331"/>
<Loc EndOffset="8390" SrcFileId="2" StartOffset="8360"/>
</LocList>
<BasicStmnt CovItemId="S5" CovItemPrefix="is2.rubrica.PanelInserimento.java" Intrnl_Id="28">
<LocList>
<Loc EndOffset="2943" SrcFileId="2" StartOffset="2911"/>
</LocList>
</BasicStmnt>
<BasicStmnt CovItemId="S6" CovItemPrefix="is2.rubrica.PanelInserimento.java" Intrnl_Id="29">
<LocList>
<Loc EndOffset="3004" SrcFileId="2" StartOffset="2946"/>
</LocList>
</BasicStmnt>
<BasicStmnt CovItemId="S7" CovItemPrefix="is2.rubrica.PanelInserimento.java" Intrnl_Id="30">
<LocList>
<Loc EndOffset="3118" SrcFileId="2" StartOffset="3032"/>
</LocList>
</BasicStmnt>
<BasicStmnt CovItemId="S8" CovItemPrefix="is2.rubrica.PanelInserimento.java" Intrnl_Id="31">
<LocList>
<Loc EndOffset="3262" SrcFileId="2" StartOffset="3234"/>
</LocList>
</BasicStmnt>
<BasicStmnt CovItemId="S9" CovItemPrefix="is2.rubrica.PanelInserimento.java" Intrnl_Id="32">
<LocList>
<Loc EndOffset="3347" SrcFileId="2" StartOffset="3305"/>
</LocList>
</BasicStmnt>
<BasicStmnt CovItemId="S10" CovItemPrefix="is2.rubrica.PanelInserimento.java" Intrnl_Id="33">
<LocList>
<Loc EndOffset="3399" SrcFileId="2" StartOffset="3350"/>
</LocList>
</BasicStmnt>
<BasicStmnt CovItemId="S11" CovItemPrefix="is2.rubrica.PanelInserimento.java" Intrnl_Id="34">
<LocList>
<Loc EndOffset="3446" SrcFileId="2" StartOffset="3402"/>
</LocList>
</BasicStmnt>
<BasicStmnt CovItemId="S12" CovItemPrefix="is2.rubrica.PanelInserimento.java" Intrnl_Id="35">
<LocList>
<Loc EndOffset="3610" SrcFileId="2" StartOffset="3527"/>
</LocList>
</BasicStmnt>
<BasicStmnt CovItemId="S13" CovItemPrefix="is2.rubrica.PanelInserimento.java" Intrnl_Id="36">
<LocList>
<Loc EndOffset="3683" SrcFileId="2" StartOffset="3613"/>
</LocList>
</BasicStmnt>
<BasicStmnt CovItemId="S14" CovItemPrefix="is2.rubrica.PanelInserimento.java" Intrnl_Id="37">
<LocList>
<Loc EndOffset="3833" SrcFileId="2" StartOffset="3799"/>
</LocList>
</BasicStmnt>
<BasicStmnt CovItemId="S15" CovItemPrefix="is2.rubrica.PanelInserimento.java" Intrnl_Id="38">
<LocList>
<Loc EndOffset="3870" SrcFileId="2" StartOffset="3836"/>
</LocList>
</BasicStmnt>
<BasicStmnt CovItemId="S16" CovItemPrefix="is2.rubrica.PanelInserimento.java" Intrnl_Id="39">
<LocList>
<Loc EndOffset="3949" SrcFileId="2" StartOffset="3913"/>
</LocList>
</BasicStmnt>
<BasicStmnt CovItemId="S17" CovItemPrefix="is2.rubrica.PanelInserimento.java" Intrnl_Id="40">
<LocList>
<Loc EndOffset="4097" SrcFileId="2" StartOffset="4061"/>
</LocList>
</BasicStmnt>
<BasicStmnt CovItemId="S18" CovItemPrefix="is2.rubrica.PanelInserimento.java" Intrnl_Id="41">
<LocList>
<Loc EndOffset="4174" SrcFileId="2" StartOffset="4140"/>
</LocList>
</BasicStmnt>
<BasicStmnt CovItemId="S19" CovItemPrefix="is2.rubrica.PanelInserimento.java" Intrnl_Id="42">
<LocList>
<Loc EndOffset="4213" SrcFileId="2" StartOffset="4177"/>
</LocList>
</BasicStmnt>
<BasicStmnt CovItemId="S20" CovItemPrefix="is2.rubrica.PanelInserimento.java" Intrnl_Id="43">
<LocList>
<Loc EndOffset="4275" SrcFileId="2" StartOffset="4241"/>
</LocList>
</BasicStmnt>
<BasicStmnt CovItemId="S21" CovItemPrefix="is2.rubrica.PanelInserimento.java" Intrnl_Id="44">
<LocList>
<Loc EndOffset="4356" SrcFileId="2" StartOffset="4278"/>
</LocList>
</BasicStmnt>
<BasicStmnt CovItemId="S22" CovItemPrefix="is2.rubrica.PanelInserimento.java" Intrnl_Id="45">
<LocList>
<Loc EndOffset="4504" SrcFileId="2" StartOffset="4468"/>
</LocList>
</BasicStmnt>
<BasicStmnt CovItemId="S23" CovItemPrefix="is2.rubrica.PanelInserimento.java" Intrnl_Id="46">
<LocList>
<Loc EndOffset="4581" SrcFileId="2" StartOffset="4547"/>
</LocList>
</BasicStmnt>
<BasicStmnt CovItemId="S24" CovItemPrefix="is2.rubrica.PanelInserimento.java" Intrnl_Id="47">
<LocList>
<Loc EndOffset="4725" SrcFileId="2" StartOffset="4693"/>
</LocList>
</BasicStmnt>
<BasicStmnt CovItemId="S25" CovItemPrefix="is2.rubrica.PanelInserimento.java" Intrnl_Id="48">
<LocList>
<Loc EndOffset="4805" SrcFileId="2" StartOffset="4768"/>
</LocList>
</BasicStmnt>
<BasicStmnt CovItemId="S26" CovItemPrefix="is2.rubrica.PanelInserimento.java" Intrnl_Id="49">
<LocList>
<Loc EndOffset="4953" SrcFileId="2" StartOffset="4917"/>
</LocList>
</BasicStmnt>
<BasicStmnt CovItemId="S27" CovItemPrefix="is2.rubrica.PanelInserimento.java" Intrnl_Id="50">
<LocList>
<Loc EndOffset="5030" SrcFileId="2" StartOffset="4996"/>
</LocList>
</BasicStmnt>
<BasicStmnt CovItemId="S28" CovItemPrefix="is2.rubrica.PanelInserimento.java" Intrnl_Id="51">
<LocList>
<Loc EndOffset="5068" SrcFileId="2" StartOffset="5033"/>
</LocList>
</BasicStmnt>
<BasicStmnt CovItemId="S29" CovItemPrefix="is2.rubrica.PanelInserimento.java" Intrnl_Id="52">
<LocList>
<Loc EndOffset="5156" SrcFileId="2" StartOffset="5109"/>
</LocList>
</BasicStmnt>
<BasicStmnt CovItemId="S30" CovItemPrefix="is2.rubrica.PanelInserimento.java" Intrnl_Id="53">
<LocList>
<Loc EndOffset="5212" SrcFileId="2" StartOffset="5159"/>
</LocList>
</BasicStmnt>
<BasicStmnt CovItemId="S31" CovItemPrefix="is2.rubrica.PanelInserimento.java" Intrnl_Id="54">
<LocList>
<Loc EndOffset="5271" SrcFileId="2" StartOffset="5215"/>
</LocList>
</BasicStmnt>
<BasicStmnt CovItemId="S32" CovItemPrefix="is2.rubrica.PanelInserimento.java" Intrnl_Id="55">
<LocList>
<Loc EndOffset="5331" SrcFileId="2" StartOffset="5274"/>
</LocList>
</BasicStmnt>
<BasicStmnt CovItemId="S33" CovItemPrefix="is2.rubrica.PanelInserimento.java" Intrnl_Id="56">
<LocList>
<Loc EndOffset="5363" SrcFileId="2" StartOffset="5334"/>
</LocList>
</BasicStmnt>
<BasicStmnt CovItemId="S34" CovItemPrefix="is2.rubrica.PanelInserimento.java" Intrnl_Id="57">
<LocList>
<Loc EndOffset="5400" SrcFileId="2" StartOffset="5366"/>
</LocList>
</BasicStmnt>
<BasicStmnt CovItemId="S35" CovItemPrefix="is2.rubrica.PanelInserimento.java" Intrnl_Id="58">
<LocList>
<Loc EndOffset="5445" SrcFileId="2" StartOffset="5403"/>
</LocList>
</BasicStmnt>
<BasicStmnt CovItemId="S36" CovItemPrefix="is2.rubrica.PanelInserimento.java" Intrnl_Id="59">
<LocList>
<Loc EndOffset="5481" SrcFileId="2" StartOffset="5448"/>
</LocList>
</BasicStmnt>
<BasicStmnt CovItemId="S37" CovItemPrefix="is2.rubrica.PanelInserimento.java" Intrnl_Id="60">
<LocList>
<Loc EndOffset="5520" SrcFileId="2" StartOffset="5484"/>
</LocList>
</BasicStmnt>
<BasicStmnt CovItemId="S38" CovItemPrefix="is2.rubrica.PanelInserimento.java" Intrnl_Id="61">
<LocList>
<Loc EndOffset="5558" SrcFileId="2" StartOffset="5523"/>
</LocList>
</BasicStmnt>
<BasicStmnt CovItemId="S39" CovItemPrefix="is2.rubrica.PanelInserimento.java" Intrnl_Id="62">
<LocList>
<Loc EndOffset="5599" SrcFileId="2" StartOffset="5561"/>
</LocList>
</BasicStmnt>
<BasicStmnt CovItemId="S40" CovItemPrefix="is2.rubrica.PanelInserimento.java" Intrnl_Id="63">
<LocList>
<Loc EndOffset="5701" SrcFileId="2" StartOffset="5671"/>
</LocList>
</BasicStmnt>
<BasicStmnt CovItemId="S41" CovItemPrefix="is2.rubrica.PanelInserimento.java" Intrnl_Id="64">
<LocList>
<Loc EndOffset="5740" SrcFileId="2" StartOffset="5704"/>
</LocList>
</BasicStmnt>
<BasicStmnt CovItemId="S42" CovItemPrefix="is2.rubrica.PanelInserimento.java" Intrnl_Id="65">
<LocList>
<Loc EndOffset="5777" SrcFileId="2" StartOffset="5743"/>
</LocList>
</BasicStmnt>
<BasicStmnt CovItemId="S43" CovItemPrefix="is2.rubrica.PanelInserimento.java" Intrnl_Id="66">
<LocList>
<Loc EndOffset="5820" SrcFileId="2" StartOffset="5780"/>
</LocList>
</BasicStmnt>
<BasicStmnt CovItemId="S44" CovItemPrefix="is2.rubrica.PanelInserimento.java" Intrnl_Id="67">
<LocList>
<Loc EndOffset="5931" SrcFileId="2" StartOffset="5896"/>
</LocList>
</BasicStmnt>
<BasicStmnt CovItemId="S45" CovItemPrefix="is2.rubrica.PanelInserimento.java" Intrnl_Id="68">
<LocList>
<Loc EndOffset="5975" SrcFileId="2" StartOffset="5934"/>
</LocList>
</BasicStmnt>
<BasicStmnt CovItemId="S46" CovItemPrefix="is2.rubrica.PanelInserimento.java" Intrnl_Id="69">
<LocList>
<Loc EndOffset="6017" SrcFileId="2" StartOffset="5978"/>
</LocList>
</BasicStmnt>
<BasicStmnt CovItemId="S47" CovItemPrefix="is2.rubrica.PanelInserimento.java" Intrnl_Id="70">
<LocList>
<Loc EndOffset="6266" SrcFileId="2" StartOffset="6221"/>
</LocList>
</BasicStmnt>
<BasicStmnt CovItemId="S48" CovItemPrefix="is2.rubrica.PanelInserimento.java" Intrnl_Id="71">
<LocList>
<Loc EndOffset="6356" SrcFileId="2" StartOffset="6324"/>
</LocList>
</BasicStmnt>
<BasicStmnt CovItemId="S49" CovItemPrefix="is2.rubrica.PanelInserimento.java" Intrnl_Id="72">
<LocList>
<Loc EndOffset="6395" SrcFileId="2" StartOffset="6359"/>
</LocList>
</BasicStmnt>
<BasicStmnt CovItemId="S50" CovItemPrefix="is2.rubrica.PanelInserimento.java" Intrnl_Id="73">
<LocList>
<Loc EndOffset="6432" SrcFileId="2" StartOffset="6398"/>
</LocList>
</BasicStmnt>
<BasicStmnt CovItemId="S51" CovItemPrefix="is2.rubrica.PanelInserimento.java" Intrnl_Id="74">
<LocList>
<Loc EndOffset="6640" SrcFileId="2" StartOffset="6619"/>
</LocList>
</BasicStmnt>
<BasicStmnt CovItemId="S52" CovItemPrefix="is2.rubrica.PanelInserimento.java" Intrnl_Id="75">
<LocList>
<Loc EndOffset="6665" SrcFileId="2" StartOffset="6643"/>
</LocList>
</BasicStmnt>
<BasicStmnt CovItemId="S53" CovItemPrefix="is2.rubrica.PanelInserimento.java" Intrnl_Id="76">
<LocList>
<Loc EndOffset="6690" SrcFileId="2" StartOffset="6668"/>
</LocList>
</BasicStmnt>
<BasicStmnt CovItemId="S54" CovItemPrefix="is2.rubrica.PanelInserimento.java" Intrnl_Id="77">
<LocList>
<Loc EndOffset="6715" SrcFileId="2" StartOffset="6693"/>
</LocList>
</BasicStmnt>
<BasicStmnt CovItemId="S55" CovItemPrefix="is2.rubrica.PanelInserimento.java" Intrnl_Id="78">
<LocList>
<Loc EndOffset="6738" SrcFileId="2" StartOffset="6718"/>
</LocList>
</BasicStmnt>
<BasicStmnt CovItemId="S56" CovItemPrefix="is2.rubrica.PanelInserimento.java" Intrnl_Id="79">
<LocList>
<Loc EndOffset="6780" SrcFileId="2" StartOffset="6744"/>
</LocList>
</BasicStmnt>
<BasicStmnt CovItemId="S57" CovItemPrefix="is2.rubrica.PanelInserimento.java" Intrnl_Id="80">
<LocList>
<Loc EndOffset="6819" SrcFileId="2" StartOffset="6783"/>
</LocList>
</BasicStmnt>
<BasicStmnt CovItemId="S58" CovItemPrefix="is2.rubrica.PanelInserimento.java" Intrnl_Id="81">
<LocList>
<Loc EndOffset="6858" SrcFileId="2" StartOffset="6822"/>
</LocList>
</BasicStmnt>
<BasicStmnt CovItemId="S59" CovItemPrefix="is2.rubrica.PanelInserimento.java" Intrnl_Id="82">
<LocList>
<Loc EndOffset="6895" SrcFileId="2" StartOffset="6861"/>
</LocList>
</BasicStmnt>
<BasicStmnt CovItemId="S60" CovItemPrefix="is2.rubrica.PanelInserimento.java" Intrnl_Id="83">
<LocList>
<Loc EndOffset="6970" SrcFileId="2" StartOffset="6946"/>
</LocList>
</BasicStmnt>
<BasicStmnt CovItemId="S61" CovItemPrefix="is2.rubrica.PanelInserimento.java" Intrnl_Id="84">
<LocList>
<Loc EndOffset="6997" SrcFileId="2" StartOffset="6973"/>
</LocList>
</BasicStmnt>
<BasicStmnt CovItemId="S62" CovItemPrefix="is2.rubrica.PanelInserimento.java" Intrnl_Id="85">
<LocList>
<Loc EndOffset="7025" SrcFileId="2" StartOffset="7000"/>
</LocList>
</BasicStmnt>
<BasicStmnt CovItemId="S63" CovItemPrefix="is2.rubrica.PanelInserimento.java" Intrnl_Id="86">
<LocList>
<Loc EndOffset="7049" SrcFileId="2" StartOffset="7028"/>
</LocList>
</BasicStmnt>
<BasicStmnt CovItemId="S64" CovItemPrefix="is2.rubrica.PanelInserimento.java" Intrnl_Id="87">
<LocList>
<Loc EndOffset="7074" SrcFileId="2" StartOffset="7052"/>
</LocList>
</BasicStmnt>
<BasicStmnt CovItemId="S65" CovItemPrefix="is2.rubrica.PanelInserimento.java" Intrnl_Id="88">
<LocList>
<Loc EndOffset="7115" SrcFileId="2" StartOffset="7080"/>
</LocList>
</BasicStmnt>
<BasicStmnt CovItemId="S66" CovItemPrefix="is2.rubrica.PanelInserimento.java" Intrnl_Id="89">
<LocList>
<Loc EndOffset="7154" SrcFileId="2" StartOffset="7118"/>
</LocList>
</BasicStmnt>
<BasicStmnt CovItemId="S67" CovItemPrefix="is2.rubrica.PanelInserimento.java" Intrnl_Id="90">
<LocList>
<Loc EndOffset="7216" SrcFileId="2" StartOffset="7191"/>
</LocList>
</BasicStmnt>
<BasicStmnt CovItemId="S68" CovItemPrefix="is2.rubrica.PanelInserimento.java" Intrnl_Id="91">
<LocList>
<Loc EndOffset="7244" SrcFileId="2" StartOffset="7219"/>
</LocList>
</BasicStmnt>
<BasicStmnt CovItemId="S69" CovItemPrefix="is2.rubrica.PanelInserimento.java" Intrnl_Id="92">
<LocList>
<Loc EndOffset="7270" SrcFileId="2" StartOffset="7247"/>
</LocList>
</BasicStmnt>
<BasicStmnt CovItemId="S70" CovItemPrefix="is2.rubrica.PanelInserimento.java" Intrnl_Id="93">
<LocList>
<Loc EndOffset="7294" SrcFileId="2" StartOffset="7273"/>
</LocList>
</BasicStmnt>
<BasicStmnt CovItemId="S71" CovItemPrefix="is2.rubrica.PanelInserimento.java" Intrnl_Id="94">
<LocList>
<Loc EndOffset="7335" SrcFileId="2" StartOffset="7300"/>
</LocList>
</BasicStmnt>
<BasicStmnt CovItemId="S72" CovItemPrefix="is2.rubrica.PanelInserimento.java" Intrnl_Id="95">
<LocList>
<Loc EndOffset="7401" SrcFileId="2" StartOffset="7381"/>
</LocList>
</BasicStmnt>
<BasicStmnt CovItemId="S73" CovItemPrefix="is2.rubrica.PanelInserimento.java" Intrnl_Id="96">
<LocList>
<Loc EndOffset="7426" SrcFileId="2" StartOffset="7404"/>
</LocList>
</BasicStmnt>
<BasicStmnt CovItemId="S74" CovItemPrefix="is2.rubrica.PanelInserimento.java" Intrnl_Id="97">
<LocList>
<Loc EndOffset="7452" SrcFileId="2" StartOffset="7429"/>
</LocList>
</BasicStmnt>
<BasicStmnt CovItemId="S75" CovItemPrefix="is2.rubrica.PanelInserimento.java" Intrnl_Id="98">
<LocList>
<Loc EndOffset="7480" SrcFileId="2" StartOffset="7455"/>
</LocList>
</BasicStmnt>
<BasicStmnt CovItemId="S76" CovItemPrefix="is2.rubrica.PanelInserimento.java" Intrnl_Id="99">
<LocList>
<Loc EndOffset="7505" SrcFileId="2" StartOffset="7483"/>
</LocList>
</BasicStmnt>
<BasicStmnt CovItemId="S77" CovItemPrefix="is2.rubrica.PanelInserimento.java" Intrnl_Id="100">
<LocList>
<Loc EndOffset="7532" SrcFileId="2" StartOffset="7508"/>
</LocList>
</BasicStmnt>
<BasicStmnt CovItemId="S78" CovItemPrefix="is2.rubrica.PanelInserimento.java" Intrnl_Id="101">
<LocList>
<Loc EndOffset="7560" SrcFileId="2" StartOffset="7535"/>
</LocList>
</BasicStmnt>
<BasicStmnt CovItemId="S79" CovItemPrefix="is2.rubrica.PanelInserimento.java" Intrnl_Id="102">
<LocList>
<Loc EndOffset="7590" SrcFileId="2" StartOffset="7563"/>
</LocList>
</BasicStmnt>
<BasicStmnt CovItemId="S80" CovItemPrefix="is2.rubrica.PanelInserimento.java" Intrnl_Id="103">
<LocList>
<Loc EndOffset="7611" SrcFileId="2" StartOffset="7593"/>
</LocList>
</BasicStmnt>
<BasicStmnt CovItemId="S81" CovItemPrefix="is2.rubrica.PanelInserimento.java" Intrnl_Id="104">
<LocList>
<Loc EndOffset="7635" SrcFileId="2" StartOffset="7614"/>
</LocList>
</BasicStmnt>
<BasicStmnt CovItemId="S82" CovItemPrefix="is2.rubrica.PanelInserimento.java" Intrnl_Id="105">
<LocList>
<Loc EndOffset="7661" SrcFileId="2" StartOffset="7638"/>
</LocList>
</BasicStmnt>
<BasicStmnt CovItemId="S83" CovItemPrefix="is2.rubrica.PanelInserimento.java" Intrnl_Id="106">
<LocList>
<Loc EndOffset="7699" SrcFileId="2" StartOffset="7667"/>
</LocList>
</BasicStmnt>
<BasicStmnt CovItemId="S84" CovItemPrefix="is2.rubrica.PanelInserimento.java" Intrnl_Id="107">
<LocList>
<Loc EndOffset="7737" SrcFileId="2" StartOffset="7702"/>
</LocList>
</BasicStmnt>
<BasicStmnt CovItemId="S85" CovItemPrefix="is2.rubrica.PanelInserimento.java" Intrnl_Id="108">
<LocList>
<Loc EndOffset="7777" SrcFileId="2" StartOffset="7740"/>
</LocList>
</BasicStmnt>
<BasicStmnt CovItemId="S86" CovItemPrefix="is2.rubrica.PanelInserimento.java" Intrnl_Id="109">
<LocList>
<Loc EndOffset="7856" SrcFileId="2" StartOffset="7833"/>
</LocList>
</BasicStmnt>
<BasicStmnt CovItemId="S87" CovItemPrefix="is2.rubrica.PanelInserimento.java" Intrnl_Id="110">
<LocList>
<Loc EndOffset="7885" SrcFileId="2" StartOffset="7859"/>
</LocList>
</BasicStmnt>
<BasicStmnt CovItemId="S88" CovItemPrefix="is2.rubrica.PanelInserimento.java" Intrnl_Id="111">
<LocList>
<Loc EndOffset="7913" SrcFileId="2" StartOffset="7888"/>
</LocList>
</BasicStmnt>
<BasicStmnt CovItemId="S89" CovItemPrefix="is2.rubrica.PanelInserimento.java" Intrnl_Id="112">
<LocList>
<Loc EndOffset="7944" SrcFileId="2" StartOffset="7916"/>
</LocList>
</BasicStmnt>
<BasicStmnt CovItemId="S90" CovItemPrefix="is2.rubrica.PanelInserimento.java" Intrnl_Id="113">
<LocList>
<Loc EndOffset="7971" SrcFileId="2" StartOffset="7947"/>
</LocList>
</BasicStmnt>
<BasicStmnt CovItemId="S91" CovItemPrefix="is2.rubrica.PanelInserimento.java" Intrnl_Id="114">
<LocList>
<Loc EndOffset="7994" SrcFileId="2" StartOffset="7974"/>
</LocList>
</BasicStmnt>
<BasicStmnt CovItemId="S92" CovItemPrefix="is2.rubrica.PanelInserimento.java" Intrnl_Id="115">
<LocList>
<Loc EndOffset="8019" SrcFileId="2" StartOffset="7997"/>
</LocList>
</BasicStmnt>
<BasicStmnt CovItemId="S93" CovItemPrefix="is2.rubrica.PanelInserimento.java" Intrnl_Id="116">
<LocList>
<Loc EndOffset="8054" SrcFileId="2" StartOffset="8022"/>
</LocList>
</BasicStmnt>
<BasicStmnt CovItemId="S94" CovItemPrefix="is2.rubrica.PanelInserimento.java" Intrnl_Id="117">
<LocList>
<Loc EndOffset="8096" SrcFileId="2" StartOffset="8060"/>
</LocList>
</BasicStmnt>
<BasicStmnt CovItemId="S95" CovItemPrefix="is2.rubrica.PanelInserimento.java" Intrnl_Id="118">
<LocList>
<Loc EndOffset="8133" SrcFileId="2" StartOffset="8099"/>
</LocList>
</BasicStmnt>
<BasicStmnt CovItemId="S96" CovItemPrefix="is2.rubrica.PanelInserimento.java" Intrnl_Id="119">
<LocList>
<Loc EndOffset="8174" SrcFileId="2" StartOffset="8136"/>
</LocList>
</BasicStmnt>
<BasicStmnt CovItemId="S97" CovItemPrefix="is2.rubrica.PanelInserimento.java" Intrnl_Id="120">
<LocList>
<Loc EndOffset="8268" SrcFileId="2" StartOffset="8242"/>
</LocList>
</BasicStmnt>
<BasicStmnt CovItemId="S98" CovItemPrefix="is2.rubrica.PanelInserimento.java" Intrnl_Id="121">
<LocList>
<Loc EndOffset="8298" SrcFileId="2" StartOffset="8271"/>
</LocList>
</BasicStmnt>
<BasicStmnt CovItemId="S99" CovItemPrefix="is2.rubrica.PanelInserimento.java" Intrnl_Id="122">
<LocList>
<Loc EndOffset="8328" SrcFileId="2" StartOffset="8301"/>
</LocList>
</BasicStmnt>
<BasicStmnt CovItemId="S100" CovItemPrefix="is2.rubrica.PanelInserimento.java" Intrnl_Id="123">
<LocList>
<Loc EndOffset="8357" SrcFileId="2" StartOffset="8331"/>
</LocList>
</BasicStmnt>
<BasicStmnt CovItemId="S101" CovItemPrefix="is2.rubrica.PanelInserimento.java" Intrnl_Id="124">
<LocList>
<Loc EndOffset="8390" SrcFileId="2" StartOffset="8360"/>
</LocList>
</BasicStmnt>
</StmntSeq>
</HierarchyLvl>
<HierarchyLvl HierarchyLvlId="798" HierarchyLvlTypeId="8" Intrnl_Id="125" Name="actionPerformed">
<Header>
<Loc EndOffset="8444" SrcFileId="2" StartOffset="8400"/>
</Header>
<LocList>
<Loc EndOffset="13605" SrcFileId="2" StartOffset="8400"/>
</LocList>
<StmntSeq Intrnl_Id="126">
<LocList>
<Loc EndOffset="8482" SrcFileId="2" StartOffset="8451"/>
<Loc EndOffset="8522" SrcFileId="2" StartOffset="8485"/>
<Loc EndOffset="8560" SrcFileId="2" StartOffset="8525"/>
<Loc EndOffset="8604" SrcFileId="2" StartOffset="8563"/>
<Loc EndOffset="8644" SrcFileId="2" StartOffset="8607"/>
<Loc EndOffset="8706" SrcFileId="2" StartOffset="8666"/>
<Loc EndOffset="8741" SrcFileId="2" StartOffset="8709"/>
<Loc EndOffset="8957" SrcFileId="2" StartOffset="8747"/>
<Loc EndOffset="9207" SrcFileId="2" StartOffset="8960"/>
<Loc EndOffset="9717" SrcFileId="2" StartOffset="9210"/>
<Loc EndOffset="10043" SrcFileId="2" StartOffset="9720"/>
<Loc EndOffset="11407" SrcFileId="2" StartOffset="10046"/>
<Loc EndOffset="11951" SrcFileId="2" StartOffset="11410"/>
<Loc EndOffset="12003" SrcFileId="2" StartOffset="11954"/>
<Loc EndOffset="12196" SrcFileId="2" StartOffset="12006"/>
<Loc EndOffset="13234" SrcFileId="2" StartOffset="12199"/>
<Loc EndOffset="13287" SrcFileId="2" StartOffset="13237"/>
<Loc EndOffset="13389" SrcFileId="2" StartOffset="13290"/>
<Loc EndOffset="13498" SrcFileId="2" StartOffset="13392"/>
<Loc EndOffset="13602" SrcFileId="2" StartOffset="13501"/>
</LocList>
<BasicStmnt CovItemId="S102" CovItemPrefix="is2.rubrica.PanelInserimento.java" Intrnl_Id="127">
<LocList>
<Loc EndOffset="8482" SrcFileId="2" StartOffset="8451"/>
</LocList>
</BasicStmnt>
<BasicStmnt CovItemId="S103" CovItemPrefix="is2.rubrica.PanelInserimento.java" Intrnl_Id="128">
<LocList>
<Loc EndOffset="8522" SrcFileId="2" StartOffset="8485"/>
</LocList>
</BasicStmnt>
<BasicStmnt CovItemId="S104" CovItemPrefix="is2.rubrica.PanelInserimento.java" Intrnl_Id="129">
<LocList>
<Loc EndOffset="8560" SrcFileId="2" StartOffset="8525"/>
</LocList>
</BasicStmnt>
<BasicStmnt CovItemId="S105" CovItemPrefix="is2.rubrica.PanelInserimento.java" Intrnl_Id="130">
<LocList>
<Loc EndOffset="8604" SrcFileId="2" StartOffset="8563"/>
</LocList>
</BasicStmnt>
<BasicStmnt CovItemId="S106" CovItemPrefix="is2.rubrica.PanelInserimento.java" Intrnl_Id="131">
<LocList>
<Loc EndOffset="8644" SrcFileId="2" StartOffset="8607"/>
</LocList>
</BasicStmnt>
<BasicStmnt CovItemId="S107" CovItemPrefix="is2.rubrica.PanelInserimento.java" Intrnl_Id="132">
<LocList>
<Loc EndOffset="8706" SrcFileId="2" StartOffset="8666"/>
</LocList>
</BasicStmnt>
<BasicStmnt CovItemId="S108" CovItemPrefix="is2.rubrica.PanelInserimento.java" Intrnl_Id="133">
<LocList>
<Loc EndOffset="8741" SrcFileId="2" StartOffset="8709"/>
</LocList>
</BasicStmnt>
<CondStmnt CovItemId="S109" CovItemPrefix="is2.rubrica.PanelInserimento.java" Intrnl_Id="134">
<Branch CovItemId="B1" CovItemPrefix="is2.rubrica.PanelInserimento.java" Implct="false" Intrnl_Id="135">
<Cond/>
<LocList>
<Loc EndOffset="8957" SrcFileId="2" StartOffset="8771"/>
</LocList>
<StmntSeq Intrnl_Id="136">
<LocList>
<Loc EndOffset="8846" SrcFileId="2" StartOffset="8776"/>
<Loc EndOffset="8901" SrcFileId="2" StartOffset="8850"/>
<Loc EndOffset="8935" SrcFileId="2" StartOffset="8909"/>
<Loc EndOffset="8953" SrcFileId="2" StartOffset="8939"/>
</LocList>
<CondStmnt CovItemId="S110" CovItemPrefix="is2.rubrica.PanelInserimento.java" Intrnl_Id="137">
<Branch CovItemId="B3" CovItemPrefix="is2.rubrica.PanelInserimento.java" Implct="false" Intrnl_Id="138">
<Cond/>
<LocList>
<Loc EndOffset="8846" SrcFileId="2" StartOffset="8790"/>
</LocList>
<StmntSeq Intrnl_Id="139">
<LocList>
<Loc EndOffset="8807" SrcFileId="2" StartOffset="8796"/>
<Loc EndOffset="8841" SrcFileId="2" StartOffset="8812"/>
</LocList>
<BasicStmnt CovItemId="S111" CovItemPrefix="is2.rubrica.PanelInserimento.java" Intrnl_Id="140">
<LocList>
<Loc EndOffset="8807" SrcFileId="2" StartOffset="8796"/>
</LocList>
</BasicStmnt>
<BasicStmnt CovItemId="S112" CovItemPrefix="is2.rubrica.PanelInserimento.java" Intrnl_Id="141">
<LocList>
<Loc EndOffset="8841" SrcFileId="2" StartOffset="8812"/>
</LocList>
</BasicStmnt>
</StmntSeq>
</Branch>
<Branch CovItemId="B4" CovItemPrefix="is2.rubrica.PanelInserimento.java" Implct="true" Intrnl_Id="142">
<Cond/>
<LocList/>
<StmntSeq Intrnl_Id="143">
<LocList/>
</StmntSeq>
</Branch>
<Keyword EndOffset="8778" SrcFileId="2" StartOffset="8776"/>
<LocList>
<Loc EndOffset="8846" SrcFileId="2" StartOffset="8776"/>
</LocList>
<RootTerm CovItemId="C2" CovItemPrefix="is2.rubrica.PanelInserimento.java" Intrnl_Id="144">
<BasicBoolTerm Intrnl_Id="145">
<LocList>
<Loc EndOffset="8789" SrcFileId="2" StartOffset="8779"/>
</LocList>
</BasicBoolTerm>
</RootTerm>
</CondStmnt>
<CondStmnt CovItemId="S113" CovItemPrefix="is2.rubrica.PanelInserimento.java" Intrnl_Id="146">
<Branch CovItemId="B5" CovItemPrefix="is2.rubrica.PanelInserimento.java" Implct="false" Intrnl_Id="147">
<Cond/>
<LocList>
<Loc EndOffset="8901" SrcFileId="2" StartOffset="8869"/>
</LocList>
<StmntSeq Intrnl_Id="148">
<LocList>
<Loc EndOffset="8901" SrcFileId="2" StartOffset="8869"/>
</LocList>
<BasicStmnt CovItemId="S114" CovItemPrefix="is2.rubrica.PanelInserimento.java" Intrnl_Id="149">
<LocList>
<Loc EndOffset="8901" SrcFileId="2" StartOffset="8869"/>
</LocList>
</BasicStmnt>
</StmntSeq>
</Branch>
<Branch CovItemId="B6" CovItemPrefix="is2.rubrica.PanelInserimento.java" Implct="true" Intrnl_Id="150">
<Cond/>
<LocList/>
<StmntSeq Intrnl_Id="151">
<LocList/>
</StmntSeq>
</Branch>
<Keyword EndOffset="8852" SrcFileId="2" StartOffset="8850"/>
<LocList>
<Loc EndOffset="8901" SrcFileId="2" StartOffset="8850"/>
</LocList>
<RootTerm CovItemId="C3" CovItemPrefix="is2.rubrica.PanelInserimento.java" Intrnl_Id="152">
<BasicBoolTerm Intrnl_Id="153">
<LocList>
<Loc EndOffset="8863" SrcFileId="2" StartOffset="8853"/>
</LocList>
</BasicBoolTerm>
</RootTerm>
</CondStmnt>
<BasicStmnt CovItemId="S115" CovItemPrefix="is2.rubrica.PanelInserimento.java" Intrnl_Id="154">
<LocList>
<Loc EndOffset="8935" SrcFileId="2" StartOffset="8909"/>
</LocList>
</BasicStmnt>
<BasicStmnt CovItemId="S116" CovItemPrefix="is2.rubrica.PanelInserimento.java" Intrnl_Id="155">
<LocList>
<Loc EndOffset="8953" SrcFileId="2" StartOffset="8939"/>
</LocList>
</BasicStmnt>
</StmntSeq>
</Branch>
<Branch CovItemId="B2" CovItemPrefix="is2.rubrica.PanelInserimento.java" Implct="true" Intrnl_Id="156">
<Cond/>
<LocList/>
<StmntSeq Intrnl_Id="157">
<LocList/>
</StmntSeq>
</Branch>
<Keyword EndOffset="8749" SrcFileId="2" StartOffset="8747"/>
<LocList>
<Loc EndOffset="8957" SrcFileId="2" StartOffset="8747"/>
</LocList>
<RootTerm CovItemId="C1" CovItemPrefix="is2.rubrica.PanelInserimento.java" Intrnl_Id="158">
<BasicBoolTerm Intrnl_Id="159">
<LocList>
<Loc EndOffset="8770" SrcFileId="2" StartOffset="8750"/>
</LocList>
</BasicBoolTerm>
</RootTerm>
</CondStmnt>
<CondStmnt CovItemId="S117" CovItemPrefix="is2.rubrica.PanelInserimento.java" Intrnl_Id="160">
<Branch CovItemId="B7" CovItemPrefix="is2.rubrica.PanelInserimento.java" Implct="false" Intrnl_Id="161">
<Cond/>
<LocList>
<Loc EndOffset="9207" SrcFileId="2" StartOffset="8984"/>
</LocList>
<StmntSeq Intrnl_Id="162">
<LocList>
<Loc EndOffset="9079" SrcFileId="2" StartOffset="8989"/>
<Loc EndOffset="9151" SrcFileId="2" StartOffset="9083"/>
<Loc EndOffset="9185" SrcFileId="2" StartOffset="9159"/>
<Loc EndOffset="9203" SrcFileId="2" StartOffset="9189"/>
</LocList>
<CondStmnt CovItemId="S118" CovItemPrefix="is2.rubrica.PanelInserimento.java" Intrnl_Id="163">
<Branch CovItemId="B9" CovItemPrefix="is2.rubrica.PanelInserimento.java" Implct="false" Intrnl_Id="164">
<Cond/>
<LocList>
<Loc EndOffset="9079" SrcFileId="2" StartOffset="9021"/>
</LocList>
<StmntSeq Intrnl_Id="165">
<LocList>
<Loc EndOffset="9038" SrcFileId="2" StartOffset="9027"/>
<Loc EndOffset="9074" SrcFileId="2" StartOffset="9043"/>
</LocList>
<BasicStmnt CovItemId="S119" CovItemPrefix="is2.rubrica.PanelInserimento.java" Intrnl_Id="166">
<LocList>
<Loc EndOffset="9038" SrcFileId="2" StartOffset="9027"/>
</LocList>
</BasicStmnt>
<BasicStmnt CovItemId="S120" CovItemPrefix="is2.rubrica.PanelInserimento.java" Intrnl_Id="167">
<LocList>
<Loc EndOffset="9074" SrcFileId="2" StartOffset="9043"/>
</LocList>
</BasicStmnt>
</StmntSeq>
</Branch>
<Branch CovItemId="B10" CovItemPrefix="is2.rubrica.PanelInserimento.java" Implct="true" Intrnl_Id="168">
<Cond/>
<LocList/>
<StmntSeq Intrnl_Id="169">
<LocList/>
</StmntSeq>
</Branch>
<Keyword EndOffset="8991" SrcFileId="2" StartOffset="8989"/>
<LocList>
<Loc EndOffset="9079" SrcFileId="2" StartOffset="8989"/>
</LocList>
<RootTerm CovItemId="C5" CovItemPrefix="is2.rubrica.PanelInserimento.java" Intrnl_Id="170">
<BasicBoolTerm Intrnl_Id="171">
<LocList>
<Loc EndOffset="9020" SrcFileId="2" StartOffset="8992"/>
</LocList>
</BasicBoolTerm>
</RootTerm>
</CondStmnt>
<CondStmnt CovItemId="S121" CovItemPrefix="is2.rubrica.PanelInserimento.java" Intrnl_Id="172">
<Branch CovItemId="B11" CovItemPrefix="is2.rubrica.PanelInserimento.java" Implct="false" Intrnl_Id="173">
<Cond/>
<LocList>
<Loc EndOffset="9151" SrcFileId="2" StartOffset="9121"/>
</LocList>
<StmntSeq Intrnl_Id="174">
<LocList>
<Loc EndOffset="9151" SrcFileId="2" StartOffset="9121"/>
</LocList>
<BasicStmnt CovItemId="S122" CovItemPrefix="is2.rubrica.PanelInserimento.java" Intrnl_Id="175">
<LocList>
<Loc EndOffset="9151" SrcFileId="2" StartOffset="9121"/>
</LocList>
</BasicStmnt>
</StmntSeq>
</Branch>
<Branch CovItemId="B12" CovItemPrefix="is2.rubrica.PanelInserimento.java" Implct="true" Intrnl_Id="176">
<Cond/>
<LocList/>
<StmntSeq Intrnl_Id="177">
<LocList/>
</StmntSeq>
</Branch>
<Keyword EndOffset="9085" SrcFileId="2" StartOffset="9083"/>
<LocList>
<Loc EndOffset="9151" SrcFileId="2" StartOffset="9083"/>
</LocList>
<RootTerm CovItemId="C6" CovItemPrefix="is2.rubrica.PanelInserimento.java" Intrnl_Id="178">
<BasicBoolTerm Intrnl_Id="179">
<LocList>
<Loc EndOffset="9115" SrcFileId="2" StartOffset="9086"/>
</LocList>
</BasicBoolTerm>
</RootTerm>
</CondStmnt>
<BasicStmnt CovItemId="S123" CovItemPrefix="is2.rubrica.PanelInserimento.java" Intrnl_Id="180">
<LocList>
<Loc EndOffset="9185" SrcFileId="2" StartOffset="9159"/>
</LocList>
</BasicStmnt>
<BasicStmnt CovItemId="S124" CovItemPrefix="is2.rubrica.PanelInserimento.java" Intrnl_Id="181">
<LocList>
<Loc EndOffset="9203" SrcFileId="2" StartOffset="9189"/>
</LocList>
</BasicStmnt>
</StmntSeq>
</Branch>
<Branch CovItemId="B8" CovItemPrefix="is2.rubrica.PanelInserimento.java" Implct="true" Intrnl_Id="182">
<Cond/>
<LocList/>
<StmntSeq Intrnl_Id="183">
<LocList/>
</StmntSeq>
</Branch>
<Keyword EndOffset="8962" SrcFileId="2" StartOffset="8960"/>
<LocList>
<Loc EndOffset="9207" SrcFileId="2" StartOffset="8960"/>
</LocList>
<RootTerm CovItemId="C4" CovItemPrefix="is2.rubrica.PanelInserimento.java" Intrnl_Id="184">
<BasicBoolTerm Intrnl_Id="185">
<LocList>
<Loc EndOffset="8983" SrcFileId="2" StartOffset="8963"/>
</LocList>
</BasicBoolTerm>
</RootTerm>
</CondStmnt>
<CondStmnt CovItemId="S125" CovItemPrefix="is2.rubrica.PanelInserimento.java" Intrnl_Id="186">
<Branch CovItemId="B13" CovItemPrefix="is2.rubrica.PanelInserimento.java" Implct="false" Intrnl_Id="187">
<Cond/>
<LocList>
<Loc EndOffset="9717" SrcFileId="2" StartOffset="9240"/>
</LocList>
<StmntSeq Intrnl_Id="188">
<LocList>
<Loc EndOffset="9256" SrcFileId="2" StartOffset="9245"/>
<Loc EndOffset="9277" SrcFileId="2" StartOffset="9260"/>
<Loc EndOffset="9346" SrcFileId="2" StartOffset="9281"/>
<Loc EndOffset="9428" SrcFileId="2" StartOffset="9350"/>
<Loc EndOffset="9461" SrcFileId="2" StartOffset="9432"/>
<Loc EndOffset="9497" SrcFileId="2" StartOffset="9465"/>
<Loc EndOffset="9526" SrcFileId="2" StartOffset="9501"/>
<Loc EndOffset="9556" SrcFileId="2" StartOffset="9530"/>
<Loc EndOffset="9587" SrcFileId="2" StartOffset="9560"/>
<Loc EndOffset="9618" SrcFileId="2" StartOffset="9591"/>
<Loc EndOffset="9649" SrcFileId="2" StartOffset="9622"/>
<Loc EndOffset="9679" SrcFileId="2" StartOffset="9653"/>
<Loc EndOffset="9713" SrcFileId="2" StartOffset="9683"/>
</LocList>
<BasicStmnt CovItemId="S126" CovItemPrefix="is2.rubrica.PanelInserimento.java" Intrnl_Id="189">
<LocList>
<Loc EndOffset="9256" SrcFileId="2" StartOffset="9245"/>
</LocList>
</BasicStmnt>
<BasicStmnt CovItemId="S127" CovItemPrefix="is2.rubrica.PanelInserimento.java" Intrnl_Id="190">
<LocList>
<Loc EndOffset="9277" SrcFileId="2" StartOffset="9260"/>
</LocList>
</BasicStmnt>
<BasicStmnt CovItemId="S128" CovItemPrefix="is2.rubrica.PanelInserimento.java" Intrnl_Id="191">
<LocList>
<Loc EndOffset="9346" SrcFileId="2" StartOffset="9281"/>
</LocList>
</BasicStmnt>
<BasicStmnt CovItemId="S129" CovItemPrefix="is2.rubrica.PanelInserimento.java" Intrnl_Id="192">
<LocList>
<Loc EndOffset="9428" SrcFileId="2" StartOffset="9350"/>
</LocList>
</BasicStmnt>
<BasicStmnt CovItemId="S130" CovItemPrefix="is2.rubrica.PanelInserimento.java" Intrnl_Id="193">
<LocList>
<Loc EndOffset="9461" SrcFileId="2" StartOffset="9432"/>
</LocList>
</BasicStmnt>
<BasicStmnt CovItemId="S131" CovItemPrefix="is2.rubrica.PanelInserimento.java" Intrnl_Id="194">
<LocList>
<Loc EndOffset="9497" SrcFileId="2" StartOffset="9465"/>
</LocList>
</BasicStmnt>
<BasicStmnt CovItemId="S132" CovItemPrefix="is2.rubrica.PanelInserimento.java" Intrnl_Id="195">
<LocList>
<Loc EndOffset="9526" SrcFileId="2" StartOffset="9501"/>
</LocList>
</BasicStmnt>
<BasicStmnt CovItemId="S133" CovItemPrefix="is2.rubrica.PanelInserimento.java" Intrnl_Id="196">
<LocList>
<Loc EndOffset="9556" SrcFileId="2" StartOffset="9530"/>
</LocList>
</BasicStmnt>
<BasicStmnt CovItemId="S134" CovItemPrefix="is2.rubrica.PanelInserimento.java" Intrnl_Id="197">
<LocList>
<Loc EndOffset="9587" SrcFileId="2" StartOffset="9560"/>
</LocList>
</BasicStmnt>
<BasicStmnt CovItemId="S135" CovItemPrefix="is2.rubrica.PanelInserimento.java" Intrnl_Id="198">
<LocList>
<Loc EndOffset="9618" SrcFileId="2" StartOffset="9591"/>
</LocList>
</BasicStmnt>
<BasicStmnt CovItemId="S136" CovItemPrefix="is2.rubrica.PanelInserimento.java" Intrnl_Id="199">
<LocList>
<Loc EndOffset="9649" SrcFileId="2" StartOffset="9622"/>
</LocList>
</BasicStmnt>
<BasicStmnt CovItemId="S137" CovItemPrefix="is2.rubrica.PanelInserimento.java" Intrnl_Id="200">
<LocList>
<Loc EndOffset="9679" SrcFileId="2" StartOffset="9653"/>
</LocList>
</BasicStmnt>
<BasicStmnt CovItemId="S138" CovItemPrefix="is2.rubrica.PanelInserimento.java" Intrnl_Id="201">
<LocList>
<Loc EndOffset="9713" SrcFileId="2" StartOffset="9683"/>
</LocList>
</BasicStmnt>
</StmntSeq>
</Branch>
<Branch CovItemId="B14" CovItemPrefix="is2.rubrica.PanelInserimento.java" Implct="true" Intrnl_Id="202">
<Cond/>
<LocList/>
<StmntSeq Intrnl_Id="203">
<LocList/>
</StmntSeq>
</Branch>
<Keyword EndOffset="9212" SrcFileId="2" StartOffset="9210"/>
<LocList>
<Loc EndOffset="9717" SrcFileId="2" StartOffset="9210"/>
</LocList>
<RootTerm CovItemId="C7" CovItemPrefix="is2.rubrica.PanelInserimento.java" Intrnl_Id="204">
<BasicBoolTerm Intrnl_Id="205">
<LocList>
<Loc EndOffset="9239" SrcFileId="2" StartOffset="9213"/>
</LocList>
</BasicBoolTerm>
</RootTerm>
</CondStmnt>
<CondStmnt CovItemId="S139" CovItemPrefix="is2.rubrica.PanelInserimento.java" Intrnl_Id="206">
<Branch CovItemId="B15" CovItemPrefix="is2.rubrica.PanelInserimento.java" Implct="false" Intrnl_Id="207">
<Cond/>
<LocList>
<Loc EndOffset="10043" SrcFileId="2" StartOffset="9745"/>
</LocList>
<StmntSeq Intrnl_Id="208">
<LocList>
<Loc EndOffset="9788" SrcFileId="2" StartOffset="9759"/>
<Loc EndOffset="9825" SrcFileId="2" StartOffset="9793"/>
<Loc EndOffset="9861" SrcFileId="2" StartOffset="9830"/>
<Loc EndOffset="9900" SrcFileId="2" StartOffset="9866"/>
<Loc EndOffset="10018" SrcFileId="2" StartOffset="9750"/>
<Loc EndOffset="10039" SrcFileId="2" StartOffset="10026"/>
</LocList>
<BasicStmnt CovItemId="S141" CovItemPrefix="is2.rubrica.PanelInserimento.java" Intrnl_Id="209">
<LocList>
<Loc EndOffset="9788" SrcFileId="2" StartOffset="9759"/>
</LocList>
</BasicStmnt>
<BasicStmnt CovItemId="S142" CovItemPrefix="is2.rubrica.PanelInserimento.java" Intrnl_Id="210">
<LocList>
<Loc EndOffset="9825" SrcFileId="2" StartOffset="9793"/>
</LocList>
</BasicStmnt>
<BasicStmnt CovItemId="S143" CovItemPrefix="is2.rubrica.PanelInserimento.java" Intrnl_Id="211">
<LocList>
<Loc EndOffset="9861" SrcFileId="2" StartOffset="9830"/>
</LocList>
</BasicStmnt>
<BasicStmnt CovItemId="S144" CovItemPrefix="is2.rubrica.PanelInserimento.java" Intrnl_Id="212">
<LocList>
<Loc EndOffset="9900" SrcFileId="2" StartOffset="9866"/>
</LocList>
</BasicStmnt>
<CondStmnt CovItemId="S140" CovItemPrefix="is2.rubrica.PanelInserimento.java" Intrnl_Id="213">
<Branch CovItemId="B17" CovItemPrefix="is2.rubrica.PanelInserimento.java" Implct="true" Intrnl_Id="214">
<Cond/>
<LocList/>
<StmntSeq Intrnl_Id="215">
<LocList/>
</StmntSeq>
</Branch>
<Branch CovItemId="B18" CovItemPrefix="is2.rubrica.PanelInserimento.java" Implct="false" Intrnl_Id="216">
<Cond>
<Loc EndOffset="9940" SrcFileId="2" StartOffset="9910"/>
</Cond>
<LocList>
<Loc EndOffset="10018" SrcFileId="2" StartOffset="9940"/>
</LocList>
<StmntSeq Intrnl_Id="217">
<LocList>
<Loc EndOffset="10013" SrcFileId="2" StartOffset="9946"/>
</LocList>
<BasicStmnt CovItemId="S145" CovItemPrefix="is2.rubrica.PanelInserimento.java" Intrnl_Id="218">
<LocList>
<Loc EndOffset="10013" SrcFileId="2" StartOffset="9946"/>
</LocList>
</BasicStmnt>
</StmntSeq>
</Branch>
<Keyword EndOffset="9753" SrcFileId="2" StartOffset="9750"/>
<LocList>
<Loc EndOffset="10018" SrcFileId="2" StartOffset="9750"/>
</LocList>
</CondStmnt>
<BasicStmnt CovItemId="S146" CovItemPrefix="is2.rubrica.PanelInserimento.java" Intrnl_Id="219">
<LocList>
<Loc EndOffset="10039" SrcFileId="2" StartOffset="10026"/>
</LocList>
</BasicStmnt>
</StmntSeq>
</Branch>
<Branch CovItemId="B16" CovItemPrefix="is2.rubrica.PanelInserimento.java" Implct="true" Intrnl_Id="220">
<Cond/>
<LocList/>
<StmntSeq Intrnl_Id="221">
<LocList/>
</StmntSeq>
</Branch>
<Keyword EndOffset="9722" SrcFileId="2" StartOffset="9720"/>
<LocList>
<Loc EndOffset="10043" SrcFileId="2" StartOffset="9720"/>
</LocList>
<RootTerm CovItemId="C8" CovItemPrefix="is2.rubrica.PanelInserimento.java" Intrnl_Id="222">
<BasicBoolTerm Intrnl_Id="223">
<LocList>
<Loc EndOffset="9744" SrcFileId="2" StartOffset="9723"/>
</LocList>
</BasicBoolTerm>
</RootTerm>
</CondStmnt>
<CondStmnt CovItemId="S147" CovItemPrefix="is2.rubrica.PanelInserimento.java" Intrnl_Id="224">
<Branch CovItemId="B19" CovItemPrefix="is2.rubrica.PanelInserimento.java" Implct="false" Intrnl_Id="225">
<Cond/>
<LocList>
<Loc EndOffset="11407" SrcFileId="2" StartOffset="10073"/>
</LocList>
<StmntSeq Intrnl_Id="226">
<LocList>
<Loc EndOffset="10088" SrcFileId="2" StartOffset="10078"/>
<Loc EndOffset="10531" SrcFileId="2" StartOffset="10474"/>
<Loc EndOffset="10626" SrcFileId="2" StartOffset="10594"/>
<Loc EndOffset="11403" SrcFileId="2" StartOffset="10630"/>
</LocList>
<BasicStmnt CovItemId="S148" CovItemPrefix="is2.rubrica.PanelInserimento.java" Intrnl_Id="227">
<LocList>
<Loc EndOffset="10088" SrcFileId="2" StartOffset="10078"/>
</LocList>
</BasicStmnt>
<CondStmnt CovItemId="S149" CovItemPrefix="is2.rubrica.PanelInserimento.java" Intrnl_Id="228">
<Branch CovItemId="B21" CovItemPrefix="is2.rubrica.PanelInserimento.java" Implct="false" Intrnl_Id="229">
<Cond/>
<LocList>
<Loc EndOffset="10531" SrcFileId="2" StartOffset="10518"/>
</LocList>
<StmntSeq Intrnl_Id="230">
<LocList>
<Loc EndOffset="10531" SrcFileId="2" StartOffset="10518"/>
</LocList>
<BasicStmnt CovItemId="S150" CovItemPrefix="is2.rubrica.PanelInserimento.java" Intrnl_Id="231">
<LocList>
<Loc EndOffset="10531" SrcFileId="2" StartOffset="10518"/>
</LocList>
</BasicStmnt>
</StmntSeq>
</Branch>
<Branch CovItemId="B22" CovItemPrefix="is2.rubrica.PanelInserimento.java" Implct="true" Intrnl_Id="232">
<Cond/>
<LocList/>
<StmntSeq Intrnl_Id="233">
<LocList/>
</StmntSeq>
</Branch>
<Keyword EndOffset="10476" SrcFileId="2" StartOffset="10474"/>
<LocList>
<Loc EndOffset="10531" SrcFileId="2" StartOffset="10474"/>
</LocList>
<RootTerm CovItemId="C10" CovItemPrefix="is2.rubrica.PanelInserimento.java" Intrnl_Id="234">
<BasicBoolTerm Intrnl_Id="235">
<LocList>
<Loc EndOffset="10495" SrcFileId="2" StartOffset="10477"/>
</LocList>
</BasicBoolTerm>
</RootTerm>
</CondStmnt>
<BasicStmnt CovItemId="S151" CovItemPrefix="is2.rubrica.PanelInserimento.java" Intrnl_Id="236">
<LocList>
<Loc EndOffset="10626" SrcFileId="2" StartOffset="10594"/>
</LocList>
</BasicStmnt>
<CondStmnt CovItemId="S152" CovItemPrefix="is2.rubrica.PanelInserimento.java" Intrnl_Id="237">
<Branch CovItemId="B23" CovItemPrefix="is2.rubrica.PanelInserimento.java" Implct="false" Intrnl_Id="238">
<Cond/>
<LocList>
<Loc EndOffset="11125" SrcFileId="2" StartOffset="10676"/>
</LocList>
<StmntSeq Intrnl_Id="239">
<LocList>
<Loc EndOffset="10709" SrcFileId="2" StartOffset="10682"/>
<Loc EndOffset="11076" SrcFileId="2" StartOffset="10714"/>
</LocList>
<BasicStmnt CovItemId="S153" CovItemPrefix="is2.rubrica.PanelInserimento.java" Intrnl_Id="240">
<LocList>
<Loc EndOffset="10709" SrcFileId="2" StartOffset="10682"/>
</LocList>
</BasicStmnt>
<CondStmnt CovItemId="S154" CovItemPrefix="is2.rubrica.PanelInserimento.java" Intrnl_Id="241">
<Branch CovItemId="B25" CovItemPrefix="is2.rubrica.PanelInserimento.java" Implct="false" Intrnl_Id="242">
<Cond/>
<LocList>
<Loc EndOffset="10815" SrcFileId="2" StartOffset="10735"/>
</LocList>
<StmntSeq Intrnl_Id="243">
<LocList>
<Loc EndOffset="10815" SrcFileId="2" StartOffset="10735"/>
</LocList>
<BasicStmnt CovItemId="S155" CovItemPrefix="is2.rubrica.PanelInserimento.java" Intrnl_Id="244">
<LocList>
<Loc EndOffset="10815" SrcFileId="2" StartOffset="10735"/>
</LocList>
</BasicStmnt>
</StmntSeq>
</Branch>
<Branch CovItemId="B26" CovItemPrefix="is2.rubrica.PanelInserimento.java" Implct="false" Intrnl_Id="245">
<Cond>
<Loc EndOffset="10824" SrcFileId="2" StartOffset="10820"/>
</Cond>
<LocList>
<Loc EndOffset="11076" SrcFileId="2" StartOffset="10998"/>
</LocList>
<StmntSeq Intrnl_Id="246">
<LocList>
<Loc EndOffset="11076" SrcFileId="2" StartOffset="10998"/>
</LocList>
<BasicStmnt CovItemId="S156" CovItemPrefix="is2.rubrica.PanelInserimento.java" Intrnl_Id="247">
<LocList>
<Loc EndOffset="11076" SrcFileId="2" StartOffset="10998"/>
</LocList>
</BasicStmnt>
</StmntSeq>
</Branch>
<Keyword EndOffset="10716" SrcFileId="2" StartOffset="10714"/>
<LocList>
<Loc EndOffset="11076" SrcFileId="2" StartOffset="10714"/>
</LocList>
<RootTerm CovItemId="C12" CovItemPrefix="is2.rubrica.PanelInserimento.java" Intrnl_Id="248">
<BasicBoolTerm Intrnl_Id="249">
<LocList>
<Loc EndOffset="10728" SrcFileId="2" StartOffset="10717"/>
</LocList>
</BasicBoolTerm>
</RootTerm>
</CondStmnt>
</StmntSeq>
</Branch>
<Branch CovItemId="B24" CovItemPrefix="is2.rubrica.PanelInserimento.java" Implct="false" Intrnl_Id="250">
<Cond>
<Loc EndOffset="11133" SrcFileId="2" StartOffset="11129"/>
</Cond>
<LocList>
<Loc EndOffset="11403" SrcFileId="2" StartOffset="11133"/>
</LocList>
<StmntSeq Intrnl_Id="251">
<LocList>
<Loc EndOffset="11161" SrcFileId="2" StartOffset="11139"/>
<Loc EndOffset="11186" SrcFileId="2" StartOffset="11166"/>
<Loc EndOffset="11244" SrcFileId="2" StartOffset="11201"/>
<Loc EndOffset="11295" SrcFileId="2" StartOffset="11250"/>
<Loc EndOffset="11398" SrcFileId="2" StartOffset="11191"/>
</LocList>
<BasicStmnt CovItemId="S157" CovItemPrefix="is2.rubrica.PanelInserimento.java" Intrnl_Id="252">
<LocList>
<Loc EndOffset="11161" SrcFileId="2" StartOffset="11139"/>
</LocList>
</BasicStmnt>
<BasicStmnt CovItemId="S158" CovItemPrefix="is2.rubrica.PanelInserimento.java" Intrnl_Id="253">
<LocList>
<Loc EndOffset="11186" SrcFileId="2" StartOffset="11166"/>
</LocList>
</BasicStmnt>
<BasicStmnt CovItemId="S160" CovItemPrefix="is2.rubrica.PanelInserimento.java" Intrnl_Id="254">
<LocList>
<Loc EndOffset="11244" SrcFileId="2" StartOffset="11201"/>
</LocList>
</BasicStmnt>
<BasicStmnt CovItemId="S161" CovItemPrefix="is2.rubrica.PanelInserimento.java" Intrnl_Id="255">
<LocList>
<Loc EndOffset="11295" SrcFileId="2" StartOffset="11250"/>
</LocList>
</BasicStmnt>
<CondStmnt CovItemId="S159" CovItemPrefix="is2.rubrica.PanelInserimento.java" Intrnl_Id="256">
<Branch CovItemId="B27" CovItemPrefix="is2.rubrica.PanelInserimento.java" Implct="true" Intrnl_Id="257">
<Cond/>
<LocList/>
<StmntSeq Intrnl_Id="258">
<LocList/>
</StmntSeq>
</Branch>
<Branch CovItemId="B28" CovItemPrefix="is2.rubrica.PanelInserimento.java" Implct="false" Intrnl_Id="259">
<Cond>
<Loc EndOffset="11337" SrcFileId="2" StartOffset="11306"/>
</Cond>
<LocList>
<Loc EndOffset="11398" SrcFileId="2" StartOffset="11337"/>
</LocList>
<StmntSeq Intrnl_Id="260">
<LocList>
<Loc EndOffset="11392" SrcFileId="2" StartOffset="11344"/>
</LocList>
<BasicStmnt CovItemId="S162" CovItemPrefix="is2.rubrica.PanelInserimento.java" Intrnl_Id="261">
<LocList>
<Loc EndOffset="11392" SrcFileId="2" StartOffset="11344"/>
</LocList>
</BasicStmnt>
</StmntSeq>
</Branch>
<Keyword EndOffset="11194" SrcFileId="2" StartOffset="11191"/>
<LocList>
<Loc EndOffset="11398" SrcFileId="2" StartOffset="11191"/>
</LocList>
</CondStmnt>
</StmntSeq>
</Branch>
<Keyword EndOffset="10632" SrcFileId="2" StartOffset="10630"/>
<LocList>
<Loc EndOffset="11403" SrcFileId="2" StartOffset="10630"/>
</LocList>
<RootTerm CovItemId="C11" CovItemPrefix="is2.rubrica.PanelInserimento.java" Intrnl_Id="262">
<OpTerm BooleanOpId="5" Intrnl_Id="263">
<BasicBoolTerm Intrnl_Id="264">
<LocList>
<Loc EndOffset="10657" SrcFileId="2" StartOffset="10635"/>
</LocList>
</BasicBoolTerm>
<BasicBoolTerm Intrnl_Id="265">
<LocList>
<Loc EndOffset="10674" SrcFileId="2" StartOffset="10663"/>
</LocList>
</BasicBoolTerm>
<LocList>
<Loc EndOffset="10661" SrcFileId="2" StartOffset="10659"/>
</LocList>
</OpTerm>
</RootTerm>
</CondStmnt>
</StmntSeq>
</Branch>
<Branch CovItemId="B20" CovItemPrefix="is2.rubrica.PanelInserimento.java" Implct="true" Intrnl_Id="266">
<Cond/>
<LocList/>
<StmntSeq Intrnl_Id="267">
<LocList/>
</StmntSeq>
</Branch>
<Keyword EndOffset="10048" SrcFileId="2" StartOffset="10046"/>
<LocList>
<Loc EndOffset="11407" SrcFileId="2" StartOffset="10046"/>
</LocList>
<RootTerm CovItemId="C9" CovItemPrefix="is2.rubrica.PanelInserimento.java" Intrnl_Id="268">
<BasicBoolTerm Intrnl_Id="269">
<LocList>
<Loc EndOffset="10072" SrcFileId="2" StartOffset="10049"/>
</LocList>
</BasicBoolTerm>
</RootTerm>
</CondStmnt>
<CondStmnt CovItemId="S163" CovItemPrefix="is2.rubrica.PanelInserimento.java" Intrnl_Id="270">
<Branch CovItemId="B29" CovItemPrefix="is2.rubrica.PanelInserimento.java" Implct="false" Intrnl_Id="271">
<Cond/>
<LocList>
<Loc EndOffset="11951" SrcFileId="2" StartOffset="11438"/>
</LocList>
<StmntSeq Intrnl_Id="272">
<LocList>
<Loc EndOffset="11453" SrcFileId="2" StartOffset="11443"/>
<Loc EndOffset="11499" SrcFileId="2" StartOffset="11461"/>
<Loc EndOffset="11539" SrcFileId="2" StartOffset="11507"/>
<Loc EndOffset="11947" SrcFileId="2" StartOffset="11543"/>
</LocList>
<BasicStmnt CovItemId="S164" CovItemPrefix="is2.rubrica.PanelInserimento.java" Intrnl_Id="273">
<LocList>
<Loc EndOffset="11453" SrcFileId="2" StartOffset="11443"/>
</LocList>
</BasicStmnt>
<CondStmnt CovItemId="S165" CovItemPrefix="is2.rubrica.PanelInserimento.java" Intrnl_Id="274">
<Branch CovItemId="B31" CovItemPrefix="is2.rubrica.PanelInserimento.java" Implct="false" Intrnl_Id="275">
<Cond/>
<LocList>
<Loc EndOffset="11499" SrcFileId="2" StartOffset="11488"/>
</LocList>
<StmntSeq Intrnl_Id="276">
<LocList>
<Loc EndOffset="11499" SrcFileId="2" StartOffset="11488"/>
</LocList>
<BasicStmnt CovItemId="S166" CovItemPrefix="is2.rubrica.PanelInserimento.java" Intrnl_Id="277">
<LocList>
<Loc EndOffset="11499" SrcFileId="2" StartOffset="11488"/>
</LocList>
</BasicStmnt>
</StmntSeq>
</Branch>
<Branch CovItemId="B32" CovItemPrefix="is2.rubrica.PanelInserimento.java" Implct="true" Intrnl_Id="278">
<Cond/>
<LocList/>
<StmntSeq Intrnl_Id="279">
<LocList/>
</StmntSeq>
</Branch>
<Keyword EndOffset="11463" SrcFileId="2" StartOffset="11461"/>
<LocList>
<Loc EndOffset="11499" SrcFileId="2" StartOffset="11461"/>
</LocList>
<RootTerm CovItemId="C14" CovItemPrefix="is2.rubrica.PanelInserimento.java" Intrnl_Id="280">
<BasicBoolTerm Intrnl_Id="281">
<LocList>
<Loc EndOffset="11482" SrcFileId="2" StartOffset="11464"/>
</LocList>
</BasicBoolTerm>
</RootTerm>
</CondStmnt>
<BasicStmnt CovItemId="S167" CovItemPrefix="is2.rubrica.PanelInserimento.java" Intrnl_Id="282">
<LocList>
<Loc EndOffset="11539" SrcFileId="2" StartOffset="11507"/>
</LocList>
</BasicStmnt>
<CondStmnt CovItemId="S168" CovItemPrefix="is2.rubrica.PanelInserimento.java" Intrnl_Id="283">
<Branch CovItemId="B33" CovItemPrefix="is2.rubrica.PanelInserimento.java" Implct="false" Intrnl_Id="284">
<Cond/>
<LocList>
<Loc EndOffset="11707" SrcFileId="2" StartOffset="11588"/>
</LocList>
<StmntSeq Intrnl_Id="285">
<LocList>
<Loc EndOffset="11620" SrcFileId="2" StartOffset="11594"/>
<Loc EndOffset="11639" SrcFileId="2" StartOffset="11625"/>
<Loc EndOffset="11671" SrcFileId="2" StartOffset="11644"/>
<Loc EndOffset="11702" SrcFileId="2" StartOffset="11676"/>
</LocList>
<BasicStmnt CovItemId="S169" CovItemPrefix="is2.rubrica.PanelInserimento.java" Intrnl_Id="286">
<LocList>
<Loc EndOffset="11620" SrcFileId="2" StartOffset="11594"/>
</LocList>
</BasicStmnt>
<BasicStmnt CovItemId="S170" CovItemPrefix="is2.rubrica.PanelInserimento.java" Intrnl_Id="287">
<LocList>
<Loc EndOffset="11639" SrcFileId="2" StartOffset="11625"/>
</LocList>
</BasicStmnt>
<BasicStmnt CovItemId="S171" CovItemPrefix="is2.rubrica.PanelInserimento.java" Intrnl_Id="288">
<LocList>
<Loc EndOffset="11671" SrcFileId="2" StartOffset="11644"/>
</LocList>
</BasicStmnt>
<BasicStmnt CovItemId="S172" CovItemPrefix="is2.rubrica.PanelInserimento.java" Intrnl_Id="289">
<LocList>
<Loc EndOffset="11702" SrcFileId="2" StartOffset="11676"/>
</LocList>
</BasicStmnt>
</StmntSeq>
</Branch>
<Branch CovItemId="B34" CovItemPrefix="is2.rubrica.PanelInserimento.java" Implct="false" Intrnl_Id="290">
<Cond>
<Loc EndOffset="11715" SrcFileId="2" StartOffset="11711"/>
</Cond>
<LocList>
<Loc EndOffset="11947" SrcFileId="2" StartOffset="11715"/>
</LocList>
<StmntSeq Intrnl_Id="291">
<LocList>
<Loc EndOffset="11748" SrcFileId="2" StartOffset="11721"/>
<Loc EndOffset="11942" SrcFileId="2" StartOffset="11753"/>
</LocList>
<BasicStmnt CovItemId="S173" CovItemPrefix="is2.rubrica.PanelInserimento.java" Intrnl_Id="292">
<LocList>
<Loc EndOffset="11748" SrcFileId="2" StartOffset="11721"/>
</LocList>
</BasicStmnt>
<CondStmnt CovItemId="S174" CovItemPrefix="is2.rubrica.PanelInserimento.java" Intrnl_Id="293">
<Branch CovItemId="B35" CovItemPrefix="is2.rubrica.PanelInserimento.java" Implct="false" Intrnl_Id="294">
<Cond/>
<LocList>
<Loc EndOffset="11854" SrcFileId="2" StartOffset="11774"/>
</LocList>
<StmntSeq Intrnl_Id="295">
<LocList>
<Loc EndOffset="11854" SrcFileId="2" StartOffset="11774"/>
</LocList>
<BasicStmnt CovItemId="S175" CovItemPrefix="is2.rubrica.PanelInserimento.java" Intrnl_Id="296">
<LocList>
<Loc EndOffset="11854" SrcFileId="2" StartOffset="11774"/>
</LocList>
</BasicStmnt>
</StmntSeq>
</Branch>
<Branch CovItemId="B36" CovItemPrefix="is2.rubrica.PanelInserimento.java" Implct="false" Intrnl_Id="297">
<Cond>
<Loc EndOffset="11863" SrcFileId="2" StartOffset="11859"/>
</Cond>
<LocList>
<Loc EndOffset="11942" SrcFileId="2" StartOffset="11869"/>
</LocList>
<StmntSeq Intrnl_Id="298">
<LocList>
<Loc EndOffset="11942" SrcFileId="2" StartOffset="11869"/>
</LocList>
<BasicStmnt CovItemId="S176" CovItemPrefix="is2.rubrica.PanelInserimento.java" Intrnl_Id="299">
<LocList>
<Loc EndOffset="11942" SrcFileId="2" StartOffset="11869"/>
</LocList>
</BasicStmnt>
</StmntSeq>
</Branch>
<Keyword EndOffset="11755" SrcFileId="2" StartOffset="11753"/>
<LocList>
<Loc EndOffset="11942" SrcFileId="2" StartOffset="11753"/>
</LocList>
<RootTerm CovItemId="C16" CovItemPrefix="is2.rubrica.PanelInserimento.java" Intrnl_Id="300">
<BasicBoolTerm Intrnl_Id="301">
<LocList>
<Loc EndOffset="11767" SrcFileId="2" StartOffset="11756"/>
</LocList>
</BasicBoolTerm>
</RootTerm>
</CondStmnt>
</StmntSeq>
</Branch>
<Keyword EndOffset="11545" SrcFileId="2" StartOffset="11543"/>
<LocList>
<Loc EndOffset="11947" SrcFileId="2" StartOffset="11543"/>
</LocList>
<RootTerm CovItemId="C15" CovItemPrefix="is2.rubrica.PanelInserimento.java" Intrnl_Id="302">
<OpTerm BooleanOpId="4" Intrnl_Id="303">
<BasicBoolTerm Intrnl_Id="304">
<LocList>
<Loc EndOffset="11570" SrcFileId="2" StartOffset="11548"/>
</LocList>
</BasicBoolTerm>
<BasicBoolTerm Intrnl_Id="305">
<LocList>
<Loc EndOffset="11586" SrcFileId="2" StartOffset="11576"/>
</LocList>
</BasicBoolTerm>
<LocList>
<Loc EndOffset="11574" SrcFileId="2" StartOffset="11572"/>
</LocList>
</OpTerm>
</RootTerm>
</CondStmnt>
</StmntSeq>
</Branch>
<Branch CovItemId="B30" CovItemPrefix="is2.rubrica.PanelInserimento.java" Implct="true" Intrnl_Id="306">
<Cond/>
<LocList/>
<StmntSeq Intrnl_Id="307">
<LocList/>
</StmntSeq>
</Branch>
<Keyword EndOffset="11412" SrcFileId="2" StartOffset="11410"/>
<LocList>
<Loc EndOffset="11951" SrcFileId="2" StartOffset="11410"/>
</LocList>
<RootTerm CovItemId="C13" CovItemPrefix="is2.rubrica.PanelInserimento.java" Intrnl_Id="308">
<BasicBoolTerm Intrnl_Id="309">
<LocList>
<Loc EndOffset="11437" SrcFileId="2" StartOffset="11413"/>
</LocList>
</BasicBoolTerm>
</RootTerm>
</CondStmnt>
<CondStmnt CovItemId="S177" CovItemPrefix="is2.rubrica.PanelInserimento.java" Intrnl_Id="310">
<Branch CovItemId="B37" CovItemPrefix="is2.rubrica.PanelInserimento.java" Implct="false" Intrnl_Id="311">
<Cond/>
<LocList>
<Loc EndOffset="12003" SrcFileId="2" StartOffset="11981"/>
</LocList>
<StmntSeq Intrnl_Id="312">
<LocList>
<Loc EndOffset="11999" SrcFileId="2" StartOffset="11986"/>
</LocList>
<BasicStmnt CovItemId="S178" CovItemPrefix="is2.rubrica.PanelInserimento.java" Intrnl_Id="313">
<LocList>
<Loc EndOffset="11999" SrcFileId="2" StartOffset="11986"/>
</LocList>
</BasicStmnt>
</StmntSeq>
</Branch>
<Branch CovItemId="B38" CovItemPrefix="is2.rubrica.PanelInserimento.java" Implct="true" Intrnl_Id="314">
<Cond/>
<LocList/>
<StmntSeq Intrnl_Id="315">
<LocList/>
</StmntSeq>
</Branch>
<Keyword EndOffset="11956" SrcFileId="2" StartOffset="11954"/>
<LocList>
<Loc EndOffset="12003" SrcFileId="2" StartOffset="11954"/>
</LocList>
<RootTerm CovItemId="C17" CovItemPrefix="is2.rubrica.PanelInserimento.java" Intrnl_Id="316">
<BasicBoolTerm Intrnl_Id="317">
<LocList>
<Loc EndOffset="11980" SrcFileId="2" StartOffset="11957"/>
</LocList>
</BasicBoolTerm>
</RootTerm>
</CondStmnt>
<CondStmnt CovItemId="S179" CovItemPrefix="is2.rubrica.PanelInserimento.java" Intrnl_Id="318">
<Branch CovItemId="B39" CovItemPrefix="is2.rubrica.PanelInserimento.java" Implct="false" Intrnl_Id="319">
<Cond/>
<LocList>
<Loc EndOffset="12196" SrcFileId="2" StartOffset="12039"/>
</LocList>
<StmntSeq Intrnl_Id="320">
<LocList>
<Loc EndOffset="12070" SrcFileId="2" StartOffset="12044"/>
<Loc EndOffset="12101" SrcFileId="2" StartOffset="12074"/>
<Loc EndOffset="12132" SrcFileId="2" StartOffset="12105"/>
<Loc EndOffset="12161" SrcFileId="2" StartOffset="12136"/>
<Loc EndOffset="12192" SrcFileId="2" StartOffset="12165"/>
</LocList>
<BasicStmnt CovItemId="S180" CovItemPrefix="is2.rubrica.PanelInserimento.java" Intrnl_Id="321">
<LocList>
<Loc EndOffset="12070" SrcFileId="2" StartOffset="12044"/>
</LocList>
</BasicStmnt>
<BasicStmnt CovItemId="S181" CovItemPrefix="is2.rubrica.PanelInserimento.java" Intrnl_Id="322">
<LocList>
<Loc EndOffset="12101" SrcFileId="2" StartOffset="12074"/>
</LocList>
</BasicStmnt>
<BasicStmnt CovItemId="S182" CovItemPrefix="is2.rubrica.PanelInserimento.java" Intrnl_Id="323">
<LocList>
<Loc EndOffset="12132" SrcFileId="2" StartOffset="12105"/>
</LocList>
</BasicStmnt>
<BasicStmnt CovItemId="S183" CovItemPrefix="is2.rubrica.PanelInserimento.java" Intrnl_Id="324">
<LocList>
<Loc EndOffset="12161" SrcFileId="2" StartOffset="12136"/>
</LocList>
</BasicStmnt>
<BasicStmnt CovItemId="S184" CovItemPrefix="is2.rubrica.PanelInserimento.java" Intrnl_Id="325">
<LocList>
<Loc EndOffset="12192" SrcFileId="2" StartOffset="12165"/>
</LocList>
</BasicStmnt>
</StmntSeq>
</Branch>
<Branch CovItemId="B40" CovItemPrefix="is2.rubrica.PanelInserimento.java" Implct="true" Intrnl_Id="326">
<Cond/>
<LocList/>
<StmntSeq Intrnl_Id="327">
<LocList/>
</StmntSeq>
</Branch>
<Keyword EndOffset="12008" SrcFileId="2" StartOffset="12006"/>
<LocList>
<Loc EndOffset="12196" SrcFileId="2" StartOffset="12006"/>
</LocList>
<RootTerm CovItemId="C18" CovItemPrefix="is2.rubrica.PanelInserimento.java" Intrnl_Id="328">
<BasicBoolTerm Intrnl_Id="329">
<LocList>
<Loc EndOffset="12038" SrcFileId="2" StartOffset="12009"/>
</LocList>
</BasicBoolTerm>
</RootTerm>
</CondStmnt>
<CondStmnt CovItemId="S185" CovItemPrefix="is2.rubrica.PanelInserimento.java" Intrnl_Id="330">
<Branch CovItemId="B41" CovItemPrefix="is2.rubrica.PanelInserimento.java" Implct="false" Intrnl_Id="331">
<Cond/>
<LocList>
<Loc EndOffset="13234" SrcFileId="2" StartOffset="12226"/>
</LocList>
<StmntSeq Intrnl_Id="332">
<LocList>
<Loc EndOffset="12241" SrcFileId="2" StartOffset="12231"/>
<Loc EndOffset="12287" SrcFileId="2" StartOffset="12249"/>
<Loc EndOffset="12327" SrcFileId="2" StartOffset="12295"/>
<Loc EndOffset="13230" SrcFileId="2" StartOffset="12331"/>
</LocList>
<BasicStmnt CovItemId="S186" CovItemPrefix="is2.rubrica.PanelInserimento.java" Intrnl_Id="333">
<LocList>
<Loc EndOffset="12241" SrcFileId="2" StartOffset="12231"/>
</LocList>
</BasicStmnt>
<CondStmnt CovItemId="S187" CovItemPrefix="is2.rubrica.PanelInserimento.java" Intrnl_Id="334">
<Branch CovItemId="B43" CovItemPrefix="is2.rubrica.PanelInserimento.java" Implct="false" Intrnl_Id="335">
<Cond/>
<LocList>
<Loc EndOffset="12287" SrcFileId="2" StartOffset="12276"/>
</LocList>
<StmntSeq Intrnl_Id="336">
<LocList>
<Loc EndOffset="12287" SrcFileId="2" StartOffset="12276"/>
</LocList>
<BasicStmnt CovItemId="S188" CovItemPrefix="is2.rubrica.PanelInserimento.java" Intrnl_Id="337">
<LocList>
<Loc EndOffset="12287" SrcFileId="2" StartOffset="12276"/>
</LocList>
</BasicStmnt>
</StmntSeq>
</Branch>
<Branch CovItemId="B44" CovItemPrefix="is2.rubrica.PanelInserimento.java" Implct="true" Intrnl_Id="338">
<Cond/>
<LocList/>
<StmntSeq Intrnl_Id="339">
<LocList/>
</StmntSeq>
</Branch>
<Keyword EndOffset="12251" SrcFileId="2" StartOffset="12249"/>
<LocList>
<Loc EndOffset="12287" SrcFileId="2" StartOffset="12249"/>
</LocList>
<RootTerm CovItemId="C20" CovItemPrefix="is2.rubrica.PanelInserimento.java" Intrnl_Id="340">
<BasicBoolTerm Intrnl_Id="341">
<LocList>
<Loc EndOffset="12270" SrcFileId="2" StartOffset="12252"/>
</LocList>
</BasicBoolTerm>
</RootTerm>
</CondStmnt>
<BasicStmnt CovItemId="S189" CovItemPrefix="is2.rubrica.PanelInserimento.java" Intrnl_Id="342">
<LocList>
<Loc EndOffset="12327" SrcFileId="2" StartOffset="12295"/>
</LocList>
</BasicStmnt>
<CondStmnt CovItemId="S190" CovItemPrefix="is2.rubrica.PanelInserimento.java" Intrnl_Id="343">
<Branch CovItemId="B45" CovItemPrefix="is2.rubrica.PanelInserimento.java" Implct="false" Intrnl_Id="344">
<Cond/>
<LocList>
<Loc EndOffset="12989" SrcFileId="2" StartOffset="12376"/>
</LocList>
<StmntSeq Intrnl_Id="345">
<LocList>
<Loc EndOffset="12420" SrcFileId="2" StartOffset="12382"/>
<Loc EndOffset="12437" SrcFileId="2" StartOffset="12425"/>
<Loc EndOffset="12580" SrcFileId="2" StartOffset="12567"/>
<Loc EndOffset="12611" SrcFileId="2" StartOffset="12585"/>
<Loc EndOffset="12649" SrcFileId="2" StartOffset="12616"/>
<Loc EndOffset="12663" SrcFileId="2" StartOffset="12654"/>
<Loc EndOffset="12876" SrcFileId="2" StartOffset="12668"/>
<Loc EndOffset="12919" SrcFileId="2" StartOffset="12881"/>
<Loc EndOffset="12950" SrcFileId="2" StartOffset="12924"/>
<Loc EndOffset="12984" SrcFileId="2" StartOffset="12955"/>
</LocList>
<BasicStmnt CovItemId="S191" CovItemPrefix="is2.rubrica.PanelInserimento.java" Intrnl_Id="346">
<LocList>
<Loc EndOffset="12420" SrcFileId="2" StartOffset="12382"/>
</LocList>
</BasicStmnt>
<BasicStmnt CovItemId="S192" CovItemPrefix="is2.rubrica.PanelInserimento.java" Intrnl_Id="347">
<LocList>
<Loc EndOffset="12437" SrcFileId="2" StartOffset="12425"/>
</LocList>
</BasicStmnt>
<BasicStmnt CovItemId="S193" CovItemPrefix="is2.rubrica.PanelInserimento.java" Intrnl_Id="348">
<LocList>
<Loc EndOffset="12580" SrcFileId="2" StartOffset="12567"/>
</LocList>
</BasicStmnt>
<BasicStmnt CovItemId="S194" CovItemPrefix="is2.rubrica.PanelInserimento.java" Intrnl_Id="349">
<LocList>
<Loc EndOffset="12611" SrcFileId="2" StartOffset="12585"/>
</LocList>
</BasicStmnt>
<BasicStmnt CovItemId="S195" CovItemPrefix="is2.rubrica.PanelInserimento.java" Intrnl_Id="350">
<LocList>
<Loc EndOffset="12649" SrcFileId="2" StartOffset="12616"/>
</LocList>
</BasicStmnt>
<BasicStmnt CovItemId="S196" CovItemPrefix="is2.rubrica.PanelInserimento.java" Intrnl_Id="351">
<LocList>
<Loc EndOffset="12663" SrcFileId="2" StartOffset="12654"/>
</LocList>
</BasicStmnt>
<CondStmnt CovItemId="S197" CovItemPrefix="is2.rubrica.PanelInserimento.java" Intrnl_Id="352">
<Branch CovItemId="B47" CovItemPrefix="is2.rubrica.PanelInserimento.java" Implct="false" Intrnl_Id="353">
<Cond/>
<LocList>
<Loc EndOffset="12817" SrcFileId="2" StartOffset="12689"/>
</LocList>
<StmntSeq Intrnl_Id="354">
<LocList>
<Loc EndOffset="12811" SrcFileId="2" StartOffset="12696"/>
</LocList>
<LoopStmnt CovItemId="S198" CovItemPrefix="is2.rubrica.PanelInserimento.java" Intrnl_Id="355" MltplExecId="L1-2" MltplExecPrefix="is2.rubrica.PanelInserimento.java" NvrExecId="L1-0" NvrExecPrefix="is2.rubrica.PanelInserimento.java" OnceExecutedId="L1-1" OnceExecutedPrefix="is2.rubrica.PanelInserimento.java" OptBodyExec="false">
<StmntSeq Intrnl_Id="356">
<LocList>
<Loc EndOffset="12758" SrcFileId="2" StartOffset="12707"/>
<Loc EndOffset="12774" SrcFileId="2" StartOffset="12765"/>
</LocList>
<BasicStmnt CovItemId="S199" CovItemPrefix="is2.rubrica.PanelInserimento.java" Intrnl_Id="357">
<LocList>
<Loc EndOffset="12758" SrcFileId="2" StartOffset="12707"/>
</LocList>
</BasicStmnt>
<BasicStmnt CovItemId="S200" CovItemPrefix="is2.rubrica.PanelInserimento.java" Intrnl_Id="358">
<LocList>
<Loc EndOffset="12774" SrcFileId="2" StartOffset="12765"/>
</LocList>
</BasicStmnt>
</StmntSeq>
<Keyword EndOffset="12698" SrcFileId="2" StartOffset="12696"/>
<LocList>
<Loc EndOffset="12811" SrcFileId="2" StartOffset="12696"/>
</LocList>
<RootTerm CovItemId="C23" CovItemPrefix="is2.rubrica.PanelInserimento.java" Intrnl_Id="359">
<BasicBoolTerm Intrnl_Id="360">
<LocList>
<Loc EndOffset="12809" SrcFileId="2" StartOffset="12788"/>
</LocList>
</BasicBoolTerm>
</RootTerm>
</LoopStmnt>
</StmntSeq>
</Branch>
<Branch CovItemId="B48" CovItemPrefix="is2.rubrica.PanelInserimento.java" Implct="false" Intrnl_Id="361">
<Cond>
<Loc EndOffset="12821" SrcFileId="2" StartOffset="12817"/>
</Cond>
<LocList>
<Loc EndOffset="12876" SrcFileId="2" StartOffset="12821"/>
</LocList>
<StmntSeq Intrnl_Id="362">
<LocList>
<Loc EndOffset="12870" SrcFileId="2" StartOffset="12828"/>
</LocList>
<BasicStmnt CovItemId="S201" CovItemPrefix="is2.rubrica.PanelInserimento.java" Intrnl_Id="363">
<LocList>
<Loc EndOffset="12870" SrcFileId="2" StartOffset="12828"/>
</LocList>
</BasicStmnt>
</StmntSeq>
</Branch>
<Keyword EndOffset="12670" SrcFileId="2" StartOffset="12668"/>
<LocList>
<Loc EndOffset="12876" SrcFileId="2" StartOffset="12668"/>
</LocList>
<RootTerm CovItemId="C22" CovItemPrefix="is2.rubrica.PanelInserimento.java" Intrnl_Id="364">
<BasicBoolTerm Intrnl_Id="365">
<LocList>
<Loc EndOffset="12687" SrcFileId="2" StartOffset="12671"/>
</LocList>
</BasicBoolTerm>
</RootTerm>
</CondStmnt>
<BasicStmnt CovItemId="S202" CovItemPrefix="is2.rubrica.PanelInserimento.java" Intrnl_Id="366">
<LocList>
<Loc EndOffset="12919" SrcFileId="2" StartOffset="12881"/>
</LocList>
</BasicStmnt>
<BasicStmnt CovItemId="S203" CovItemPrefix="is2.rubrica.PanelInserimento.java" Intrnl_Id="367">
<LocList>
<Loc EndOffset="12950" SrcFileId="2" StartOffset="12924"/>
</LocList>
</BasicStmnt>
<BasicStmnt CovItemId="S204" CovItemPrefix="is2.rubrica.PanelInserimento.java" Intrnl_Id="368">
<LocList>
<Loc EndOffset="12984" SrcFileId="2" StartOffset="12955"/>
</LocList>
</BasicStmnt>
</StmntSeq>
</Branch>
<Branch CovItemId="B46" CovItemPrefix="is2.rubrica.PanelInserimento.java" Implct="false" Intrnl_Id="369">
<Cond>
<Loc EndOffset="12993" SrcFileId="2" StartOffset="12989"/>
</Cond>
<LocList>
<Loc EndOffset="13230" SrcFileId="2" StartOffset="12993"/>
</LocList>
<StmntSeq Intrnl_Id="370">
<LocList>
<Loc EndOffset="13026" SrcFileId="2" StartOffset="12999"/>
<Loc EndOffset="13225" SrcFileId="2" StartOffset="13031"/>
</LocList>
<BasicStmnt CovItemId="S205" CovItemPrefix="is2.rubrica.PanelInserimento.java" Intrnl_Id="371">
<LocList>
<Loc EndOffset="13026" SrcFileId="2" StartOffset="12999"/>
</LocList>
</BasicStmnt>
<CondStmnt CovItemId="S206" CovItemPrefix="is2.rubrica.PanelInserimento.java" Intrnl_Id="372">
<Branch CovItemId="B49" CovItemPrefix="is2.rubrica.PanelInserimento.java" Implct="false" Intrnl_Id="373">
<Cond/>
<LocList>
<Loc EndOffset="13132" SrcFileId="2" StartOffset="13052"/>
</LocList>
<StmntSeq Intrnl_Id="374">
<LocList>
<Loc EndOffset="13132" SrcFileId="2" StartOffset="13052"/>
</LocList>
<BasicStmnt CovItemId="S207" CovItemPrefix="is2.rubrica.PanelInserimento.java" Intrnl_Id="375">
<LocList>
<Loc EndOffset="13132" SrcFileId="2" StartOffset="13052"/>
</LocList>
</BasicStmnt>
</StmntSeq>
</Branch>
<Branch CovItemId="B50" CovItemPrefix="is2.rubrica.PanelInserimento.java" Implct="false" Intrnl_Id="376">
<Cond>
<Loc EndOffset="13141" SrcFileId="2" StartOffset="13137"/>
</Cond>
<LocList>
<Loc EndOffset="13225" SrcFileId="2" StartOffset="13147"/>
</LocList>
<StmntSeq Intrnl_Id="377">
<LocList>
<Loc EndOffset="13225" SrcFileId="2" StartOffset="13147"/>
</LocList>
<BasicStmnt CovItemId="S208" CovItemPrefix="is2.rubrica.PanelInserimento.java" Intrnl_Id="378">
<LocList>
<Loc EndOffset="13225" SrcFileId="2" StartOffset="13147"/>
</LocList>
</BasicStmnt>
</StmntSeq>
</Branch>
<Keyword EndOffset="13033" SrcFileId="2" StartOffset="13031"/>
<LocList>
<Loc EndOffset="13225" SrcFileId="2" StartOffset="13031"/>
</LocList>
<RootTerm CovItemId="C24" CovItemPrefix="is2.rubrica.PanelInserimento.java" Intrnl_Id="379">
<BasicBoolTerm Intrnl_Id="380">
<LocList>
<Loc EndOffset="13045" SrcFileId="2" StartOffset="13034"/>
</LocList>
</BasicBoolTerm>
</RootTerm>
</CondStmnt>
</StmntSeq>
</Branch>
<Keyword EndOffset="12333" SrcFileId="2" StartOffset="12331"/>
<LocList>
<Loc EndOffset="13230" SrcFileId="2" StartOffset="12331"/>
</LocList>
<RootTerm CovItemId="C21" CovItemPrefix="is2.rubrica.PanelInserimento.java" Intrnl_Id="381">
<OpTerm BooleanOpId="4" Intrnl_Id="382">
<BasicBoolTerm Intrnl_Id="383">
<LocList>
<Loc EndOffset="12358" SrcFileId="2" StartOffset="12336"/>
</LocList>
</BasicBoolTerm>
<BasicBoolTerm Intrnl_Id="384">
<LocList>
<Loc EndOffset="12374" SrcFileId="2" StartOffset="12364"/>
</LocList>
</BasicBoolTerm>
<LocList>
<Loc EndOffset="12362" SrcFileId="2" StartOffset="12360"/>
</LocList>
</OpTerm>
</RootTerm>
</CondStmnt>
</StmntSeq>
</Branch>
<Branch CovItemId="B42" CovItemPrefix="is2.rubrica.PanelInserimento.java" Implct="true" Intrnl_Id="385">
<Cond/>
<LocList/>
<StmntSeq Intrnl_Id="386">
<LocList/>
</StmntSeq>
</Branch>
<Keyword EndOffset="12201" SrcFileId="2" StartOffset="12199"/>
<LocList>
<Loc EndOffset="13234" SrcFileId="2" StartOffset="12199"/>
</LocList>
<RootTerm CovItemId="C19" CovItemPrefix="is2.rubrica.PanelInserimento.java" Intrnl_Id="387">
<BasicBoolTerm Intrnl_Id="388">
<LocList>
<Loc EndOffset="12225" SrcFileId="2" StartOffset="12202"/>
</LocList>
</BasicBoolTerm>
</RootTerm>
</CondStmnt>
<CondStmnt CovItemId="S209" CovItemPrefix="is2.rubrica.PanelInserimento.java" Intrnl_Id="389">
<Branch CovItemId="B51" CovItemPrefix="is2.rubrica.PanelInserimento.java" Implct="false" Intrnl_Id="390">
<Cond/>
<LocList>
<Loc EndOffset="13287" SrcFileId="2" StartOffset="13263"/>
</LocList>
<StmntSeq Intrnl_Id="391">
<LocList>
<Loc EndOffset="13283" SrcFileId="2" StartOffset="13268"/>
</LocList>
<BasicStmnt CovItemId="S210" CovItemPrefix="is2.rubrica.PanelInserimento.java" Intrnl_Id="392">
<LocList>
<Loc EndOffset="13283" SrcFileId="2" StartOffset="13268"/>
</LocList>
</BasicStmnt>
</StmntSeq>
</Branch>
<Branch CovItemId="B52" CovItemPrefix="is2.rubrica.PanelInserimento.java" Implct="true" Intrnl_Id="393">
<Cond/>
<LocList/>
<StmntSeq Intrnl_Id="394">
<LocList/>
</StmntSeq>
</Branch>
<Keyword EndOffset="13239" SrcFileId="2" StartOffset="13237"/>
<LocList>
<Loc EndOffset="13287" SrcFileId="2" StartOffset="13237"/>
</LocList>
<RootTerm CovItemId="C25" CovItemPrefix="is2.rubrica.PanelInserimento.java" Intrnl_Id="395">
<BasicBoolTerm Intrnl_Id="396">
<LocList>
<Loc EndOffset="13262" SrcFileId="2" StartOffset="13240"/>
</LocList>
</BasicBoolTerm>
</RootTerm>
</CondStmnt>
<CondStmnt CovItemId="S211" CovItemPrefix="is2.rubrica.PanelInserimento.java" Intrnl_Id="397">
<Branch CovItemId="B53" CovItemPrefix="is2.rubrica.PanelInserimento.java" Implct="false" Intrnl_Id="398">
<Cond/>
<LocList>
<Loc EndOffset="13389" SrcFileId="2" StartOffset="13324"/>
</LocList>
<StmntSeq Intrnl_Id="399">
<LocList>
<Loc EndOffset="13355" SrcFileId="2" StartOffset="13329"/>
<Loc EndOffset="13385" SrcFileId="2" StartOffset="13359"/>
</LocList>
<BasicStmnt CovItemId="S212" CovItemPrefix="is2.rubrica.PanelInserimento.java" Intrnl_Id="400">
<LocList>
<Loc EndOffset="13355" SrcFileId="2" StartOffset="13329"/>
</LocList>
</BasicStmnt>
<BasicStmnt CovItemId="S213" CovItemPrefix="is2.rubrica.PanelInserimento.java" Intrnl_Id="401">
<LocList>
<Loc EndOffset="13385" SrcFileId="2" StartOffset="13359"/>
</LocList>
</BasicStmnt>
</StmntSeq>
</Branch>
<Branch CovItemId="B54" CovItemPrefix="is2.rubrica.PanelInserimento.java" Implct="true" Intrnl_Id="402">
<Cond/>
<LocList/>
<StmntSeq Intrnl_Id="403">
<LocList/>
</StmntSeq>
</Branch>
<Keyword EndOffset="13292" SrcFileId="2" StartOffset="13290"/>
<LocList>
<Loc EndOffset="13389" SrcFileId="2" StartOffset="13290"/>
</LocList>
<RootTerm CovItemId="C26" CovItemPrefix="is2.rubrica.PanelInserimento.java" Intrnl_Id="404">
<BasicBoolTerm Intrnl_Id="405">
<LocList>
<Loc EndOffset="13323" SrcFileId="2" StartOffset="13293"/>
</LocList>
</BasicBoolTerm>
</RootTerm>
</CondStmnt>
<CondStmnt CovItemId="S214" CovItemPrefix="is2.rubrica.PanelInserimento.java" Intrnl_Id="406">
<Branch CovItemId="B55" CovItemPrefix="is2.rubrica.PanelInserimento.java" Implct="false" Intrnl_Id="407">
<Cond/>
<LocList>
<Loc EndOffset="13498" SrcFileId="2" StartOffset="13433"/>
</LocList>
<StmntSeq Intrnl_Id="408">
<LocList>
<Loc EndOffset="13464" SrcFileId="2" StartOffset="13438"/>
<Loc EndOffset="13494" SrcFileId="2" StartOffset="13468"/>
</LocList>
<BasicStmnt CovItemId="S215" CovItemPrefix="is2.rubrica.PanelInserimento.java" Intrnl_Id="409">
<LocList>
<Loc EndOffset="13464" SrcFileId="2" StartOffset="13438"/>
</LocList>
</BasicStmnt>
<BasicStmnt CovItemId="S216" CovItemPrefix="is2.rubrica.PanelInserimento.java" Intrnl_Id="410">
<LocList>
<Loc EndOffset="13494" SrcFileId="2" StartOffset="13468"/>
</LocList>
</BasicStmnt>
</StmntSeq>
</Branch>
<Branch CovItemId="B56" CovItemPrefix="is2.rubrica.PanelInserimento.java" Implct="true" Intrnl_Id="411">
<Cond/>
<LocList/>
<StmntSeq Intrnl_Id="412">
<LocList/>
</StmntSeq>
</Branch>
<Keyword EndOffset="13394" SrcFileId="2" StartOffset="13392"/>
<LocList>
<Loc EndOffset="13498" SrcFileId="2" StartOffset="13392"/>
</LocList>
<RootTerm CovItemId="C27" CovItemPrefix="is2.rubrica.PanelInserimento.java" Intrnl_Id="413">
<BasicBoolTerm Intrnl_Id="414">
<LocList>
<Loc EndOffset="13432" SrcFileId="2" StartOffset="13395"/>
</LocList>
</BasicBoolTerm>
</RootTerm>
</CondStmnt>
<CondStmnt CovItemId="S217" CovItemPrefix="is2.rubrica.PanelInserimento.java" Intrnl_Id="415">
<Branch CovItemId="B57" CovItemPrefix="is2.rubrica.PanelInserimento.java" Implct="false" Intrnl_Id="416">
<Cond/>
<LocList>
<Loc EndOffset="13602" SrcFileId="2" StartOffset="13538"/>
</LocList>
<StmntSeq Intrnl_Id="417">
<LocList>
<Loc EndOffset="13569" SrcFileId="2" StartOffset="13543"/>
<Loc EndOffset="13598" SrcFileId="2" StartOffset="13573"/>
</LocList>
<BasicStmnt CovItemId="S218" CovItemPrefix="is2.rubrica.PanelInserimento.java" Intrnl_Id="418">
<LocList>
<Loc EndOffset="13569" SrcFileId="2" StartOffset="13543"/>
</LocList>
</BasicStmnt>
<BasicStmnt CovItemId="S219" CovItemPrefix="is2.rubrica.PanelInserimento.java" Intrnl_Id="419">
<LocList>
<Loc EndOffset="13598" SrcFileId="2" StartOffset="13573"/>
</LocList>
</BasicStmnt>
</StmntSeq>
</Branch>
<Branch CovItemId="B58" CovItemPrefix="is2.rubrica.PanelInserimento.java" Implct="true" Intrnl_Id="420">
<Cond/>
<LocList/>
<StmntSeq Intrnl_Id="421">
<LocList/>
</StmntSeq>
</Branch>
<Keyword EndOffset="13503" SrcFileId="2" StartOffset="13501"/>
<LocList>
<Loc EndOffset="13602" SrcFileId="2" StartOffset="13501"/>
</LocList>
<RootTerm CovItemId="C28" CovItemPrefix="is2.rubrica.PanelInserimento.java" Intrnl_Id="422">
<BasicBoolTerm Intrnl_Id="423">
<LocList>
<Loc EndOffset="13536" SrcFileId="2" StartOffset="13504"/>
</LocList>
</BasicBoolTerm>
</RootTerm>
</CondStmnt>
</StmntSeq>
</HierarchyLvl>
<HierarchyLvl HierarchyLvlId="799" HierarchyLvlTypeId="8" Intrnl_Id="424" Name="letturaFile">
<Header>
<Loc EndOffset="13644" SrcFileId="2" StartOffset="13611"/>
</Header>
<LocList>
<Loc EndOffset="14299" SrcFileId="2" StartOffset="13611"/>
</LocList>
<StmntSeq Intrnl_Id="425">
<LocList>
<Loc EndOffset="13662" SrcFileId="2" StartOffset="13651"/>
<Loc EndOffset="13683" SrcFileId="2" StartOffset="13667"/>
<Loc EndOffset="13742" SrcFileId="2" StartOffset="13704"/>
<Loc EndOffset="13794" SrcFileId="2" StartOffset="13748"/>
<Loc EndOffset="13884" SrcFileId="2" StartOffset="13806"/>
<Loc EndOffset="13934" SrcFileId="2" StartOffset="13896"/>
<Loc EndOffset="13981" SrcFileId="2" StartOffset="13940"/>
<Loc EndOffset="14086" SrcFileId="2" StartOffset="13993"/>
<Loc EndOffset="14296" SrcFileId="2" StartOffset="13693"/>
</LocList>
<BasicStmnt CovItemId="S220" CovItemPrefix="is2.rubrica.PanelInserimento.java" Intrnl_Id="426">
<LocList>
<Loc EndOffset="13662" SrcFileId="2" StartOffset="13651"/>
</LocList>
</BasicStmnt>
<BasicStmnt CovItemId="S221" CovItemPrefix="is2.rubrica.PanelInserimento.java" Intrnl_Id="427">
<LocList>
<Loc EndOffset="13683" SrcFileId="2" StartOffset="13667"/>
</LocList>
</BasicStmnt>
<BasicStmnt CovItemId="S223" CovItemPrefix="is2.rubrica.PanelInserimento.java" Intrnl_Id="428">
<LocList>
<Loc EndOffset="13742" SrcFileId="2" StartOffset="13704"/>
</LocList>
</BasicStmnt>
<BasicStmnt CovItemId="S224" CovItemPrefix="is2.rubrica.PanelInserimento.java" Intrnl_Id="429">
<LocList>
<Loc EndOffset="13794" SrcFileId="2" StartOffset="13748"/>
</LocList>
</BasicStmnt>
<LoopStmnt CovItemId="S225" CovItemPrefix="is2.rubrica.PanelInserimento.java" Intrnl_Id="430" MltplExecId="L2-2" MltplExecPrefix="is2.rubrica.PanelInserimento.java" NvrExecId="L2-0" NvrExecPrefix="is2.rubrica.PanelInserimento.java" OnceExecutedId="L2-1" OnceExecutedPrefix="is2.rubrica.PanelInserimento.java" OptBodyExec="true">
<StmntSeq Intrnl_Id="431">
<LocList>
<Loc EndOffset="13884" SrcFileId="2" StartOffset="13868"/>
</LocList>
<BasicStmnt CovItemId="S226" CovItemPrefix="is2.rubrica.PanelInserimento.java" Intrnl_Id="432">
<LocList>
<Loc EndOffset="13884" SrcFileId="2" StartOffset="13868"/>
</LocList>
</BasicStmnt>
</StmntSeq>
<Keyword EndOffset="13811" SrcFileId="2" StartOffset="13806"/>
<LocList>
<Loc EndOffset="13884" SrcFileId="2" StartOffset="13806"/>
</LocList>
</LoopStmnt>
<BasicStmnt CovItemId="S227" CovItemPrefix="is2.rubrica.PanelInserimento.java" Intrnl_Id="433">
<LocList>
<Loc EndOffset="13934" SrcFileId="2" StartOffset="13896"/>
</LocList>
</BasicStmnt>
<BasicStmnt CovItemId="S228" CovItemPrefix="is2.rubrica.PanelInserimento.java" Intrnl_Id="434">
<LocList>
<Loc EndOffset="13981" SrcFileId="2" StartOffset="13940"/>
</LocList>
</BasicStmnt>
<LoopStmnt CovItemId="S229" CovItemPrefix="is2.rubrica.PanelInserimento.java" Intrnl_Id="435" MltplExecId="L3-2" MltplExecPrefix="is2.rubrica.PanelInserimento.java" NvrExecId="L3-0" NvrExecPrefix="is2.rubrica.PanelInserimento.java" OnceExecutedId="L3-1" OnceExecutedPrefix="is2.rubrica.PanelInserimento.java" OptBodyExec="true">
<StmntSeq Intrnl_Id="436">
<LocList>
<Loc EndOffset="14035" SrcFileId="2" StartOffset="14028"/>
<Loc EndOffset="14079" SrcFileId="2" StartOffset="14042"/>
</LocList>
<BasicStmnt CovItemId="S230" CovItemPrefix="is2.rubrica.PanelInserimento.java" Intrnl_Id="437">
<LocList>
<Loc EndOffset="14035" SrcFileId="2" StartOffset="14028"/>
</LocList>
</BasicStmnt>
<BasicStmnt CovItemId="S231" CovItemPrefix="is2.rubrica.PanelInserimento.java" Intrnl_Id="438">
<LocList>
<Loc EndOffset="14079" SrcFileId="2" StartOffset="14042"/>
</LocList>
</BasicStmnt>
</StmntSeq>
<Keyword EndOffset="13998" SrcFileId="2" StartOffset="13993"/>
<LocList>
<Loc EndOffset="14086" SrcFileId="2" StartOffset="13993"/>
</LocList>
<RootTerm CovItemId="C30" CovItemPrefix="is2.rubrica.PanelInserimento.java" Intrnl_Id="439">
<BasicBoolTerm Intrnl_Id="440">
<LocList>
<Loc EndOffset="14017" SrcFileId="2" StartOffset="14000"/>
</LocList>
</BasicBoolTerm>
</RootTerm>
</LoopStmnt>
<CondStmnt CovItemId="S222" CovItemPrefix="is2.rubrica.PanelInserimento.java" Intrnl_Id="441">
<Branch CovItemId="B59" CovItemPrefix="is2.rubrica.PanelInserimento.java" Implct="true" Intrnl_Id="442">
<Cond/>
<LocList/>
<StmntSeq Intrnl_Id="443">
<LocList/>
</StmntSeq>
</Branch>
<Branch CovItemId="B60" CovItemPrefix="is2.rubrica.PanelInserimento.java" Implct="false" Intrnl_Id="444">
<Cond>
<Loc EndOffset="14128" SrcFileId="2" StartOffset="14097"/>
</Cond>
<LocList>
<Loc EndOffset="14209" SrcFileId="2" StartOffset="14129"/>
</LocList>
<StmntSeq Intrnl_Id="445">
<LocList>
<Loc EndOffset="14203" SrcFileId="2" StartOffset="14136"/>
</LocList>
<BasicStmnt CovItemId="S232" CovItemPrefix="is2.rubrica.PanelInserimento.java" Intrnl_Id="446">
<LocList>
<Loc EndOffset="14203" SrcFileId="2" StartOffset="14136"/>
</LocList>
</BasicStmnt>
</StmntSeq>
</Branch>
<Branch CovItemId="B61" CovItemPrefix="is2.rubrica.PanelInserimento.java" Implct="false" Intrnl_Id="447">
<Cond>
<Loc EndOffset="14235" SrcFileId="2" StartOffset="14214"/>
</Cond>
<LocList>
<Loc EndOffset="14296" SrcFileId="2" StartOffset="14236"/>
</LocList>
<StmntSeq Intrnl_Id="448">
<LocList>
<Loc EndOffset="14290" SrcFileId="2" StartOffset="14243"/>
</LocList>
<BasicStmnt CovItemId="S233" CovItemPrefix="is2.rubrica.PanelInserimento.java" Intrnl_Id="449">
<LocList>
<Loc EndOffset="14290" SrcFileId="2" StartOffset="14243"/>
</LocList>
</BasicStmnt>
</StmntSeq>
</Branch>
<Keyword EndOffset="13696" SrcFileId="2" StartOffset="13693"/>
<LocList>
<Loc EndOffset="14296" SrcFileId="2" StartOffset="13693"/>
</LocList>
</CondStmnt>
</StmntSeq>
</HierarchyLvl>
<HierarchyLvl HierarchyLvlId="800" HierarchyLvlTypeId="8" Intrnl_Id="450" Name="cerca">
<Header>
<Loc EndOffset="14351" SrcFileId="2" StartOffset="14303"/>
</Header>
<LocList>
<Loc EndOffset="15158" SrcFileId="2" StartOffset="14303"/>
</LocList>
<StmntSeq Intrnl_Id="451">
<LocList>
<Loc EndOffset="14365" SrcFileId="2" StartOffset="14356"/>
<Loc EndOffset="14417" SrcFileId="2" StartOffset="14379"/>
<Loc EndOffset="14466" SrcFileId="2" StartOffset="14421"/>
<Loc EndOffset="14554" SrcFileId="2" StartOffset="14474"/>
<Loc EndOffset="14600" SrcFileId="2" StartOffset="14562"/>
<Loc EndOffset="14650" SrcFileId="2" StartOffset="14604"/>
<Loc EndOffset="14665" SrcFileId="2" StartOffset="14654"/>
<Loc EndOffset="14979" SrcFileId="2" StartOffset="14669"/>
<Loc EndOffset="15155" SrcFileId="2" StartOffset="14371"/>
</LocList>
<BasicStmnt CovItemId="S234" CovItemPrefix="is2.rubrica.PanelInserimento.java" Intrnl_Id="452">
<LocList>
<Loc EndOffset="14365" SrcFileId="2" StartOffset="14356"/>
</LocList>
</BasicStmnt>
<BasicStmnt CovItemId="S236" CovItemPrefix="is2.rubrica.PanelInserimento.java" Intrnl_Id="453">
<LocList>
<Loc EndOffset="14417" SrcFileId="2" StartOffset="14379"/>
</LocList>
</BasicStmnt>
<BasicStmnt CovItemId="S237" CovItemPrefix="is2.rubrica.PanelInserimento.java" Intrnl_Id="454">
<LocList>
<Loc EndOffset="14466" SrcFileId="2" StartOffset="14421"/>
</LocList>
</BasicStmnt>
<LoopStmnt CovItemId="S238" CovItemPrefix="is2.rubrica.PanelInserimento.java" Intrnl_Id="455" MltplExecId="L4-2" MltplExecPrefix="is2.rubrica.PanelInserimento.java" NvrExecId="L4-0" NvrExecPrefix="is2.rubrica.PanelInserimento.java" OnceExecutedId="L4-1" OnceExecutedPrefix="is2.rubrica.PanelInserimento.java" OptBodyExec="true">
<StmntSeq Intrnl_Id="456">
<LocList>
<Loc EndOffset="14549" SrcFileId="2" StartOffset="14536"/>
</LocList>
<BasicStmnt CovItemId="S239" CovItemPrefix="is2.rubrica.PanelInserimento.java" Intrnl_Id="457">
<LocList>
<Loc EndOffset="14549" SrcFileId="2" StartOffset="14536"/>
</LocList>
</BasicStmnt>
</StmntSeq>
<Keyword EndOffset="14479" SrcFileId="2" StartOffset="14474"/>
<LocList>
<Loc EndOffset="14554" SrcFileId="2" StartOffset="14474"/>
</LocList>
</LoopStmnt>
<BasicStmnt CovItemId="S240" CovItemPrefix="is2.rubrica.PanelInserimento.java" Intrnl_Id="458">
<LocList>
<Loc EndOffset="14600" SrcFileId="2" StartOffset="14562"/>
</LocList>
</BasicStmnt>
<BasicStmnt CovItemId="S241" CovItemPrefix="is2.rubrica.PanelInserimento.java" Intrnl_Id="459">
<LocList>
<Loc EndOffset="14650" SrcFileId="2" StartOffset="14604"/>
</LocList>
</BasicStmnt>
<BasicStmnt CovItemId="S242" CovItemPrefix="is2.rubrica.PanelInserimento.java" Intrnl_Id="460">
<LocList>
<Loc EndOffset="14665" SrcFileId="2" StartOffset="14654"/>
</LocList>
</BasicStmnt>
<LoopStmnt CovItemId="S243" CovItemPrefix="is2.rubrica.PanelInserimento.java" Intrnl_Id="461" MltplExecId="L5-2" MltplExecPrefix="is2.rubrica.PanelInserimento.java" NvrExecId="L5-0" NvrExecPrefix="is2.rubrica.PanelInserimento.java" OnceExecutedId="L5-1" OnceExecutedPrefix="is2.rubrica.PanelInserimento.java" OptBodyExec="false">
<StmntSeq Intrnl_Id="462">
<LocList>
<Loc EndOffset="14924" SrcFileId="2" StartOffset="14678"/>
<Loc EndOffset="14940" SrcFileId="2" StartOffset="14929"/>
</LocList>
<LoopStmnt CovItemId="S244" CovItemPrefix="is2.rubrica.PanelInserimento.java" Intrnl_Id="463" MltplExecId="L6-2" MltplExecPrefix="is2.rubrica.PanelInserimento.java" NvrExecId="L6-0" NvrExecPrefix="is2.rubrica.PanelInserimento.java" OnceExecutedId="L6-1" OnceExecutedPrefix="is2.rubrica.PanelInserimento.java" OptBodyExec="true">
<StmntSeq Intrnl_Id="464">
<LocList>
<Loc EndOffset="14729" SrcFileId="2" StartOffset="14717"/>
<Loc EndOffset="14772" SrcFileId="2" StartOffset="14735"/>
<Loc EndOffset="14918" SrcFileId="2" StartOffset="14778"/>
</LocList>
<BasicStmnt CovItemId="S245" CovItemPrefix="is2.rubrica.PanelInserimento.java" Intrnl_Id="465">
<LocList>
<Loc EndOffset="14729" SrcFileId="2" StartOffset="14717"/>
</LocList>
</BasicStmnt>
<BasicStmnt CovItemId="S246" CovItemPrefix="is2.rubrica.PanelInserimento.java" Intrnl_Id="466">
<LocList>
<Loc EndOffset="14772" SrcFileId="2" StartOffset="14735"/>
</LocList>
</BasicStmnt>
<CondStmnt CovItemId="S247" CovItemPrefix="is2.rubrica.PanelInserimento.java" Intrnl_Id="467">
<Branch CovItemId="B63" CovItemPrefix="is2.rubrica.PanelInserimento.java" Implct="false" Intrnl_Id="468">
<Cond/>
<LocList>
<Loc EndOffset="14918" SrcFileId="2" StartOffset="14802"/>
</LocList>
<StmntSeq Intrnl_Id="469">
<LocList>
<Loc EndOffset="14911" SrcFileId="2" StartOffset="14810"/>
</LocList>
<CondStmnt CovItemId="S248" CovItemPrefix="is2.rubrica.PanelInserimento.java" Intrnl_Id="470">
<Branch CovItemId="B65" CovItemPrefix="is2.rubrica.PanelInserimento.java" Implct="false" Intrnl_Id="471">
<Cond/>
<LocList>
<Loc EndOffset="14911" SrcFileId="2" StartOffset="14847"/>
</LocList>
<StmntSeq Intrnl_Id="472">
<LocList>
<Loc EndOffset="14886" SrcFileId="2" StartOffset="14856"/>
<Loc EndOffset="14903" SrcFileId="2" StartOffset="14894"/>
</LocList>
<BasicStmnt CovItemId="S249" CovItemPrefix="is2.rubrica.PanelInserimento.java" Intrnl_Id="473">
<LocList>
<Loc EndOffset="14886" SrcFileId="2" StartOffset="14856"/>
</LocList>
</BasicStmnt>
<BasicStmnt CovItemId="S250" CovItemPrefix="is2.rubrica.PanelInserimento.java" Intrnl_Id="474">
<LocList>
<Loc EndOffset="14903" SrcFileId="2" StartOffset="14894"/>
</LocList>
</BasicStmnt>
</StmntSeq>
</Branch>
<Branch CovItemId="B66" CovItemPrefix="is2.rubrica.PanelInserimento.java" Implct="true" Intrnl_Id="475">
<Cond/>
<LocList/>
<StmntSeq Intrnl_Id="476">
<LocList/>
</StmntSeq>
</Branch>
<Keyword EndOffset="14812" SrcFileId="2" StartOffset="14810"/>
<LocList>
<Loc EndOffset="14911" SrcFileId="2" StartOffset="14810"/>
</LocList>
<RootTerm CovItemId="C35" CovItemPrefix="is2.rubrica.PanelInserimento.java" Intrnl_Id="477">
<BasicBoolTerm Intrnl_Id="478">
<LocList>
<Loc EndOffset="14845" SrcFileId="2" StartOffset="14813"/>
</LocList>
</BasicBoolTerm>
</RootTerm>
</CondStmnt>
</StmntSeq>
</Branch>
<Branch CovItemId="B64" CovItemPrefix="is2.rubrica.PanelInserimento.java" Implct="true" Intrnl_Id="479">
<Cond/>
<LocList/>
<StmntSeq Intrnl_Id="480">
<LocList/>
</StmntSeq>
</Branch>
<Keyword EndOffset="14780" SrcFileId="2" StartOffset="14778"/>
<LocList>
<Loc EndOffset="14918" SrcFileId="2" StartOffset="14778"/>
</LocList>
<RootTerm CovItemId="C34" CovItemPrefix="is2.rubrica.PanelInserimento.java" Intrnl_Id="481">
<BasicBoolTerm Intrnl_Id="482">
<LocList>
<Loc EndOffset="14800" SrcFileId="2" StartOffset="14782"/>
</LocList>
</BasicBoolTerm>
</RootTerm>
</CondStmnt>
</StmntSeq>
<Keyword EndOffset="14683" SrcFileId="2" StartOffset="14678"/>
<LocList>
<Loc EndOffset="14924" SrcFileId="2" StartOffset="14678"/>
</LocList>
<RootTerm CovItemId="C33" CovItemPrefix="is2.rubrica.PanelInserimento.java" Intrnl_Id="483">
<BasicBoolTerm Intrnl_Id="484">
<LocList>
<Loc EndOffset="14707" SrcFileId="2" StartOffset="14685"/>
</LocList>
</BasicBoolTerm>
</RootTerm>
</LoopStmnt>
<BasicStmnt CovItemId="S251" CovItemPrefix="is2.rubrica.PanelInserimento.java" Intrnl_Id="485">
<LocList>
<Loc EndOffset="14940" SrcFileId="2" StartOffset="14929"/>
</LocList>
</BasicStmnt>
</StmntSeq>
<Keyword EndOffset="14671" SrcFileId="2" StartOffset="14669"/>
<LocList>
<Loc EndOffset="14979" SrcFileId="2" StartOffset="14669"/>
</LocList>
<RootTerm CovItemId="C32" CovItemPrefix="is2.rubrica.PanelInserimento.java" Intrnl_Id="486">
<BasicBoolTerm Intrnl_Id="487">
<LocList>
<Loc EndOffset="14977" SrcFileId="2" StartOffset="14955"/>
</LocList>
</BasicBoolTerm>
</RootTerm>
</LoopStmnt>
<CondStmnt CovItemId="S235" CovItemPrefix="is2.rubrica.PanelInserimento.java" Intrnl_Id="488">
<Branch CovItemId="B62" CovItemPrefix="is2.rubrica.PanelInserimento.java" Implct="true" Intrnl_Id="489">
<Cond/>
<LocList/>
<StmntSeq Intrnl_Id="490">
<LocList/>
</StmntSeq>
</Branch>
<Branch CovItemId="B67" CovItemPrefix="is2.rubrica.PanelInserimento.java" Implct="false" Intrnl_Id="491">
<Cond>
<Loc EndOffset="15017" SrcFileId="2" StartOffset="14986"/>
</Cond>
<LocList>
<Loc EndOffset="15074" SrcFileId="2" StartOffset="15018"/>
</LocList>
<StmntSeq Intrnl_Id="492">
<LocList>
<Loc EndOffset="15070" SrcFileId="2" StartOffset="15023"/>
</LocList>
<BasicStmnt CovItemId="S252" CovItemPrefix="is2.rubrica.PanelInserimento.java" Intrnl_Id="493">
<LocList>
<Loc EndOffset="15070" SrcFileId="2" StartOffset="15023"/>
</LocList>
</BasicStmnt>
</StmntSeq>
</Branch>
<Branch CovItemId="B68" CovItemPrefix="is2.rubrica.PanelInserimento.java" Implct="false" Intrnl_Id="494">
<Cond>
<Loc EndOffset="15098" SrcFileId="2" StartOffset="15077"/>
</Cond>
<LocList>
<Loc EndOffset="15155" SrcFileId="2" StartOffset="15099"/>
</LocList>
<StmntSeq Intrnl_Id="495">
<LocList>
<Loc EndOffset="15151" SrcFileId="2" StartOffset="15104"/>
</LocList>
<BasicStmnt CovItemId="S253" CovItemPrefix="is2.rubrica.PanelInserimento.java" Intrnl_Id="496">
<LocList>
<Loc EndOffset="15151" SrcFileId="2" StartOffset="15104"/>
</LocList>
</BasicStmnt>
</StmntSeq>
</Branch>
<Keyword EndOffset="14374" SrcFileId="2" StartOffset="14371"/>
<LocList>
<Loc EndOffset="15155" SrcFileId="2" StartOffset="14371"/>
</LocList>
</CondStmnt>
</StmntSeq>
</HierarchyLvl>
<HierarchyLvl HierarchyLvlId="801" HierarchyLvlTypeId="8" Intrnl_Id="497" Name="stampaRisultati">
<Header>
<Loc EndOffset="15208" SrcFileId="2" StartOffset="15162"/>
</Header>
<LocList>
<Loc EndOffset="16300" SrcFileId="2" StartOffset="15162"/>
</LocList>
<StmntSeq Intrnl_Id="498">
<LocList>
<Loc EndOffset="15225" SrcFileId="2" StartOffset="15213"/>
<Loc EndOffset="15358" SrcFileId="2" StartOffset="15345"/>
<Loc EndOffset="15407" SrcFileId="2" StartOffset="15369"/>
<Loc EndOffset="15457" SrcFileId="2" StartOffset="15411"/>
<Loc EndOffset="15545" SrcFileId="2" StartOffset="15465"/>
<Loc EndOffset="15591" SrcFileId="2" StartOffset="15553"/>
<Loc EndOffset="15641" SrcFileId="2" StartOffset="15595"/>
<Loc EndOffset="15738" SrcFileId="2" StartOffset="15649"/>
<Loc EndOffset="15783" SrcFileId="2" StartOffset="15746"/>
<Loc EndOffset="15826" SrcFileId="2" StartOffset="15787"/>
<Loc EndOffset="15871" SrcFileId="2" StartOffset="15834"/>
<Loc EndOffset="15919" SrcFileId="2" StartOffset="15875"/>
<Loc EndOffset="15964" SrcFileId="2" StartOffset="15927"/>
<Loc EndOffset="16016" SrcFileId="2" StartOffset="15968"/>
<Loc EndOffset="16061" SrcFileId="2" StartOffset="16024"/>
<Loc EndOffset="16120" SrcFileId="2" StartOffset="16065"/>
<Loc EndOffset="16297" SrcFileId="2" StartOffset="15361"/>
</LocList>
<BasicStmnt CovItemId="S254" CovItemPrefix="is2.rubrica.PanelInserimento.java" Intrnl_Id="499">
<LocList>
<Loc EndOffset="15225" SrcFileId="2" StartOffset="15213"/>
</LocList>
</BasicStmnt>
<BasicStmnt CovItemId="S255" CovItemPrefix="is2.rubrica.PanelInserimento.java" Intrnl_Id="500">
<LocList>
<Loc EndOffset="15358" SrcFileId="2" StartOffset="15345"/>
</LocList>
</BasicStmnt>
<BasicStmnt CovItemId="S257" CovItemPrefix="is2.rubrica.PanelInserimento.java" Intrnl_Id="501">
<LocList>
<Loc EndOffset="15407" SrcFileId="2" StartOffset="15369"/>
</LocList>
</BasicStmnt>
<BasicStmnt CovItemId="S258" CovItemPrefix="is2.rubrica.PanelInserimento.java" Intrnl_Id="502">
<LocList>
<Loc EndOffset="15457" SrcFileId="2" StartOffset="15411"/>
</LocList>
</BasicStmnt>
<LoopStmnt CovItemId="S259" CovItemPrefix="is2.rubrica.PanelInserimento.java" Intrnl_Id="503" MltplExecId="L7-2" MltplExecPrefix="is2.rubrica.PanelInserimento.java" NvrExecId="L7-0" NvrExecPrefix="is2.rubrica.PanelInserimento.java" OnceExecutedId="L7-1" OnceExecutedPrefix="is2.rubrica.PanelInserimento.java" OptBodyExec="true">
<StmntSeq Intrnl_Id="504">
<LocList>
<Loc EndOffset="15540" SrcFileId="2" StartOffset="15527"/>
</LocList>
<BasicStmnt CovItemId="S260" CovItemPrefix="is2.rubrica.PanelInserimento.java" Intrnl_Id="505">
<LocList>
<Loc EndOffset="15540" SrcFileId="2" StartOffset="15527"/>
</LocList>
</BasicStmnt>
</StmntSeq>
<Keyword EndOffset="15470" SrcFileId="2" StartOffset="15465"/>
<LocList>
<Loc EndOffset="15545" SrcFileId="2" StartOffset="15465"/>
</LocList>
</LoopStmnt>
<BasicStmnt CovItemId="S261" CovItemPrefix="is2.rubrica.PanelInserimento.java" Intrnl_Id="506">
<LocList>
<Loc EndOffset="15591" SrcFileId="2" StartOffset="15553"/>
</LocList>
</BasicStmnt>
<BasicStmnt CovItemId="S262" CovItemPrefix="is2.rubrica.PanelInserimento.java" Intrnl_Id="507">
<LocList>
<Loc EndOffset="15641" SrcFileId="2" StartOffset="15595"/>
</LocList>
</BasicStmnt>
<LoopStmnt CovItemId="S263" CovItemPrefix="is2.rubrica.PanelInserimento.java" Intrnl_Id="508" MltplExecId="L8-2" MltplExecPrefix="is2.rubrica.PanelInserimento.java" NvrExecId="L8-0" NvrExecPrefix="is2.rubrica.PanelInserimento.java" OnceExecutedId="L8-1" OnceExecutedPrefix="is2.rubrica.PanelInserimento.java" OptBodyExec="true">
<StmntSeq Intrnl_Id="509">
<LocList>
<Loc EndOffset="15716" SrcFileId="2" StartOffset="15679"/>
<Loc EndOffset="15733" SrcFileId="2" StartOffset="15721"/>
</LocList>
<BasicStmnt CovItemId="S264" CovItemPrefix="is2.rubrica.PanelInserimento.java" Intrnl_Id="510">
<LocList>
<Loc EndOffset="15716" SrcFileId="2" StartOffset="15679"/>
</LocList>
</BasicStmnt>
<BasicStmnt CovItemId="S265" CovItemPrefix="is2.rubrica.PanelInserimento.java" Intrnl_Id="511">
<LocList>
<Loc EndOffset="15733" SrcFileId="2" StartOffset="15721"/>
</LocList>
</BasicStmnt>
</StmntSeq>
<Keyword EndOffset="15654" SrcFileId="2" StartOffset="15649"/>
<LocList>
<Loc EndOffset="15738" SrcFileId="2" StartOffset="15649"/>
</LocList>
<RootTerm CovItemId="C37" CovItemPrefix="is2.rubrica.PanelInserimento.java" Intrnl_Id="512">
<BasicBoolTerm Intrnl_Id="513">
<LocList>
<Loc EndOffset="15671" SrcFileId="2" StartOffset="15655"/>
</LocList>
</BasicBoolTerm>
</RootTerm>
</LoopStmnt>
<BasicStmnt CovItemId="S266" CovItemPrefix="is2.rubrica.PanelInserimento.java" Intrnl_Id="514">
<LocList>
<Loc EndOffset="15783" SrcFileId="2" StartOffset="15746"/>
</LocList>
</BasicStmnt>
<BasicStmnt CovItemId="S267" CovItemPrefix="is2.rubrica.PanelInserimento.java" Intrnl_Id="515">
<LocList>
<Loc EndOffset="15826" SrcFileId="2" StartOffset="15787"/>
</LocList>
</BasicStmnt>
<BasicStmnt CovItemId="S268" CovItemPrefix="is2.rubrica.PanelInserimento.java" Intrnl_Id="516">
<LocList>
<Loc EndOffset="15871" SrcFileId="2" StartOffset="15834"/>
</LocList>
</BasicStmnt>
<BasicStmnt CovItemId="S269" CovItemPrefix="is2.rubrica.PanelInserimento.java" Intrnl_Id="517">
<LocList>
<Loc EndOffset="15919" SrcFileId="2" StartOffset="15875"/>
</LocList>
</BasicStmnt>
<BasicStmnt CovItemId="S270" CovItemPrefix="is2.rubrica.PanelInserimento.java" Intrnl_Id="518">
<LocList>
<Loc EndOffset="15964" SrcFileId="2" StartOffset="15927"/>
</LocList>
</BasicStmnt>
<BasicStmnt CovItemId="S271" CovItemPrefix="is2.rubrica.PanelInserimento.java" Intrnl_Id="519">
<LocList>
<Loc EndOffset="16016" SrcFileId="2" StartOffset="15968"/>
</LocList>
</BasicStmnt>
<BasicStmnt CovItemId="S272" CovItemPrefix="is2.rubrica.PanelInserimento.java" Intrnl_Id="520">
<LocList>
<Loc EndOffset="16061" SrcFileId="2" StartOffset="16024"/>
</LocList>
</BasicStmnt>
<BasicStmnt CovItemId="S273" CovItemPrefix="is2.rubrica.PanelInserimento.java" Intrnl_Id="521">
<LocList>
<Loc EndOffset="16120" SrcFileId="2" StartOffset="16065"/>
</LocList>
</BasicStmnt>
<CondStmnt CovItemId="S256" CovItemPrefix="is2.rubrica.PanelInserimento.java" Intrnl_Id="522">
<Branch CovItemId="B69" CovItemPrefix="is2.rubrica.PanelInserimento.java" Implct="true" Intrnl_Id="523">
<Cond/>
<LocList/>
<StmntSeq Intrnl_Id="524">
<LocList/>
</StmntSeq>
</Branch>
<Branch CovItemId="B70" CovItemPrefix="is2.rubrica.PanelInserimento.java" Implct="false" Intrnl_Id="525">
<Cond>
<Loc EndOffset="16158" SrcFileId="2" StartOffset="16127"/>
</Cond>
<LocList>
<Loc EndOffset="16215" SrcFileId="2" StartOffset="16159"/>
</LocList>
<StmntSeq Intrnl_Id="526">
<LocList>
<Loc EndOffset="16211" SrcFileId="2" StartOffset="16164"/>
</LocList>
<BasicStmnt CovItemId="S274" CovItemPrefix="is2.rubrica.PanelInserimento.java" Intrnl_Id="527">
<LocList>
<Loc EndOffset="16211" SrcFileId="2" StartOffset="16164"/>
</LocList>
</BasicStmnt>
</StmntSeq>
</Branch>
<Branch CovItemId="B71" CovItemPrefix="is2.rubrica.PanelInserimento.java" Implct="false" Intrnl_Id="528">
<Cond>
<Loc EndOffset="16239" SrcFileId="2" StartOffset="16218"/>
</Cond>
<LocList>
<Loc EndOffset="16297" SrcFileId="2" StartOffset="16240"/>
</LocList>
<StmntSeq Intrnl_Id="529">
<LocList>
<Loc EndOffset="16293" SrcFileId="2" StartOffset="16246"/>
</LocList>
<BasicStmnt CovItemId="S275" CovItemPrefix="is2.rubrica.PanelInserimento.java" Intrnl_Id="530">
<LocList>
<Loc EndOffset="16293" SrcFileId="2" StartOffset="16246"/>
</LocList>
</BasicStmnt>
</StmntSeq>
</Branch>
<Keyword EndOffset="15364" SrcFileId="2" StartOffset="15361"/>
<LocList>
<Loc EndOffset="16297" SrcFileId="2" StartOffset="15361"/>
</LocList>
</CondStmnt>
</StmntSeq>
</HierarchyLvl>
<HierarchyLvl HierarchyLvlId="802" HierarchyLvlTypeId="8" Intrnl_Id="531" Name="stampa">
<Header>
<Loc EndOffset="16316" SrcFileId="2" StartOffset="16303"/>
</Header>
<LocList>
<Loc EndOffset="17161" SrcFileId="2" StartOffset="16303"/>
</LocList>
<StmntSeq Intrnl_Id="532">
<LocList>
<Loc EndOffset="16370" SrcFileId="2" StartOffset="16333"/>
<Loc EndOffset="16493" SrcFileId="2" StartOffset="16374"/>
<Loc EndOffset="16534" SrcFileId="2" StartOffset="16497"/>
<Loc EndOffset="16653" SrcFileId="2" StartOffset="16538"/>
<Loc EndOffset="16694" SrcFileId="2" StartOffset="16657"/>
<Loc EndOffset="16812" SrcFileId="2" StartOffset="16698"/>
<Loc EndOffset="16853" SrcFileId="2" StartOffset="16816"/>
<Loc EndOffset="16976" SrcFileId="2" StartOffset="16857"/>
<Loc EndOffset="17158" SrcFileId="2" StartOffset="16324"/>
</LocList>
<BasicStmnt CovItemId="S277" CovItemPrefix="is2.rubrica.PanelInserimento.java" Intrnl_Id="533">
<LocList>
<Loc EndOffset="16370" SrcFileId="2" StartOffset="16333"/>
</LocList>
</BasicStmnt>
<BasicStmnt CovItemId="S278" CovItemPrefix="is2.rubrica.PanelInserimento.java" Intrnl_Id="534">
<LocList>
<Loc EndOffset="16493" SrcFileId="2" StartOffset="16374"/>
</LocList>
</BasicStmnt>
<BasicStmnt CovItemId="S279" CovItemPrefix="is2.rubrica.PanelInserimento.java" Intrnl_Id="535">
<LocList>
<Loc EndOffset="16534" SrcFileId="2" StartOffset="16497"/>
</LocList>
</BasicStmnt>
<BasicStmnt CovItemId="S280" CovItemPrefix="is2.rubrica.PanelInserimento.java" Intrnl_Id="536">
<LocList>
<Loc EndOffset="16653" SrcFileId="2" StartOffset="16538"/>
</LocList>
</BasicStmnt>
<BasicStmnt CovItemId="S281" CovItemPrefix="is2.rubrica.PanelInserimento.java" Intrnl_Id="537">
<LocList>
<Loc EndOffset="16694" SrcFileId="2" StartOffset="16657"/>
</LocList>
</BasicStmnt>
<BasicStmnt CovItemId="S282" CovItemPrefix="is2.rubrica.PanelInserimento.java" Intrnl_Id="538">
<LocList>
<Loc EndOffset="16812" SrcFileId="2" StartOffset="16698"/>
</LocList>
</BasicStmnt>
<BasicStmnt CovItemId="S283" CovItemPrefix="is2.rubrica.PanelInserimento.java" Intrnl_Id="539">
<LocList>
<Loc EndOffset="16853" SrcFileId="2" StartOffset="16816"/>
</LocList>
</BasicStmnt>
<BasicStmnt CovItemId="S284" CovItemPrefix="is2.rubrica.PanelInserimento.java" Intrnl_Id="540">
<LocList>
<Loc EndOffset="16976" SrcFileId="2" StartOffset="16857"/>
</LocList>
</BasicStmnt>
<CondStmnt CovItemId="S276" CovItemPrefix="is2.rubrica.PanelInserimento.java" Intrnl_Id="541">
<Branch CovItemId="B72" CovItemPrefix="is2.rubrica.PanelInserimento.java" Implct="true" Intrnl_Id="542">
<Cond/>
<LocList/>
<StmntSeq Intrnl_Id="543">
<LocList/>
</StmntSeq>
</Branch>
<Branch CovItemId="B73" CovItemPrefix="is2.rubrica.PanelInserimento.java" Implct="false" Intrnl_Id="544">
<Cond>
<Loc EndOffset="17004" SrcFileId="2" StartOffset="16983"/>
</Cond>
<LocList>
<Loc EndOffset="17068" SrcFileId="2" StartOffset="17005"/>
</LocList>
<StmntSeq Intrnl_Id="545">
<LocList>
<Loc EndOffset="17064" SrcFileId="2" StartOffset="17010"/>
</LocList>
<BasicStmnt CovItemId="S285" CovItemPrefix="is2.rubrica.PanelInserimento.java" Intrnl_Id="546">
<LocList>
<Loc EndOffset="17064" SrcFileId="2" StartOffset="17010"/>
</LocList>
</BasicStmnt>
</StmntSeq>
</Branch>
<Branch CovItemId="B74" CovItemPrefix="is2.rubrica.PanelInserimento.java" Implct="false" Intrnl_Id="547">
<Cond>
<Loc EndOffset="17102" SrcFileId="2" StartOffset="17072"/>
</Cond>
<LocList>
<Loc EndOffset="17158" SrcFileId="2" StartOffset="17103"/>
</LocList>
<StmntSeq Intrnl_Id="548">
<LocList>
<Loc EndOffset="17154" SrcFileId="2" StartOffset="17108"/>
</LocList>
<BasicStmnt CovItemId="S286" CovItemPrefix="is2.rubrica.PanelInserimento.java" Intrnl_Id="549">
<LocList>
<Loc EndOffset="17154" SrcFileId="2" StartOffset="17108"/>
</LocList>
</BasicStmnt>
</StmntSeq>
</Branch>
<Keyword EndOffset="16327" SrcFileId="2" StartOffset="16324"/>
<LocList>
<Loc EndOffset="17158" SrcFileId="2" StartOffset="16324"/>
</LocList>
</CondStmnt>
</StmntSeq>
</HierarchyLvl>
<HierarchyLvl HierarchyLvlId="803" HierarchyLvlTypeId="8" Intrnl_Id="550" Name="reset">
<Header>
<Loc EndOffset="17177" SrcFileId="2" StartOffset="17165"/>
</Header>
<LocList>
<Loc EndOffset="17300" SrcFileId="2" StartOffset="17165"/>
</LocList>
<StmntSeq Intrnl_Id="551">
<LocList>
<Loc EndOffset="17206" SrcFileId="2" StartOffset="17182"/>
<Loc EndOffset="17236" SrcFileId="2" StartOffset="17209"/>
<Loc EndOffset="17265" SrcFileId="2" StartOffset="17239"/>
<Loc EndOffset="17297" SrcFileId="2" StartOffset="17268"/>
</LocList>
<BasicStmnt CovItemId="S287" CovItemPrefix="is2.rubrica.PanelInserimento.java" Intrnl_Id="552">
<LocList>
<Loc EndOffset="17206" SrcFileId="2" StartOffset="17182"/>
</LocList>
</BasicStmnt>
<BasicStmnt CovItemId="S288" CovItemPrefix="is2.rubrica.PanelInserimento.java" Intrnl_Id="553">
<LocList>
<Loc EndOffset="17236" SrcFileId="2" StartOffset="17209"/>
</LocList>
</BasicStmnt>
<BasicStmnt CovItemId="S289" CovItemPrefix="is2.rubrica.PanelInserimento.java" Intrnl_Id="554">
<LocList>
<Loc EndOffset="17265" SrcFileId="2" StartOffset="17239"/>
</LocList>
</BasicStmnt>
<BasicStmnt CovItemId="S290" CovItemPrefix="is2.rubrica.PanelInserimento.java" Intrnl_Id="555">
<LocList>
<Loc EndOffset="17297" SrcFileId="2" StartOffset="17268"/>
</LocList>
</BasicStmnt>
</StmntSeq>
</HierarchyLvl>
<HierarchyLvl HierarchyLvlId="804" HierarchyLvlTypeId="8" Intrnl_Id="556" Name="pannelloCerca">
<Header>
<Loc EndOffset="17335" SrcFileId="2" StartOffset="17304"/>
</Header>
<LocList>
<Loc EndOffset="17525" SrcFileId="2" StartOffset="17304"/>
</LocList>
<StmntSeq Intrnl_Id="557">
<LocList>
<Loc EndOffset="17370" SrcFileId="2" StartOffset="17340"/>
<Loc EndOffset="17404" SrcFileId="2" StartOffset="17373"/>
<Loc EndOffset="17438" SrcFileId="2" StartOffset="17407"/>
<Loc EndOffset="17470" SrcFileId="2" StartOffset="17441"/>
<Loc EndOffset="17495" SrcFileId="2" StartOffset="17473"/>
<Loc EndOffset="17519" SrcFileId="2" StartOffset="17498"/>
</LocList>
<BasicStmnt CovItemId="S291" CovItemPrefix="is2.rubrica.PanelInserimento.java" Intrnl_Id="558">
<LocList>
<Loc EndOffset="17370" SrcFileId="2" StartOffset="17340"/>
</LocList>
</BasicStmnt>
<BasicStmnt CovItemId="S292" CovItemPrefix="is2.rubrica.PanelInserimento.java" Intrnl_Id="559">
<LocList>
<Loc EndOffset="17404" SrcFileId="2" StartOffset="17373"/>
</LocList>
</BasicStmnt>
<BasicStmnt CovItemId="S293" CovItemPrefix="is2.rubrica.PanelInserimento.java" Intrnl_Id="560">
<LocList>
<Loc EndOffset="17438" SrcFileId="2" StartOffset="17407"/>
</LocList>
</BasicStmnt>
<BasicStmnt CovItemId="S294" CovItemPrefix="is2.rubrica.PanelInserimento.java" Intrnl_Id="561">
<LocList>
<Loc EndOffset="17470" SrcFileId="2" StartOffset="17441"/>
</LocList>
</BasicStmnt>
<BasicStmnt CovItemId="S295" CovItemPrefix="is2.rubrica.PanelInserimento.java" Intrnl_Id="562">
<LocList>
<Loc EndOffset="17495" SrcFileId="2" StartOffset="17473"/>
</LocList>
</BasicStmnt>
<BasicStmnt CovItemId="S296" CovItemPrefix="is2.rubrica.PanelInserimento.java" Intrnl_Id="563">
<LocList>
<Loc EndOffset="17519" SrcFileId="2" StartOffset="17498"/>
</LocList>
</BasicStmnt>
</StmntSeq>
</HierarchyLvl>
<HierarchyLvl HierarchyLvlId="805" HierarchyLvlTypeId="8" Intrnl_Id="564" Name="pannelloRisultati">
<Header>
<Loc EndOffset="17566" SrcFileId="2" StartOffset="17531"/>
</Header>
<LocList>
<Loc EndOffset="17634" SrcFileId="2" StartOffset="17531"/>
</LocList>
<StmntSeq Intrnl_Id="565">
<LocList>
<Loc EndOffset="17602" SrcFileId="2" StartOffset="17571"/>
<Loc EndOffset="17631" SrcFileId="2" StartOffset="17605"/>
</LocList>
<BasicStmnt CovItemId="S297" CovItemPrefix="is2.rubrica.PanelInserimento.java" Intrnl_Id="566">
<LocList>
<Loc EndOffset="17602" SrcFileId="2" StartOffset="17571"/>
</LocList>
</BasicStmnt>
<BasicStmnt CovItemId="S298" CovItemPrefix="is2.rubrica.PanelInserimento.java" Intrnl_Id="567">
<LocList>
<Loc EndOffset="17631" SrcFileId="2" StartOffset="17605"/>
</LocList>
</BasicStmnt>
</StmntSeq>
</HierarchyLvl>
<HierarchyLvl HierarchyLvlId="806" HierarchyLvlTypeId="8" Intrnl_Id="568" Name="pannelloInput">
<Header>
<Loc EndOffset="17669" SrcFileId="2" StartOffset="17638"/>
</Header>
<LocList>
<Loc EndOffset="18026" SrcFileId="2" StartOffset="17638"/>
</LocList>
<StmntSeq Intrnl_Id="569">
<LocList>
<Loc EndOffset="17700" SrcFileId="2" StartOffset="17674"/>
<Loc EndOffset="17731" SrcFileId="2" StartOffset="17703"/>
<Loc EndOffset="17763" SrcFileId="2" StartOffset="17734"/>
<Loc EndOffset="17797" SrcFileId="2" StartOffset="17766"/>
<Loc EndOffset="17828" SrcFileId="2" StartOffset="17800"/>
<Loc EndOffset="17861" SrcFileId="2" StartOffset="17831"/>
<Loc EndOffset="17895" SrcFileId="2" StartOffset="17864"/>
<Loc EndOffset="17931" SrcFileId="2" StartOffset="17898"/>
<Loc EndOffset="17961" SrcFileId="2" StartOffset="17937"/>
<Loc EndOffset="17991" SrcFileId="2" StartOffset="17964"/>
<Loc EndOffset="18023" SrcFileId="2" StartOffset="17994"/>
</LocList>
<BasicStmnt CovItemId="S299" CovItemPrefix="is2.rubrica.PanelInserimento.java" Intrnl_Id="570">
<LocList>
<Loc EndOffset="17700" SrcFileId="2" StartOffset="17674"/>
</LocList>
</BasicStmnt>
<BasicStmnt CovItemId="S300" CovItemPrefix="is2.rubrica.PanelInserimento.java" Intrnl_Id="571">
<LocList>
<Loc EndOffset="17731" SrcFileId="2" StartOffset="17703"/>
</LocList>
</BasicStmnt>
<BasicStmnt CovItemId="S301" CovItemPrefix="is2.rubrica.PanelInserimento.java" Intrnl_Id="572">
<LocList>
<Loc EndOffset="17763" SrcFileId="2" StartOffset="17734"/>
</LocList>
</BasicStmnt>
<BasicStmnt CovItemId="S302" CovItemPrefix="is2.rubrica.PanelInserimento.java" Intrnl_Id="573">
<LocList>
<Loc EndOffset="17797" SrcFileId="2" StartOffset="17766"/>
</LocList>
</BasicStmnt>
<BasicStmnt CovItemId="S303" CovItemPrefix="is2.rubrica.PanelInserimento.java" Intrnl_Id="574">
<LocList>
<Loc EndOffset="17828" SrcFileId="2" StartOffset="17800"/>
</LocList>
</BasicStmnt>
<BasicStmnt CovItemId="S304" CovItemPrefix="is2.rubrica.PanelInserimento.java" Intrnl_Id="575">
<LocList>
<Loc EndOffset="17861" SrcFileId="2" StartOffset="17831"/>
</LocList>
</BasicStmnt>
<BasicStmnt CovItemId="S305" CovItemPrefix="is2.rubrica.PanelInserimento.java" Intrnl_Id="576">
<LocList>
<Loc EndOffset="17895" SrcFileId="2" StartOffset="17864"/>
</LocList>
</BasicStmnt>
<BasicStmnt CovItemId="S306" CovItemPrefix="is2.rubrica.PanelInserimento.java" Intrnl_Id="577">
<LocList>
<Loc EndOffset="17931" SrcFileId="2" StartOffset="17898"/>
</LocList>
</BasicStmnt>
<BasicStmnt CovItemId="S307" CovItemPrefix="is2.rubrica.PanelInserimento.java" Intrnl_Id="578">
<LocList>
<Loc EndOffset="17961" SrcFileId="2" StartOffset="17937"/>
</LocList>
</BasicStmnt>
<BasicStmnt CovItemId="S308" CovItemPrefix="is2.rubrica.PanelInserimento.java" Intrnl_Id="579">
<LocList>
<Loc EndOffset="17991" SrcFileId="2" StartOffset="17964"/>
</LocList>
</BasicStmnt>
<BasicStmnt CovItemId="S309" CovItemPrefix="is2.rubrica.PanelInserimento.java" Intrnl_Id="580">
<LocList>
<Loc EndOffset="18023" SrcFileId="2" StartOffset="17994"/>
</LocList>
</BasicStmnt>
</StmntSeq>
</HierarchyLvl>
<HierarchyLvl HierarchyLvlId="807" HierarchyLvlTypeId="8" Intrnl_Id="581" Name="pannelloOutput">
<Header>
<Loc EndOffset="18062" SrcFileId="2" StartOffset="18030"/>
</Header>
<LocList>
<Loc EndOffset="18298" SrcFileId="2" StartOffset="18030"/>
</LocList>
<StmntSeq Intrnl_Id="582">
<LocList>
<Loc EndOffset="18096" SrcFileId="2" StartOffset="18067"/>
<Loc EndOffset="18131" SrcFileId="2" StartOffset="18099"/>
<Loc EndOffset="18165" SrcFileId="2" StartOffset="18134"/>
<Loc EndOffset="18202" SrcFileId="2" StartOffset="18168"/>
<Loc EndOffset="18233" SrcFileId="2" StartOffset="18205"/>
<Loc EndOffset="18262" SrcFileId="2" StartOffset="18236"/>
<Loc EndOffset="18295" SrcFileId="2" StartOffset="18265"/>
</LocList>
<BasicStmnt CovItemId="S310" CovItemPrefix="is2.rubrica.PanelInserimento.java" Intrnl_Id="583">
<LocList>
<Loc EndOffset="18096" SrcFileId="2" StartOffset="18067"/>
</LocList>
</BasicStmnt>
<BasicStmnt CovItemId="S311" CovItemPrefix="is2.rubrica.PanelInserimento.java" Intrnl_Id="584">
<LocList>
<Loc EndOffset="18131" SrcFileId="2" StartOffset="18099"/>
</LocList>
</BasicStmnt>
<BasicStmnt CovItemId="S312" CovItemPrefix="is2.rubrica.PanelInserimento.java" Intrnl_Id="585">
<LocList>
<Loc EndOffset="18165" SrcFileId="2" StartOffset="18134"/>
</LocList>
</BasicStmnt>
<BasicStmnt CovItemId="S313" CovItemPrefix="is2.rubrica.PanelInserimento.java" Intrnl_Id="586">
<LocList>
<Loc EndOffset="18202" SrcFileId="2" StartOffset="18168"/>
</LocList>
</BasicStmnt>
<BasicStmnt CovItemId="S314" CovItemPrefix="is2.rubrica.PanelInserimento.java" Intrnl_Id="587">
<LocList>
<Loc EndOffset="18233" SrcFileId="2" StartOffset="18205"/>
</LocList>
</BasicStmnt>
<BasicStmnt CovItemId="S315" CovItemPrefix="is2.rubrica.PanelInserimento.java" Intrnl_Id="588">
<LocList>
<Loc EndOffset="18262" SrcFileId="2" StartOffset="18236"/>
</LocList>
</BasicStmnt>
<BasicStmnt CovItemId="S316" CovItemPrefix="is2.rubrica.PanelInserimento.java" Intrnl_Id="589">
<LocList>
<Loc EndOffset="18295" SrcFileId="2" StartOffset="18265"/>
</LocList>
</BasicStmnt>
</StmntSeq>
</HierarchyLvl>
<HierarchyLvl HierarchyLvlId="808" HierarchyLvlTypeId="8" Intrnl_Id="590" Name="pannelloRubIns">
<Header>
<Loc EndOffset="18334" SrcFileId="2" StartOffset="18302"/>
</Header>
<LocList>
<Loc EndOffset="18504" SrcFileId="2" StartOffset="18302"/>
</LocList>
<StmntSeq Intrnl_Id="591">
<LocList>
<Loc EndOffset="18371" SrcFileId="2" StartOffset="18339"/>
<Loc EndOffset="18404" SrcFileId="2" StartOffset="18374"/>
<Loc EndOffset="18438" SrcFileId="2" StartOffset="18407"/>
<Loc EndOffset="18468" SrcFileId="2" StartOffset="18441"/>
<Loc EndOffset="18501" SrcFileId="2" StartOffset="18471"/>
</LocList>
<BasicStmnt CovItemId="S317" CovItemPrefix="is2.rubrica.PanelInserimento.java" Intrnl_Id="592">
<LocList>
<Loc EndOffset="18371" SrcFileId="2" StartOffset="18339"/>
</LocList>
</BasicStmnt>
<BasicStmnt CovItemId="S318" CovItemPrefix="is2.rubrica.PanelInserimento.java" Intrnl_Id="593">
<LocList>
<Loc EndOffset="18404" SrcFileId="2" StartOffset="18374"/>
</LocList>
</BasicStmnt>
<BasicStmnt CovItemId="S319" CovItemPrefix="is2.rubrica.PanelInserimento.java" Intrnl_Id="594">
<LocList>
<Loc EndOffset="18438" SrcFileId="2" StartOffset="18407"/>
</LocList>
</BasicStmnt>
<BasicStmnt CovItemId="S320" CovItemPrefix="is2.rubrica.PanelInserimento.java" Intrnl_Id="595">
<LocList>
<Loc EndOffset="18468" SrcFileId="2" StartOffset="18441"/>
</LocList>
</BasicStmnt>
<BasicStmnt CovItemId="S321" CovItemPrefix="is2.rubrica.PanelInserimento.java" Intrnl_Id="596">
<LocList>
<Loc EndOffset="18501" SrcFileId="2" StartOffset="18471"/>
</LocList>
</BasicStmnt>
</StmntSeq>
</HierarchyLvl>
<HierarchyLvl HierarchyLvlId="809" HierarchyLvlTypeId="8" Intrnl_Id="597" Name="pannelloRubStp">
<Header>
<Loc EndOffset="18540" SrcFileId="2" StartOffset="18508"/>
</Header>
<LocList>
<Loc EndOffset="18739" SrcFileId="2" StartOffset="18508"/>
</LocList>
<StmntSeq Intrnl_Id="598">
<LocList>
<Loc EndOffset="18577" SrcFileId="2" StartOffset="18545"/>
<Loc EndOffset="18610" SrcFileId="2" StartOffset="18580"/>
<Loc EndOffset="18644" SrcFileId="2" StartOffset="18613"/>
<Loc EndOffset="18676" SrcFileId="2" StartOffset="18647"/>
<Loc EndOffset="18707" SrcFileId="2" StartOffset="18679"/>
<Loc EndOffset="18736" SrcFileId="2" StartOffset="18710"/>
</LocList>
<BasicStmnt CovItemId="S322" CovItemPrefix="is2.rubrica.PanelInserimento.java" Intrnl_Id="599">
<LocList>
<Loc EndOffset="18577" SrcFileId="2" StartOffset="18545"/>
</LocList>
</BasicStmnt>
<BasicStmnt CovItemId="S323" CovItemPrefix="is2.rubrica.PanelInserimento.java" Intrnl_Id="600">
<LocList>
<Loc EndOffset="18610" SrcFileId="2" StartOffset="18580"/>
</LocList>
</BasicStmnt>
<BasicStmnt CovItemId="S324" CovItemPrefix="is2.rubrica.PanelInserimento.java" Intrnl_Id="601">
<LocList>
<Loc EndOffset="18644" SrcFileId="2" StartOffset="18613"/>
</LocList>
</BasicStmnt>
<BasicStmnt CovItemId="S325" CovItemPrefix="is2.rubrica.PanelInserimento.java" Intrnl_Id="602">
<LocList>
<Loc EndOffset="18676" SrcFileId="2" StartOffset="18647"/>
</LocList>
</BasicStmnt>
<BasicStmnt CovItemId="S326" CovItemPrefix="is2.rubrica.PanelInserimento.java" Intrnl_Id="603">
<LocList>
<Loc EndOffset="18707" SrcFileId="2" StartOffset="18679"/>
</LocList>
</BasicStmnt>
<BasicStmnt CovItemId="S327" CovItemPrefix="is2.rubrica.PanelInserimento.java" Intrnl_Id="604">
<LocList>
<Loc EndOffset="18736" SrcFileId="2" StartOffset="18710"/>
</LocList>
</BasicStmnt>
</StmntSeq>
</HierarchyLvl>
<HierarchyLvl HierarchyLvlId="810" HierarchyLvlTypeId="8" Intrnl_Id="605" Name="pannelloIndex">
<Header>
<Loc EndOffset="18774" SrcFileId="2" StartOffset="18743"/>
</Header>
<LocList>
<Loc EndOffset="18962" SrcFileId="2" StartOffset="18743"/>
</LocList>
<StmntSeq Intrnl_Id="606">
<LocList>
<Loc EndOffset="18806" SrcFileId="2" StartOffset="18779"/>
<Loc EndOffset="18837" SrcFileId="2" StartOffset="18809"/>
<Loc EndOffset="18868" SrcFileId="2" StartOffset="18840"/>
<Loc EndOffset="18899" SrcFileId="2" StartOffset="18871"/>
<Loc EndOffset="18928" SrcFileId="2" StartOffset="18902"/>
<Loc EndOffset="18959" SrcFileId="2" StartOffset="18931"/>
</LocList>
<BasicStmnt CovItemId="S328" CovItemPrefix="is2.rubrica.PanelInserimento.java" Intrnl_Id="607">
<LocList>
<Loc EndOffset="18806" SrcFileId="2" StartOffset="18779"/>
</LocList>
</BasicStmnt>
<BasicStmnt CovItemId="S329" CovItemPrefix="is2.rubrica.PanelInserimento.java" Intrnl_Id="608">
<LocList>
<Loc EndOffset="18837" SrcFileId="2" StartOffset="18809"/>
</LocList>
</BasicStmnt>
<BasicStmnt CovItemId="S330" CovItemPrefix="is2.rubrica.PanelInserimento.java" Intrnl_Id="609">
<LocList>
<Loc EndOffset="18868" SrcFileId="2" StartOffset="18840"/>
</LocList>
</BasicStmnt>
<BasicStmnt CovItemId="S331" CovItemPrefix="is2.rubrica.PanelInserimento.java" Intrnl_Id="610">
<LocList>
<Loc EndOffset="18899" SrcFileId="2" StartOffset="18871"/>
</LocList>
</BasicStmnt>
<BasicStmnt CovItemId="S332" CovItemPrefix="is2.rubrica.PanelInserimento.java" Intrnl_Id="611">
<LocList>
<Loc EndOffset="18928" SrcFileId="2" StartOffset="18902"/>
</LocList>
</BasicStmnt>
<BasicStmnt CovItemId="S333" CovItemPrefix="is2.rubrica.PanelInserimento.java" Intrnl_Id="612">
<LocList>
<Loc EndOffset="18959" SrcFileId="2" StartOffset="18931"/>
</LocList>
</BasicStmnt>
</StmntSeq>
</HierarchyLvl>
</HierarchyLvl>
<HierarchyLvl HierarchyLvlId="813" HierarchyLvlTypeId="7" Intrnl_Id="613" Name="FramePri">
<Header>
<Loc EndOffset="810" SrcFileId="3" StartOffset="774"/>
</Header>
<LocList>
<Loc EndOffset="2069" SrcFileId="3" StartOffset="774"/>
</LocList>
<StmntSeq Intrnl_Id="614">
<LocList>
<Loc EndOffset="1090" SrcFileId="3" StartOffset="1024"/>
<Loc EndOffset="1191" SrcFileId="3" StartOffset="1146"/>
<Loc EndOffset="1239" SrcFileId="3" StartOffset="1193"/>
</LocList>
<BasicStmnt CovItemId="S1" CovItemPrefix="is2.rubrica.FramePri.java" Intrnl_Id="615">
<LocList>
<Loc EndOffset="1090" SrcFileId="3" StartOffset="1024"/>
</LocList>
</BasicStmnt>
<BasicStmnt CovItemId="S2" CovItemPrefix="is2.rubrica.FramePri.java" Intrnl_Id="616">
<LocList>
<Loc EndOffset="1191" SrcFileId="3" StartOffset="1146"/>
</LocList>
</BasicStmnt>
<BasicStmnt CovItemId="S3" CovItemPrefix="is2.rubrica.FramePri.java" Intrnl_Id="617">
<LocList>
<Loc EndOffset="1239" SrcFileId="3" StartOffset="1193"/>
</LocList>
</BasicStmnt>
</StmntSeq>
<HierarchyLvl HierarchyLvlId="812" HierarchyLvlTypeId="8" Intrnl_Id="618" Name="FramePri">
<Header>
<Loc EndOffset="1527" SrcFileId="3" StartOffset="1493"/>
</Header>
<LocList>
<Loc EndOffset="2067" SrcFileId="3" StartOffset="1493"/>
</LocList>
<StmntSeq Intrnl_Id="619">
<LocList>
<Loc EndOffset="1593" SrcFileId="3" StartOffset="1531"/>
<Loc EndOffset="1668" SrcFileId="3" StartOffset="1619"/>
<Loc EndOffset="1715" SrcFileId="3" StartOffset="1690"/>
<Loc EndOffset="1805" SrcFileId="3" StartOffset="1777"/>
<Loc EndOffset="1914" SrcFileId="3" StartOffset="1863"/>
<Loc EndOffset="1993" SrcFileId="3" StartOffset="1952"/>
<Loc EndOffset="2047" SrcFileId="3" StartOffset="2021"/>
</LocList>
<BasicStmnt CovItemId="S4" CovItemPrefix="is2.rubrica.FramePri.java" Intrnl_Id="620">
<LocList>
<Loc EndOffset="1593" SrcFileId="3" StartOffset="1531"/>
</LocList>
</BasicStmnt>
<BasicStmnt CovItemId="S5" CovItemPrefix="is2.rubrica.FramePri.java" Intrnl_Id="621">
<LocList>
<Loc EndOffset="1668" SrcFileId="3" StartOffset="1619"/>
</LocList>
</BasicStmnt>
<BasicStmnt CovItemId="S6" CovItemPrefix="is2.rubrica.FramePri.java" Intrnl_Id="622">
<LocList>
<Loc EndOffset="1715" SrcFileId="3" StartOffset="1690"/>
</LocList>
</BasicStmnt>
<BasicStmnt CovItemId="S7" CovItemPrefix="is2.rubrica.FramePri.java" Intrnl_Id="623">
<LocList>
<Loc EndOffset="1805" SrcFileId="3" StartOffset="1777"/>
</LocList>
</BasicStmnt>
<BasicStmnt CovItemId="S8" CovItemPrefix="is2.rubrica.FramePri.java" Intrnl_Id="624">
<LocList>
<Loc EndOffset="1914" SrcFileId="3" StartOffset="1863"/>
</LocList>
</BasicStmnt>
<BasicStmnt CovItemId="S9" CovItemPrefix="is2.rubrica.FramePri.java" Intrnl_Id="625">
<LocList>
<Loc EndOffset="1993" SrcFileId="3" StartOffset="1952"/>
</LocList>
</BasicStmnt>
<BasicStmnt CovItemId="S10" CovItemPrefix="is2.rubrica.FramePri.java" Intrnl_Id="626">
<LocList>
<Loc EndOffset="2047" SrcFileId="3" StartOffset="2021"/>
</LocList>
</BasicStmnt>
</StmntSeq>
</HierarchyLvl>
</HierarchyLvl>
</HierarchyLvl>
</HierarchyLvl>
</HierarchyLvl>
</MASTRoot>
</TestSessionContainer>
