<?xml version="1.0" encoding="UTF-8"?>
<TestSessionContainer xmlns="http://www.codecover.org/xml/testsession-container" Date="1343079643040" TestSessionContainerId="82420792-95f2-4367-ad94-73aa994f984f" version="1.0">
<SrcFileList>
<SrcFile Content="/**&#10; * Rubrica.java&#10; * &#10; * @author Alenadri Enrico - III G&#10; * @date 6/02/2009&#10; * Fixed by:&#10; * &quot;helloIAmPau - Pasquale Boemio &lt;pa.boemio[at]studenti.unina.it&gt;&quot;&#10; * &quot;b3by&quot; - Antonio Bevilacqua &lt;anto.bevilacqua[at]studenti.unina.it&gt;&quot;&#10; * ----------&#10; * This is the first called class. It simply shows the jpanel &quot;FramePri&quot;.&#10; * &#10; * We have fixed:&#10; * 1. indentation&#10; * 2. added some inline documentation&#10; * 3. replaced show() method with setVisible() method of frame object. show() seems to be deprecated&#10; * &#10; * NB: Some class or variables name are edited in order to respect the standard &quot;camel notation&quot;&#10; * to make this source code more readable. &#10; */&#10;package is2.rubrica;&#10;import javax.swing.JFrame;&#10;&#10;&#10;public class Rubrica{&#10;&#9;/**&#10;&#9; * The main method. I don't have to add something else. &#10;&#9; * &#10;&#9; * @param args : This is some command line arguments. Be careful, Rubrica.java doesn't use it!&#10;&#9; */&#10;&#9;public static void main(String[] args){&#10;&#9;&#9;&#10;&#9;&#9;int xLoc=400,   // posizione x dei frame nello schermo&#10;&#9;&#9;&#9;yLoc=400;   // posizione y dei frame nello schermo&#10;&#9;&#9;&#10;&#9;&#9;FramePri frame = new FramePri(xLoc,yLoc); // creo il pannello che verra` mostrato&#10;&#9;&#9;frame.setDefaultCloseOperation(JFrame.EXIT_ON_CLOSE); // operazione da eseguire alla sua chiusura&#10;&#9;&#9;&#10;&#9;&#9;/*-------------------------------------------------&#10;&#9;&#9; * FIX-3&#10;&#9;&#9; * ------------------------------------------------ &#10;&#9;&#9; * Il metodo show() risulta essere deprecato; per evitare problemi futuri&#10;&#9;&#9; * utilizziamo il metodo setVisible()&#10;&#9;&#9; */&#10;&#9;&#9;//frame.show(); &#10;&#9;&#9;frame.setVisible(true); // mostrami il pannello :)&#10;&#9;&#9;//-------------------------------------------------&#10;     &#10;&#9;}&#10; }&#10;" Filename="Rubrica.java" Intrnl_Id="1"/>
<SrcFile Content="/**&#10; * PanelInserimento.java&#10; * &#10; * @author Alenadri Enrico - III G&#10; * @date 6/02/2009&#10; * Fixed by:&#10; * &quot;helloIAmPau - Pasquale Boemio &lt;pa.boemio[at]studenti.unina.it&gt;&quot;&#10; * &quot;b3by&quot; - Antonio Bevilacqua &lt;anto.bevilacqua[at]studenti.unina.it&gt;&quot;&#10; * ----------&#10; * &#10; * We have fixed:&#10; * 1. indentation&#10; * 2. added some inline documentation&#10; * 3. added the serialVersionUID (not necessary)&#10; * 4. converted TextField objects in JTextField (frow AWT to Swing)&#10; * 5. resolved change panel if submit void rub name (thx to testVoidNameCreazioneRubrica())&#10; * &#10; * NB: Some class or variables name are edited in order to respect the standard &quot;camel notation&quot;&#10; * to make this source code more readable. &#10; */&#10;package is2.rubrica;&#10;&#10;import java.awt.TextArea;&#10;import java.awt.event.ActionEvent;&#10;import java.awt.event.ActionListener;&#10;import java.io.BufferedReader;&#10;import java.io.File;&#10;import java.io.FileNotFoundException;&#10;import java.io.FileOutputStream;&#10;import java.io.FileReader;&#10;import java.io.IOException;&#10;import java.io.PrintStream;&#10;&#10;import javax.swing.JButton;&#10;import javax.swing.JLabel;&#10;import javax.swing.JPanel;&#10;import javax.swing.JTextField;&#10;&#10;public class PanelInserimento extends JPanel implements ActionListener{&#10;&#10;    // L'oggetto JFrame e` un oggetto &quot;Serializable&quot;. Poiche` abbiamo seri problemi,&#10;&#9;// preferiamo eliminare anche tutti i &quot;warning&quot; presenti nel codice, e quindi &#10;&#9;// assegnamo a questo un id autogenerato!&#10;&#9;private static final long serialVersionUID = 685601408825075349L;&#10;&#9;&#10;&#9;// ----------------------------------&#10;&#9;// Variabile non usata&#10;&#9;// private boolean exist=true;&#10;&#9;// ----------------------------------&#10;&#9;private int num=0,&#10;&#9;&#9;&#9;linee=0,&#10;&#9;&#9;&#9;lineeStm=0,&#10;&#9;&#9;&#9;i,&#10;&#9;&#9;&#9;cont;&#10;&#9;// ----------------------------------&#10;&#9;// Variabili non usate&#10;&#9;// &#9;&#9;con,&#10;&#9;//      x=0;&#10;&#9;// ----------------------------------&#10;&#9;&#10;&#9;private String linea,&#10;&#9;&#9;&#9;stringa,&#10;&#9;&#9;&#9;risCerca=&quot;&quot;;&#10;&#9;// ----------------------------------&#10;&#9;// Variabile non usata&#10;&#9;// &#9;nameRub;&#10;&#9;// ----------------------------------&#10;&#9;&#10;&#9;private JTextField inNome,&#10;&#9;&#9;&#9;inCognome,&#10;&#9;&#9;&#9;inNumero,&#10;&#9;&#9;&#9;inIndirizzo,&#10;&#9;&#9;&#9;inNameRub,&#10;&#9;&#9;&#9;inCerca;&#10;&#9;&#10;&#9;private FileOutputStream fileS;&#10;&#9;private FileReader fileL;&#10;&#9;private File exFile;&#10;&#9;private PrintStream scrittura;&#10;&#9;private BufferedReader lettura;&#10;&#9;private TextArea risultati;&#10;&#9;private int[] cerca = new int[100];&#10;&#9;&#10;&#9;private JLabel testoIns,&#10;&#9;&#9;&#9;testoStp,&#10;&#9;&#9;&#9;nome,&#10;&#9;&#9;&#9;// ----------------------------------&#10;&#9;&#9;&#9;// Addirittura errori di battitura...&#10;&#9;&#9;&#9;// Congome,&#10;&#9;&#9;&#9;Cognome,&#10;&#9;&#9;&#9;// ----------------------------------&#10;&#9;&#9;&#9;Numero,&#10;&#9;&#9;&#9;Indirizzo,&#10;&#9;&#9;&#9;index,&#10;&#9;&#9;&#9;spazio,&#10;&#9;&#9;&#9;stmNome,&#10;&#9;&#9;&#9;stmCognome,&#10;&#9;&#9;&#9;stmNumero,&#10;&#9;&#9;&#9;stmIndirizzo,&#10;&#9;&#9;&#9;infoCerca;&#10;&#9;&#10;&#9;private JButton ok,&#10;&#9;&#9;&#9;reset,&#10;&#9;&#9;&#9;savExit,&#10;&#9;&#9;&#9;invio,&#10;&#9;&#9;&#9;invio_,&#10;&#9;&#9;&#9;indIns,&#10;&#9;&#9;&#9;indStp,&#10;&#9;&#9;&#9;indCer,&#10;&#9;&#9;&#9;avanti,&#10;&#9;&#9;&#9;back,&#10;&#9;&#9;&#9;indietro,&#10;&#9;&#9;&#9;exit,&#10;&#9;&#9;&#9;Cerca;&#10;&#9;&#10;&#9;public PanelInserimento(){&#10;&#9;&#9;&#10;&#9;&#9;this.exit = new JButton(&quot;esci&quot;);&#10;&#9;&#9;this.spazio= new JLabel(&quot;                              &quot;);&#10;&#9;&#9;&#10;&#9;&#9;// Componenti Index&#10;&#9;&#9;this.index = new JLabel(&quot;       Cosa vuoi fare?                                    &quot;);&#10;&#9;&#9;// ----------------------------------&#10;&#9;&#9;// Per poter fare testing, sono stati aggiunti i nomi ad alcune JLabel&#10;&#9;&#9;this.index.setName(&quot;index&quot;);&#10;&#9;&#9;// ----------------------------------&#10;&#9;&#9;this.indIns = new JButton(&quot;Crea rubrica&quot;);&#10;&#9;&#9;this.indStp = new JButton(&quot;Visualizza contatti&quot;);&#10;&#9;&#9;this.indCer = new JButton(&quot;Cerca Contatti&quot;);&#10;&#9;&#9;&#10;&#9;&#9;// Componenti inserimento nome Rubrica-inserimento scherda/stampa scheda&#10;&#9;&#9;this.testoIns = new JLabel(&quot;Inserisci il nome con cui salvare la rubrica        &quot;);&#10;&#9;&#9;this.testoStp = new JLabel(&quot;Inserisci il nome della rubrica        &quot;);&#10;&#9;&#9;// ----------------------------------&#10;&#9;&#9;// Per poter fare testing, sono stati aggiunti i nomi ad alcune JLabel&#10;&#9;&#9;this.testoStp.setName(&quot;testoStp&quot;);&#10;&#9;&#9;this.testoIns.setName(&quot;testoIns&quot;);&#10;&#9;&#9;// ----------------------------------&#10;&#9;&#9;this.inNameRub = new JTextField(10);&#10;&#9;&#9;// ----------------------------------&#10;&#9;&#9;// Per poter fare testing, sono stati aggiunti i nomi ai textfield&#10;&#9;&#9;this.inNameRub.setName(&quot;inNameRub&quot;);&#10;&#9;&#9;// ----------------------------------&#10;&#9;&#9;this.invio = new JButton(&quot;Invio&quot;);&#10;&#9;&#9;this.invio_ = new JButton(&quot;Invio &quot;);&#10;&#9;&#9;&#10;&#9;&#9;// Componenti Cerca&#10;&#9;&#9;this.Cerca = new JButton(&quot;Cerca&quot;);&#10;&#9;&#9;this.infoCerca = new JLabel(&quot;Puoi cercare per Nome-Cognome-Numero-indirizzo&quot;);&#10;&#9;&#9;// ----------------------------------&#10;&#9;&#9;// Per poter fare testing, sono stati aggiunti i nomi ai textfield&#10;&#9;&#9;this.infoCerca.setName(&quot;infoCerca&quot;);&#10;&#9;&#9;// ----------------------------------&#10;&#9;&#9;this.inCerca = new JTextField(10);&#10;&#9;&#9;// ----------------------------------&#10;&#9;&#9;// Per poter fare testing, sono stati aggiunti i nomi ai textfield&#10;&#9;&#9;this.inCerca.setName(&quot;inCerca&quot;);&#10;&#9;&#9;// ----------------------------------&#10;&#9;&#9;this.risultati = new TextArea(10,35);&#10;&#9;&#9;// ----------------------------------&#10;&#9;&#9;// Per poter fare testing, sono stati aggiunti i nomi ai textfield&#10;&#9;&#9;this.risultati.setName(&quot;risultati&quot;);&#10;&#9;&#9;// ----------------------------------&#10;&#9;&#9;this.risultati.setEditable(false);&#10;&#9;&#9;this.risultati.setCaretPosition(0);&#10;&#9;&#9;&#10;&#9;&#9;// Componenti inserimento scheda&#10;&#9;&#9;this.nome = new JLabel(&quot;                Nome&quot;);&#10;&#9;&#9;this.Cognome = new JLabel(&quot;                Cognome&quot;);&#10;&#9;&#9;this.Numero = new JLabel(&quot;                Numero Casa&quot;);&#10;&#9;&#9;this.Indirizzo = new JLabel(&quot;                Indirizzo&quot;);&#10;&#9;&#9;this.ok = new JButton(&quot;Add&quot;);&#10;&#9;&#9;this.reset = new JButton(&quot;Reset&quot;);&#10;&#9;&#9;this.savExit = new JButton(&quot;Save &amp; Back&quot;);&#10;&#9;&#9;this.inNome = new JTextField(17);&#10;&#9;&#9;this.inCognome = new JTextField(17);&#10;&#9;&#9;this.inNumero = new JTextField(17);&#10;&#9;&#9;this.inIndirizzo = new JTextField(17);&#10;&#9;&#9;// Per poter fare testing, sono stati aggiunti i nomi ai textfield&#10;&#9;&#9;this.inNome.setName(&quot;inNome&quot;);&#10;&#9;&#9;this.inCognome.setName(&quot;inCognome&quot;);&#10;&#9;&#9;this.inNumero.setName(&quot;inNumero&quot;);&#10;&#9;&#9;this.inIndirizzo.setName(&quot;inIndirizzo&quot;);&#10;&#9;&#9;// ----------------------------------&#10;&#9;&#9;&#10;&#9;&#9;// Componenti stampa Scheda&#10;&#9;&#9;this.stmNome = new JLabel(&quot;Nome:&quot;);&#10;&#9;&#9;this.stmCognome = new JLabel(&quot;Cognome:&quot;);&#10;&#9;&#9;this.stmNumero = new JLabel(&quot;Numero:&quot;);&#10;&#9;&#9;this.stmIndirizzo = new JLabel(&quot;Indirizzo&quot;);&#10;&#9;&#9;this.avanti = new JButton(&quot;&gt;&gt;&quot;);&#10;&#9;&#9;this.back = new JButton(&quot;Indietro&quot;);&#10;&#9;&#9;this.indietro = new JButton(&quot;&lt;&lt;&quot;);&#10;&#9;&#9;&#10;&#9;&#9;// ----------------------------------&#10;&#9;&#9;// Variabile non usata&#10;&#9;&#9;// &#9;this.nameRub = inNameRub.getText();&#10;&#9;&#9;// ----------------------------------&#10;&#9;&#9;&#10;&#9;&#9;// Aggiungo componenti index&#10;&#9;&#9;this.add(this.index);&#10;&#9;&#9;this.add(this.indIns);&#10;&#9;&#9;this.add(this.indStp);&#10;&#9;&#9;this.add(this.indCer);&#10;&#9;&#9;this.add(this.exit);&#10;&#9;&#9;&#10;&#9;&#9;this.indIns.addActionListener(this);&#10;&#9;&#9;this.indStp.addActionListener(this);&#10;&#9;&#9;this.indCer.addActionListener(this);&#10;&#9;&#9;this.exit.addActionListener(this);&#10;&#9;&#9;&#10;&#9;&#9;// Aggiungo componenti Inserimento rubrica&#10;&#9;&#9;this.add(this.testoStp);&#10;&#9;&#9;this.add(this.testoIns);&#10;&#9;&#9;this.add(this.inNameRub);&#10;&#9;&#9;this.add(this.invio);&#10;&#9;&#9;this.add(this.invio_);&#10;&#9;&#9;&#10;&#9;&#9;this.invio.addActionListener(this);&#10;&#9;&#9;this.invio_.addActionListener(this);&#10;&#9;&#9;&#10;&#9;&#9;// Aggiungo componenti Cerca&#10;&#9;&#9;this.add(this.risultati);&#10;&#9;&#9;this.add(this.infoCerca);&#10;&#9;&#9;this.add(this.inCerca);&#10;&#9;&#9;this.add(this.Cerca);&#10;&#9;&#9;&#10;&#9;&#9;this.Cerca.addActionListener(this);&#10;&#9;&#9;&#10;&#9;&#9;// Aggiungo componenti Input contatti&#10;&#9;&#9;this.add(this.nome);&#10;&#9;&#9;this.add(this.inNome);&#10;&#9;&#9;this.add(this.Cognome);&#10;&#9;&#9;this.add(this.inCognome);&#10;&#9;&#9;this.add(this.Numero);&#10;&#9;&#9;this.add(this.inNumero);&#10;&#9;&#9;this.add(this.Indirizzo);&#10;&#9;&#9;this.add(this.inIndirizzo);&#10;&#9;&#9;this.add(this.ok);&#10;&#9;&#9;this.add(this.reset);&#10;&#9;&#9;this.add(this.savExit);&#10;&#9;&#9;&#10;&#9;&#9;this.ok.addActionListener(this);&#10;&#9;&#9;this.reset.addActionListener(this);&#10;&#9;&#9;this.savExit.addActionListener(this);&#10;&#9;&#9;&#10;&#9;&#9;// Aggiungo componenti Visualizzazione contatti&#10;&#9;&#9;this.add(this.stmNome);&#10;&#9;&#9;this.add(this.stmCognome);&#10;&#9;&#9;this.add(this.stmNumero);&#10;&#9;&#9;this.add(this.stmIndirizzo);&#10;&#9;&#9;this.add(this.indietro);&#10;&#9;&#9;this.add(this.back);&#10;&#9;&#9;this.add(this.avanti);&#10;&#9;&#9;this.indietro.setEnabled(false);&#10;&#9;&#9;&#10;&#9;&#9;this.avanti.addActionListener(this);&#10;&#9;&#9;this.back.addActionListener(this);&#10;&#9;&#9;this.indietro.addActionListener(this);&#10;&#9;&#9;&#10;&#9;&#9;// Setto i componenti per visualizzare la scherata di index&#10;&#9;&#9;this.pannelloInput(false);&#10;&#9;&#9;this.pannelloOutput(false);&#10;&#9;&#9;this.pannelloRubIns(false);&#10;&#9;&#9;this.pannelloCerca(false);&#10;&#9;&#9;this.pannelloRisultati(false);&#10;&#9;&#9;&#10;&#9;}&#10;&#9;&#10;&#9;public void actionPerformed(ActionEvent evt){&#10;&#9;&#9;&#10;&#9;&#9;String nome = inNome.getText();&#10;&#9;&#9;String cognome = inCognome.getText();&#10;&#9;&#9;String numero = inNumero.getText();&#10;&#9;&#9;String indirizzo = inIndirizzo.getText();&#10;&#9;&#9;String nameRub = inNameRub.getText();&#10;&#9;&#9;boolean test;&#10;&#9;&#9;&#10;&#9;&#9;String command = evt.getActionCommand();&#10;&#9;&#9;command = command.toLowerCase();&#10;&#9;&#9;&#10;&#9;&#9;if(command.equals(&quot;&lt;&lt;&quot;)){&#10;&#9;&#9;&#9;if(this.num&gt;0){&#10;&#9;&#9;&#9;&#9;this.num--;&#10;&#9;&#9;&#9;&#9;this.avanti.setEnabled(true);&#10;&#9;&#9;&#9;}&#10;&#9;&#9;&#9;if(this.num&lt;0)&#10;&#9;&#9;&#9;&#9;this.indietro.setEnabled(false);&#10;&#9;&#9;&#9;&#10;&#9;&#9;&#9;this.letturaFile(nameRub);&#10;&#9;&#9;&#9;this.stampa();&#10;&#9;&#9;}&#10;&#9;&#9;if(command.equals(&quot;&gt;&gt;&quot;)){&#10;&#9;&#9;&#9;if((this.num+1)*4&lt;this.lineeStm){&#10;&#9;&#9;&#9;&#9;this.num++;&#10;&#9;&#9;&#9;&#9;this.indietro.setEnabled(true);&#10;&#9;&#9;&#9;}&#10;&#9;&#9;&#9;if((this.num+1)*4==this.lineeStm)&#10;&#9;&#9;&#9;&#9;this.avanti.setEnabled(false);&#10;&#9;&#9;&#9;&#10;&#9;&#9;&#9;this.letturaFile(nameRub);&#10;&#9;&#9;&#9;this.stampa();&#10;&#9;&#9;}&#10;&#9;&#9;if(command.equals(&quot;indietro&quot;)){&#10;&#9;&#9;&#9;this.num=0;&#10;&#9;&#9;&#9;this.risCerca=&quot;&quot;;&#10;&#9;&#9;&#9;this.testoStp.setText(&quot;Inserisci il nome della rubrica        &quot;);&#10;&#9;&#9;&#9;this.testoIns.setText(&quot;Inserisci il nome con cui salvare la rubrica        &quot;);&#10;&#9;&#9;&#9;this.avanti.setEnabled(true);&#10;&#9;&#9;&#9;this.indietro.setEnabled(false);&#10;&#9;&#9;&#9;this.pannelloIndex(true);&#10;&#9;&#9;&#9;this.pannelloInput(false);&#10;&#9;&#9;&#9;this.pannelloOutput(false);&#10;&#9;&#9;&#9;this.pannelloRubIns(false);&#10;&#9;&#9;&#9;this.pannelloRubStp(false);&#10;&#9;&#9;&#9;this.pannelloCerca(false);&#10;&#9;&#9;&#9;this.pannelloRisultati(false);&#10;&#9;&#9;}&#10;&#9;&#9;if(command.equals(&quot;add&quot;)){&#10;&#9;&#9;&#9;try{&#10;&#9;&#9;&#9;&#9;this.scrittura.println(nome);&#10;&#9;&#9;&#9;&#9;this.scrittura.println(cognome);&#10;&#9;&#9;&#9;&#9;this.scrittura.println(numero);&#10;&#9;&#9;&#9;&#9;this.scrittura.println(indirizzo);&#10;&#9;&#9;&#9;} &#10;&#9;&#9;&#9;catch(NullPointerException ex){&#10;&#9;&#9;&#9;&#9;System.out.println(&quot;File insesistente...                        &quot;);&#10;&#9;&#9;&#9;}&#10;&#9;&#9;&#9;&#10;&#9;&#9;&#9;this.reset();&#10;&#9;&#9;}&#10;&#9;&#9;if(command.equals(&quot;invio&quot;)){&#10;&#9;&#9;&#9;test=true;&#10;&#9;&#9;&#9;&#10;&#9;&#9;&#9;/*-------------------------------------------------&#10;&#9;&#9;&#9; * FIX-5&#10;&#9;&#9;&#9; * ------------------------------------------------ &#10;&#9;&#9;&#9; * Erroneamente la variabile test veniva settata a true&#10;&#9;&#9;&#9; * anche se veniva sottomesso un campo vuoto come nome della rubrica.&#10;&#9;&#9;&#9; * In questo modo si permetteva di cambiare pannello &#10;&#9;&#9;&#9; * e di non salvare i contatti successivamente inseriti&#10;&#9;&#9;&#9; */&#10;&#9;&#9;&#9;if(nameRub.equals(&quot;&quot;))&#10;&#9;&#9;&#9;&#9;//test=true;&#10;&#9;&#9;&#9;&#9;test = false;&#10;&#9;&#9;&#9;// ------------------------------------------------&#10;&#9;&#9;&#9;&#10;&#9;&#9;&#9;this.exFile = new File(nameRub);&#10;&#9;&#9;&#9;if( ((this.exFile).exists()) || (test==false)){&#10;&#9;&#9;&#9;&#9;this.inNameRub.setText(&quot;&quot;);&#10;&#9;&#9;&#9;&#9;if(test==false)&#10;&#9;&#9;&#9;&#9;&#9;this.testoIns.setText(&quot;Nome File non corretto.Riprova                        &quot;);&#10;&#9;&#9;&#9;&#9;else&#10;&#9;&#9;&#9;&#9;&#9;// ----------------------------------&#10;&#9;&#9;&#9;&#9;&#9;// Carattere UTF8 non codificato &#10;&#9;&#9;&#9;&#9;&#9;//this.testoIns.setText(&quot;File gi‡ esistente. Riprova                         &quot;);&#10;&#9;&#9;&#9;&#9;&#9;this.testoIns.setText(&quot;File già esistente. Riprova                         &quot;);&#10;&#9;&#9;&#9;&#9;&#9;// ----------------------------------&#10;&#9;&#9;&#9;&#9;}&#10;&#9;&#9;&#9;else{&#10;&#9;&#9;&#9;&#9;pannelloRubIns(false);&#10;&#9;&#9;&#9;&#9;pannelloInput(true);&#10;&#9;&#9;&#9;&#9;try{&#10;&#9;&#9;&#9;&#9;&#9;this.fileS = new FileOutputStream(nameRub);&#10;&#9;&#9;&#9;&#9;&#9;this.scrittura = new PrintStream(this.fileS);&#10;&#9;&#9;&#9;&#9;}&#10;&#9;&#9;&#9;&#9;catch(FileNotFoundException ex){&#10;&#9;&#9;&#9;&#9;&#9;System.out.println(&quot;Errore in lettura File...&quot;);&#10;&#9;&#9;&#9;&#9;}&#10;&#9;&#9;&#9;}&#10;&#9;&#9;}&#10;&#9;&#9;if(command.equals(&quot;invio &quot;)){&#10;&#9;&#9;&#9;test=true;&#10;&#9;&#9;&#9;&#10;&#9;&#9;&#9;if(nameRub.equals(&quot;&quot;))&#10;&#9;&#9;&#9;&#9;test=false;&#10;&#9;&#9;&#9;&#10;&#9;&#9;&#9;this.exFile = new File(nameRub);&#10;&#9;&#9;&#9;if( ((this.exFile).exists()) &amp;&amp; (test==true)){&#10;&#9;&#9;&#9;&#9;this.letturaFile(nameRub);&#10;&#9;&#9;&#9;&#9;this.stampa();&#10;&#9;&#9;&#9;&#9;this.pannelloRubStp(false);&#10;&#9;&#9;&#9;&#9;this.pannelloOutput(true);&#10;&#9;&#9;&#9;}&#10;&#9;&#9;&#9;else{&#10;&#9;&#9;&#9;&#9;this.inNameRub.setText(&quot;&quot;);&#10;&#9;&#9;&#9;&#9;if(test==false)&#10;&#9;&#9;&#9;&#9;&#9;this.testoStp.setText(&quot;Nome File non corretto.Riprova!                       &quot;);&#10;&#9;&#9;&#9;&#9;else&#10;&#9;&#9;&#9;&#9;&#9;testoStp.setText(&quot;File non esistente. Riprova!                        &quot;);&#10;&#9;&#9;&#9;}&#10;&#9;&#9;}&#10;&#9;&#9;if(command.equals(&quot;reset&quot;)){&#10;&#9;&#9;&#9;this.reset();&#10;&#9;&#9;}&#10;&#9;&#9;if(command.equals(&quot;save &amp; back&quot;)){&#10;&#9;&#9;&#9;this.pannelloInput(false);&#10;&#9;&#9;&#9;this.pannelloRubIns(false);&#10;&#9;&#9;&#9;this.pannelloRubStp(false);&#10;&#9;&#9;&#9;this.pannelloIndex(true);&#10;&#9;&#9;&#9;this.pannelloOutput(false);&#10;&#9;&#9;}&#10;&#9;&#9;if(command.equals(&quot;cerca&quot;)){&#10;&#9;&#9;&#9;test=true;&#10;&#9;&#9;&#9;&#10;&#9;&#9;&#9;if(nameRub.equals(&quot;&quot;))&#10;&#9;&#9;&#9;&#9;test=false;&#10;&#9;&#9;&#9;&#10;&#9;&#9;&#9;this.exFile = new File(nameRub);&#10;&#9;&#9;&#9;if( ((this.exFile).exists()) &amp;&amp; (test==true)){&#10;&#9;&#9;&#9;&#9;this.stringa = this.inCerca.getText();&#10;&#9;&#9;&#9;&#9;this.cont=0;&#10;&#9;&#9;&#9;&#9;// ----------------------------------&#10;&#9;&#9;&#9;&#9;// Variabile non usata&#10;&#9;&#9;&#9;&#9;// con=0;&#10;&#9;&#9;&#9;&#9;// ----------------------------------&#10;&#9;&#9;&#9;&#9;this.linee=0;&#10;&#9;&#9;&#9;&#9;this.cerca = new int[100];&#10;&#9;&#9;&#9;&#9;this.cerca(this.stringa,nameRub);&#10;&#9;&#9;&#9;&#9;this.i=0;&#10;&#9;&#9;&#9;&#9;if(this.cerca[0]==0) {&#10;&#9;&#9;&#9;&#9;&#9;do {&#10;&#9;&#9;&#9;&#9;&#9;&#9;this.stampaRisultati(this.cerca[this.i]-1,nameRub);&#10;&#9;&#9;&#9;&#9;&#9;&#9;this.i++;&#10;&#9;&#9;&#9;&#9;&#9;} while(this.cerca[this.i]!=0);&#10;&#9;&#9;&#9;&#9;}else{&#10;&#9;&#9;&#9;&#9;&#9;this.risCerca=&quot;Nessun contatto trovato!!&quot;;&#10;&#9;&#9;&#9;&#9;}&#10;&#9;&#9;&#9;&#9;this.risultati.setText(this.risCerca);&#10;&#9;&#9;&#9;&#9;this.pannelloCerca(false);&#10;&#9;&#9;&#9;&#9;this.pannelloRisultati(true);&#10;&#9;&#9;&#9;}else{&#10;&#9;&#9;&#9;&#9;this.inNameRub.setText(&quot;&quot;);&#10;&#9;&#9;&#9;&#9;if(test==false)&#10;&#9;&#9;&#9;&#9;&#9;this.testoStp.setText(&quot;Nome File non corretto.Riprova!                       &quot;);&#10;&#9;&#9;&#9;&#9;else&#10;&#9;&#9;&#9;&#9;&#9;this.testoStp.setText(&quot;File non esistente. Riprova!                        &quot;);&#10;&#9;&#9;&#9;}&#10;&#9;&#9;}&#10;&#9;&#9;if(command.equals(&quot;Esci&quot;)){&#10;&#9;&#9;&#9;System.exit(0);&#10;&#9;&#9;}&#10;&#9;&#9;if(command.equals(&quot;crea rubrica&quot;)){&#10;&#9;&#9;&#9;this.pannelloRubIns(true);&#10;&#9;&#9;&#9;this.pannelloIndex(false);&#10;&#9;&#9;}&#10;&#9;&#9;if(command.equals(&quot;visualizza contatti&quot;)){&#10;&#9;&#9;&#9;this.pannelloRubStp(true);&#10;&#9;&#9;&#9;this.pannelloIndex(false);&#10;&#9;&#9;}&#10;&#9;&#9;if(command.equals(&quot;cerca contatti&quot;)) {&#10;&#9;&#9;&#9;this.pannelloIndex(false);&#10;&#9;&#9;&#9;this.pannelloCerca(true);&#10;&#9;&#9;}&#10;&#9;}&#10;   &#10;&#9;void letturaFile(String nomeFile) {&#10;&#9;&#9;  int cont=0;&#10;&#9;&#9;  this.lineeStm=0;&#10;&#9;&#9;  &#10;&#9;&#9;  try {&#10;&#9;&#9;&#9;  this.fileL = new FileReader(nomeFile);&#10;&#9;&#9;&#9;  this.lettura = new BufferedReader(this.fileL);&#10;&#9;&#9;&#9;  &#10;&#9;&#9;&#9;  while( (this.linea = this.lettura.readLine()) != null )&#10;&#9;&#9;&#9;&#9;  this.lineeStm++;&#10;&#9;&#9;&#9;  &#10;&#9;&#9;&#9;  this.fileL = new FileReader(nomeFile);&#10;&#9;&#9;&#9;  this.lettura = new BufferedReader(fileL);&#10;&#9;&#9;&#9;  &#10;&#9;&#9;&#9;  while( cont &lt; this.num*4 ) {&#10;&#9;&#9;&#9;&#9;  cont++;&#10;&#9;&#9;&#9;&#9;  this.linea = this.lettura.readLine();&#10;&#9;&#9;&#9;  }&#10;&#9;&#9;  }&#10;&#9;&#9;  catch(FileNotFoundException ex) {&#10;&#9;&#9;&#9;  System.out.println(&quot;Errore in lettura file, Nessun file trovato!&quot;);&#10;&#9;&#9;  }&#10;&#9;&#9;  catch(IOException ex) {&#10;&#9;&#9;&#9;  System.out.println(&quot;Errore in lettura file..&quot;);&#10;&#9;&#9;  }&#10;&#9;}&#10;&#9;&#10;&#9;void cerca(String stringRicerca,String nomeFile) {&#10;&#9;&#9;this.i=0;&#10;&#9;&#9;&#10;&#9;&#9;try{&#10;&#9;&#9;&#9;this.fileL = new FileReader(nomeFile);&#10;&#9;&#9;&#9;this.lettura= new BufferedReader(this.fileL);&#10;&#9;&#9;&#9;&#10;&#9;&#9;&#9;while( (this.linea = this.lettura.readLine()) != null ) {&#10;&#9;&#9;&#9;&#9;this.linee++;&#10;&#9;&#9;&#9;}&#10;&#9;&#9;&#9;&#10;&#9;&#9;&#9;this.fileL = new FileReader(nomeFile);&#10;&#9;&#9;&#9;this.lettura = new BufferedReader(this.fileL);&#10;&#9;&#9;&#9;this.num=1;&#10;&#9;&#9;&#9;do {&#10;&#9;&#9;&#9;&#9;while( this.cont &lt; this.num*4 ) {&#10;&#9;&#9;&#9;&#9;&#9;this.cont++;&#10;&#9;&#9;&#9;&#9;&#9;this.linea = this.lettura.readLine();&#10;&#9;&#9;&#9;&#9;&#9;if( this.linea != null) {&#10;&#9;&#9;&#9;&#9;&#9;&#9;if(this.linea.equals(stringRicerca)) {&#10;&#9;&#9;&#9;&#9;&#9;&#9;&#9;this.cerca[this.i] = this.num;&#10;&#9;&#9;&#9;&#9;&#9;&#9;&#9;this.i++;&#10;&#9;&#9;&#9;&#9;&#9;&#9;}&#10;&#9;&#9;&#9;&#9;&#9;}&#10;&#9;&#9;&#9;&#9;}&#10;&#9;&#9;&#9;&#9;this.num++;&#10;&#9;&#9;&#9;}&#10;&#9;&#9;&#9;while(this.cont &lt; this.linee);&#10;&#9;&#9;}&#10;&#9;&#9;catch(FileNotFoundException ex) {&#10;&#9;&#9;&#9;System.out.println(&quot;Errore in lettura file..&quot;);&#10;&#9;&#9;}&#10;&#9;&#9;catch(IOException ex) {&#10;&#9;&#9;&#9;System.out.println(&quot;Errore in lettura file..&quot;);&#10;&#9;&#9;}&#10;&#9;}&#10;&#9;&#10;&#9;void stampaRisultati(int nume,String nomeFile) {&#10;&#9;&#9;this.cont=0;&#10;&#9;&#9;// ----------------------------------&#10;&#9;&#9;// Variabile non usata&#10;&#9;&#9;// con=0;&#10;&#9;&#9;// ----------------------------------&#10;&#9;&#9;this.linee=0;&#10;&#9;&#9;try{&#10;&#9;&#9;&#9;this.fileL = new FileReader(nomeFile);&#10;&#9;&#9;&#9;this.lettura = new BufferedReader(this.fileL);&#10;&#9;&#9;&#9;&#10;&#9;&#9;&#9;while( (this.linea = this.lettura.readLine()) != null ) {&#10;&#9;&#9;&#9;&#9;this.linee++;&#10;&#9;&#9;&#9;}&#10;&#9;&#9;&#9;&#10;&#9;&#9;&#9;this.fileL = new FileReader(nomeFile);&#10;&#9;&#9;&#9;this.lettura = new BufferedReader(this.fileL);&#10;&#9;&#9;&#9;&#10;&#9;&#9;&#9;while(this.cont&lt;nume*4) {&#10;&#9;&#9;&#9;&#9;this.linea = this.lettura.readLine();&#10;&#9;&#9;&#9;&#9;this.cont++;&#10;&#9;&#9;&#9;}&#10;&#9;&#9;&#9;&#10;&#9;&#9;&#9;this.linea = this.lettura.readLine();&#10;&#9;&#9;&#9;this.risCerca += &quot;Nome: &quot; + this.linea;&#10;&#9;&#9;&#9;&#10;&#9;&#9;&#9;this.linea = this.lettura.readLine();&#10;&#9;&#9;&#9;this.risCerca += &quot;\nCognome: &quot; + this.linea;&#10;&#9;&#9;&#9;&#10;&#9;&#9;&#9;this.linea = this.lettura.readLine();&#10;&#9;&#9;&#9;this.risCerca += &quot;\nNumero Casa: &quot; + this.linea;&#10;&#9;&#9;&#9;&#10;&#9;&#9;&#9;this.linea = this.lettura.readLine();&#10;&#9;&#9;&#9;this.risCerca += &quot;\nIndirizzo: &quot; + this.linea + &quot;\n\n&quot;;&#10;&#9;&#9;}&#10;&#9;&#9;catch(FileNotFoundException ex) {&#10;&#9;&#9;&#9;System.out.println(&quot;Errore in lettura file..&quot;);&#10;&#9;&#9;}&#10;&#9;&#9;catch(IOException ex) { &#10;&#9;&#9;&#9;System.out.println(&quot;Errore in lettura file..&quot;);&#10;&#9;&#9;}&#10;&#9;}&#10;&#10;&#9;void stampa() {&#10;&#9;&#9;&#10;&#9;&#9;try {&#10;&#9;&#9;&#9;this.linea = this.lettura.readLine();&#10;&#9;&#9;&#9;this.stmNome.setText(&quot;                        Nome :  &quot; + this.linea + &quot;                                            &quot;);&#10;&#9;&#9;&#9;this.linea = this.lettura.readLine();&#10;&#9;&#9;&#9;this.stmCognome.setText(&quot;                        Cognome :  &quot; + this.linea + &quot;                                  &quot;);&#10;&#9;&#9;&#9;this.linea = this.lettura.readLine();&#10;&#9;&#9;&#9;this.stmNumero.setText(&quot;                         Numero :  &quot; + this.linea + &quot;                                  &quot;);&#10;&#9;&#9;&#9;this.linea = this.lettura.readLine();&#10;&#9;&#9;&#9;this.stmIndirizzo.setText(&quot;                        Indirizzo :  &quot; + this.linea + &quot;                                  &quot;);&#10;&#9;&#9;}&#10;&#9;&#9;catch(IOException ex) {&#10;&#9;&#9;&#9;System.out.println(&quot;Errore in stampa Dati File.....&quot;);&#10;&#9;&#9;} &#10;&#9;&#9;catch(NullPointerException ex) {&#10;&#9;&#9;&#9;System.out.println(&quot;Nessun file ricevuto...&quot;);&#10;&#9;&#9;}&#10;&#9;}&#10;&#9;&#10;&#9;void reset() {&#10;&#9;&#9;this.inNome.setText(&quot;&quot;);&#10;&#9;&#9;this.inCognome.setText(&quot;&quot;);&#10;&#9;&#9;this.inNumero.setText(&quot;&quot;);&#10;&#9;&#9;this.inIndirizzo.setText(&quot;&quot;);&#10;&#9;}&#10;&#9;&#10;&#9;void pannelloCerca(boolean att) {&#10;&#9;&#9;this.testoStp.setVisible(att);&#10;&#9;&#9;this.inNameRub.setVisible(att);&#10;&#9;&#9;this.infoCerca.setVisible(att);&#10;&#9;&#9;this.inCerca.setVisible(att);&#10;&#9;&#9;Cerca.setVisible(att);&#10;&#9;&#9;back.setVisible(att);&#10;&#9;   }&#10;   &#10;&#9;void pannelloRisultati(boolean att) {&#10;&#9;&#9;this.risultati.setVisible(att);&#10;&#9;&#9;this.back.setVisible(att);&#10;&#9;}&#10;&#9;&#10;&#9;void pannelloInput(boolean att) {&#10;&#9;&#9;this.nome.setVisible(att);&#10;&#9;&#9;this.inNome.setVisible(att);&#10;&#9;&#9;this.Cognome.setVisible(att);&#10;&#9;&#9;this.inCognome.setVisible(att);&#10;&#9;&#9;this.Numero.setVisible(att);&#10;&#9;&#9;this.inNumero.setVisible(att);&#10;&#9;&#9;this.Indirizzo.setVisible(att);&#10;&#9;&#9;this.inIndirizzo.setVisible(att);&#10;&#9;&#9;&#10;&#9;&#9;this.ok.setVisible(att);&#10;&#9;&#9;this.reset.setVisible(att);&#10;&#9;&#9;this.savExit.setVisible(att);&#10;&#9;}&#10;&#9;&#10;&#9;void pannelloOutput(boolean att) {&#10;&#9;&#9;this.stmNome.setVisible(att);&#10;&#9;&#9;this.stmCognome.setVisible(att);&#10;&#9;&#9;this.stmNumero.setVisible(att);&#10;&#9;&#9;this.stmIndirizzo.setVisible(att);&#10;&#9;&#9;this.avanti.setVisible(att);&#10;&#9;&#9;this.back.setVisible(att);&#10;&#9;&#9;this.indietro.setVisible(att);&#10;&#9;}&#10;&#9;&#10;&#9;void pannelloRubIns(boolean att) {&#10;&#9;&#9;this.testoStp.setVisible(false);&#10;&#9;&#9;this.testoIns.setVisible(att);&#10;&#9;&#9;this.inNameRub.setVisible(att);&#10;&#9;&#9;this.invio.setVisible(att);&#10;&#9;&#9;this.invio_.setVisible(false);&#10;&#9;}&#10;&#9;&#10;&#9;void pannelloRubStp(boolean att) {&#10;&#9;&#9;this.testoIns.setVisible(false);&#10;&#9;&#9;this.testoStp.setVisible(att);&#10;&#9;&#9;this.inNameRub.setVisible(att);&#10;&#9;&#9;this.invio.setVisible(false);&#10;&#9;&#9;this.invio_.setVisible(att);&#10;&#9;&#9;this.back.setVisible(att);&#10;&#9;}&#10;&#9;&#10;&#9;void pannelloIndex(boolean att) {&#10;&#9;&#9;this.index.setVisible(att);&#10;&#9;&#9;this.indIns.setVisible(att);&#10;&#9;&#9;this.indStp.setVisible(att);&#10;&#9;&#9;this.indCer.setVisible(att);&#10;&#9;&#9;this.exit.setVisible(att);&#10;&#9;&#9;this.spazio.setVisible(att);&#10;&#9;}&#10;}" Filename="PanelInserimento.java" Intrnl_Id="2"/>
<SrcFile Content="/**&#10; * FramePri.java&#10; * &#10; * @author Alenadri Enrico - III G&#10; * @date 6/02/2009&#10; * Fixed by:&#10; * &quot;helloIAmPau - Pasquale Boemio &lt;pa.boemio[at]studenti.unina.it&gt;&quot;&#10; * &quot;b3by&quot; - Antonio Bevilacqua &lt;anto.bevilacqua[at]studenti.unina.it&gt;&quot;&#10; * ----------&#10; * This is the frame object showed by Rubrica.java.&#10; * We suppose the purpose of the author is to have an object representative of the view with &#10; * which the user interacts. &#10; * &#10; * We have fixed:&#10; * 1. indentation&#10; * 2. added some inline documentation&#10; * 3. added the serialVersionUID (not necessary)&#10; * &#10; * NB: Some class or variables name are edited in order to respect the standard &quot;camel notation&quot;&#10; * to make this source code more readable. &#10; */&#10;package is2.rubrica;&#10;&#10;import java.awt.Container;&#10;import javax.swing.JFrame;&#10;&#10;public class FramePri extends JFrame {&#10;&#9;&#10;    // L'oggetto JFrame e` un oggetto &quot;Serializable&quot;. Poiche` abbiamo seri problemi,&#10;&#9;// preferiamo eliminare anche tutti i &quot;warning&quot; presenti nel codice, e quindi &#10;&#9;// assegnamo a questo un id autogenerato!&#10;&#9;private static final long serialVersionUID = 5630246559558602437L;&#10;&#9;// Ecco quanto dovra` essere grande il mio pannello!&#10;&#9;public static final int DEFAULT_WIDTH = 300 ;&#10;&#9;public static final int DEFAULT_HEIGHT = 245 ;&#10;&#9;&#10;    /**&#10;     * This method builds the panel and puts it at location (xLoc,yLoc) on the screen. &#10;     * &#10;     * @param xLoc : This is the location of the panel on the axis x&#10;     * @param yLoc : This is the location of the panel on the axis y&#10;     */&#10;&#9;public FramePri(int xLoc,int yLoc){&#10;&#9;&#9;this.setSize(FramePri.DEFAULT_WIDTH, FramePri.DEFAULT_HEIGHT); // setta la dimensione&#10;&#9;&#9;this.setTitle(&quot;Rubrica 2.0  by Aleandri Enrico&quot;); // setta il titolo&#10;&#9;&#9;this.setResizable(false); // non permettere all'utente di fare come cacchio gli pare&#10;&#9;&#9;this.setLocation(xLoc,yLoc); // mettilo proprio li, aspe` un po` piu` a destra, ok!&#10;&#9;&#9;PanelInserimento panelIns = new PanelInserimento(); // crea il contenuto del pannello &#10;&#9;&#9;Container contentPane = getContentPane(); // prendi il contenitore&#10;&#9;&#9;contentPane.add(panelIns); // in tavola!&#10;&#9;&#9;&#10;&#9;}&#10;}&#10;" Filename="FramePri.java" Intrnl_Id="3"/>
</SrcFileList>
<CritList>
<CritListEntry Name="org.codecover.model.utils.criteria.LoopCoverage" PluginName="org.codecover"/>
<CritListEntry Name="org.codecover.model.utils.criteria.BranchCoverage" PluginName="org.codecover"/>
<CritListEntry Name="org.codecover.model.utils.criteria.ConditionCoverage" PluginName="org.codecover"/>
<CritListEntry Name="org.codecover.model.utils.criteria.SynchronizedStatementCoverage" PluginName="org.codecover"/>
<CritListEntry Name="org.codecover.model.utils.criteria.QMOCoverage" PluginName="org.codecover"/>
<CritListEntry Name="org.codecover.model.utils.criteria.StatementCoverage" PluginName="org.codecover"/>
</CritList>
<BoolOpList>
<BoolOp Arity="2" Intrnl_Id="4" Name="conditional and (&amp;&amp;)">
<BoolAssgnmntBoolMapList>
<MapEntry BoolAssgnmnt="10" Value="false"/>
<MapEntry BoolAssgnmnt="02" Value="false"/>
<MapEntry BoolAssgnmnt="11" Value="true"/>
</BoolAssgnmntBoolMapList>
</BoolOp>
<BoolOp Arity="2" Intrnl_Id="5" Name="conditional or (||)">
<BoolAssgnmntBoolMapList>
<MapEntry BoolAssgnmnt="01" Value="true"/>
<MapEntry BoolAssgnmnt="00" Value="false"/>
<MapEntry BoolAssgnmnt="12" Value="true"/>
</BoolAssgnmntBoolMapList>
</BoolOp>
</BoolOpList>
<HierarchyLvlTypeList>
<HierarchyLvlType EnglishName="package" IntrnlName="package" Intrnl_Id="6"/>
<HierarchyLvlType EnglishName="class" IntrnlName="class" Intrnl_Id="7"/>
<HierarchyLvlType EnglishName="method" IntrnlName="method" Intrnl_Id="8"/>
<HierarchyLvlType EnglishName="default package" IntrnlName="default package" Intrnl_Id="9"/>
</HierarchyLvlTypeList>
<MASTRoot>
<HierarchyLvl HierarchyLvlId="552" HierarchyLvlTypeId="9" Intrnl_Id="10" Name="default package">
<Header/>
<LocList/>
<HierarchyLvl HierarchyLvlId="551" HierarchyLvlTypeId="6" Intrnl_Id="11" Name="is2">
<Header/>
<LocList/>
<HierarchyLvl HierarchyLvlId="550" HierarchyLvlTypeId="6" Intrnl_Id="12" Name="rubrica">
<Header/>
<LocList/>
<HierarchyLvl HierarchyLvlId="532" HierarchyLvlTypeId="7" Intrnl_Id="13" Name="Rubrica">
<Header>
<Loc EndOffset="716" SrcFileId="1" StartOffset="696"/>
</Header>
<LocList>
<Loc EndOffset="1611" SrcFileId="1" StartOffset="696"/>
</LocList>
<HierarchyLvl HierarchyLvlId="531" HierarchyLvlTypeId="8" Intrnl_Id="14" Name="main">
<Header>
<Loc EndOffset="926" SrcFileId="1" StartOffset="888"/>
</Header>
<LocList>
<Loc EndOffset="1608" SrcFileId="1" StartOffset="888"/>
</LocList>
<StmntSeq Intrnl_Id="15">
<LocList>
<Loc EndOffset="1000" SrcFileId="1" StartOffset="933"/>
<Loc EndOffset="1088" SrcFileId="1" StartOffset="1047"/>
<Loc EndOffset="1184" SrcFileId="1" StartOffset="1131"/>
<Loc EndOffset="1518" SrcFileId="1" StartOffset="1495"/>
</LocList>
<BasicStmnt CovItemId="S1" CovItemPrefix="is2.rubrica.Rubrica.java" Intrnl_Id="16">
<LocList>
<Loc EndOffset="1000" SrcFileId="1" StartOffset="933"/>
</LocList>
</BasicStmnt>
<BasicStmnt CovItemId="S2" CovItemPrefix="is2.rubrica.Rubrica.java" Intrnl_Id="17">
<LocList>
<Loc EndOffset="1088" SrcFileId="1" StartOffset="1047"/>
</LocList>
</BasicStmnt>
<BasicStmnt CovItemId="S3" CovItemPrefix="is2.rubrica.Rubrica.java" Intrnl_Id="18">
<LocList>
<Loc EndOffset="1184" SrcFileId="1" StartOffset="1131"/>
</LocList>
</BasicStmnt>
<BasicStmnt CovItemId="S4" CovItemPrefix="is2.rubrica.Rubrica.java" Intrnl_Id="19">
<LocList>
<Loc EndOffset="1518" SrcFileId="1" StartOffset="1495"/>
</LocList>
</BasicStmnt>
</StmntSeq>
</HierarchyLvl>
</HierarchyLvl>
<HierarchyLvl HierarchyLvlId="547" HierarchyLvlTypeId="7" Intrnl_Id="20" Name="PanelInserimento">
<Header>
<Loc EndOffset="1201" SrcFileId="2" StartOffset="1131"/>
</Header>
<LocList>
<Loc EndOffset="18587" SrcFileId="2" StartOffset="1131"/>
</LocList>
<StmntSeq Intrnl_Id="21">
<LocList>
<Loc EndOffset="1478" SrcFileId="2" StartOffset="1413"/>
<Loc EndOffset="1676" SrcFileId="2" StartOffset="1616"/>
<Loc EndOffset="1856" SrcFileId="2" StartOffset="1807"/>
<Loc EndOffset="2286" SrcFileId="2" StartOffset="2251"/>
</LocList>
<BasicStmnt CovItemId="S1" CovItemPrefix="is2.rubrica.PanelInserimento.java" Intrnl_Id="22">
<LocList>
<Loc EndOffset="1478" SrcFileId="2" StartOffset="1413"/>
</LocList>
</BasicStmnt>
<BasicStmnt CovItemId="S2" CovItemPrefix="is2.rubrica.PanelInserimento.java" Intrnl_Id="23">
<LocList>
<Loc EndOffset="1676" SrcFileId="2" StartOffset="1616"/>
</LocList>
</BasicStmnt>
<BasicStmnt CovItemId="S3" CovItemPrefix="is2.rubrica.PanelInserimento.java" Intrnl_Id="24">
<LocList>
<Loc EndOffset="1856" SrcFileId="2" StartOffset="1807"/>
</LocList>
</BasicStmnt>
<BasicStmnt CovItemId="S4" CovItemPrefix="is2.rubrica.PanelInserimento.java" Intrnl_Id="25">
<LocList>
<Loc EndOffset="2286" SrcFileId="2" StartOffset="2251"/>
</LocList>
</BasicStmnt>
</StmntSeq>
<HierarchyLvl HierarchyLvlId="533" HierarchyLvlTypeId="8" Intrnl_Id="26" Name="PanelInserimento">
<Header>
<Loc EndOffset="2784" SrcFileId="2" StartOffset="2759"/>
</Header>
<LocList>
<Loc EndOffset="8019" SrcFileId="2" StartOffset="2759"/>
</LocList>
<StmntSeq Intrnl_Id="27">
<LocList>
<Loc EndOffset="2823" SrcFileId="2" StartOffset="2791"/>
<Loc EndOffset="2884" SrcFileId="2" StartOffset="2826"/>
<Loc EndOffset="2998" SrcFileId="2" StartOffset="2912"/>
<Loc EndOffset="3142" SrcFileId="2" StartOffset="3114"/>
<Loc EndOffset="3227" SrcFileId="2" StartOffset="3185"/>
<Loc EndOffset="3279" SrcFileId="2" StartOffset="3230"/>
<Loc EndOffset="3326" SrcFileId="2" StartOffset="3282"/>
<Loc EndOffset="3490" SrcFileId="2" StartOffset="3407"/>
<Loc EndOffset="3563" SrcFileId="2" StartOffset="3493"/>
<Loc EndOffset="3713" SrcFileId="2" StartOffset="3679"/>
<Loc EndOffset="3750" SrcFileId="2" StartOffset="3716"/>
<Loc EndOffset="3829" SrcFileId="2" StartOffset="3793"/>
<Loc EndOffset="3977" SrcFileId="2" StartOffset="3941"/>
<Loc EndOffset="4054" SrcFileId="2" StartOffset="4020"/>
<Loc EndOffset="4093" SrcFileId="2" StartOffset="4057"/>
<Loc EndOffset="4155" SrcFileId="2" StartOffset="4121"/>
<Loc EndOffset="4236" SrcFileId="2" StartOffset="4158"/>
<Loc EndOffset="4384" SrcFileId="2" StartOffset="4348"/>
<Loc EndOffset="4461" SrcFileId="2" StartOffset="4427"/>
<Loc EndOffset="4605" SrcFileId="2" StartOffset="4573"/>
<Loc EndOffset="4685" SrcFileId="2" StartOffset="4648"/>
<Loc EndOffset="4833" SrcFileId="2" StartOffset="4797"/>
<Loc EndOffset="4910" SrcFileId="2" StartOffset="4876"/>
<Loc EndOffset="4948" SrcFileId="2" StartOffset="4913"/>
<Loc EndOffset="5036" SrcFileId="2" StartOffset="4989"/>
<Loc EndOffset="5092" SrcFileId="2" StartOffset="5039"/>
<Loc EndOffset="5151" SrcFileId="2" StartOffset="5095"/>
<Loc EndOffset="5211" SrcFileId="2" StartOffset="5154"/>
<Loc EndOffset="5243" SrcFileId="2" StartOffset="5214"/>
<Loc EndOffset="5280" SrcFileId="2" StartOffset="5246"/>
<Loc EndOffset="5325" SrcFileId="2" StartOffset="5283"/>
<Loc EndOffset="5361" SrcFileId="2" StartOffset="5328"/>
<Loc EndOffset="5400" SrcFileId="2" StartOffset="5364"/>
<Loc EndOffset="5438" SrcFileId="2" StartOffset="5403"/>
<Loc EndOffset="5479" SrcFileId="2" StartOffset="5441"/>
<Loc EndOffset="5581" SrcFileId="2" StartOffset="5551"/>
<Loc EndOffset="5620" SrcFileId="2" StartOffset="5584"/>
<Loc EndOffset="5657" SrcFileId="2" StartOffset="5623"/>
<Loc EndOffset="5700" SrcFileId="2" StartOffset="5660"/>
<Loc EndOffset="5811" SrcFileId="2" StartOffset="5776"/>
<Loc EndOffset="5855" SrcFileId="2" StartOffset="5814"/>
<Loc EndOffset="5897" SrcFileId="2" StartOffset="5858"/>
<Loc EndOffset="5944" SrcFileId="2" StartOffset="5900"/>
<Loc EndOffset="5979" SrcFileId="2" StartOffset="5947"/>
<Loc EndOffset="6018" SrcFileId="2" StartOffset="5982"/>
<Loc EndOffset="6055" SrcFileId="2" StartOffset="6021"/>
<Loc EndOffset="6263" SrcFileId="2" StartOffset="6242"/>
<Loc EndOffset="6288" SrcFileId="2" StartOffset="6266"/>
<Loc EndOffset="6313" SrcFileId="2" StartOffset="6291"/>
<Loc EndOffset="6338" SrcFileId="2" StartOffset="6316"/>
<Loc EndOffset="6361" SrcFileId="2" StartOffset="6341"/>
<Loc EndOffset="6403" SrcFileId="2" StartOffset="6367"/>
<Loc EndOffset="6442" SrcFileId="2" StartOffset="6406"/>
<Loc EndOffset="6481" SrcFileId="2" StartOffset="6445"/>
<Loc EndOffset="6518" SrcFileId="2" StartOffset="6484"/>
<Loc EndOffset="6593" SrcFileId="2" StartOffset="6569"/>
<Loc EndOffset="6620" SrcFileId="2" StartOffset="6596"/>
<Loc EndOffset="6648" SrcFileId="2" StartOffset="6623"/>
<Loc EndOffset="6672" SrcFileId="2" StartOffset="6651"/>
<Loc EndOffset="6697" SrcFileId="2" StartOffset="6675"/>
<Loc EndOffset="6738" SrcFileId="2" StartOffset="6703"/>
<Loc EndOffset="6777" SrcFileId="2" StartOffset="6741"/>
<Loc EndOffset="6839" SrcFileId="2" StartOffset="6814"/>
<Loc EndOffset="6867" SrcFileId="2" StartOffset="6842"/>
<Loc EndOffset="6893" SrcFileId="2" StartOffset="6870"/>
<Loc EndOffset="6917" SrcFileId="2" StartOffset="6896"/>
<Loc EndOffset="6958" SrcFileId="2" StartOffset="6923"/>
<Loc EndOffset="7024" SrcFileId="2" StartOffset="7004"/>
<Loc EndOffset="7049" SrcFileId="2" StartOffset="7027"/>
<Loc EndOffset="7075" SrcFileId="2" StartOffset="7052"/>
<Loc EndOffset="7103" SrcFileId="2" StartOffset="7078"/>
<Loc EndOffset="7128" SrcFileId="2" StartOffset="7106"/>
<Loc EndOffset="7155" SrcFileId="2" StartOffset="7131"/>
<Loc EndOffset="7183" SrcFileId="2" StartOffset="7158"/>
<Loc EndOffset="7213" SrcFileId="2" StartOffset="7186"/>
<Loc EndOffset="7234" SrcFileId="2" StartOffset="7216"/>
<Loc EndOffset="7258" SrcFileId="2" StartOffset="7237"/>
<Loc EndOffset="7284" SrcFileId="2" StartOffset="7261"/>
<Loc EndOffset="7322" SrcFileId="2" StartOffset="7290"/>
<Loc EndOffset="7360" SrcFileId="2" StartOffset="7325"/>
<Loc EndOffset="7400" SrcFileId="2" StartOffset="7363"/>
<Loc EndOffset="7479" SrcFileId="2" StartOffset="7456"/>
<Loc EndOffset="7508" SrcFileId="2" StartOffset="7482"/>
<Loc EndOffset="7536" SrcFileId="2" StartOffset="7511"/>
<Loc EndOffset="7567" SrcFileId="2" StartOffset="7539"/>
<Loc EndOffset="7594" SrcFileId="2" StartOffset="7570"/>
<Loc EndOffset="7617" SrcFileId="2" StartOffset="7597"/>
<Loc EndOffset="7642" SrcFileId="2" StartOffset="7620"/>
<Loc EndOffset="7677" SrcFileId="2" StartOffset="7645"/>
<Loc EndOffset="7719" SrcFileId="2" StartOffset="7683"/>
<Loc EndOffset="7756" SrcFileId="2" StartOffset="7722"/>
<Loc EndOffset="7797" SrcFileId="2" StartOffset="7759"/>
<Loc EndOffset="7891" SrcFileId="2" StartOffset="7865"/>
<Loc EndOffset="7921" SrcFileId="2" StartOffset="7894"/>
<Loc EndOffset="7951" SrcFileId="2" StartOffset="7924"/>
<Loc EndOffset="7980" SrcFileId="2" StartOffset="7954"/>
<Loc EndOffset="8013" SrcFileId="2" StartOffset="7983"/>
</LocList>
<BasicStmnt CovItemId="S5" CovItemPrefix="is2.rubrica.PanelInserimento.java" Intrnl_Id="28">
<LocList>
<Loc EndOffset="2823" SrcFileId="2" StartOffset="2791"/>
</LocList>
</BasicStmnt>
<BasicStmnt CovItemId="S6" CovItemPrefix="is2.rubrica.PanelInserimento.java" Intrnl_Id="29">
<LocList>
<Loc EndOffset="2884" SrcFileId="2" StartOffset="2826"/>
</LocList>
</BasicStmnt>
<BasicStmnt CovItemId="S7" CovItemPrefix="is2.rubrica.PanelInserimento.java" Intrnl_Id="30">
<LocList>
<Loc EndOffset="2998" SrcFileId="2" StartOffset="2912"/>
</LocList>
</BasicStmnt>
<BasicStmnt CovItemId="S8" CovItemPrefix="is2.rubrica.PanelInserimento.java" Intrnl_Id="31">
<LocList>
<Loc EndOffset="3142" SrcFileId="2" StartOffset="3114"/>
</LocList>
</BasicStmnt>
<BasicStmnt CovItemId="S9" CovItemPrefix="is2.rubrica.PanelInserimento.java" Intrnl_Id="32">
<LocList>
<Loc EndOffset="3227" SrcFileId="2" StartOffset="3185"/>
</LocList>
</BasicStmnt>
<BasicStmnt CovItemId="S10" CovItemPrefix="is2.rubrica.PanelInserimento.java" Intrnl_Id="33">
<LocList>
<Loc EndOffset="3279" SrcFileId="2" StartOffset="3230"/>
</LocList>
</BasicStmnt>
<BasicStmnt CovItemId="S11" CovItemPrefix="is2.rubrica.PanelInserimento.java" Intrnl_Id="34">
<LocList>
<Loc EndOffset="3326" SrcFileId="2" StartOffset="3282"/>
</LocList>
</BasicStmnt>
<BasicStmnt CovItemId="S12" CovItemPrefix="is2.rubrica.PanelInserimento.java" Intrnl_Id="35">
<LocList>
<Loc EndOffset="3490" SrcFileId="2" StartOffset="3407"/>
</LocList>
</BasicStmnt>
<BasicStmnt CovItemId="S13" CovItemPrefix="is2.rubrica.PanelInserimento.java" Intrnl_Id="36">
<LocList>
<Loc EndOffset="3563" SrcFileId="2" StartOffset="3493"/>
</LocList>
</BasicStmnt>
<BasicStmnt CovItemId="S14" CovItemPrefix="is2.rubrica.PanelInserimento.java" Intrnl_Id="37">
<LocList>
<Loc EndOffset="3713" SrcFileId="2" StartOffset="3679"/>
</LocList>
</BasicStmnt>
<BasicStmnt CovItemId="S15" CovItemPrefix="is2.rubrica.PanelInserimento.java" Intrnl_Id="38">
<LocList>
<Loc EndOffset="3750" SrcFileId="2" StartOffset="3716"/>
</LocList>
</BasicStmnt>
<BasicStmnt CovItemId="S16" CovItemPrefix="is2.rubrica.PanelInserimento.java" Intrnl_Id="39">
<LocList>
<Loc EndOffset="3829" SrcFileId="2" StartOffset="3793"/>
</LocList>
</BasicStmnt>
<BasicStmnt CovItemId="S17" CovItemPrefix="is2.rubrica.PanelInserimento.java" Intrnl_Id="40">
<LocList>
<Loc EndOffset="3977" SrcFileId="2" StartOffset="3941"/>
</LocList>
</BasicStmnt>
<BasicStmnt CovItemId="S18" CovItemPrefix="is2.rubrica.PanelInserimento.java" Intrnl_Id="41">
<LocList>
<Loc EndOffset="4054" SrcFileId="2" StartOffset="4020"/>
</LocList>
</BasicStmnt>
<BasicStmnt CovItemId="S19" CovItemPrefix="is2.rubrica.PanelInserimento.java" Intrnl_Id="42">
<LocList>
<Loc EndOffset="4093" SrcFileId="2" StartOffset="4057"/>
</LocList>
</BasicStmnt>
<BasicStmnt CovItemId="S20" CovItemPrefix="is2.rubrica.PanelInserimento.java" Intrnl_Id="43">
<LocList>
<Loc EndOffset="4155" SrcFileId="2" StartOffset="4121"/>
</LocList>
</BasicStmnt>
<BasicStmnt CovItemId="S21" CovItemPrefix="is2.rubrica.PanelInserimento.java" Intrnl_Id="44">
<LocList>
<Loc EndOffset="4236" SrcFileId="2" StartOffset="4158"/>
</LocList>
</BasicStmnt>
<BasicStmnt CovItemId="S22" CovItemPrefix="is2.rubrica.PanelInserimento.java" Intrnl_Id="45">
<LocList>
<Loc EndOffset="4384" SrcFileId="2" StartOffset="4348"/>
</LocList>
</BasicStmnt>
<BasicStmnt CovItemId="S23" CovItemPrefix="is2.rubrica.PanelInserimento.java" Intrnl_Id="46">
<LocList>
<Loc EndOffset="4461" SrcFileId="2" StartOffset="4427"/>
</LocList>
</BasicStmnt>
<BasicStmnt CovItemId="S24" CovItemPrefix="is2.rubrica.PanelInserimento.java" Intrnl_Id="47">
<LocList>
<Loc EndOffset="4605" SrcFileId="2" StartOffset="4573"/>
</LocList>
</BasicStmnt>
<BasicStmnt CovItemId="S25" CovItemPrefix="is2.rubrica.PanelInserimento.java" Intrnl_Id="48">
<LocList>
<Loc EndOffset="4685" SrcFileId="2" StartOffset="4648"/>
</LocList>
</BasicStmnt>
<BasicStmnt CovItemId="S26" CovItemPrefix="is2.rubrica.PanelInserimento.java" Intrnl_Id="49">
<LocList>
<Loc EndOffset="4833" SrcFileId="2" StartOffset="4797"/>
</LocList>
</BasicStmnt>
<BasicStmnt CovItemId="S27" CovItemPrefix="is2.rubrica.PanelInserimento.java" Intrnl_Id="50">
<LocList>
<Loc EndOffset="4910" SrcFileId="2" StartOffset="4876"/>
</LocList>
</BasicStmnt>
<BasicStmnt CovItemId="S28" CovItemPrefix="is2.rubrica.PanelInserimento.java" Intrnl_Id="51">
<LocList>
<Loc EndOffset="4948" SrcFileId="2" StartOffset="4913"/>
</LocList>
</BasicStmnt>
<BasicStmnt CovItemId="S29" CovItemPrefix="is2.rubrica.PanelInserimento.java" Intrnl_Id="52">
<LocList>
<Loc EndOffset="5036" SrcFileId="2" StartOffset="4989"/>
</LocList>
</BasicStmnt>
<BasicStmnt CovItemId="S30" CovItemPrefix="is2.rubrica.PanelInserimento.java" Intrnl_Id="53">
<LocList>
<Loc EndOffset="5092" SrcFileId="2" StartOffset="5039"/>
</LocList>
</BasicStmnt>
<BasicStmnt CovItemId="S31" CovItemPrefix="is2.rubrica.PanelInserimento.java" Intrnl_Id="54">
<LocList>
<Loc EndOffset="5151" SrcFileId="2" StartOffset="5095"/>
</LocList>
</BasicStmnt>
<BasicStmnt CovItemId="S32" CovItemPrefix="is2.rubrica.PanelInserimento.java" Intrnl_Id="55">
<LocList>
<Loc EndOffset="5211" SrcFileId="2" StartOffset="5154"/>
</LocList>
</BasicStmnt>
<BasicStmnt CovItemId="S33" CovItemPrefix="is2.rubrica.PanelInserimento.java" Intrnl_Id="56">
<LocList>
<Loc EndOffset="5243" SrcFileId="2" StartOffset="5214"/>
</LocList>
</BasicStmnt>
<BasicStmnt CovItemId="S34" CovItemPrefix="is2.rubrica.PanelInserimento.java" Intrnl_Id="57">
<LocList>
<Loc EndOffset="5280" SrcFileId="2" StartOffset="5246"/>
</LocList>
</BasicStmnt>
<BasicStmnt CovItemId="S35" CovItemPrefix="is2.rubrica.PanelInserimento.java" Intrnl_Id="58">
<LocList>
<Loc EndOffset="5325" SrcFileId="2" StartOffset="5283"/>
</LocList>
</BasicStmnt>
<BasicStmnt CovItemId="S36" CovItemPrefix="is2.rubrica.PanelInserimento.java" Intrnl_Id="59">
<LocList>
<Loc EndOffset="5361" SrcFileId="2" StartOffset="5328"/>
</LocList>
</BasicStmnt>
<BasicStmnt CovItemId="S37" CovItemPrefix="is2.rubrica.PanelInserimento.java" Intrnl_Id="60">
<LocList>
<Loc EndOffset="5400" SrcFileId="2" StartOffset="5364"/>
</LocList>
</BasicStmnt>
<BasicStmnt CovItemId="S38" CovItemPrefix="is2.rubrica.PanelInserimento.java" Intrnl_Id="61">
<LocList>
<Loc EndOffset="5438" SrcFileId="2" StartOffset="5403"/>
</LocList>
</BasicStmnt>
<BasicStmnt CovItemId="S39" CovItemPrefix="is2.rubrica.PanelInserimento.java" Intrnl_Id="62">
<LocList>
<Loc EndOffset="5479" SrcFileId="2" StartOffset="5441"/>
</LocList>
</BasicStmnt>
<BasicStmnt CovItemId="S40" CovItemPrefix="is2.rubrica.PanelInserimento.java" Intrnl_Id="63">
<LocList>
<Loc EndOffset="5581" SrcFileId="2" StartOffset="5551"/>
</LocList>
</BasicStmnt>
<BasicStmnt CovItemId="S41" CovItemPrefix="is2.rubrica.PanelInserimento.java" Intrnl_Id="64">
<LocList>
<Loc EndOffset="5620" SrcFileId="2" StartOffset="5584"/>
</LocList>
</BasicStmnt>
<BasicStmnt CovItemId="S42" CovItemPrefix="is2.rubrica.PanelInserimento.java" Intrnl_Id="65">
<LocList>
<Loc EndOffset="5657" SrcFileId="2" StartOffset="5623"/>
</LocList>
</BasicStmnt>
<BasicStmnt CovItemId="S43" CovItemPrefix="is2.rubrica.PanelInserimento.java" Intrnl_Id="66">
<LocList>
<Loc EndOffset="5700" SrcFileId="2" StartOffset="5660"/>
</LocList>
</BasicStmnt>
<BasicStmnt CovItemId="S44" CovItemPrefix="is2.rubrica.PanelInserimento.java" Intrnl_Id="67">
<LocList>
<Loc EndOffset="5811" SrcFileId="2" StartOffset="5776"/>
</LocList>
</BasicStmnt>
<BasicStmnt CovItemId="S45" CovItemPrefix="is2.rubrica.PanelInserimento.java" Intrnl_Id="68">
<LocList>
<Loc EndOffset="5855" SrcFileId="2" StartOffset="5814"/>
</LocList>
</BasicStmnt>
<BasicStmnt CovItemId="S46" CovItemPrefix="is2.rubrica.PanelInserimento.java" Intrnl_Id="69">
<LocList>
<Loc EndOffset="5897" SrcFileId="2" StartOffset="5858"/>
</LocList>
</BasicStmnt>
<BasicStmnt CovItemId="S47" CovItemPrefix="is2.rubrica.PanelInserimento.java" Intrnl_Id="70">
<LocList>
<Loc EndOffset="5944" SrcFileId="2" StartOffset="5900"/>
</LocList>
</BasicStmnt>
<BasicStmnt CovItemId="S48" CovItemPrefix="is2.rubrica.PanelInserimento.java" Intrnl_Id="71">
<LocList>
<Loc EndOffset="5979" SrcFileId="2" StartOffset="5947"/>
</LocList>
</BasicStmnt>
<BasicStmnt CovItemId="S49" CovItemPrefix="is2.rubrica.PanelInserimento.java" Intrnl_Id="72">
<LocList>
<Loc EndOffset="6018" SrcFileId="2" StartOffset="5982"/>
</LocList>
</BasicStmnt>
<BasicStmnt CovItemId="S50" CovItemPrefix="is2.rubrica.PanelInserimento.java" Intrnl_Id="73">
<LocList>
<Loc EndOffset="6055" SrcFileId="2" StartOffset="6021"/>
</LocList>
</BasicStmnt>
<BasicStmnt CovItemId="S51" CovItemPrefix="is2.rubrica.PanelInserimento.java" Intrnl_Id="74">
<LocList>
<Loc EndOffset="6263" SrcFileId="2" StartOffset="6242"/>
</LocList>
</BasicStmnt>
<BasicStmnt CovItemId="S52" CovItemPrefix="is2.rubrica.PanelInserimento.java" Intrnl_Id="75">
<LocList>
<Loc EndOffset="6288" SrcFileId="2" StartOffset="6266"/>
</LocList>
</BasicStmnt>
<BasicStmnt CovItemId="S53" CovItemPrefix="is2.rubrica.PanelInserimento.java" Intrnl_Id="76">
<LocList>
<Loc EndOffset="6313" SrcFileId="2" StartOffset="6291"/>
</LocList>
</BasicStmnt>
<BasicStmnt CovItemId="S54" CovItemPrefix="is2.rubrica.PanelInserimento.java" Intrnl_Id="77">
<LocList>
<Loc EndOffset="6338" SrcFileId="2" StartOffset="6316"/>
</LocList>
</BasicStmnt>
<BasicStmnt CovItemId="S55" CovItemPrefix="is2.rubrica.PanelInserimento.java" Intrnl_Id="78">
<LocList>
<Loc EndOffset="6361" SrcFileId="2" StartOffset="6341"/>
</LocList>
</BasicStmnt>
<BasicStmnt CovItemId="S56" CovItemPrefix="is2.rubrica.PanelInserimento.java" Intrnl_Id="79">
<LocList>
<Loc EndOffset="6403" SrcFileId="2" StartOffset="6367"/>
</LocList>
</BasicStmnt>
<BasicStmnt CovItemId="S57" CovItemPrefix="is2.rubrica.PanelInserimento.java" Intrnl_Id="80">
<LocList>
<Loc EndOffset="6442" SrcFileId="2" StartOffset="6406"/>
</LocList>
</BasicStmnt>
<BasicStmnt CovItemId="S58" CovItemPrefix="is2.rubrica.PanelInserimento.java" Intrnl_Id="81">
<LocList>
<Loc EndOffset="6481" SrcFileId="2" StartOffset="6445"/>
</LocList>
</BasicStmnt>
<BasicStmnt CovItemId="S59" CovItemPrefix="is2.rubrica.PanelInserimento.java" Intrnl_Id="82">
<LocList>
<Loc EndOffset="6518" SrcFileId="2" StartOffset="6484"/>
</LocList>
</BasicStmnt>
<BasicStmnt CovItemId="S60" CovItemPrefix="is2.rubrica.PanelInserimento.java" Intrnl_Id="83">
<LocList>
<Loc EndOffset="6593" SrcFileId="2" StartOffset="6569"/>
</LocList>
</BasicStmnt>
<BasicStmnt CovItemId="S61" CovItemPrefix="is2.rubrica.PanelInserimento.java" Intrnl_Id="84">
<LocList>
<Loc EndOffset="6620" SrcFileId="2" StartOffset="6596"/>
</LocList>
</BasicStmnt>
<BasicStmnt CovItemId="S62" CovItemPrefix="is2.rubrica.PanelInserimento.java" Intrnl_Id="85">
<LocList>
<Loc EndOffset="6648" SrcFileId="2" StartOffset="6623"/>
</LocList>
</BasicStmnt>
<BasicStmnt CovItemId="S63" CovItemPrefix="is2.rubrica.PanelInserimento.java" Intrnl_Id="86">
<LocList>
<Loc EndOffset="6672" SrcFileId="2" StartOffset="6651"/>
</LocList>
</BasicStmnt>
<BasicStmnt CovItemId="S64" CovItemPrefix="is2.rubrica.PanelInserimento.java" Intrnl_Id="87">
<LocList>
<Loc EndOffset="6697" SrcFileId="2" StartOffset="6675"/>
</LocList>
</BasicStmnt>
<BasicStmnt CovItemId="S65" CovItemPrefix="is2.rubrica.PanelInserimento.java" Intrnl_Id="88">
<LocList>
<Loc EndOffset="6738" SrcFileId="2" StartOffset="6703"/>
</LocList>
</BasicStmnt>
<BasicStmnt CovItemId="S66" CovItemPrefix="is2.rubrica.PanelInserimento.java" Intrnl_Id="89">
<LocList>
<Loc EndOffset="6777" SrcFileId="2" StartOffset="6741"/>
</LocList>
</BasicStmnt>
<BasicStmnt CovItemId="S67" CovItemPrefix="is2.rubrica.PanelInserimento.java" Intrnl_Id="90">
<LocList>
<Loc EndOffset="6839" SrcFileId="2" StartOffset="6814"/>
</LocList>
</BasicStmnt>
<BasicStmnt CovItemId="S68" CovItemPrefix="is2.rubrica.PanelInserimento.java" Intrnl_Id="91">
<LocList>
<Loc EndOffset="6867" SrcFileId="2" StartOffset="6842"/>
</LocList>
</BasicStmnt>
<BasicStmnt CovItemId="S69" CovItemPrefix="is2.rubrica.PanelInserimento.java" Intrnl_Id="92">
<LocList>
<Loc EndOffset="6893" SrcFileId="2" StartOffset="6870"/>
</LocList>
</BasicStmnt>
<BasicStmnt CovItemId="S70" CovItemPrefix="is2.rubrica.PanelInserimento.java" Intrnl_Id="93">
<LocList>
<Loc EndOffset="6917" SrcFileId="2" StartOffset="6896"/>
</LocList>
</BasicStmnt>
<BasicStmnt CovItemId="S71" CovItemPrefix="is2.rubrica.PanelInserimento.java" Intrnl_Id="94">
<LocList>
<Loc EndOffset="6958" SrcFileId="2" StartOffset="6923"/>
</LocList>
</BasicStmnt>
<BasicStmnt CovItemId="S72" CovItemPrefix="is2.rubrica.PanelInserimento.java" Intrnl_Id="95">
<LocList>
<Loc EndOffset="7024" SrcFileId="2" StartOffset="7004"/>
</LocList>
</BasicStmnt>
<BasicStmnt CovItemId="S73" CovItemPrefix="is2.rubrica.PanelInserimento.java" Intrnl_Id="96">
<LocList>
<Loc EndOffset="7049" SrcFileId="2" StartOffset="7027"/>
</LocList>
</BasicStmnt>
<BasicStmnt CovItemId="S74" CovItemPrefix="is2.rubrica.PanelInserimento.java" Intrnl_Id="97">
<LocList>
<Loc EndOffset="7075" SrcFileId="2" StartOffset="7052"/>
</LocList>
</BasicStmnt>
<BasicStmnt CovItemId="S75" CovItemPrefix="is2.rubrica.PanelInserimento.java" Intrnl_Id="98">
<LocList>
<Loc EndOffset="7103" SrcFileId="2" StartOffset="7078"/>
</LocList>
</BasicStmnt>
<BasicStmnt CovItemId="S76" CovItemPrefix="is2.rubrica.PanelInserimento.java" Intrnl_Id="99">
<LocList>
<Loc EndOffset="7128" SrcFileId="2" StartOffset="7106"/>
</LocList>
</BasicStmnt>
<BasicStmnt CovItemId="S77" CovItemPrefix="is2.rubrica.PanelInserimento.java" Intrnl_Id="100">
<LocList>
<Loc EndOffset="7155" SrcFileId="2" StartOffset="7131"/>
</LocList>
</BasicStmnt>
<BasicStmnt CovItemId="S78" CovItemPrefix="is2.rubrica.PanelInserimento.java" Intrnl_Id="101">
<LocList>
<Loc EndOffset="7183" SrcFileId="2" StartOffset="7158"/>
</LocList>
</BasicStmnt>
<BasicStmnt CovItemId="S79" CovItemPrefix="is2.rubrica.PanelInserimento.java" Intrnl_Id="102">
<LocList>
<Loc EndOffset="7213" SrcFileId="2" StartOffset="7186"/>
</LocList>
</BasicStmnt>
<BasicStmnt CovItemId="S80" CovItemPrefix="is2.rubrica.PanelInserimento.java" Intrnl_Id="103">
<LocList>
<Loc EndOffset="7234" SrcFileId="2" StartOffset="7216"/>
</LocList>
</BasicStmnt>
<BasicStmnt CovItemId="S81" CovItemPrefix="is2.rubrica.PanelInserimento.java" Intrnl_Id="104">
<LocList>
<Loc EndOffset="7258" SrcFileId="2" StartOffset="7237"/>
</LocList>
</BasicStmnt>
<BasicStmnt CovItemId="S82" CovItemPrefix="is2.rubrica.PanelInserimento.java" Intrnl_Id="105">
<LocList>
<Loc EndOffset="7284" SrcFileId="2" StartOffset="7261"/>
</LocList>
</BasicStmnt>
<BasicStmnt CovItemId="S83" CovItemPrefix="is2.rubrica.PanelInserimento.java" Intrnl_Id="106">
<LocList>
<Loc EndOffset="7322" SrcFileId="2" StartOffset="7290"/>
</LocList>
</BasicStmnt>
<BasicStmnt CovItemId="S84" CovItemPrefix="is2.rubrica.PanelInserimento.java" Intrnl_Id="107">
<LocList>
<Loc EndOffset="7360" SrcFileId="2" StartOffset="7325"/>
</LocList>
</BasicStmnt>
<BasicStmnt CovItemId="S85" CovItemPrefix="is2.rubrica.PanelInserimento.java" Intrnl_Id="108">
<LocList>
<Loc EndOffset="7400" SrcFileId="2" StartOffset="7363"/>
</LocList>
</BasicStmnt>
<BasicStmnt CovItemId="S86" CovItemPrefix="is2.rubrica.PanelInserimento.java" Intrnl_Id="109">
<LocList>
<Loc EndOffset="7479" SrcFileId="2" StartOffset="7456"/>
</LocList>
</BasicStmnt>
<BasicStmnt CovItemId="S87" CovItemPrefix="is2.rubrica.PanelInserimento.java" Intrnl_Id="110">
<LocList>
<Loc EndOffset="7508" SrcFileId="2" StartOffset="7482"/>
</LocList>
</BasicStmnt>
<BasicStmnt CovItemId="S88" CovItemPrefix="is2.rubrica.PanelInserimento.java" Intrnl_Id="111">
<LocList>
<Loc EndOffset="7536" SrcFileId="2" StartOffset="7511"/>
</LocList>
</BasicStmnt>
<BasicStmnt CovItemId="S89" CovItemPrefix="is2.rubrica.PanelInserimento.java" Intrnl_Id="112">
<LocList>
<Loc EndOffset="7567" SrcFileId="2" StartOffset="7539"/>
</LocList>
</BasicStmnt>
<BasicStmnt CovItemId="S90" CovItemPrefix="is2.rubrica.PanelInserimento.java" Intrnl_Id="113">
<LocList>
<Loc EndOffset="7594" SrcFileId="2" StartOffset="7570"/>
</LocList>
</BasicStmnt>
<BasicStmnt CovItemId="S91" CovItemPrefix="is2.rubrica.PanelInserimento.java" Intrnl_Id="114">
<LocList>
<Loc EndOffset="7617" SrcFileId="2" StartOffset="7597"/>
</LocList>
</BasicStmnt>
<BasicStmnt CovItemId="S92" CovItemPrefix="is2.rubrica.PanelInserimento.java" Intrnl_Id="115">
<LocList>
<Loc EndOffset="7642" SrcFileId="2" StartOffset="7620"/>
</LocList>
</BasicStmnt>
<BasicStmnt CovItemId="S93" CovItemPrefix="is2.rubrica.PanelInserimento.java" Intrnl_Id="116">
<LocList>
<Loc EndOffset="7677" SrcFileId="2" StartOffset="7645"/>
</LocList>
</BasicStmnt>
<BasicStmnt CovItemId="S94" CovItemPrefix="is2.rubrica.PanelInserimento.java" Intrnl_Id="117">
<LocList>
<Loc EndOffset="7719" SrcFileId="2" StartOffset="7683"/>
</LocList>
</BasicStmnt>
<BasicStmnt CovItemId="S95" CovItemPrefix="is2.rubrica.PanelInserimento.java" Intrnl_Id="118">
<LocList>
<Loc EndOffset="7756" SrcFileId="2" StartOffset="7722"/>
</LocList>
</BasicStmnt>
<BasicStmnt CovItemId="S96" CovItemPrefix="is2.rubrica.PanelInserimento.java" Intrnl_Id="119">
<LocList>
<Loc EndOffset="7797" SrcFileId="2" StartOffset="7759"/>
</LocList>
</BasicStmnt>
<BasicStmnt CovItemId="S97" CovItemPrefix="is2.rubrica.PanelInserimento.java" Intrnl_Id="120">
<LocList>
<Loc EndOffset="7891" SrcFileId="2" StartOffset="7865"/>
</LocList>
</BasicStmnt>
<BasicStmnt CovItemId="S98" CovItemPrefix="is2.rubrica.PanelInserimento.java" Intrnl_Id="121">
<LocList>
<Loc EndOffset="7921" SrcFileId="2" StartOffset="7894"/>
</LocList>
</BasicStmnt>
<BasicStmnt CovItemId="S99" CovItemPrefix="is2.rubrica.PanelInserimento.java" Intrnl_Id="122">
<LocList>
<Loc EndOffset="7951" SrcFileId="2" StartOffset="7924"/>
</LocList>
</BasicStmnt>
<BasicStmnt CovItemId="S100" CovItemPrefix="is2.rubrica.PanelInserimento.java" Intrnl_Id="123">
<LocList>
<Loc EndOffset="7980" SrcFileId="2" StartOffset="7954"/>
</LocList>
</BasicStmnt>
<BasicStmnt CovItemId="S101" CovItemPrefix="is2.rubrica.PanelInserimento.java" Intrnl_Id="124">
<LocList>
<Loc EndOffset="8013" SrcFileId="2" StartOffset="7983"/>
</LocList>
</BasicStmnt>
</StmntSeq>
</HierarchyLvl>
<HierarchyLvl HierarchyLvlId="534" HierarchyLvlTypeId="8" Intrnl_Id="125" Name="actionPerformed">
<Header>
<Loc EndOffset="8067" SrcFileId="2" StartOffset="8023"/>
</Header>
<LocList>
<Loc EndOffset="13228" SrcFileId="2" StartOffset="8023"/>
</LocList>
<StmntSeq Intrnl_Id="126">
<LocList>
<Loc EndOffset="8105" SrcFileId="2" StartOffset="8074"/>
<Loc EndOffset="8145" SrcFileId="2" StartOffset="8108"/>
<Loc EndOffset="8183" SrcFileId="2" StartOffset="8148"/>
<Loc EndOffset="8227" SrcFileId="2" StartOffset="8186"/>
<Loc EndOffset="8267" SrcFileId="2" StartOffset="8230"/>
<Loc EndOffset="8329" SrcFileId="2" StartOffset="8289"/>
<Loc EndOffset="8364" SrcFileId="2" StartOffset="8332"/>
<Loc EndOffset="8580" SrcFileId="2" StartOffset="8370"/>
<Loc EndOffset="8830" SrcFileId="2" StartOffset="8583"/>
<Loc EndOffset="9340" SrcFileId="2" StartOffset="8833"/>
<Loc EndOffset="9666" SrcFileId="2" StartOffset="9343"/>
<Loc EndOffset="11030" SrcFileId="2" StartOffset="9669"/>
<Loc EndOffset="11574" SrcFileId="2" StartOffset="11033"/>
<Loc EndOffset="11626" SrcFileId="2" StartOffset="11577"/>
<Loc EndOffset="11819" SrcFileId="2" StartOffset="11629"/>
<Loc EndOffset="12857" SrcFileId="2" StartOffset="11822"/>
<Loc EndOffset="12910" SrcFileId="2" StartOffset="12860"/>
<Loc EndOffset="13012" SrcFileId="2" StartOffset="12913"/>
<Loc EndOffset="13121" SrcFileId="2" StartOffset="13015"/>
<Loc EndOffset="13225" SrcFileId="2" StartOffset="13124"/>
</LocList>
<BasicStmnt CovItemId="S102" CovItemPrefix="is2.rubrica.PanelInserimento.java" Intrnl_Id="127">
<LocList>
<Loc EndOffset="8105" SrcFileId="2" StartOffset="8074"/>
</LocList>
</BasicStmnt>
<BasicStmnt CovItemId="S103" CovItemPrefix="is2.rubrica.PanelInserimento.java" Intrnl_Id="128">
<LocList>
<Loc EndOffset="8145" SrcFileId="2" StartOffset="8108"/>
</LocList>
</BasicStmnt>
<BasicStmnt CovItemId="S104" CovItemPrefix="is2.rubrica.PanelInserimento.java" Intrnl_Id="129">
<LocList>
<Loc EndOffset="8183" SrcFileId="2" StartOffset="8148"/>
</LocList>
</BasicStmnt>
<BasicStmnt CovItemId="S105" CovItemPrefix="is2.rubrica.PanelInserimento.java" Intrnl_Id="130">
<LocList>
<Loc EndOffset="8227" SrcFileId="2" StartOffset="8186"/>
</LocList>
</BasicStmnt>
<BasicStmnt CovItemId="S106" CovItemPrefix="is2.rubrica.PanelInserimento.java" Intrnl_Id="131">
<LocList>
<Loc EndOffset="8267" SrcFileId="2" StartOffset="8230"/>
</LocList>
</BasicStmnt>
<BasicStmnt CovItemId="S107" CovItemPrefix="is2.rubrica.PanelInserimento.java" Intrnl_Id="132">
<LocList>
<Loc EndOffset="8329" SrcFileId="2" StartOffset="8289"/>
</LocList>
</BasicStmnt>
<BasicStmnt CovItemId="S108" CovItemPrefix="is2.rubrica.PanelInserimento.java" Intrnl_Id="133">
<LocList>
<Loc EndOffset="8364" SrcFileId="2" StartOffset="8332"/>
</LocList>
</BasicStmnt>
<CondStmnt CovItemId="S109" CovItemPrefix="is2.rubrica.PanelInserimento.java" Intrnl_Id="134">
<Branch CovItemId="B1" CovItemPrefix="is2.rubrica.PanelInserimento.java" Implct="false" Intrnl_Id="135">
<Cond/>
<LocList>
<Loc EndOffset="8580" SrcFileId="2" StartOffset="8394"/>
</LocList>
<StmntSeq Intrnl_Id="136">
<LocList>
<Loc EndOffset="8469" SrcFileId="2" StartOffset="8399"/>
<Loc EndOffset="8524" SrcFileId="2" StartOffset="8473"/>
<Loc EndOffset="8558" SrcFileId="2" StartOffset="8532"/>
<Loc EndOffset="8576" SrcFileId="2" StartOffset="8562"/>
</LocList>
<CondStmnt CovItemId="S110" CovItemPrefix="is2.rubrica.PanelInserimento.java" Intrnl_Id="137">
<Branch CovItemId="B3" CovItemPrefix="is2.rubrica.PanelInserimento.java" Implct="false" Intrnl_Id="138">
<Cond/>
<LocList>
<Loc EndOffset="8469" SrcFileId="2" StartOffset="8413"/>
</LocList>
<StmntSeq Intrnl_Id="139">
<LocList>
<Loc EndOffset="8430" SrcFileId="2" StartOffset="8419"/>
<Loc EndOffset="8464" SrcFileId="2" StartOffset="8435"/>
</LocList>
<BasicStmnt CovItemId="S111" CovItemPrefix="is2.rubrica.PanelInserimento.java" Intrnl_Id="140">
<LocList>
<Loc EndOffset="8430" SrcFileId="2" StartOffset="8419"/>
</LocList>
</BasicStmnt>
<BasicStmnt CovItemId="S112" CovItemPrefix="is2.rubrica.PanelInserimento.java" Intrnl_Id="141">
<LocList>
<Loc EndOffset="8464" SrcFileId="2" StartOffset="8435"/>
</LocList>
</BasicStmnt>
</StmntSeq>
</Branch>
<Branch CovItemId="B4" CovItemPrefix="is2.rubrica.PanelInserimento.java" Implct="true" Intrnl_Id="142">
<Cond/>
<LocList/>
<StmntSeq Intrnl_Id="143">
<LocList/>
</StmntSeq>
</Branch>
<Keyword EndOffset="8401" SrcFileId="2" StartOffset="8399"/>
<LocList>
<Loc EndOffset="8469" SrcFileId="2" StartOffset="8399"/>
</LocList>
<RootTerm CovItemId="C2" CovItemPrefix="is2.rubrica.PanelInserimento.java" Intrnl_Id="144">
<BasicBoolTerm Intrnl_Id="145">
<LocList>
<Loc EndOffset="8412" SrcFileId="2" StartOffset="8402"/>
</LocList>
</BasicBoolTerm>
</RootTerm>
</CondStmnt>
<CondStmnt CovItemId="S113" CovItemPrefix="is2.rubrica.PanelInserimento.java" Intrnl_Id="146">
<Branch CovItemId="B5" CovItemPrefix="is2.rubrica.PanelInserimento.java" Implct="false" Intrnl_Id="147">
<Cond/>
<LocList>
<Loc EndOffset="8524" SrcFileId="2" StartOffset="8492"/>
</LocList>
<StmntSeq Intrnl_Id="148">
<LocList>
<Loc EndOffset="8524" SrcFileId="2" StartOffset="8492"/>
</LocList>
<BasicStmnt CovItemId="S114" CovItemPrefix="is2.rubrica.PanelInserimento.java" Intrnl_Id="149">
<LocList>
<Loc EndOffset="8524" SrcFileId="2" StartOffset="8492"/>
</LocList>
</BasicStmnt>
</StmntSeq>
</Branch>
<Branch CovItemId="B6" CovItemPrefix="is2.rubrica.PanelInserimento.java" Implct="true" Intrnl_Id="150">
<Cond/>
<LocList/>
<StmntSeq Intrnl_Id="151">
<LocList/>
</StmntSeq>
</Branch>
<Keyword EndOffset="8475" SrcFileId="2" StartOffset="8473"/>
<LocList>
<Loc EndOffset="8524" SrcFileId="2" StartOffset="8473"/>
</LocList>
<RootTerm CovItemId="C3" CovItemPrefix="is2.rubrica.PanelInserimento.java" Intrnl_Id="152">
<BasicBoolTerm Intrnl_Id="153">
<LocList>
<Loc EndOffset="8486" SrcFileId="2" StartOffset="8476"/>
</LocList>
</BasicBoolTerm>
</RootTerm>
</CondStmnt>
<BasicStmnt CovItemId="S115" CovItemPrefix="is2.rubrica.PanelInserimento.java" Intrnl_Id="154">
<LocList>
<Loc EndOffset="8558" SrcFileId="2" StartOffset="8532"/>
</LocList>
</BasicStmnt>
<BasicStmnt CovItemId="S116" CovItemPrefix="is2.rubrica.PanelInserimento.java" Intrnl_Id="155">
<LocList>
<Loc EndOffset="8576" SrcFileId="2" StartOffset="8562"/>
</LocList>
</BasicStmnt>
</StmntSeq>
</Branch>
<Branch CovItemId="B2" CovItemPrefix="is2.rubrica.PanelInserimento.java" Implct="true" Intrnl_Id="156">
<Cond/>
<LocList/>
<StmntSeq Intrnl_Id="157">
<LocList/>
</StmntSeq>
</Branch>
<Keyword EndOffset="8372" SrcFileId="2" StartOffset="8370"/>
<LocList>
<Loc EndOffset="8580" SrcFileId="2" StartOffset="8370"/>
</LocList>
<RootTerm CovItemId="C1" CovItemPrefix="is2.rubrica.PanelInserimento.java" Intrnl_Id="158">
<BasicBoolTerm Intrnl_Id="159">
<LocList>
<Loc EndOffset="8393" SrcFileId="2" StartOffset="8373"/>
</LocList>
</BasicBoolTerm>
</RootTerm>
</CondStmnt>
<CondStmnt CovItemId="S117" CovItemPrefix="is2.rubrica.PanelInserimento.java" Intrnl_Id="160">
<Branch CovItemId="B7" CovItemPrefix="is2.rubrica.PanelInserimento.java" Implct="false" Intrnl_Id="161">
<Cond/>
<LocList>
<Loc EndOffset="8830" SrcFileId="2" StartOffset="8607"/>
</LocList>
<StmntSeq Intrnl_Id="162">
<LocList>
<Loc EndOffset="8702" SrcFileId="2" StartOffset="8612"/>
<Loc EndOffset="8774" SrcFileId="2" StartOffset="8706"/>
<Loc EndOffset="8808" SrcFileId="2" StartOffset="8782"/>
<Loc EndOffset="8826" SrcFileId="2" StartOffset="8812"/>
</LocList>
<CondStmnt CovItemId="S118" CovItemPrefix="is2.rubrica.PanelInserimento.java" Intrnl_Id="163">
<Branch CovItemId="B9" CovItemPrefix="is2.rubrica.PanelInserimento.java" Implct="false" Intrnl_Id="164">
<Cond/>
<LocList>
<Loc EndOffset="8702" SrcFileId="2" StartOffset="8644"/>
</LocList>
<StmntSeq Intrnl_Id="165">
<LocList>
<Loc EndOffset="8661" SrcFileId="2" StartOffset="8650"/>
<Loc EndOffset="8697" SrcFileId="2" StartOffset="8666"/>
</LocList>
<BasicStmnt CovItemId="S119" CovItemPrefix="is2.rubrica.PanelInserimento.java" Intrnl_Id="166">
<LocList>
<Loc EndOffset="8661" SrcFileId="2" StartOffset="8650"/>
</LocList>
</BasicStmnt>
<BasicStmnt CovItemId="S120" CovItemPrefix="is2.rubrica.PanelInserimento.java" Intrnl_Id="167">
<LocList>
<Loc EndOffset="8697" SrcFileId="2" StartOffset="8666"/>
</LocList>
</BasicStmnt>
</StmntSeq>
</Branch>
<Branch CovItemId="B10" CovItemPrefix="is2.rubrica.PanelInserimento.java" Implct="true" Intrnl_Id="168">
<Cond/>
<LocList/>
<StmntSeq Intrnl_Id="169">
<LocList/>
</StmntSeq>
</Branch>
<Keyword EndOffset="8614" SrcFileId="2" StartOffset="8612"/>
<LocList>
<Loc EndOffset="8702" SrcFileId="2" StartOffset="8612"/>
</LocList>
<RootTerm CovItemId="C5" CovItemPrefix="is2.rubrica.PanelInserimento.java" Intrnl_Id="170">
<BasicBoolTerm Intrnl_Id="171">
<LocList>
<Loc EndOffset="8643" SrcFileId="2" StartOffset="8615"/>
</LocList>
</BasicBoolTerm>
</RootTerm>
</CondStmnt>
<CondStmnt CovItemId="S121" CovItemPrefix="is2.rubrica.PanelInserimento.java" Intrnl_Id="172">
<Branch CovItemId="B11" CovItemPrefix="is2.rubrica.PanelInserimento.java" Implct="false" Intrnl_Id="173">
<Cond/>
<LocList>
<Loc EndOffset="8774" SrcFileId="2" StartOffset="8744"/>
</LocList>
<StmntSeq Intrnl_Id="174">
<LocList>
<Loc EndOffset="8774" SrcFileId="2" StartOffset="8744"/>
</LocList>
<BasicStmnt CovItemId="S122" CovItemPrefix="is2.rubrica.PanelInserimento.java" Intrnl_Id="175">
<LocList>
<Loc EndOffset="8774" SrcFileId="2" StartOffset="8744"/>
</LocList>
</BasicStmnt>
</StmntSeq>
</Branch>
<Branch CovItemId="B12" CovItemPrefix="is2.rubrica.PanelInserimento.java" Implct="true" Intrnl_Id="176">
<Cond/>
<LocList/>
<StmntSeq Intrnl_Id="177">
<LocList/>
</StmntSeq>
</Branch>
<Keyword EndOffset="8708" SrcFileId="2" StartOffset="8706"/>
<LocList>
<Loc EndOffset="8774" SrcFileId="2" StartOffset="8706"/>
</LocList>
<RootTerm CovItemId="C6" CovItemPrefix="is2.rubrica.PanelInserimento.java" Intrnl_Id="178">
<BasicBoolTerm Intrnl_Id="179">
<LocList>
<Loc EndOffset="8738" SrcFileId="2" StartOffset="8709"/>
</LocList>
</BasicBoolTerm>
</RootTerm>
</CondStmnt>
<BasicStmnt CovItemId="S123" CovItemPrefix="is2.rubrica.PanelInserimento.java" Intrnl_Id="180">
<LocList>
<Loc EndOffset="8808" SrcFileId="2" StartOffset="8782"/>
</LocList>
</BasicStmnt>
<BasicStmnt CovItemId="S124" CovItemPrefix="is2.rubrica.PanelInserimento.java" Intrnl_Id="181">
<LocList>
<Loc EndOffset="8826" SrcFileId="2" StartOffset="8812"/>
</LocList>
</BasicStmnt>
</StmntSeq>
</Branch>
<Branch CovItemId="B8" CovItemPrefix="is2.rubrica.PanelInserimento.java" Implct="true" Intrnl_Id="182">
<Cond/>
<LocList/>
<StmntSeq Intrnl_Id="183">
<LocList/>
</StmntSeq>
</Branch>
<Keyword EndOffset="8585" SrcFileId="2" StartOffset="8583"/>
<LocList>
<Loc EndOffset="8830" SrcFileId="2" StartOffset="8583"/>
</LocList>
<RootTerm CovItemId="C4" CovItemPrefix="is2.rubrica.PanelInserimento.java" Intrnl_Id="184">
<BasicBoolTerm Intrnl_Id="185">
<LocList>
<Loc EndOffset="8606" SrcFileId="2" StartOffset="8586"/>
</LocList>
</BasicBoolTerm>
</RootTerm>
</CondStmnt>
<CondStmnt CovItemId="S125" CovItemPrefix="is2.rubrica.PanelInserimento.java" Intrnl_Id="186">
<Branch CovItemId="B13" CovItemPrefix="is2.rubrica.PanelInserimento.java" Implct="false" Intrnl_Id="187">
<Cond/>
<LocList>
<Loc EndOffset="9340" SrcFileId="2" StartOffset="8863"/>
</LocList>
<StmntSeq Intrnl_Id="188">
<LocList>
<Loc EndOffset="8879" SrcFileId="2" StartOffset="8868"/>
<Loc EndOffset="8900" SrcFileId="2" StartOffset="8883"/>
<Loc EndOffset="8969" SrcFileId="2" StartOffset="8904"/>
<Loc EndOffset="9051" SrcFileId="2" StartOffset="8973"/>
<Loc EndOffset="9084" SrcFileId="2" StartOffset="9055"/>
<Loc EndOffset="9120" SrcFileId="2" StartOffset="9088"/>
<Loc EndOffset="9149" SrcFileId="2" StartOffset="9124"/>
<Loc EndOffset="9179" SrcFileId="2" StartOffset="9153"/>
<Loc EndOffset="9210" SrcFileId="2" StartOffset="9183"/>
<Loc EndOffset="9241" SrcFileId="2" StartOffset="9214"/>
<Loc EndOffset="9272" SrcFileId="2" StartOffset="9245"/>
<Loc EndOffset="9302" SrcFileId="2" StartOffset="9276"/>
<Loc EndOffset="9336" SrcFileId="2" StartOffset="9306"/>
</LocList>
<BasicStmnt CovItemId="S126" CovItemPrefix="is2.rubrica.PanelInserimento.java" Intrnl_Id="189">
<LocList>
<Loc EndOffset="8879" SrcFileId="2" StartOffset="8868"/>
</LocList>
</BasicStmnt>
<BasicStmnt CovItemId="S127" CovItemPrefix="is2.rubrica.PanelInserimento.java" Intrnl_Id="190">
<LocList>
<Loc EndOffset="8900" SrcFileId="2" StartOffset="8883"/>
</LocList>
</BasicStmnt>
<BasicStmnt CovItemId="S128" CovItemPrefix="is2.rubrica.PanelInserimento.java" Intrnl_Id="191">
<LocList>
<Loc EndOffset="8969" SrcFileId="2" StartOffset="8904"/>
</LocList>
</BasicStmnt>
<BasicStmnt CovItemId="S129" CovItemPrefix="is2.rubrica.PanelInserimento.java" Intrnl_Id="192">
<LocList>
<Loc EndOffset="9051" SrcFileId="2" StartOffset="8973"/>
</LocList>
</BasicStmnt>
<BasicStmnt CovItemId="S130" CovItemPrefix="is2.rubrica.PanelInserimento.java" Intrnl_Id="193">
<LocList>
<Loc EndOffset="9084" SrcFileId="2" StartOffset="9055"/>
</LocList>
</BasicStmnt>
<BasicStmnt CovItemId="S131" CovItemPrefix="is2.rubrica.PanelInserimento.java" Intrnl_Id="194">
<LocList>
<Loc EndOffset="9120" SrcFileId="2" StartOffset="9088"/>
</LocList>
</BasicStmnt>
<BasicStmnt CovItemId="S132" CovItemPrefix="is2.rubrica.PanelInserimento.java" Intrnl_Id="195">
<LocList>
<Loc EndOffset="9149" SrcFileId="2" StartOffset="9124"/>
</LocList>
</BasicStmnt>
<BasicStmnt CovItemId="S133" CovItemPrefix="is2.rubrica.PanelInserimento.java" Intrnl_Id="196">
<LocList>
<Loc EndOffset="9179" SrcFileId="2" StartOffset="9153"/>
</LocList>
</BasicStmnt>
<BasicStmnt CovItemId="S134" CovItemPrefix="is2.rubrica.PanelInserimento.java" Intrnl_Id="197">
<LocList>
<Loc EndOffset="9210" SrcFileId="2" StartOffset="9183"/>
</LocList>
</BasicStmnt>
<BasicStmnt CovItemId="S135" CovItemPrefix="is2.rubrica.PanelInserimento.java" Intrnl_Id="198">
<LocList>
<Loc EndOffset="9241" SrcFileId="2" StartOffset="9214"/>
</LocList>
</BasicStmnt>
<BasicStmnt CovItemId="S136" CovItemPrefix="is2.rubrica.PanelInserimento.java" Intrnl_Id="199">
<LocList>
<Loc EndOffset="9272" SrcFileId="2" StartOffset="9245"/>
</LocList>
</BasicStmnt>
<BasicStmnt CovItemId="S137" CovItemPrefix="is2.rubrica.PanelInserimento.java" Intrnl_Id="200">
<LocList>
<Loc EndOffset="9302" SrcFileId="2" StartOffset="9276"/>
</LocList>
</BasicStmnt>
<BasicStmnt CovItemId="S138" CovItemPrefix="is2.rubrica.PanelInserimento.java" Intrnl_Id="201">
<LocList>
<Loc EndOffset="9336" SrcFileId="2" StartOffset="9306"/>
</LocList>
</BasicStmnt>
</StmntSeq>
</Branch>
<Branch CovItemId="B14" CovItemPrefix="is2.rubrica.PanelInserimento.java" Implct="true" Intrnl_Id="202">
<Cond/>
<LocList/>
<StmntSeq Intrnl_Id="203">
<LocList/>
</StmntSeq>
</Branch>
<Keyword EndOffset="8835" SrcFileId="2" StartOffset="8833"/>
<LocList>
<Loc EndOffset="9340" SrcFileId="2" StartOffset="8833"/>
</LocList>
<RootTerm CovItemId="C7" CovItemPrefix="is2.rubrica.PanelInserimento.java" Intrnl_Id="204">
<BasicBoolTerm Intrnl_Id="205">
<LocList>
<Loc EndOffset="8862" SrcFileId="2" StartOffset="8836"/>
</LocList>
</BasicBoolTerm>
</RootTerm>
</CondStmnt>
<CondStmnt CovItemId="S139" CovItemPrefix="is2.rubrica.PanelInserimento.java" Intrnl_Id="206">
<Branch CovItemId="B15" CovItemPrefix="is2.rubrica.PanelInserimento.java" Implct="false" Intrnl_Id="207">
<Cond/>
<LocList>
<Loc EndOffset="9666" SrcFileId="2" StartOffset="9368"/>
</LocList>
<StmntSeq Intrnl_Id="208">
<LocList>
<Loc EndOffset="9411" SrcFileId="2" StartOffset="9382"/>
<Loc EndOffset="9448" SrcFileId="2" StartOffset="9416"/>
<Loc EndOffset="9484" SrcFileId="2" StartOffset="9453"/>
<Loc EndOffset="9523" SrcFileId="2" StartOffset="9489"/>
<Loc EndOffset="9641" SrcFileId="2" StartOffset="9373"/>
<Loc EndOffset="9662" SrcFileId="2" StartOffset="9649"/>
</LocList>
<BasicStmnt CovItemId="S141" CovItemPrefix="is2.rubrica.PanelInserimento.java" Intrnl_Id="209">
<LocList>
<Loc EndOffset="9411" SrcFileId="2" StartOffset="9382"/>
</LocList>
</BasicStmnt>
<BasicStmnt CovItemId="S142" CovItemPrefix="is2.rubrica.PanelInserimento.java" Intrnl_Id="210">
<LocList>
<Loc EndOffset="9448" SrcFileId="2" StartOffset="9416"/>
</LocList>
</BasicStmnt>
<BasicStmnt CovItemId="S143" CovItemPrefix="is2.rubrica.PanelInserimento.java" Intrnl_Id="211">
<LocList>
<Loc EndOffset="9484" SrcFileId="2" StartOffset="9453"/>
</LocList>
</BasicStmnt>
<BasicStmnt CovItemId="S144" CovItemPrefix="is2.rubrica.PanelInserimento.java" Intrnl_Id="212">
<LocList>
<Loc EndOffset="9523" SrcFileId="2" StartOffset="9489"/>
</LocList>
</BasicStmnt>
<CondStmnt CovItemId="S140" CovItemPrefix="is2.rubrica.PanelInserimento.java" Intrnl_Id="213">
<Branch CovItemId="B17" CovItemPrefix="is2.rubrica.PanelInserimento.java" Implct="true" Intrnl_Id="214">
<Cond/>
<LocList/>
<StmntSeq Intrnl_Id="215">
<LocList/>
</StmntSeq>
</Branch>
<Branch CovItemId="B18" CovItemPrefix="is2.rubrica.PanelInserimento.java" Implct="false" Intrnl_Id="216">
<Cond>
<Loc EndOffset="9563" SrcFileId="2" StartOffset="9533"/>
</Cond>
<LocList>
<Loc EndOffset="9641" SrcFileId="2" StartOffset="9563"/>
</LocList>
<StmntSeq Intrnl_Id="217">
<LocList>
<Loc EndOffset="9636" SrcFileId="2" StartOffset="9569"/>
</LocList>
<BasicStmnt CovItemId="S145" CovItemPrefix="is2.rubrica.PanelInserimento.java" Intrnl_Id="218">
<LocList>
<Loc EndOffset="9636" SrcFileId="2" StartOffset="9569"/>
</LocList>
</BasicStmnt>
</StmntSeq>
</Branch>
<Keyword EndOffset="9376" SrcFileId="2" StartOffset="9373"/>
<LocList>
<Loc EndOffset="9641" SrcFileId="2" StartOffset="9373"/>
</LocList>
</CondStmnt>
<BasicStmnt CovItemId="S146" CovItemPrefix="is2.rubrica.PanelInserimento.java" Intrnl_Id="219">
<LocList>
<Loc EndOffset="9662" SrcFileId="2" StartOffset="9649"/>
</LocList>
</BasicStmnt>
</StmntSeq>
</Branch>
<Branch CovItemId="B16" CovItemPrefix="is2.rubrica.PanelInserimento.java" Implct="true" Intrnl_Id="220">
<Cond/>
<LocList/>
<StmntSeq Intrnl_Id="221">
<LocList/>
</StmntSeq>
</Branch>
<Keyword EndOffset="9345" SrcFileId="2" StartOffset="9343"/>
<LocList>
<Loc EndOffset="9666" SrcFileId="2" StartOffset="9343"/>
</LocList>
<RootTerm CovItemId="C8" CovItemPrefix="is2.rubrica.PanelInserimento.java" Intrnl_Id="222">
<BasicBoolTerm Intrnl_Id="223">
<LocList>
<Loc EndOffset="9367" SrcFileId="2" StartOffset="9346"/>
</LocList>
</BasicBoolTerm>
</RootTerm>
</CondStmnt>
<CondStmnt CovItemId="S147" CovItemPrefix="is2.rubrica.PanelInserimento.java" Intrnl_Id="224">
<Branch CovItemId="B19" CovItemPrefix="is2.rubrica.PanelInserimento.java" Implct="false" Intrnl_Id="225">
<Cond/>
<LocList>
<Loc EndOffset="11030" SrcFileId="2" StartOffset="9696"/>
</LocList>
<StmntSeq Intrnl_Id="226">
<LocList>
<Loc EndOffset="9711" SrcFileId="2" StartOffset="9701"/>
<Loc EndOffset="10154" SrcFileId="2" StartOffset="10097"/>
<Loc EndOffset="10249" SrcFileId="2" StartOffset="10217"/>
<Loc EndOffset="11026" SrcFileId="2" StartOffset="10253"/>
</LocList>
<BasicStmnt CovItemId="S148" CovItemPrefix="is2.rubrica.PanelInserimento.java" Intrnl_Id="227">
<LocList>
<Loc EndOffset="9711" SrcFileId="2" StartOffset="9701"/>
</LocList>
</BasicStmnt>
<CondStmnt CovItemId="S149" CovItemPrefix="is2.rubrica.PanelInserimento.java" Intrnl_Id="228">
<Branch CovItemId="B21" CovItemPrefix="is2.rubrica.PanelInserimento.java" Implct="false" Intrnl_Id="229">
<Cond/>
<LocList>
<Loc EndOffset="10154" SrcFileId="2" StartOffset="10141"/>
</LocList>
<StmntSeq Intrnl_Id="230">
<LocList>
<Loc EndOffset="10154" SrcFileId="2" StartOffset="10141"/>
</LocList>
<BasicStmnt CovItemId="S150" CovItemPrefix="is2.rubrica.PanelInserimento.java" Intrnl_Id="231">
<LocList>
<Loc EndOffset="10154" SrcFileId="2" StartOffset="10141"/>
</LocList>
</BasicStmnt>
</StmntSeq>
</Branch>
<Branch CovItemId="B22" CovItemPrefix="is2.rubrica.PanelInserimento.java" Implct="true" Intrnl_Id="232">
<Cond/>
<LocList/>
<StmntSeq Intrnl_Id="233">
<LocList/>
</StmntSeq>
</Branch>
<Keyword EndOffset="10099" SrcFileId="2" StartOffset="10097"/>
<LocList>
<Loc EndOffset="10154" SrcFileId="2" StartOffset="10097"/>
</LocList>
<RootTerm CovItemId="C10" CovItemPrefix="is2.rubrica.PanelInserimento.java" Intrnl_Id="234">
<BasicBoolTerm Intrnl_Id="235">
<LocList>
<Loc EndOffset="10118" SrcFileId="2" StartOffset="10100"/>
</LocList>
</BasicBoolTerm>
</RootTerm>
</CondStmnt>
<BasicStmnt CovItemId="S151" CovItemPrefix="is2.rubrica.PanelInserimento.java" Intrnl_Id="236">
<LocList>
<Loc EndOffset="10249" SrcFileId="2" StartOffset="10217"/>
</LocList>
</BasicStmnt>
<CondStmnt CovItemId="S152" CovItemPrefix="is2.rubrica.PanelInserimento.java" Intrnl_Id="237">
<Branch CovItemId="B23" CovItemPrefix="is2.rubrica.PanelInserimento.java" Implct="false" Intrnl_Id="238">
<Cond/>
<LocList>
<Loc EndOffset="10748" SrcFileId="2" StartOffset="10299"/>
</LocList>
<StmntSeq Intrnl_Id="239">
<LocList>
<Loc EndOffset="10332" SrcFileId="2" StartOffset="10305"/>
<Loc EndOffset="10699" SrcFileId="2" StartOffset="10337"/>
</LocList>
<BasicStmnt CovItemId="S153" CovItemPrefix="is2.rubrica.PanelInserimento.java" Intrnl_Id="240">
<LocList>
<Loc EndOffset="10332" SrcFileId="2" StartOffset="10305"/>
</LocList>
</BasicStmnt>
<CondStmnt CovItemId="S154" CovItemPrefix="is2.rubrica.PanelInserimento.java" Intrnl_Id="241">
<Branch CovItemId="B25" CovItemPrefix="is2.rubrica.PanelInserimento.java" Implct="false" Intrnl_Id="242">
<Cond/>
<LocList>
<Loc EndOffset="10438" SrcFileId="2" StartOffset="10358"/>
</LocList>
<StmntSeq Intrnl_Id="243">
<LocList>
<Loc EndOffset="10438" SrcFileId="2" StartOffset="10358"/>
</LocList>
<BasicStmnt CovItemId="S155" CovItemPrefix="is2.rubrica.PanelInserimento.java" Intrnl_Id="244">
<LocList>
<Loc EndOffset="10438" SrcFileId="2" StartOffset="10358"/>
</LocList>
</BasicStmnt>
</StmntSeq>
</Branch>
<Branch CovItemId="B26" CovItemPrefix="is2.rubrica.PanelInserimento.java" Implct="false" Intrnl_Id="245">
<Cond>
<Loc EndOffset="10447" SrcFileId="2" StartOffset="10443"/>
</Cond>
<LocList>
<Loc EndOffset="10699" SrcFileId="2" StartOffset="10621"/>
</LocList>
<StmntSeq Intrnl_Id="246">
<LocList>
<Loc EndOffset="10699" SrcFileId="2" StartOffset="10621"/>
</LocList>
<BasicStmnt CovItemId="S156" CovItemPrefix="is2.rubrica.PanelInserimento.java" Intrnl_Id="247">
<LocList>
<Loc EndOffset="10699" SrcFileId="2" StartOffset="10621"/>
</LocList>
</BasicStmnt>
</StmntSeq>
</Branch>
<Keyword EndOffset="10339" SrcFileId="2" StartOffset="10337"/>
<LocList>
<Loc EndOffset="10699" SrcFileId="2" StartOffset="10337"/>
</LocList>
<RootTerm CovItemId="C12" CovItemPrefix="is2.rubrica.PanelInserimento.java" Intrnl_Id="248">
<BasicBoolTerm Intrnl_Id="249">
<LocList>
<Loc EndOffset="10351" SrcFileId="2" StartOffset="10340"/>
</LocList>
</BasicBoolTerm>
</RootTerm>
</CondStmnt>
</StmntSeq>
</Branch>
<Branch CovItemId="B24" CovItemPrefix="is2.rubrica.PanelInserimento.java" Implct="false" Intrnl_Id="250">
<Cond>
<Loc EndOffset="10756" SrcFileId="2" StartOffset="10752"/>
</Cond>
<LocList>
<Loc EndOffset="11026" SrcFileId="2" StartOffset="10756"/>
</LocList>
<StmntSeq Intrnl_Id="251">
<LocList>
<Loc EndOffset="10784" SrcFileId="2" StartOffset="10762"/>
<Loc EndOffset="10809" SrcFileId="2" StartOffset="10789"/>
<Loc EndOffset="10867" SrcFileId="2" StartOffset="10824"/>
<Loc EndOffset="10918" SrcFileId="2" StartOffset="10873"/>
<Loc EndOffset="11021" SrcFileId="2" StartOffset="10814"/>
</LocList>
<BasicStmnt CovItemId="S157" CovItemPrefix="is2.rubrica.PanelInserimento.java" Intrnl_Id="252">
<LocList>
<Loc EndOffset="10784" SrcFileId="2" StartOffset="10762"/>
</LocList>
</BasicStmnt>
<BasicStmnt CovItemId="S158" CovItemPrefix="is2.rubrica.PanelInserimento.java" Intrnl_Id="253">
<LocList>
<Loc EndOffset="10809" SrcFileId="2" StartOffset="10789"/>
</LocList>
</BasicStmnt>
<BasicStmnt CovItemId="S160" CovItemPrefix="is2.rubrica.PanelInserimento.java" Intrnl_Id="254">
<LocList>
<Loc EndOffset="10867" SrcFileId="2" StartOffset="10824"/>
</LocList>
</BasicStmnt>
<BasicStmnt CovItemId="S161" CovItemPrefix="is2.rubrica.PanelInserimento.java" Intrnl_Id="255">
<LocList>
<Loc EndOffset="10918" SrcFileId="2" StartOffset="10873"/>
</LocList>
</BasicStmnt>
<CondStmnt CovItemId="S159" CovItemPrefix="is2.rubrica.PanelInserimento.java" Intrnl_Id="256">
<Branch CovItemId="B27" CovItemPrefix="is2.rubrica.PanelInserimento.java" Implct="true" Intrnl_Id="257">
<Cond/>
<LocList/>
<StmntSeq Intrnl_Id="258">
<LocList/>
</StmntSeq>
</Branch>
<Branch CovItemId="B28" CovItemPrefix="is2.rubrica.PanelInserimento.java" Implct="false" Intrnl_Id="259">
<Cond>
<Loc EndOffset="10960" SrcFileId="2" StartOffset="10929"/>
</Cond>
<LocList>
<Loc EndOffset="11021" SrcFileId="2" StartOffset="10960"/>
</LocList>
<StmntSeq Intrnl_Id="260">
<LocList>
<Loc EndOffset="11015" SrcFileId="2" StartOffset="10967"/>
</LocList>
<BasicStmnt CovItemId="S162" CovItemPrefix="is2.rubrica.PanelInserimento.java" Intrnl_Id="261">
<LocList>
<Loc EndOffset="11015" SrcFileId="2" StartOffset="10967"/>
</LocList>
</BasicStmnt>
</StmntSeq>
</Branch>
<Keyword EndOffset="10817" SrcFileId="2" StartOffset="10814"/>
<LocList>
<Loc EndOffset="11021" SrcFileId="2" StartOffset="10814"/>
</LocList>
</CondStmnt>
</StmntSeq>
</Branch>
<Keyword EndOffset="10255" SrcFileId="2" StartOffset="10253"/>
<LocList>
<Loc EndOffset="11026" SrcFileId="2" StartOffset="10253"/>
</LocList>
<RootTerm CovItemId="C11" CovItemPrefix="is2.rubrica.PanelInserimento.java" Intrnl_Id="262">
<OpTerm BooleanOpId="5" Intrnl_Id="263">
<BasicBoolTerm Intrnl_Id="264">
<LocList>
<Loc EndOffset="10280" SrcFileId="2" StartOffset="10258"/>
</LocList>
</BasicBoolTerm>
<BasicBoolTerm Intrnl_Id="265">
<LocList>
<Loc EndOffset="10297" SrcFileId="2" StartOffset="10286"/>
</LocList>
</BasicBoolTerm>
<LocList>
<Loc EndOffset="10284" SrcFileId="2" StartOffset="10282"/>
</LocList>
</OpTerm>
</RootTerm>
</CondStmnt>
</StmntSeq>
</Branch>
<Branch CovItemId="B20" CovItemPrefix="is2.rubrica.PanelInserimento.java" Implct="true" Intrnl_Id="266">
<Cond/>
<LocList/>
<StmntSeq Intrnl_Id="267">
<LocList/>
</StmntSeq>
</Branch>
<Keyword EndOffset="9671" SrcFileId="2" StartOffset="9669"/>
<LocList>
<Loc EndOffset="11030" SrcFileId="2" StartOffset="9669"/>
</LocList>
<RootTerm CovItemId="C9" CovItemPrefix="is2.rubrica.PanelInserimento.java" Intrnl_Id="268">
<BasicBoolTerm Intrnl_Id="269">
<LocList>
<Loc EndOffset="9695" SrcFileId="2" StartOffset="9672"/>
</LocList>
</BasicBoolTerm>
</RootTerm>
</CondStmnt>
<CondStmnt CovItemId="S163" CovItemPrefix="is2.rubrica.PanelInserimento.java" Intrnl_Id="270">
<Branch CovItemId="B29" CovItemPrefix="is2.rubrica.PanelInserimento.java" Implct="false" Intrnl_Id="271">
<Cond/>
<LocList>
<Loc EndOffset="11574" SrcFileId="2" StartOffset="11061"/>
</LocList>
<StmntSeq Intrnl_Id="272">
<LocList>
<Loc EndOffset="11076" SrcFileId="2" StartOffset="11066"/>
<Loc EndOffset="11122" SrcFileId="2" StartOffset="11084"/>
<Loc EndOffset="11162" SrcFileId="2" StartOffset="11130"/>
<Loc EndOffset="11570" SrcFileId="2" StartOffset="11166"/>
</LocList>
<BasicStmnt CovItemId="S164" CovItemPrefix="is2.rubrica.PanelInserimento.java" Intrnl_Id="273">
<LocList>
<Loc EndOffset="11076" SrcFileId="2" StartOffset="11066"/>
</LocList>
</BasicStmnt>
<CondStmnt CovItemId="S165" CovItemPrefix="is2.rubrica.PanelInserimento.java" Intrnl_Id="274">
<Branch CovItemId="B31" CovItemPrefix="is2.rubrica.PanelInserimento.java" Implct="false" Intrnl_Id="275">
<Cond/>
<LocList>
<Loc EndOffset="11122" SrcFileId="2" StartOffset="11111"/>
</LocList>
<StmntSeq Intrnl_Id="276">
<LocList>
<Loc EndOffset="11122" SrcFileId="2" StartOffset="11111"/>
</LocList>
<BasicStmnt CovItemId="S166" CovItemPrefix="is2.rubrica.PanelInserimento.java" Intrnl_Id="277">
<LocList>
<Loc EndOffset="11122" SrcFileId="2" StartOffset="11111"/>
</LocList>
</BasicStmnt>
</StmntSeq>
</Branch>
<Branch CovItemId="B32" CovItemPrefix="is2.rubrica.PanelInserimento.java" Implct="true" Intrnl_Id="278">
<Cond/>
<LocList/>
<StmntSeq Intrnl_Id="279">
<LocList/>
</StmntSeq>
</Branch>
<Keyword EndOffset="11086" SrcFileId="2" StartOffset="11084"/>
<LocList>
<Loc EndOffset="11122" SrcFileId="2" StartOffset="11084"/>
</LocList>
<RootTerm CovItemId="C14" CovItemPrefix="is2.rubrica.PanelInserimento.java" Intrnl_Id="280">
<BasicBoolTerm Intrnl_Id="281">
<LocList>
<Loc EndOffset="11105" SrcFileId="2" StartOffset="11087"/>
</LocList>
</BasicBoolTerm>
</RootTerm>
</CondStmnt>
<BasicStmnt CovItemId="S167" CovItemPrefix="is2.rubrica.PanelInserimento.java" Intrnl_Id="282">
<LocList>
<Loc EndOffset="11162" SrcFileId="2" StartOffset="11130"/>
</LocList>
</BasicStmnt>
<CondStmnt CovItemId="S168" CovItemPrefix="is2.rubrica.PanelInserimento.java" Intrnl_Id="283">
<Branch CovItemId="B33" CovItemPrefix="is2.rubrica.PanelInserimento.java" Implct="false" Intrnl_Id="284">
<Cond/>
<LocList>
<Loc EndOffset="11330" SrcFileId="2" StartOffset="11211"/>
</LocList>
<StmntSeq Intrnl_Id="285">
<LocList>
<Loc EndOffset="11243" SrcFileId="2" StartOffset="11217"/>
<Loc EndOffset="11262" SrcFileId="2" StartOffset="11248"/>
<Loc EndOffset="11294" SrcFileId="2" StartOffset="11267"/>
<Loc EndOffset="11325" SrcFileId="2" StartOffset="11299"/>
</LocList>
<BasicStmnt CovItemId="S169" CovItemPrefix="is2.rubrica.PanelInserimento.java" Intrnl_Id="286">
<LocList>
<Loc EndOffset="11243" SrcFileId="2" StartOffset="11217"/>
</LocList>
</BasicStmnt>
<BasicStmnt CovItemId="S170" CovItemPrefix="is2.rubrica.PanelInserimento.java" Intrnl_Id="287">
<LocList>
<Loc EndOffset="11262" SrcFileId="2" StartOffset="11248"/>
</LocList>
</BasicStmnt>
<BasicStmnt CovItemId="S171" CovItemPrefix="is2.rubrica.PanelInserimento.java" Intrnl_Id="288">
<LocList>
<Loc EndOffset="11294" SrcFileId="2" StartOffset="11267"/>
</LocList>
</BasicStmnt>
<BasicStmnt CovItemId="S172" CovItemPrefix="is2.rubrica.PanelInserimento.java" Intrnl_Id="289">
<LocList>
<Loc EndOffset="11325" SrcFileId="2" StartOffset="11299"/>
</LocList>
</BasicStmnt>
</StmntSeq>
</Branch>
<Branch CovItemId="B34" CovItemPrefix="is2.rubrica.PanelInserimento.java" Implct="false" Intrnl_Id="290">
<Cond>
<Loc EndOffset="11338" SrcFileId="2" StartOffset="11334"/>
</Cond>
<LocList>
<Loc EndOffset="11570" SrcFileId="2" StartOffset="11338"/>
</LocList>
<StmntSeq Intrnl_Id="291">
<LocList>
<Loc EndOffset="11371" SrcFileId="2" StartOffset="11344"/>
<Loc EndOffset="11565" SrcFileId="2" StartOffset="11376"/>
</LocList>
<BasicStmnt CovItemId="S173" CovItemPrefix="is2.rubrica.PanelInserimento.java" Intrnl_Id="292">
<LocList>
<Loc EndOffset="11371" SrcFileId="2" StartOffset="11344"/>
</LocList>
</BasicStmnt>
<CondStmnt CovItemId="S174" CovItemPrefix="is2.rubrica.PanelInserimento.java" Intrnl_Id="293">
<Branch CovItemId="B35" CovItemPrefix="is2.rubrica.PanelInserimento.java" Implct="false" Intrnl_Id="294">
<Cond/>
<LocList>
<Loc EndOffset="11477" SrcFileId="2" StartOffset="11397"/>
</LocList>
<StmntSeq Intrnl_Id="295">
<LocList>
<Loc EndOffset="11477" SrcFileId="2" StartOffset="11397"/>
</LocList>
<BasicStmnt CovItemId="S175" CovItemPrefix="is2.rubrica.PanelInserimento.java" Intrnl_Id="296">
<LocList>
<Loc EndOffset="11477" SrcFileId="2" StartOffset="11397"/>
</LocList>
</BasicStmnt>
</StmntSeq>
</Branch>
<Branch CovItemId="B36" CovItemPrefix="is2.rubrica.PanelInserimento.java" Implct="false" Intrnl_Id="297">
<Cond>
<Loc EndOffset="11486" SrcFileId="2" StartOffset="11482"/>
</Cond>
<LocList>
<Loc EndOffset="11565" SrcFileId="2" StartOffset="11492"/>
</LocList>
<StmntSeq Intrnl_Id="298">
<LocList>
<Loc EndOffset="11565" SrcFileId="2" StartOffset="11492"/>
</LocList>
<BasicStmnt CovItemId="S176" CovItemPrefix="is2.rubrica.PanelInserimento.java" Intrnl_Id="299">
<LocList>
<Loc EndOffset="11565" SrcFileId="2" StartOffset="11492"/>
</LocList>
</BasicStmnt>
</StmntSeq>
</Branch>
<Keyword EndOffset="11378" SrcFileId="2" StartOffset="11376"/>
<LocList>
<Loc EndOffset="11565" SrcFileId="2" StartOffset="11376"/>
</LocList>
<RootTerm CovItemId="C16" CovItemPrefix="is2.rubrica.PanelInserimento.java" Intrnl_Id="300">
<BasicBoolTerm Intrnl_Id="301">
<LocList>
<Loc EndOffset="11390" SrcFileId="2" StartOffset="11379"/>
</LocList>
</BasicBoolTerm>
</RootTerm>
</CondStmnt>
</StmntSeq>
</Branch>
<Keyword EndOffset="11168" SrcFileId="2" StartOffset="11166"/>
<LocList>
<Loc EndOffset="11570" SrcFileId="2" StartOffset="11166"/>
</LocList>
<RootTerm CovItemId="C15" CovItemPrefix="is2.rubrica.PanelInserimento.java" Intrnl_Id="302">
<OpTerm BooleanOpId="4" Intrnl_Id="303">
<BasicBoolTerm Intrnl_Id="304">
<LocList>
<Loc EndOffset="11193" SrcFileId="2" StartOffset="11171"/>
</LocList>
</BasicBoolTerm>
<BasicBoolTerm Intrnl_Id="305">
<LocList>
<Loc EndOffset="11209" SrcFileId="2" StartOffset="11199"/>
</LocList>
</BasicBoolTerm>
<LocList>
<Loc EndOffset="11197" SrcFileId="2" StartOffset="11195"/>
</LocList>
</OpTerm>
</RootTerm>
</CondStmnt>
</StmntSeq>
</Branch>
<Branch CovItemId="B30" CovItemPrefix="is2.rubrica.PanelInserimento.java" Implct="true" Intrnl_Id="306">
<Cond/>
<LocList/>
<StmntSeq Intrnl_Id="307">
<LocList/>
</StmntSeq>
</Branch>
<Keyword EndOffset="11035" SrcFileId="2" StartOffset="11033"/>
<LocList>
<Loc EndOffset="11574" SrcFileId="2" StartOffset="11033"/>
</LocList>
<RootTerm CovItemId="C13" CovItemPrefix="is2.rubrica.PanelInserimento.java" Intrnl_Id="308">
<BasicBoolTerm Intrnl_Id="309">
<LocList>
<Loc EndOffset="11060" SrcFileId="2" StartOffset="11036"/>
</LocList>
</BasicBoolTerm>
</RootTerm>
</CondStmnt>
<CondStmnt CovItemId="S177" CovItemPrefix="is2.rubrica.PanelInserimento.java" Intrnl_Id="310">
<Branch CovItemId="B37" CovItemPrefix="is2.rubrica.PanelInserimento.java" Implct="false" Intrnl_Id="311">
<Cond/>
<LocList>
<Loc EndOffset="11626" SrcFileId="2" StartOffset="11604"/>
</LocList>
<StmntSeq Intrnl_Id="312">
<LocList>
<Loc EndOffset="11622" SrcFileId="2" StartOffset="11609"/>
</LocList>
<BasicStmnt CovItemId="S178" CovItemPrefix="is2.rubrica.PanelInserimento.java" Intrnl_Id="313">
<LocList>
<Loc EndOffset="11622" SrcFileId="2" StartOffset="11609"/>
</LocList>
</BasicStmnt>
</StmntSeq>
</Branch>
<Branch CovItemId="B38" CovItemPrefix="is2.rubrica.PanelInserimento.java" Implct="true" Intrnl_Id="314">
<Cond/>
<LocList/>
<StmntSeq Intrnl_Id="315">
<LocList/>
</StmntSeq>
</Branch>
<Keyword EndOffset="11579" SrcFileId="2" StartOffset="11577"/>
<LocList>
<Loc EndOffset="11626" SrcFileId="2" StartOffset="11577"/>
</LocList>
<RootTerm CovItemId="C17" CovItemPrefix="is2.rubrica.PanelInserimento.java" Intrnl_Id="316">
<BasicBoolTerm Intrnl_Id="317">
<LocList>
<Loc EndOffset="11603" SrcFileId="2" StartOffset="11580"/>
</LocList>
</BasicBoolTerm>
</RootTerm>
</CondStmnt>
<CondStmnt CovItemId="S179" CovItemPrefix="is2.rubrica.PanelInserimento.java" Intrnl_Id="318">
<Branch CovItemId="B39" CovItemPrefix="is2.rubrica.PanelInserimento.java" Implct="false" Intrnl_Id="319">
<Cond/>
<LocList>
<Loc EndOffset="11819" SrcFileId="2" StartOffset="11662"/>
</LocList>
<StmntSeq Intrnl_Id="320">
<LocList>
<Loc EndOffset="11693" SrcFileId="2" StartOffset="11667"/>
<Loc EndOffset="11724" SrcFileId="2" StartOffset="11697"/>
<Loc EndOffset="11755" SrcFileId="2" StartOffset="11728"/>
<Loc EndOffset="11784" SrcFileId="2" StartOffset="11759"/>
<Loc EndOffset="11815" SrcFileId="2" StartOffset="11788"/>
</LocList>
<BasicStmnt CovItemId="S180" CovItemPrefix="is2.rubrica.PanelInserimento.java" Intrnl_Id="321">
<LocList>
<Loc EndOffset="11693" SrcFileId="2" StartOffset="11667"/>
</LocList>
</BasicStmnt>
<BasicStmnt CovItemId="S181" CovItemPrefix="is2.rubrica.PanelInserimento.java" Intrnl_Id="322">
<LocList>
<Loc EndOffset="11724" SrcFileId="2" StartOffset="11697"/>
</LocList>
</BasicStmnt>
<BasicStmnt CovItemId="S182" CovItemPrefix="is2.rubrica.PanelInserimento.java" Intrnl_Id="323">
<LocList>
<Loc EndOffset="11755" SrcFileId="2" StartOffset="11728"/>
</LocList>
</BasicStmnt>
<BasicStmnt CovItemId="S183" CovItemPrefix="is2.rubrica.PanelInserimento.java" Intrnl_Id="324">
<LocList>
<Loc EndOffset="11784" SrcFileId="2" StartOffset="11759"/>
</LocList>
</BasicStmnt>
<BasicStmnt CovItemId="S184" CovItemPrefix="is2.rubrica.PanelInserimento.java" Intrnl_Id="325">
<LocList>
<Loc EndOffset="11815" SrcFileId="2" StartOffset="11788"/>
</LocList>
</BasicStmnt>
</StmntSeq>
</Branch>
<Branch CovItemId="B40" CovItemPrefix="is2.rubrica.PanelInserimento.java" Implct="true" Intrnl_Id="326">
<Cond/>
<LocList/>
<StmntSeq Intrnl_Id="327">
<LocList/>
</StmntSeq>
</Branch>
<Keyword EndOffset="11631" SrcFileId="2" StartOffset="11629"/>
<LocList>
<Loc EndOffset="11819" SrcFileId="2" StartOffset="11629"/>
</LocList>
<RootTerm CovItemId="C18" CovItemPrefix="is2.rubrica.PanelInserimento.java" Intrnl_Id="328">
<BasicBoolTerm Intrnl_Id="329">
<LocList>
<Loc EndOffset="11661" SrcFileId="2" StartOffset="11632"/>
</LocList>
</BasicBoolTerm>
</RootTerm>
</CondStmnt>
<CondStmnt CovItemId="S185" CovItemPrefix="is2.rubrica.PanelInserimento.java" Intrnl_Id="330">
<Branch CovItemId="B41" CovItemPrefix="is2.rubrica.PanelInserimento.java" Implct="false" Intrnl_Id="331">
<Cond/>
<LocList>
<Loc EndOffset="12857" SrcFileId="2" StartOffset="11849"/>
</LocList>
<StmntSeq Intrnl_Id="332">
<LocList>
<Loc EndOffset="11864" SrcFileId="2" StartOffset="11854"/>
<Loc EndOffset="11910" SrcFileId="2" StartOffset="11872"/>
<Loc EndOffset="11950" SrcFileId="2" StartOffset="11918"/>
<Loc EndOffset="12853" SrcFileId="2" StartOffset="11954"/>
</LocList>
<BasicStmnt CovItemId="S186" CovItemPrefix="is2.rubrica.PanelInserimento.java" Intrnl_Id="333">
<LocList>
<Loc EndOffset="11864" SrcFileId="2" StartOffset="11854"/>
</LocList>
</BasicStmnt>
<CondStmnt CovItemId="S187" CovItemPrefix="is2.rubrica.PanelInserimento.java" Intrnl_Id="334">
<Branch CovItemId="B43" CovItemPrefix="is2.rubrica.PanelInserimento.java" Implct="false" Intrnl_Id="335">
<Cond/>
<LocList>
<Loc EndOffset="11910" SrcFileId="2" StartOffset="11899"/>
</LocList>
<StmntSeq Intrnl_Id="336">
<LocList>
<Loc EndOffset="11910" SrcFileId="2" StartOffset="11899"/>
</LocList>
<BasicStmnt CovItemId="S188" CovItemPrefix="is2.rubrica.PanelInserimento.java" Intrnl_Id="337">
<LocList>
<Loc EndOffset="11910" SrcFileId="2" StartOffset="11899"/>
</LocList>
</BasicStmnt>
</StmntSeq>
</Branch>
<Branch CovItemId="B44" CovItemPrefix="is2.rubrica.PanelInserimento.java" Implct="true" Intrnl_Id="338">
<Cond/>
<LocList/>
<StmntSeq Intrnl_Id="339">
<LocList/>
</StmntSeq>
</Branch>
<Keyword EndOffset="11874" SrcFileId="2" StartOffset="11872"/>
<LocList>
<Loc EndOffset="11910" SrcFileId="2" StartOffset="11872"/>
</LocList>
<RootTerm CovItemId="C20" CovItemPrefix="is2.rubrica.PanelInserimento.java" Intrnl_Id="340">
<BasicBoolTerm Intrnl_Id="341">
<LocList>
<Loc EndOffset="11893" SrcFileId="2" StartOffset="11875"/>
</LocList>
</BasicBoolTerm>
</RootTerm>
</CondStmnt>
<BasicStmnt CovItemId="S189" CovItemPrefix="is2.rubrica.PanelInserimento.java" Intrnl_Id="342">
<LocList>
<Loc EndOffset="11950" SrcFileId="2" StartOffset="11918"/>
</LocList>
</BasicStmnt>
<CondStmnt CovItemId="S190" CovItemPrefix="is2.rubrica.PanelInserimento.java" Intrnl_Id="343">
<Branch CovItemId="B45" CovItemPrefix="is2.rubrica.PanelInserimento.java" Implct="false" Intrnl_Id="344">
<Cond/>
<LocList>
<Loc EndOffset="12612" SrcFileId="2" StartOffset="11999"/>
</LocList>
<StmntSeq Intrnl_Id="345">
<LocList>
<Loc EndOffset="12043" SrcFileId="2" StartOffset="12005"/>
<Loc EndOffset="12060" SrcFileId="2" StartOffset="12048"/>
<Loc EndOffset="12203" SrcFileId="2" StartOffset="12190"/>
<Loc EndOffset="12234" SrcFileId="2" StartOffset="12208"/>
<Loc EndOffset="12272" SrcFileId="2" StartOffset="12239"/>
<Loc EndOffset="12286" SrcFileId="2" StartOffset="12277"/>
<Loc EndOffset="12499" SrcFileId="2" StartOffset="12291"/>
<Loc EndOffset="12542" SrcFileId="2" StartOffset="12504"/>
<Loc EndOffset="12573" SrcFileId="2" StartOffset="12547"/>
<Loc EndOffset="12607" SrcFileId="2" StartOffset="12578"/>
</LocList>
<BasicStmnt CovItemId="S191" CovItemPrefix="is2.rubrica.PanelInserimento.java" Intrnl_Id="346">
<LocList>
<Loc EndOffset="12043" SrcFileId="2" StartOffset="12005"/>
</LocList>
</BasicStmnt>
<BasicStmnt CovItemId="S192" CovItemPrefix="is2.rubrica.PanelInserimento.java" Intrnl_Id="347">
<LocList>
<Loc EndOffset="12060" SrcFileId="2" StartOffset="12048"/>
</LocList>
</BasicStmnt>
<BasicStmnt CovItemId="S193" CovItemPrefix="is2.rubrica.PanelInserimento.java" Intrnl_Id="348">
<LocList>
<Loc EndOffset="12203" SrcFileId="2" StartOffset="12190"/>
</LocList>
</BasicStmnt>
<BasicStmnt CovItemId="S194" CovItemPrefix="is2.rubrica.PanelInserimento.java" Intrnl_Id="349">
<LocList>
<Loc EndOffset="12234" SrcFileId="2" StartOffset="12208"/>
</LocList>
</BasicStmnt>
<BasicStmnt CovItemId="S195" CovItemPrefix="is2.rubrica.PanelInserimento.java" Intrnl_Id="350">
<LocList>
<Loc EndOffset="12272" SrcFileId="2" StartOffset="12239"/>
</LocList>
</BasicStmnt>
<BasicStmnt CovItemId="S196" CovItemPrefix="is2.rubrica.PanelInserimento.java" Intrnl_Id="351">
<LocList>
<Loc EndOffset="12286" SrcFileId="2" StartOffset="12277"/>
</LocList>
</BasicStmnt>
<CondStmnt CovItemId="S197" CovItemPrefix="is2.rubrica.PanelInserimento.java" Intrnl_Id="352">
<Branch CovItemId="B47" CovItemPrefix="is2.rubrica.PanelInserimento.java" Implct="false" Intrnl_Id="353">
<Cond/>
<LocList>
<Loc EndOffset="12440" SrcFileId="2" StartOffset="12312"/>
</LocList>
<StmntSeq Intrnl_Id="354">
<LocList>
<Loc EndOffset="12434" SrcFileId="2" StartOffset="12319"/>
</LocList>
<LoopStmnt CovItemId="S198" CovItemPrefix="is2.rubrica.PanelInserimento.java" Intrnl_Id="355" MltplExecId="L1-2" MltplExecPrefix="is2.rubrica.PanelInserimento.java" NvrExecId="L1-0" NvrExecPrefix="is2.rubrica.PanelInserimento.java" OnceExecutedId="L1-1" OnceExecutedPrefix="is2.rubrica.PanelInserimento.java" OptBodyExec="false">
<StmntSeq Intrnl_Id="356">
<LocList>
<Loc EndOffset="12381" SrcFileId="2" StartOffset="12330"/>
<Loc EndOffset="12397" SrcFileId="2" StartOffset="12388"/>
</LocList>
<BasicStmnt CovItemId="S199" CovItemPrefix="is2.rubrica.PanelInserimento.java" Intrnl_Id="357">
<LocList>
<Loc EndOffset="12381" SrcFileId="2" StartOffset="12330"/>
</LocList>
</BasicStmnt>
<BasicStmnt CovItemId="S200" CovItemPrefix="is2.rubrica.PanelInserimento.java" Intrnl_Id="358">
<LocList>
<Loc EndOffset="12397" SrcFileId="2" StartOffset="12388"/>
</LocList>
</BasicStmnt>
</StmntSeq>
<Keyword EndOffset="12321" SrcFileId="2" StartOffset="12319"/>
<LocList>
<Loc EndOffset="12434" SrcFileId="2" StartOffset="12319"/>
</LocList>
<RootTerm CovItemId="C23" CovItemPrefix="is2.rubrica.PanelInserimento.java" Intrnl_Id="359">
<BasicBoolTerm Intrnl_Id="360">
<LocList>
<Loc EndOffset="12432" SrcFileId="2" StartOffset="12411"/>
</LocList>
</BasicBoolTerm>
</RootTerm>
</LoopStmnt>
</StmntSeq>
</Branch>
<Branch CovItemId="B48" CovItemPrefix="is2.rubrica.PanelInserimento.java" Implct="false" Intrnl_Id="361">
<Cond>
<Loc EndOffset="12444" SrcFileId="2" StartOffset="12440"/>
</Cond>
<LocList>
<Loc EndOffset="12499" SrcFileId="2" StartOffset="12444"/>
</LocList>
<StmntSeq Intrnl_Id="362">
<LocList>
<Loc EndOffset="12493" SrcFileId="2" StartOffset="12451"/>
</LocList>
<BasicStmnt CovItemId="S201" CovItemPrefix="is2.rubrica.PanelInserimento.java" Intrnl_Id="363">
<LocList>
<Loc EndOffset="12493" SrcFileId="2" StartOffset="12451"/>
</LocList>
</BasicStmnt>
</StmntSeq>
</Branch>
<Keyword EndOffset="12293" SrcFileId="2" StartOffset="12291"/>
<LocList>
<Loc EndOffset="12499" SrcFileId="2" StartOffset="12291"/>
</LocList>
<RootTerm CovItemId="C22" CovItemPrefix="is2.rubrica.PanelInserimento.java" Intrnl_Id="364">
<BasicBoolTerm Intrnl_Id="365">
<LocList>
<Loc EndOffset="12310" SrcFileId="2" StartOffset="12294"/>
</LocList>
</BasicBoolTerm>
</RootTerm>
</CondStmnt>
<BasicStmnt CovItemId="S202" CovItemPrefix="is2.rubrica.PanelInserimento.java" Intrnl_Id="366">
<LocList>
<Loc EndOffset="12542" SrcFileId="2" StartOffset="12504"/>
</LocList>
</BasicStmnt>
<BasicStmnt CovItemId="S203" CovItemPrefix="is2.rubrica.PanelInserimento.java" Intrnl_Id="367">
<LocList>
<Loc EndOffset="12573" SrcFileId="2" StartOffset="12547"/>
</LocList>
</BasicStmnt>
<BasicStmnt CovItemId="S204" CovItemPrefix="is2.rubrica.PanelInserimento.java" Intrnl_Id="368">
<LocList>
<Loc EndOffset="12607" SrcFileId="2" StartOffset="12578"/>
</LocList>
</BasicStmnt>
</StmntSeq>
</Branch>
<Branch CovItemId="B46" CovItemPrefix="is2.rubrica.PanelInserimento.java" Implct="false" Intrnl_Id="369">
<Cond>
<Loc EndOffset="12616" SrcFileId="2" StartOffset="12612"/>
</Cond>
<LocList>
<Loc EndOffset="12853" SrcFileId="2" StartOffset="12616"/>
</LocList>
<StmntSeq Intrnl_Id="370">
<LocList>
<Loc EndOffset="12649" SrcFileId="2" StartOffset="12622"/>
<Loc EndOffset="12848" SrcFileId="2" StartOffset="12654"/>
</LocList>
<BasicStmnt CovItemId="S205" CovItemPrefix="is2.rubrica.PanelInserimento.java" Intrnl_Id="371">
<LocList>
<Loc EndOffset="12649" SrcFileId="2" StartOffset="12622"/>
</LocList>
</BasicStmnt>
<CondStmnt CovItemId="S206" CovItemPrefix="is2.rubrica.PanelInserimento.java" Intrnl_Id="372">
<Branch CovItemId="B49" CovItemPrefix="is2.rubrica.PanelInserimento.java" Implct="false" Intrnl_Id="373">
<Cond/>
<LocList>
<Loc EndOffset="12755" SrcFileId="2" StartOffset="12675"/>
</LocList>
<StmntSeq Intrnl_Id="374">
<LocList>
<Loc EndOffset="12755" SrcFileId="2" StartOffset="12675"/>
</LocList>
<BasicStmnt CovItemId="S207" CovItemPrefix="is2.rubrica.PanelInserimento.java" Intrnl_Id="375">
<LocList>
<Loc EndOffset="12755" SrcFileId="2" StartOffset="12675"/>
</LocList>
</BasicStmnt>
</StmntSeq>
</Branch>
<Branch CovItemId="B50" CovItemPrefix="is2.rubrica.PanelInserimento.java" Implct="false" Intrnl_Id="376">
<Cond>
<Loc EndOffset="12764" SrcFileId="2" StartOffset="12760"/>
</Cond>
<LocList>
<Loc EndOffset="12848" SrcFileId="2" StartOffset="12770"/>
</LocList>
<StmntSeq Intrnl_Id="377">
<LocList>
<Loc EndOffset="12848" SrcFileId="2" StartOffset="12770"/>
</LocList>
<BasicStmnt CovItemId="S208" CovItemPrefix="is2.rubrica.PanelInserimento.java" Intrnl_Id="378">
<LocList>
<Loc EndOffset="12848" SrcFileId="2" StartOffset="12770"/>
</LocList>
</BasicStmnt>
</StmntSeq>
</Branch>
<Keyword EndOffset="12656" SrcFileId="2" StartOffset="12654"/>
<LocList>
<Loc EndOffset="12848" SrcFileId="2" StartOffset="12654"/>
</LocList>
<RootTerm CovItemId="C24" CovItemPrefix="is2.rubrica.PanelInserimento.java" Intrnl_Id="379">
<BasicBoolTerm Intrnl_Id="380">
<LocList>
<Loc EndOffset="12668" SrcFileId="2" StartOffset="12657"/>
</LocList>
</BasicBoolTerm>
</RootTerm>
</CondStmnt>
</StmntSeq>
</Branch>
<Keyword EndOffset="11956" SrcFileId="2" StartOffset="11954"/>
<LocList>
<Loc EndOffset="12853" SrcFileId="2" StartOffset="11954"/>
</LocList>
<RootTerm CovItemId="C21" CovItemPrefix="is2.rubrica.PanelInserimento.java" Intrnl_Id="381">
<OpTerm BooleanOpId="4" Intrnl_Id="382">
<BasicBoolTerm Intrnl_Id="383">
<LocList>
<Loc EndOffset="11981" SrcFileId="2" StartOffset="11959"/>
</LocList>
</BasicBoolTerm>
<BasicBoolTerm Intrnl_Id="384">
<LocList>
<Loc EndOffset="11997" SrcFileId="2" StartOffset="11987"/>
</LocList>
</BasicBoolTerm>
<LocList>
<Loc EndOffset="11985" SrcFileId="2" StartOffset="11983"/>
</LocList>
</OpTerm>
</RootTerm>
</CondStmnt>
</StmntSeq>
</Branch>
<Branch CovItemId="B42" CovItemPrefix="is2.rubrica.PanelInserimento.java" Implct="true" Intrnl_Id="385">
<Cond/>
<LocList/>
<StmntSeq Intrnl_Id="386">
<LocList/>
</StmntSeq>
</Branch>
<Keyword EndOffset="11824" SrcFileId="2" StartOffset="11822"/>
<LocList>
<Loc EndOffset="12857" SrcFileId="2" StartOffset="11822"/>
</LocList>
<RootTerm CovItemId="C19" CovItemPrefix="is2.rubrica.PanelInserimento.java" Intrnl_Id="387">
<BasicBoolTerm Intrnl_Id="388">
<LocList>
<Loc EndOffset="11848" SrcFileId="2" StartOffset="11825"/>
</LocList>
</BasicBoolTerm>
</RootTerm>
</CondStmnt>
<CondStmnt CovItemId="S209" CovItemPrefix="is2.rubrica.PanelInserimento.java" Intrnl_Id="389">
<Branch CovItemId="B51" CovItemPrefix="is2.rubrica.PanelInserimento.java" Implct="false" Intrnl_Id="390">
<Cond/>
<LocList>
<Loc EndOffset="12910" SrcFileId="2" StartOffset="12886"/>
</LocList>
<StmntSeq Intrnl_Id="391">
<LocList>
<Loc EndOffset="12906" SrcFileId="2" StartOffset="12891"/>
</LocList>
<BasicStmnt CovItemId="S210" CovItemPrefix="is2.rubrica.PanelInserimento.java" Intrnl_Id="392">
<LocList>
<Loc EndOffset="12906" SrcFileId="2" StartOffset="12891"/>
</LocList>
</BasicStmnt>
</StmntSeq>
</Branch>
<Branch CovItemId="B52" CovItemPrefix="is2.rubrica.PanelInserimento.java" Implct="true" Intrnl_Id="393">
<Cond/>
<LocList/>
<StmntSeq Intrnl_Id="394">
<LocList/>
</StmntSeq>
</Branch>
<Keyword EndOffset="12862" SrcFileId="2" StartOffset="12860"/>
<LocList>
<Loc EndOffset="12910" SrcFileId="2" StartOffset="12860"/>
</LocList>
<RootTerm CovItemId="C25" CovItemPrefix="is2.rubrica.PanelInserimento.java" Intrnl_Id="395">
<BasicBoolTerm Intrnl_Id="396">
<LocList>
<Loc EndOffset="12885" SrcFileId="2" StartOffset="12863"/>
</LocList>
</BasicBoolTerm>
</RootTerm>
</CondStmnt>
<CondStmnt CovItemId="S211" CovItemPrefix="is2.rubrica.PanelInserimento.java" Intrnl_Id="397">
<Branch CovItemId="B53" CovItemPrefix="is2.rubrica.PanelInserimento.java" Implct="false" Intrnl_Id="398">
<Cond/>
<LocList>
<Loc EndOffset="13012" SrcFileId="2" StartOffset="12947"/>
</LocList>
<StmntSeq Intrnl_Id="399">
<LocList>
<Loc EndOffset="12978" SrcFileId="2" StartOffset="12952"/>
<Loc EndOffset="13008" SrcFileId="2" StartOffset="12982"/>
</LocList>
<BasicStmnt CovItemId="S212" CovItemPrefix="is2.rubrica.PanelInserimento.java" Intrnl_Id="400">
<LocList>
<Loc EndOffset="12978" SrcFileId="2" StartOffset="12952"/>
</LocList>
</BasicStmnt>
<BasicStmnt CovItemId="S213" CovItemPrefix="is2.rubrica.PanelInserimento.java" Intrnl_Id="401">
<LocList>
<Loc EndOffset="13008" SrcFileId="2" StartOffset="12982"/>
</LocList>
</BasicStmnt>
</StmntSeq>
</Branch>
<Branch CovItemId="B54" CovItemPrefix="is2.rubrica.PanelInserimento.java" Implct="true" Intrnl_Id="402">
<Cond/>
<LocList/>
<StmntSeq Intrnl_Id="403">
<LocList/>
</StmntSeq>
</Branch>
<Keyword EndOffset="12915" SrcFileId="2" StartOffset="12913"/>
<LocList>
<Loc EndOffset="13012" SrcFileId="2" StartOffset="12913"/>
</LocList>
<RootTerm CovItemId="C26" CovItemPrefix="is2.rubrica.PanelInserimento.java" Intrnl_Id="404">
<BasicBoolTerm Intrnl_Id="405">
<LocList>
<Loc EndOffset="12946" SrcFileId="2" StartOffset="12916"/>
</LocList>
</BasicBoolTerm>
</RootTerm>
</CondStmnt>
<CondStmnt CovItemId="S214" CovItemPrefix="is2.rubrica.PanelInserimento.java" Intrnl_Id="406">
<Branch CovItemId="B55" CovItemPrefix="is2.rubrica.PanelInserimento.java" Implct="false" Intrnl_Id="407">
<Cond/>
<LocList>
<Loc EndOffset="13121" SrcFileId="2" StartOffset="13056"/>
</LocList>
<StmntSeq Intrnl_Id="408">
<LocList>
<Loc EndOffset="13087" SrcFileId="2" StartOffset="13061"/>
<Loc EndOffset="13117" SrcFileId="2" StartOffset="13091"/>
</LocList>
<BasicStmnt CovItemId="S215" CovItemPrefix="is2.rubrica.PanelInserimento.java" Intrnl_Id="409">
<LocList>
<Loc EndOffset="13087" SrcFileId="2" StartOffset="13061"/>
</LocList>
</BasicStmnt>
<BasicStmnt CovItemId="S216" CovItemPrefix="is2.rubrica.PanelInserimento.java" Intrnl_Id="410">
<LocList>
<Loc EndOffset="13117" SrcFileId="2" StartOffset="13091"/>
</LocList>
</BasicStmnt>
</StmntSeq>
</Branch>
<Branch CovItemId="B56" CovItemPrefix="is2.rubrica.PanelInserimento.java" Implct="true" Intrnl_Id="411">
<Cond/>
<LocList/>
<StmntSeq Intrnl_Id="412">
<LocList/>
</StmntSeq>
</Branch>
<Keyword EndOffset="13017" SrcFileId="2" StartOffset="13015"/>
<LocList>
<Loc EndOffset="13121" SrcFileId="2" StartOffset="13015"/>
</LocList>
<RootTerm CovItemId="C27" CovItemPrefix="is2.rubrica.PanelInserimento.java" Intrnl_Id="413">
<BasicBoolTerm Intrnl_Id="414">
<LocList>
<Loc EndOffset="13055" SrcFileId="2" StartOffset="13018"/>
</LocList>
</BasicBoolTerm>
</RootTerm>
</CondStmnt>
<CondStmnt CovItemId="S217" CovItemPrefix="is2.rubrica.PanelInserimento.java" Intrnl_Id="415">
<Branch CovItemId="B57" CovItemPrefix="is2.rubrica.PanelInserimento.java" Implct="false" Intrnl_Id="416">
<Cond/>
<LocList>
<Loc EndOffset="13225" SrcFileId="2" StartOffset="13161"/>
</LocList>
<StmntSeq Intrnl_Id="417">
<LocList>
<Loc EndOffset="13192" SrcFileId="2" StartOffset="13166"/>
<Loc EndOffset="13221" SrcFileId="2" StartOffset="13196"/>
</LocList>
<BasicStmnt CovItemId="S218" CovItemPrefix="is2.rubrica.PanelInserimento.java" Intrnl_Id="418">
<LocList>
<Loc EndOffset="13192" SrcFileId="2" StartOffset="13166"/>
</LocList>
</BasicStmnt>
<BasicStmnt CovItemId="S219" CovItemPrefix="is2.rubrica.PanelInserimento.java" Intrnl_Id="419">
<LocList>
<Loc EndOffset="13221" SrcFileId="2" StartOffset="13196"/>
</LocList>
</BasicStmnt>
</StmntSeq>
</Branch>
<Branch CovItemId="B58" CovItemPrefix="is2.rubrica.PanelInserimento.java" Implct="true" Intrnl_Id="420">
<Cond/>
<LocList/>
<StmntSeq Intrnl_Id="421">
<LocList/>
</StmntSeq>
</Branch>
<Keyword EndOffset="13126" SrcFileId="2" StartOffset="13124"/>
<LocList>
<Loc EndOffset="13225" SrcFileId="2" StartOffset="13124"/>
</LocList>
<RootTerm CovItemId="C28" CovItemPrefix="is2.rubrica.PanelInserimento.java" Intrnl_Id="422">
<BasicBoolTerm Intrnl_Id="423">
<LocList>
<Loc EndOffset="13159" SrcFileId="2" StartOffset="13127"/>
</LocList>
</BasicBoolTerm>
</RootTerm>
</CondStmnt>
</StmntSeq>
</HierarchyLvl>
<HierarchyLvl HierarchyLvlId="535" HierarchyLvlTypeId="8" Intrnl_Id="424" Name="letturaFile">
<Header>
<Loc EndOffset="13267" SrcFileId="2" StartOffset="13234"/>
</Header>
<LocList>
<Loc EndOffset="13922" SrcFileId="2" StartOffset="13234"/>
</LocList>
<StmntSeq Intrnl_Id="425">
<LocList>
<Loc EndOffset="13285" SrcFileId="2" StartOffset="13274"/>
<Loc EndOffset="13306" SrcFileId="2" StartOffset="13290"/>
<Loc EndOffset="13365" SrcFileId="2" StartOffset="13327"/>
<Loc EndOffset="13417" SrcFileId="2" StartOffset="13371"/>
<Loc EndOffset="13507" SrcFileId="2" StartOffset="13429"/>
<Loc EndOffset="13557" SrcFileId="2" StartOffset="13519"/>
<Loc EndOffset="13604" SrcFileId="2" StartOffset="13563"/>
<Loc EndOffset="13709" SrcFileId="2" StartOffset="13616"/>
<Loc EndOffset="13919" SrcFileId="2" StartOffset="13316"/>
</LocList>
<BasicStmnt CovItemId="S220" CovItemPrefix="is2.rubrica.PanelInserimento.java" Intrnl_Id="426">
<LocList>
<Loc EndOffset="13285" SrcFileId="2" StartOffset="13274"/>
</LocList>
</BasicStmnt>
<BasicStmnt CovItemId="S221" CovItemPrefix="is2.rubrica.PanelInserimento.java" Intrnl_Id="427">
<LocList>
<Loc EndOffset="13306" SrcFileId="2" StartOffset="13290"/>
</LocList>
</BasicStmnt>
<BasicStmnt CovItemId="S223" CovItemPrefix="is2.rubrica.PanelInserimento.java" Intrnl_Id="428">
<LocList>
<Loc EndOffset="13365" SrcFileId="2" StartOffset="13327"/>
</LocList>
</BasicStmnt>
<BasicStmnt CovItemId="S224" CovItemPrefix="is2.rubrica.PanelInserimento.java" Intrnl_Id="429">
<LocList>
<Loc EndOffset="13417" SrcFileId="2" StartOffset="13371"/>
</LocList>
</BasicStmnt>
<LoopStmnt CovItemId="S225" CovItemPrefix="is2.rubrica.PanelInserimento.java" Intrnl_Id="430" MltplExecId="L2-2" MltplExecPrefix="is2.rubrica.PanelInserimento.java" NvrExecId="L2-0" NvrExecPrefix="is2.rubrica.PanelInserimento.java" OnceExecutedId="L2-1" OnceExecutedPrefix="is2.rubrica.PanelInserimento.java" OptBodyExec="true">
<StmntSeq Intrnl_Id="431">
<LocList>
<Loc EndOffset="13507" SrcFileId="2" StartOffset="13491"/>
</LocList>
<BasicStmnt CovItemId="S226" CovItemPrefix="is2.rubrica.PanelInserimento.java" Intrnl_Id="432">
<LocList>
<Loc EndOffset="13507" SrcFileId="2" StartOffset="13491"/>
</LocList>
</BasicStmnt>
</StmntSeq>
<Keyword EndOffset="13434" SrcFileId="2" StartOffset="13429"/>
<LocList>
<Loc EndOffset="13507" SrcFileId="2" StartOffset="13429"/>
</LocList>
</LoopStmnt>
<BasicStmnt CovItemId="S227" CovItemPrefix="is2.rubrica.PanelInserimento.java" Intrnl_Id="433">
<LocList>
<Loc EndOffset="13557" SrcFileId="2" StartOffset="13519"/>
</LocList>
</BasicStmnt>
<BasicStmnt CovItemId="S228" CovItemPrefix="is2.rubrica.PanelInserimento.java" Intrnl_Id="434">
<LocList>
<Loc EndOffset="13604" SrcFileId="2" StartOffset="13563"/>
</LocList>
</BasicStmnt>
<LoopStmnt CovItemId="S229" CovItemPrefix="is2.rubrica.PanelInserimento.java" Intrnl_Id="435" MltplExecId="L3-2" MltplExecPrefix="is2.rubrica.PanelInserimento.java" NvrExecId="L3-0" NvrExecPrefix="is2.rubrica.PanelInserimento.java" OnceExecutedId="L3-1" OnceExecutedPrefix="is2.rubrica.PanelInserimento.java" OptBodyExec="true">
<StmntSeq Intrnl_Id="436">
<LocList>
<Loc EndOffset="13658" SrcFileId="2" StartOffset="13651"/>
<Loc EndOffset="13702" SrcFileId="2" StartOffset="13665"/>
</LocList>
<BasicStmnt CovItemId="S230" CovItemPrefix="is2.rubrica.PanelInserimento.java" Intrnl_Id="437">
<LocList>
<Loc EndOffset="13658" SrcFileId="2" StartOffset="13651"/>
</LocList>
</BasicStmnt>
<BasicStmnt CovItemId="S231" CovItemPrefix="is2.rubrica.PanelInserimento.java" Intrnl_Id="438">
<LocList>
<Loc EndOffset="13702" SrcFileId="2" StartOffset="13665"/>
</LocList>
</BasicStmnt>
</StmntSeq>
<Keyword EndOffset="13621" SrcFileId="2" StartOffset="13616"/>
<LocList>
<Loc EndOffset="13709" SrcFileId="2" StartOffset="13616"/>
</LocList>
<RootTerm CovItemId="C30" CovItemPrefix="is2.rubrica.PanelInserimento.java" Intrnl_Id="439">
<BasicBoolTerm Intrnl_Id="440">
<LocList>
<Loc EndOffset="13640" SrcFileId="2" StartOffset="13623"/>
</LocList>
</BasicBoolTerm>
</RootTerm>
</LoopStmnt>
<CondStmnt CovItemId="S222" CovItemPrefix="is2.rubrica.PanelInserimento.java" Intrnl_Id="441">
<Branch CovItemId="B59" CovItemPrefix="is2.rubrica.PanelInserimento.java" Implct="true" Intrnl_Id="442">
<Cond/>
<LocList/>
<StmntSeq Intrnl_Id="443">
<LocList/>
</StmntSeq>
</Branch>
<Branch CovItemId="B60" CovItemPrefix="is2.rubrica.PanelInserimento.java" Implct="false" Intrnl_Id="444">
<Cond>
<Loc EndOffset="13751" SrcFileId="2" StartOffset="13720"/>
</Cond>
<LocList>
<Loc EndOffset="13832" SrcFileId="2" StartOffset="13752"/>
</LocList>
<StmntSeq Intrnl_Id="445">
<LocList>
<Loc EndOffset="13826" SrcFileId="2" StartOffset="13759"/>
</LocList>
<BasicStmnt CovItemId="S232" CovItemPrefix="is2.rubrica.PanelInserimento.java" Intrnl_Id="446">
<LocList>
<Loc EndOffset="13826" SrcFileId="2" StartOffset="13759"/>
</LocList>
</BasicStmnt>
</StmntSeq>
</Branch>
<Branch CovItemId="B61" CovItemPrefix="is2.rubrica.PanelInserimento.java" Implct="false" Intrnl_Id="447">
<Cond>
<Loc EndOffset="13858" SrcFileId="2" StartOffset="13837"/>
</Cond>
<LocList>
<Loc EndOffset="13919" SrcFileId="2" StartOffset="13859"/>
</LocList>
<StmntSeq Intrnl_Id="448">
<LocList>
<Loc EndOffset="13913" SrcFileId="2" StartOffset="13866"/>
</LocList>
<BasicStmnt CovItemId="S233" CovItemPrefix="is2.rubrica.PanelInserimento.java" Intrnl_Id="449">
<LocList>
<Loc EndOffset="13913" SrcFileId="2" StartOffset="13866"/>
</LocList>
</BasicStmnt>
</StmntSeq>
</Branch>
<Keyword EndOffset="13319" SrcFileId="2" StartOffset="13316"/>
<LocList>
<Loc EndOffset="13919" SrcFileId="2" StartOffset="13316"/>
</LocList>
</CondStmnt>
</StmntSeq>
</HierarchyLvl>
<HierarchyLvl HierarchyLvlId="536" HierarchyLvlTypeId="8" Intrnl_Id="450" Name="cerca">
<Header>
<Loc EndOffset="13974" SrcFileId="2" StartOffset="13926"/>
</Header>
<LocList>
<Loc EndOffset="14781" SrcFileId="2" StartOffset="13926"/>
</LocList>
<StmntSeq Intrnl_Id="451">
<LocList>
<Loc EndOffset="13988" SrcFileId="2" StartOffset="13979"/>
<Loc EndOffset="14040" SrcFileId="2" StartOffset="14002"/>
<Loc EndOffset="14089" SrcFileId="2" StartOffset="14044"/>
<Loc EndOffset="14177" SrcFileId="2" StartOffset="14097"/>
<Loc EndOffset="14223" SrcFileId="2" StartOffset="14185"/>
<Loc EndOffset="14273" SrcFileId="2" StartOffset="14227"/>
<Loc EndOffset="14288" SrcFileId="2" StartOffset="14277"/>
<Loc EndOffset="14602" SrcFileId="2" StartOffset="14292"/>
<Loc EndOffset="14778" SrcFileId="2" StartOffset="13994"/>
</LocList>
<BasicStmnt CovItemId="S234" CovItemPrefix="is2.rubrica.PanelInserimento.java" Intrnl_Id="452">
<LocList>
<Loc EndOffset="13988" SrcFileId="2" StartOffset="13979"/>
</LocList>
</BasicStmnt>
<BasicStmnt CovItemId="S236" CovItemPrefix="is2.rubrica.PanelInserimento.java" Intrnl_Id="453">
<LocList>
<Loc EndOffset="14040" SrcFileId="2" StartOffset="14002"/>
</LocList>
</BasicStmnt>
<BasicStmnt CovItemId="S237" CovItemPrefix="is2.rubrica.PanelInserimento.java" Intrnl_Id="454">
<LocList>
<Loc EndOffset="14089" SrcFileId="2" StartOffset="14044"/>
</LocList>
</BasicStmnt>
<LoopStmnt CovItemId="S238" CovItemPrefix="is2.rubrica.PanelInserimento.java" Intrnl_Id="455" MltplExecId="L4-2" MltplExecPrefix="is2.rubrica.PanelInserimento.java" NvrExecId="L4-0" NvrExecPrefix="is2.rubrica.PanelInserimento.java" OnceExecutedId="L4-1" OnceExecutedPrefix="is2.rubrica.PanelInserimento.java" OptBodyExec="true">
<StmntSeq Intrnl_Id="456">
<LocList>
<Loc EndOffset="14172" SrcFileId="2" StartOffset="14159"/>
</LocList>
<BasicStmnt CovItemId="S239" CovItemPrefix="is2.rubrica.PanelInserimento.java" Intrnl_Id="457">
<LocList>
<Loc EndOffset="14172" SrcFileId="2" StartOffset="14159"/>
</LocList>
</BasicStmnt>
</StmntSeq>
<Keyword EndOffset="14102" SrcFileId="2" StartOffset="14097"/>
<LocList>
<Loc EndOffset="14177" SrcFileId="2" StartOffset="14097"/>
</LocList>
</LoopStmnt>
<BasicStmnt CovItemId="S240" CovItemPrefix="is2.rubrica.PanelInserimento.java" Intrnl_Id="458">
<LocList>
<Loc EndOffset="14223" SrcFileId="2" StartOffset="14185"/>
</LocList>
</BasicStmnt>
<BasicStmnt CovItemId="S241" CovItemPrefix="is2.rubrica.PanelInserimento.java" Intrnl_Id="459">
<LocList>
<Loc EndOffset="14273" SrcFileId="2" StartOffset="14227"/>
</LocList>
</BasicStmnt>
<BasicStmnt CovItemId="S242" CovItemPrefix="is2.rubrica.PanelInserimento.java" Intrnl_Id="460">
<LocList>
<Loc EndOffset="14288" SrcFileId="2" StartOffset="14277"/>
</LocList>
</BasicStmnt>
<LoopStmnt CovItemId="S243" CovItemPrefix="is2.rubrica.PanelInserimento.java" Intrnl_Id="461" MltplExecId="L5-2" MltplExecPrefix="is2.rubrica.PanelInserimento.java" NvrExecId="L5-0" NvrExecPrefix="is2.rubrica.PanelInserimento.java" OnceExecutedId="L5-1" OnceExecutedPrefix="is2.rubrica.PanelInserimento.java" OptBodyExec="false">
<StmntSeq Intrnl_Id="462">
<LocList>
<Loc EndOffset="14547" SrcFileId="2" StartOffset="14301"/>
<Loc EndOffset="14563" SrcFileId="2" StartOffset="14552"/>
</LocList>
<LoopStmnt CovItemId="S244" CovItemPrefix="is2.rubrica.PanelInserimento.java" Intrnl_Id="463" MltplExecId="L6-2" MltplExecPrefix="is2.rubrica.PanelInserimento.java" NvrExecId="L6-0" NvrExecPrefix="is2.rubrica.PanelInserimento.java" OnceExecutedId="L6-1" OnceExecutedPrefix="is2.rubrica.PanelInserimento.java" OptBodyExec="true">
<StmntSeq Intrnl_Id="464">
<LocList>
<Loc EndOffset="14352" SrcFileId="2" StartOffset="14340"/>
<Loc EndOffset="14395" SrcFileId="2" StartOffset="14358"/>
<Loc EndOffset="14541" SrcFileId="2" StartOffset="14401"/>
</LocList>
<BasicStmnt CovItemId="S245" CovItemPrefix="is2.rubrica.PanelInserimento.java" Intrnl_Id="465">
<LocList>
<Loc EndOffset="14352" SrcFileId="2" StartOffset="14340"/>
</LocList>
</BasicStmnt>
<BasicStmnt CovItemId="S246" CovItemPrefix="is2.rubrica.PanelInserimento.java" Intrnl_Id="466">
<LocList>
<Loc EndOffset="14395" SrcFileId="2" StartOffset="14358"/>
</LocList>
</BasicStmnt>
<CondStmnt CovItemId="S247" CovItemPrefix="is2.rubrica.PanelInserimento.java" Intrnl_Id="467">
<Branch CovItemId="B63" CovItemPrefix="is2.rubrica.PanelInserimento.java" Implct="false" Intrnl_Id="468">
<Cond/>
<LocList>
<Loc EndOffset="14541" SrcFileId="2" StartOffset="14425"/>
</LocList>
<StmntSeq Intrnl_Id="469">
<LocList>
<Loc EndOffset="14534" SrcFileId="2" StartOffset="14433"/>
</LocList>
<CondStmnt CovItemId="S248" CovItemPrefix="is2.rubrica.PanelInserimento.java" Intrnl_Id="470">
<Branch CovItemId="B65" CovItemPrefix="is2.rubrica.PanelInserimento.java" Implct="false" Intrnl_Id="471">
<Cond/>
<LocList>
<Loc EndOffset="14534" SrcFileId="2" StartOffset="14470"/>
</LocList>
<StmntSeq Intrnl_Id="472">
<LocList>
<Loc EndOffset="14509" SrcFileId="2" StartOffset="14479"/>
<Loc EndOffset="14526" SrcFileId="2" StartOffset="14517"/>
</LocList>
<BasicStmnt CovItemId="S249" CovItemPrefix="is2.rubrica.PanelInserimento.java" Intrnl_Id="473">
<LocList>
<Loc EndOffset="14509" SrcFileId="2" StartOffset="14479"/>
</LocList>
</BasicStmnt>
<BasicStmnt CovItemId="S250" CovItemPrefix="is2.rubrica.PanelInserimento.java" Intrnl_Id="474">
<LocList>
<Loc EndOffset="14526" SrcFileId="2" StartOffset="14517"/>
</LocList>
</BasicStmnt>
</StmntSeq>
</Branch>
<Branch CovItemId="B66" CovItemPrefix="is2.rubrica.PanelInserimento.java" Implct="true" Intrnl_Id="475">
<Cond/>
<LocList/>
<StmntSeq Intrnl_Id="476">
<LocList/>
</StmntSeq>
</Branch>
<Keyword EndOffset="14435" SrcFileId="2" StartOffset="14433"/>
<LocList>
<Loc EndOffset="14534" SrcFileId="2" StartOffset="14433"/>
</LocList>
<RootTerm CovItemId="C35" CovItemPrefix="is2.rubrica.PanelInserimento.java" Intrnl_Id="477">
<BasicBoolTerm Intrnl_Id="478">
<LocList>
<Loc EndOffset="14468" SrcFileId="2" StartOffset="14436"/>
</LocList>
</BasicBoolTerm>
</RootTerm>
</CondStmnt>
</StmntSeq>
</Branch>
<Branch CovItemId="B64" CovItemPrefix="is2.rubrica.PanelInserimento.java" Implct="true" Intrnl_Id="479">
<Cond/>
<LocList/>
<StmntSeq Intrnl_Id="480">
<LocList/>
</StmntSeq>
</Branch>
<Keyword EndOffset="14403" SrcFileId="2" StartOffset="14401"/>
<LocList>
<Loc EndOffset="14541" SrcFileId="2" StartOffset="14401"/>
</LocList>
<RootTerm CovItemId="C34" CovItemPrefix="is2.rubrica.PanelInserimento.java" Intrnl_Id="481">
<BasicBoolTerm Intrnl_Id="482">
<LocList>
<Loc EndOffset="14423" SrcFileId="2" StartOffset="14405"/>
</LocList>
</BasicBoolTerm>
</RootTerm>
</CondStmnt>
</StmntSeq>
<Keyword EndOffset="14306" SrcFileId="2" StartOffset="14301"/>
<LocList>
<Loc EndOffset="14547" SrcFileId="2" StartOffset="14301"/>
</LocList>
<RootTerm CovItemId="C33" CovItemPrefix="is2.rubrica.PanelInserimento.java" Intrnl_Id="483">
<BasicBoolTerm Intrnl_Id="484">
<LocList>
<Loc EndOffset="14330" SrcFileId="2" StartOffset="14308"/>
</LocList>
</BasicBoolTerm>
</RootTerm>
</LoopStmnt>
<BasicStmnt CovItemId="S251" CovItemPrefix="is2.rubrica.PanelInserimento.java" Intrnl_Id="485">
<LocList>
<Loc EndOffset="14563" SrcFileId="2" StartOffset="14552"/>
</LocList>
</BasicStmnt>
</StmntSeq>
<Keyword EndOffset="14294" SrcFileId="2" StartOffset="14292"/>
<LocList>
<Loc EndOffset="14602" SrcFileId="2" StartOffset="14292"/>
</LocList>
<RootTerm CovItemId="C32" CovItemPrefix="is2.rubrica.PanelInserimento.java" Intrnl_Id="486">
<BasicBoolTerm Intrnl_Id="487">
<LocList>
<Loc EndOffset="14600" SrcFileId="2" StartOffset="14578"/>
</LocList>
</BasicBoolTerm>
</RootTerm>
</LoopStmnt>
<CondStmnt CovItemId="S235" CovItemPrefix="is2.rubrica.PanelInserimento.java" Intrnl_Id="488">
<Branch CovItemId="B62" CovItemPrefix="is2.rubrica.PanelInserimento.java" Implct="true" Intrnl_Id="489">
<Cond/>
<LocList/>
<StmntSeq Intrnl_Id="490">
<LocList/>
</StmntSeq>
</Branch>
<Branch CovItemId="B67" CovItemPrefix="is2.rubrica.PanelInserimento.java" Implct="false" Intrnl_Id="491">
<Cond>
<Loc EndOffset="14640" SrcFileId="2" StartOffset="14609"/>
</Cond>
<LocList>
<Loc EndOffset="14697" SrcFileId="2" StartOffset="14641"/>
</LocList>
<StmntSeq Intrnl_Id="492">
<LocList>
<Loc EndOffset="14693" SrcFileId="2" StartOffset="14646"/>
</LocList>
<BasicStmnt CovItemId="S252" CovItemPrefix="is2.rubrica.PanelInserimento.java" Intrnl_Id="493">
<LocList>
<Loc EndOffset="14693" SrcFileId="2" StartOffset="14646"/>
</LocList>
</BasicStmnt>
</StmntSeq>
</Branch>
<Branch CovItemId="B68" CovItemPrefix="is2.rubrica.PanelInserimento.java" Implct="false" Intrnl_Id="494">
<Cond>
<Loc EndOffset="14721" SrcFileId="2" StartOffset="14700"/>
</Cond>
<LocList>
<Loc EndOffset="14778" SrcFileId="2" StartOffset="14722"/>
</LocList>
<StmntSeq Intrnl_Id="495">
<LocList>
<Loc EndOffset="14774" SrcFileId="2" StartOffset="14727"/>
</LocList>
<BasicStmnt CovItemId="S253" CovItemPrefix="is2.rubrica.PanelInserimento.java" Intrnl_Id="496">
<LocList>
<Loc EndOffset="14774" SrcFileId="2" StartOffset="14727"/>
</LocList>
</BasicStmnt>
</StmntSeq>
</Branch>
<Keyword EndOffset="13997" SrcFileId="2" StartOffset="13994"/>
<LocList>
<Loc EndOffset="14778" SrcFileId="2" StartOffset="13994"/>
</LocList>
</CondStmnt>
</StmntSeq>
</HierarchyLvl>
<HierarchyLvl HierarchyLvlId="537" HierarchyLvlTypeId="8" Intrnl_Id="497" Name="stampaRisultati">
<Header>
<Loc EndOffset="14831" SrcFileId="2" StartOffset="14785"/>
</Header>
<LocList>
<Loc EndOffset="15923" SrcFileId="2" StartOffset="14785"/>
</LocList>
<StmntSeq Intrnl_Id="498">
<LocList>
<Loc EndOffset="14848" SrcFileId="2" StartOffset="14836"/>
<Loc EndOffset="14981" SrcFileId="2" StartOffset="14968"/>
<Loc EndOffset="15030" SrcFileId="2" StartOffset="14992"/>
<Loc EndOffset="15080" SrcFileId="2" StartOffset="15034"/>
<Loc EndOffset="15168" SrcFileId="2" StartOffset="15088"/>
<Loc EndOffset="15214" SrcFileId="2" StartOffset="15176"/>
<Loc EndOffset="15264" SrcFileId="2" StartOffset="15218"/>
<Loc EndOffset="15361" SrcFileId="2" StartOffset="15272"/>
<Loc EndOffset="15406" SrcFileId="2" StartOffset="15369"/>
<Loc EndOffset="15449" SrcFileId="2" StartOffset="15410"/>
<Loc EndOffset="15494" SrcFileId="2" StartOffset="15457"/>
<Loc EndOffset="15542" SrcFileId="2" StartOffset="15498"/>
<Loc EndOffset="15587" SrcFileId="2" StartOffset="15550"/>
<Loc EndOffset="15639" SrcFileId="2" StartOffset="15591"/>
<Loc EndOffset="15684" SrcFileId="2" StartOffset="15647"/>
<Loc EndOffset="15743" SrcFileId="2" StartOffset="15688"/>
<Loc EndOffset="15920" SrcFileId="2" StartOffset="14984"/>
</LocList>
<BasicStmnt CovItemId="S254" CovItemPrefix="is2.rubrica.PanelInserimento.java" Intrnl_Id="499">
<LocList>
<Loc EndOffset="14848" SrcFileId="2" StartOffset="14836"/>
</LocList>
</BasicStmnt>
<BasicStmnt CovItemId="S255" CovItemPrefix="is2.rubrica.PanelInserimento.java" Intrnl_Id="500">
<LocList>
<Loc EndOffset="14981" SrcFileId="2" StartOffset="14968"/>
</LocList>
</BasicStmnt>
<BasicStmnt CovItemId="S257" CovItemPrefix="is2.rubrica.PanelInserimento.java" Intrnl_Id="501">
<LocList>
<Loc EndOffset="15030" SrcFileId="2" StartOffset="14992"/>
</LocList>
</BasicStmnt>
<BasicStmnt CovItemId="S258" CovItemPrefix="is2.rubrica.PanelInserimento.java" Intrnl_Id="502">
<LocList>
<Loc EndOffset="15080" SrcFileId="2" StartOffset="15034"/>
</LocList>
</BasicStmnt>
<LoopStmnt CovItemId="S259" CovItemPrefix="is2.rubrica.PanelInserimento.java" Intrnl_Id="503" MltplExecId="L7-2" MltplExecPrefix="is2.rubrica.PanelInserimento.java" NvrExecId="L7-0" NvrExecPrefix="is2.rubrica.PanelInserimento.java" OnceExecutedId="L7-1" OnceExecutedPrefix="is2.rubrica.PanelInserimento.java" OptBodyExec="true">
<StmntSeq Intrnl_Id="504">
<LocList>
<Loc EndOffset="15163" SrcFileId="2" StartOffset="15150"/>
</LocList>
<BasicStmnt CovItemId="S260" CovItemPrefix="is2.rubrica.PanelInserimento.java" Intrnl_Id="505">
<LocList>
<Loc EndOffset="15163" SrcFileId="2" StartOffset="15150"/>
</LocList>
</BasicStmnt>
</StmntSeq>
<Keyword EndOffset="15093" SrcFileId="2" StartOffset="15088"/>
<LocList>
<Loc EndOffset="15168" SrcFileId="2" StartOffset="15088"/>
</LocList>
</LoopStmnt>
<BasicStmnt CovItemId="S261" CovItemPrefix="is2.rubrica.PanelInserimento.java" Intrnl_Id="506">
<LocList>
<Loc EndOffset="15214" SrcFileId="2" StartOffset="15176"/>
</LocList>
</BasicStmnt>
<BasicStmnt CovItemId="S262" CovItemPrefix="is2.rubrica.PanelInserimento.java" Intrnl_Id="507">
<LocList>
<Loc EndOffset="15264" SrcFileId="2" StartOffset="15218"/>
</LocList>
</BasicStmnt>
<LoopStmnt CovItemId="S263" CovItemPrefix="is2.rubrica.PanelInserimento.java" Intrnl_Id="508" MltplExecId="L8-2" MltplExecPrefix="is2.rubrica.PanelInserimento.java" NvrExecId="L8-0" NvrExecPrefix="is2.rubrica.PanelInserimento.java" OnceExecutedId="L8-1" OnceExecutedPrefix="is2.rubrica.PanelInserimento.java" OptBodyExec="true">
<StmntSeq Intrnl_Id="509">
<LocList>
<Loc EndOffset="15339" SrcFileId="2" StartOffset="15302"/>
<Loc EndOffset="15356" SrcFileId="2" StartOffset="15344"/>
</LocList>
<BasicStmnt CovItemId="S264" CovItemPrefix="is2.rubrica.PanelInserimento.java" Intrnl_Id="510">
<LocList>
<Loc EndOffset="15339" SrcFileId="2" StartOffset="15302"/>
</LocList>
</BasicStmnt>
<BasicStmnt CovItemId="S265" CovItemPrefix="is2.rubrica.PanelInserimento.java" Intrnl_Id="511">
<LocList>
<Loc EndOffset="15356" SrcFileId="2" StartOffset="15344"/>
</LocList>
</BasicStmnt>
</StmntSeq>
<Keyword EndOffset="15277" SrcFileId="2" StartOffset="15272"/>
<LocList>
<Loc EndOffset="15361" SrcFileId="2" StartOffset="15272"/>
</LocList>
<RootTerm CovItemId="C37" CovItemPrefix="is2.rubrica.PanelInserimento.java" Intrnl_Id="512">
<BasicBoolTerm Intrnl_Id="513">
<LocList>
<Loc EndOffset="15294" SrcFileId="2" StartOffset="15278"/>
</LocList>
</BasicBoolTerm>
</RootTerm>
</LoopStmnt>
<BasicStmnt CovItemId="S266" CovItemPrefix="is2.rubrica.PanelInserimento.java" Intrnl_Id="514">
<LocList>
<Loc EndOffset="15406" SrcFileId="2" StartOffset="15369"/>
</LocList>
</BasicStmnt>
<BasicStmnt CovItemId="S267" CovItemPrefix="is2.rubrica.PanelInserimento.java" Intrnl_Id="515">
<LocList>
<Loc EndOffset="15449" SrcFileId="2" StartOffset="15410"/>
</LocList>
</BasicStmnt>
<BasicStmnt CovItemId="S268" CovItemPrefix="is2.rubrica.PanelInserimento.java" Intrnl_Id="516">
<LocList>
<Loc EndOffset="15494" SrcFileId="2" StartOffset="15457"/>
</LocList>
</BasicStmnt>
<BasicStmnt CovItemId="S269" CovItemPrefix="is2.rubrica.PanelInserimento.java" Intrnl_Id="517">
<LocList>
<Loc EndOffset="15542" SrcFileId="2" StartOffset="15498"/>
</LocList>
</BasicStmnt>
<BasicStmnt CovItemId="S270" CovItemPrefix="is2.rubrica.PanelInserimento.java" Intrnl_Id="518">
<LocList>
<Loc EndOffset="15587" SrcFileId="2" StartOffset="15550"/>
</LocList>
</BasicStmnt>
<BasicStmnt CovItemId="S271" CovItemPrefix="is2.rubrica.PanelInserimento.java" Intrnl_Id="519">
<LocList>
<Loc EndOffset="15639" SrcFileId="2" StartOffset="15591"/>
</LocList>
</BasicStmnt>
<BasicStmnt CovItemId="S272" CovItemPrefix="is2.rubrica.PanelInserimento.java" Intrnl_Id="520">
<LocList>
<Loc EndOffset="15684" SrcFileId="2" StartOffset="15647"/>
</LocList>
</BasicStmnt>
<BasicStmnt CovItemId="S273" CovItemPrefix="is2.rubrica.PanelInserimento.java" Intrnl_Id="521">
<LocList>
<Loc EndOffset="15743" SrcFileId="2" StartOffset="15688"/>
</LocList>
</BasicStmnt>
<CondStmnt CovItemId="S256" CovItemPrefix="is2.rubrica.PanelInserimento.java" Intrnl_Id="522">
<Branch CovItemId="B69" CovItemPrefix="is2.rubrica.PanelInserimento.java" Implct="true" Intrnl_Id="523">
<Cond/>
<LocList/>
<StmntSeq Intrnl_Id="524">
<LocList/>
</StmntSeq>
</Branch>
<Branch CovItemId="B70" CovItemPrefix="is2.rubrica.PanelInserimento.java" Implct="false" Intrnl_Id="525">
<Cond>
<Loc EndOffset="15781" SrcFileId="2" StartOffset="15750"/>
</Cond>
<LocList>
<Loc EndOffset="15838" SrcFileId="2" StartOffset="15782"/>
</LocList>
<StmntSeq Intrnl_Id="526">
<LocList>
<Loc EndOffset="15834" SrcFileId="2" StartOffset="15787"/>
</LocList>
<BasicStmnt CovItemId="S274" CovItemPrefix="is2.rubrica.PanelInserimento.java" Intrnl_Id="527">
<LocList>
<Loc EndOffset="15834" SrcFileId="2" StartOffset="15787"/>
</LocList>
</BasicStmnt>
</StmntSeq>
</Branch>
<Branch CovItemId="B71" CovItemPrefix="is2.rubrica.PanelInserimento.java" Implct="false" Intrnl_Id="528">
<Cond>
<Loc EndOffset="15862" SrcFileId="2" StartOffset="15841"/>
</Cond>
<LocList>
<Loc EndOffset="15920" SrcFileId="2" StartOffset="15863"/>
</LocList>
<StmntSeq Intrnl_Id="529">
<LocList>
<Loc EndOffset="15916" SrcFileId="2" StartOffset="15869"/>
</LocList>
<BasicStmnt CovItemId="S275" CovItemPrefix="is2.rubrica.PanelInserimento.java" Intrnl_Id="530">
<LocList>
<Loc EndOffset="15916" SrcFileId="2" StartOffset="15869"/>
</LocList>
</BasicStmnt>
</StmntSeq>
</Branch>
<Keyword EndOffset="14987" SrcFileId="2" StartOffset="14984"/>
<LocList>
<Loc EndOffset="15920" SrcFileId="2" StartOffset="14984"/>
</LocList>
</CondStmnt>
</StmntSeq>
</HierarchyLvl>
<HierarchyLvl HierarchyLvlId="538" HierarchyLvlTypeId="8" Intrnl_Id="531" Name="stampa">
<Header>
<Loc EndOffset="15939" SrcFileId="2" StartOffset="15926"/>
</Header>
<LocList>
<Loc EndOffset="16784" SrcFileId="2" StartOffset="15926"/>
</LocList>
<StmntSeq Intrnl_Id="532">
<LocList>
<Loc EndOffset="15993" SrcFileId="2" StartOffset="15956"/>
<Loc EndOffset="16116" SrcFileId="2" StartOffset="15997"/>
<Loc EndOffset="16157" SrcFileId="2" StartOffset="16120"/>
<Loc EndOffset="16276" SrcFileId="2" StartOffset="16161"/>
<Loc EndOffset="16317" SrcFileId="2" StartOffset="16280"/>
<Loc EndOffset="16435" SrcFileId="2" StartOffset="16321"/>
<Loc EndOffset="16476" SrcFileId="2" StartOffset="16439"/>
<Loc EndOffset="16599" SrcFileId="2" StartOffset="16480"/>
<Loc EndOffset="16781" SrcFileId="2" StartOffset="15947"/>
</LocList>
<BasicStmnt CovItemId="S277" CovItemPrefix="is2.rubrica.PanelInserimento.java" Intrnl_Id="533">
<LocList>
<Loc EndOffset="15993" SrcFileId="2" StartOffset="15956"/>
</LocList>
</BasicStmnt>
<BasicStmnt CovItemId="S278" CovItemPrefix="is2.rubrica.PanelInserimento.java" Intrnl_Id="534">
<LocList>
<Loc EndOffset="16116" SrcFileId="2" StartOffset="15997"/>
</LocList>
</BasicStmnt>
<BasicStmnt CovItemId="S279" CovItemPrefix="is2.rubrica.PanelInserimento.java" Intrnl_Id="535">
<LocList>
<Loc EndOffset="16157" SrcFileId="2" StartOffset="16120"/>
</LocList>
</BasicStmnt>
<BasicStmnt CovItemId="S280" CovItemPrefix="is2.rubrica.PanelInserimento.java" Intrnl_Id="536">
<LocList>
<Loc EndOffset="16276" SrcFileId="2" StartOffset="16161"/>
</LocList>
</BasicStmnt>
<BasicStmnt CovItemId="S281" CovItemPrefix="is2.rubrica.PanelInserimento.java" Intrnl_Id="537">
<LocList>
<Loc EndOffset="16317" SrcFileId="2" StartOffset="16280"/>
</LocList>
</BasicStmnt>
<BasicStmnt CovItemId="S282" CovItemPrefix="is2.rubrica.PanelInserimento.java" Intrnl_Id="538">
<LocList>
<Loc EndOffset="16435" SrcFileId="2" StartOffset="16321"/>
</LocList>
</BasicStmnt>
<BasicStmnt CovItemId="S283" CovItemPrefix="is2.rubrica.PanelInserimento.java" Intrnl_Id="539">
<LocList>
<Loc EndOffset="16476" SrcFileId="2" StartOffset="16439"/>
</LocList>
</BasicStmnt>
<BasicStmnt CovItemId="S284" CovItemPrefix="is2.rubrica.PanelInserimento.java" Intrnl_Id="540">
<LocList>
<Loc EndOffset="16599" SrcFileId="2" StartOffset="16480"/>
</LocList>
</BasicStmnt>
<CondStmnt CovItemId="S276" CovItemPrefix="is2.rubrica.PanelInserimento.java" Intrnl_Id="541">
<Branch CovItemId="B72" CovItemPrefix="is2.rubrica.PanelInserimento.java" Implct="true" Intrnl_Id="542">
<Cond/>
<LocList/>
<StmntSeq Intrnl_Id="543">
<LocList/>
</StmntSeq>
</Branch>
<Branch CovItemId="B73" CovItemPrefix="is2.rubrica.PanelInserimento.java" Implct="false" Intrnl_Id="544">
<Cond>
<Loc EndOffset="16627" SrcFileId="2" StartOffset="16606"/>
</Cond>
<LocList>
<Loc EndOffset="16691" SrcFileId="2" StartOffset="16628"/>
</LocList>
<StmntSeq Intrnl_Id="545">
<LocList>
<Loc EndOffset="16687" SrcFileId="2" StartOffset="16633"/>
</LocList>
<BasicStmnt CovItemId="S285" CovItemPrefix="is2.rubrica.PanelInserimento.java" Intrnl_Id="546">
<LocList>
<Loc EndOffset="16687" SrcFileId="2" StartOffset="16633"/>
</LocList>
</BasicStmnt>
</StmntSeq>
</Branch>
<Branch CovItemId="B74" CovItemPrefix="is2.rubrica.PanelInserimento.java" Implct="false" Intrnl_Id="547">
<Cond>
<Loc EndOffset="16725" SrcFileId="2" StartOffset="16695"/>
</Cond>
<LocList>
<Loc EndOffset="16781" SrcFileId="2" StartOffset="16726"/>
</LocList>
<StmntSeq Intrnl_Id="548">
<LocList>
<Loc EndOffset="16777" SrcFileId="2" StartOffset="16731"/>
</LocList>
<BasicStmnt CovItemId="S286" CovItemPrefix="is2.rubrica.PanelInserimento.java" Intrnl_Id="549">
<LocList>
<Loc EndOffset="16777" SrcFileId="2" StartOffset="16731"/>
</LocList>
</BasicStmnt>
</StmntSeq>
</Branch>
<Keyword EndOffset="15950" SrcFileId="2" StartOffset="15947"/>
<LocList>
<Loc EndOffset="16781" SrcFileId="2" StartOffset="15947"/>
</LocList>
</CondStmnt>
</StmntSeq>
</HierarchyLvl>
<HierarchyLvl HierarchyLvlId="539" HierarchyLvlTypeId="8" Intrnl_Id="550" Name="reset">
<Header>
<Loc EndOffset="16800" SrcFileId="2" StartOffset="16788"/>
</Header>
<LocList>
<Loc EndOffset="16923" SrcFileId="2" StartOffset="16788"/>
</LocList>
<StmntSeq Intrnl_Id="551">
<LocList>
<Loc EndOffset="16829" SrcFileId="2" StartOffset="16805"/>
<Loc EndOffset="16859" SrcFileId="2" StartOffset="16832"/>
<Loc EndOffset="16888" SrcFileId="2" StartOffset="16862"/>
<Loc EndOffset="16920" SrcFileId="2" StartOffset="16891"/>
</LocList>
<BasicStmnt CovItemId="S287" CovItemPrefix="is2.rubrica.PanelInserimento.java" Intrnl_Id="552">
<LocList>
<Loc EndOffset="16829" SrcFileId="2" StartOffset="16805"/>
</LocList>
</BasicStmnt>
<BasicStmnt CovItemId="S288" CovItemPrefix="is2.rubrica.PanelInserimento.java" Intrnl_Id="553">
<LocList>
<Loc EndOffset="16859" SrcFileId="2" StartOffset="16832"/>
</LocList>
</BasicStmnt>
<BasicStmnt CovItemId="S289" CovItemPrefix="is2.rubrica.PanelInserimento.java" Intrnl_Id="554">
<LocList>
<Loc EndOffset="16888" SrcFileId="2" StartOffset="16862"/>
</LocList>
</BasicStmnt>
<BasicStmnt CovItemId="S290" CovItemPrefix="is2.rubrica.PanelInserimento.java" Intrnl_Id="555">
<LocList>
<Loc EndOffset="16920" SrcFileId="2" StartOffset="16891"/>
</LocList>
</BasicStmnt>
</StmntSeq>
</HierarchyLvl>
<HierarchyLvl HierarchyLvlId="540" HierarchyLvlTypeId="8" Intrnl_Id="556" Name="pannelloCerca">
<Header>
<Loc EndOffset="16958" SrcFileId="2" StartOffset="16927"/>
</Header>
<LocList>
<Loc EndOffset="17148" SrcFileId="2" StartOffset="16927"/>
</LocList>
<StmntSeq Intrnl_Id="557">
<LocList>
<Loc EndOffset="16993" SrcFileId="2" StartOffset="16963"/>
<Loc EndOffset="17027" SrcFileId="2" StartOffset="16996"/>
<Loc EndOffset="17061" SrcFileId="2" StartOffset="17030"/>
<Loc EndOffset="17093" SrcFileId="2" StartOffset="17064"/>
<Loc EndOffset="17118" SrcFileId="2" StartOffset="17096"/>
<Loc EndOffset="17142" SrcFileId="2" StartOffset="17121"/>
</LocList>
<BasicStmnt CovItemId="S291" CovItemPrefix="is2.rubrica.PanelInserimento.java" Intrnl_Id="558">
<LocList>
<Loc EndOffset="16993" SrcFileId="2" StartOffset="16963"/>
</LocList>
</BasicStmnt>
<BasicStmnt CovItemId="S292" CovItemPrefix="is2.rubrica.PanelInserimento.java" Intrnl_Id="559">
<LocList>
<Loc EndOffset="17027" SrcFileId="2" StartOffset="16996"/>
</LocList>
</BasicStmnt>
<BasicStmnt CovItemId="S293" CovItemPrefix="is2.rubrica.PanelInserimento.java" Intrnl_Id="560">
<LocList>
<Loc EndOffset="17061" SrcFileId="2" StartOffset="17030"/>
</LocList>
</BasicStmnt>
<BasicStmnt CovItemId="S294" CovItemPrefix="is2.rubrica.PanelInserimento.java" Intrnl_Id="561">
<LocList>
<Loc EndOffset="17093" SrcFileId="2" StartOffset="17064"/>
</LocList>
</BasicStmnt>
<BasicStmnt CovItemId="S295" CovItemPrefix="is2.rubrica.PanelInserimento.java" Intrnl_Id="562">
<LocList>
<Loc EndOffset="17118" SrcFileId="2" StartOffset="17096"/>
</LocList>
</BasicStmnt>
<BasicStmnt CovItemId="S296" CovItemPrefix="is2.rubrica.PanelInserimento.java" Intrnl_Id="563">
<LocList>
<Loc EndOffset="17142" SrcFileId="2" StartOffset="17121"/>
</LocList>
</BasicStmnt>
</StmntSeq>
</HierarchyLvl>
<HierarchyLvl HierarchyLvlId="541" HierarchyLvlTypeId="8" Intrnl_Id="564" Name="pannelloRisultati">
<Header>
<Loc EndOffset="17189" SrcFileId="2" StartOffset="17154"/>
</Header>
<LocList>
<Loc EndOffset="17257" SrcFileId="2" StartOffset="17154"/>
</LocList>
<StmntSeq Intrnl_Id="565">
<LocList>
<Loc EndOffset="17225" SrcFileId="2" StartOffset="17194"/>
<Loc EndOffset="17254" SrcFileId="2" StartOffset="17228"/>
</LocList>
<BasicStmnt CovItemId="S297" CovItemPrefix="is2.rubrica.PanelInserimento.java" Intrnl_Id="566">
<LocList>
<Loc EndOffset="17225" SrcFileId="2" StartOffset="17194"/>
</LocList>
</BasicStmnt>
<BasicStmnt CovItemId="S298" CovItemPrefix="is2.rubrica.PanelInserimento.java" Intrnl_Id="567">
<LocList>
<Loc EndOffset="17254" SrcFileId="2" StartOffset="17228"/>
</LocList>
</BasicStmnt>
</StmntSeq>
</HierarchyLvl>
<HierarchyLvl HierarchyLvlId="542" HierarchyLvlTypeId="8" Intrnl_Id="568" Name="pannelloInput">
<Header>
<Loc EndOffset="17292" SrcFileId="2" StartOffset="17261"/>
</Header>
<LocList>
<Loc EndOffset="17649" SrcFileId="2" StartOffset="17261"/>
</LocList>
<StmntSeq Intrnl_Id="569">
<LocList>
<Loc EndOffset="17323" SrcFileId="2" StartOffset="17297"/>
<Loc EndOffset="17354" SrcFileId="2" StartOffset="17326"/>
<Loc EndOffset="17386" SrcFileId="2" StartOffset="17357"/>
<Loc EndOffset="17420" SrcFileId="2" StartOffset="17389"/>
<Loc EndOffset="17451" SrcFileId="2" StartOffset="17423"/>
<Loc EndOffset="17484" SrcFileId="2" StartOffset="17454"/>
<Loc EndOffset="17518" SrcFileId="2" StartOffset="17487"/>
<Loc EndOffset="17554" SrcFileId="2" StartOffset="17521"/>
<Loc EndOffset="17584" SrcFileId="2" StartOffset="17560"/>
<Loc EndOffset="17614" SrcFileId="2" StartOffset="17587"/>
<Loc EndOffset="17646" SrcFileId="2" StartOffset="17617"/>
</LocList>
<BasicStmnt CovItemId="S299" CovItemPrefix="is2.rubrica.PanelInserimento.java" Intrnl_Id="570">
<LocList>
<Loc EndOffset="17323" SrcFileId="2" StartOffset="17297"/>
</LocList>
</BasicStmnt>
<BasicStmnt CovItemId="S300" CovItemPrefix="is2.rubrica.PanelInserimento.java" Intrnl_Id="571">
<LocList>
<Loc EndOffset="17354" SrcFileId="2" StartOffset="17326"/>
</LocList>
</BasicStmnt>
<BasicStmnt CovItemId="S301" CovItemPrefix="is2.rubrica.PanelInserimento.java" Intrnl_Id="572">
<LocList>
<Loc EndOffset="17386" SrcFileId="2" StartOffset="17357"/>
</LocList>
</BasicStmnt>
<BasicStmnt CovItemId="S302" CovItemPrefix="is2.rubrica.PanelInserimento.java" Intrnl_Id="573">
<LocList>
<Loc EndOffset="17420" SrcFileId="2" StartOffset="17389"/>
</LocList>
</BasicStmnt>
<BasicStmnt CovItemId="S303" CovItemPrefix="is2.rubrica.PanelInserimento.java" Intrnl_Id="574">
<LocList>
<Loc EndOffset="17451" SrcFileId="2" StartOffset="17423"/>
</LocList>
</BasicStmnt>
<BasicStmnt CovItemId="S304" CovItemPrefix="is2.rubrica.PanelInserimento.java" Intrnl_Id="575">
<LocList>
<Loc EndOffset="17484" SrcFileId="2" StartOffset="17454"/>
</LocList>
</BasicStmnt>
<BasicStmnt CovItemId="S305" CovItemPrefix="is2.rubrica.PanelInserimento.java" Intrnl_Id="576">
<LocList>
<Loc EndOffset="17518" SrcFileId="2" StartOffset="17487"/>
</LocList>
</BasicStmnt>
<BasicStmnt CovItemId="S306" CovItemPrefix="is2.rubrica.PanelInserimento.java" Intrnl_Id="577">
<LocList>
<Loc EndOffset="17554" SrcFileId="2" StartOffset="17521"/>
</LocList>
</BasicStmnt>
<BasicStmnt CovItemId="S307" CovItemPrefix="is2.rubrica.PanelInserimento.java" Intrnl_Id="578">
<LocList>
<Loc EndOffset="17584" SrcFileId="2" StartOffset="17560"/>
</LocList>
</BasicStmnt>
<BasicStmnt CovItemId="S308" CovItemPrefix="is2.rubrica.PanelInserimento.java" Intrnl_Id="579">
<LocList>
<Loc EndOffset="17614" SrcFileId="2" StartOffset="17587"/>
</LocList>
</BasicStmnt>
<BasicStmnt CovItemId="S309" CovItemPrefix="is2.rubrica.PanelInserimento.java" Intrnl_Id="580">
<LocList>
<Loc EndOffset="17646" SrcFileId="2" StartOffset="17617"/>
</LocList>
</BasicStmnt>
</StmntSeq>
</HierarchyLvl>
<HierarchyLvl HierarchyLvlId="543" HierarchyLvlTypeId="8" Intrnl_Id="581" Name="pannelloOutput">
<Header>
<Loc EndOffset="17685" SrcFileId="2" StartOffset="17653"/>
</Header>
<LocList>
<Loc EndOffset="17921" SrcFileId="2" StartOffset="17653"/>
</LocList>
<StmntSeq Intrnl_Id="582">
<LocList>
<Loc EndOffset="17719" SrcFileId="2" StartOffset="17690"/>
<Loc EndOffset="17754" SrcFileId="2" StartOffset="17722"/>
<Loc EndOffset="17788" SrcFileId="2" StartOffset="17757"/>
<Loc EndOffset="17825" SrcFileId="2" StartOffset="17791"/>
<Loc EndOffset="17856" SrcFileId="2" StartOffset="17828"/>
<Loc EndOffset="17885" SrcFileId="2" StartOffset="17859"/>
<Loc EndOffset="17918" SrcFileId="2" StartOffset="17888"/>
</LocList>
<BasicStmnt CovItemId="S310" CovItemPrefix="is2.rubrica.PanelInserimento.java" Intrnl_Id="583">
<LocList>
<Loc EndOffset="17719" SrcFileId="2" StartOffset="17690"/>
</LocList>
</BasicStmnt>
<BasicStmnt CovItemId="S311" CovItemPrefix="is2.rubrica.PanelInserimento.java" Intrnl_Id="584">
<LocList>
<Loc EndOffset="17754" SrcFileId="2" StartOffset="17722"/>
</LocList>
</BasicStmnt>
<BasicStmnt CovItemId="S312" CovItemPrefix="is2.rubrica.PanelInserimento.java" Intrnl_Id="585">
<LocList>
<Loc EndOffset="17788" SrcFileId="2" StartOffset="17757"/>
</LocList>
</BasicStmnt>
<BasicStmnt CovItemId="S313" CovItemPrefix="is2.rubrica.PanelInserimento.java" Intrnl_Id="586">
<LocList>
<Loc EndOffset="17825" SrcFileId="2" StartOffset="17791"/>
</LocList>
</BasicStmnt>
<BasicStmnt CovItemId="S314" CovItemPrefix="is2.rubrica.PanelInserimento.java" Intrnl_Id="587">
<LocList>
<Loc EndOffset="17856" SrcFileId="2" StartOffset="17828"/>
</LocList>
</BasicStmnt>
<BasicStmnt CovItemId="S315" CovItemPrefix="is2.rubrica.PanelInserimento.java" Intrnl_Id="588">
<LocList>
<Loc EndOffset="17885" SrcFileId="2" StartOffset="17859"/>
</LocList>
</BasicStmnt>
<BasicStmnt CovItemId="S316" CovItemPrefix="is2.rubrica.PanelInserimento.java" Intrnl_Id="589">
<LocList>
<Loc EndOffset="17918" SrcFileId="2" StartOffset="17888"/>
</LocList>
</BasicStmnt>
</StmntSeq>
</HierarchyLvl>
<HierarchyLvl HierarchyLvlId="544" HierarchyLvlTypeId="8" Intrnl_Id="590" Name="pannelloRubIns">
<Header>
<Loc EndOffset="17957" SrcFileId="2" StartOffset="17925"/>
</Header>
<LocList>
<Loc EndOffset="18127" SrcFileId="2" StartOffset="17925"/>
</LocList>
<StmntSeq Intrnl_Id="591">
<LocList>
<Loc EndOffset="17994" SrcFileId="2" StartOffset="17962"/>
<Loc EndOffset="18027" SrcFileId="2" StartOffset="17997"/>
<Loc EndOffset="18061" SrcFileId="2" StartOffset="18030"/>
<Loc EndOffset="18091" SrcFileId="2" StartOffset="18064"/>
<Loc EndOffset="18124" SrcFileId="2" StartOffset="18094"/>
</LocList>
<BasicStmnt CovItemId="S317" CovItemPrefix="is2.rubrica.PanelInserimento.java" Intrnl_Id="592">
<LocList>
<Loc EndOffset="17994" SrcFileId="2" StartOffset="17962"/>
</LocList>
</BasicStmnt>
<BasicStmnt CovItemId="S318" CovItemPrefix="is2.rubrica.PanelInserimento.java" Intrnl_Id="593">
<LocList>
<Loc EndOffset="18027" SrcFileId="2" StartOffset="17997"/>
</LocList>
</BasicStmnt>
<BasicStmnt CovItemId="S319" CovItemPrefix="is2.rubrica.PanelInserimento.java" Intrnl_Id="594">
<LocList>
<Loc EndOffset="18061" SrcFileId="2" StartOffset="18030"/>
</LocList>
</BasicStmnt>
<BasicStmnt CovItemId="S320" CovItemPrefix="is2.rubrica.PanelInserimento.java" Intrnl_Id="595">
<LocList>
<Loc EndOffset="18091" SrcFileId="2" StartOffset="18064"/>
</LocList>
</BasicStmnt>
<BasicStmnt CovItemId="S321" CovItemPrefix="is2.rubrica.PanelInserimento.java" Intrnl_Id="596">
<LocList>
<Loc EndOffset="18124" SrcFileId="2" StartOffset="18094"/>
</LocList>
</BasicStmnt>
</StmntSeq>
</HierarchyLvl>
<HierarchyLvl HierarchyLvlId="545" HierarchyLvlTypeId="8" Intrnl_Id="597" Name="pannelloRubStp">
<Header>
<Loc EndOffset="18163" SrcFileId="2" StartOffset="18131"/>
</Header>
<LocList>
<Loc EndOffset="18362" SrcFileId="2" StartOffset="18131"/>
</LocList>
<StmntSeq Intrnl_Id="598">
<LocList>
<Loc EndOffset="18200" SrcFileId="2" StartOffset="18168"/>
<Loc EndOffset="18233" SrcFileId="2" StartOffset="18203"/>
<Loc EndOffset="18267" SrcFileId="2" StartOffset="18236"/>
<Loc EndOffset="18299" SrcFileId="2" StartOffset="18270"/>
<Loc EndOffset="18330" SrcFileId="2" StartOffset="18302"/>
<Loc EndOffset="18359" SrcFileId="2" StartOffset="18333"/>
</LocList>
<BasicStmnt CovItemId="S322" CovItemPrefix="is2.rubrica.PanelInserimento.java" Intrnl_Id="599">
<LocList>
<Loc EndOffset="18200" SrcFileId="2" StartOffset="18168"/>
</LocList>
</BasicStmnt>
<BasicStmnt CovItemId="S323" CovItemPrefix="is2.rubrica.PanelInserimento.java" Intrnl_Id="600">
<LocList>
<Loc EndOffset="18233" SrcFileId="2" StartOffset="18203"/>
</LocList>
</BasicStmnt>
<BasicStmnt CovItemId="S324" CovItemPrefix="is2.rubrica.PanelInserimento.java" Intrnl_Id="601">
<LocList>
<Loc EndOffset="18267" SrcFileId="2" StartOffset="18236"/>
</LocList>
</BasicStmnt>
<BasicStmnt CovItemId="S325" CovItemPrefix="is2.rubrica.PanelInserimento.java" Intrnl_Id="602">
<LocList>
<Loc EndOffset="18299" SrcFileId="2" StartOffset="18270"/>
</LocList>
</BasicStmnt>
<BasicStmnt CovItemId="S326" CovItemPrefix="is2.rubrica.PanelInserimento.java" Intrnl_Id="603">
<LocList>
<Loc EndOffset="18330" SrcFileId="2" StartOffset="18302"/>
</LocList>
</BasicStmnt>
<BasicStmnt CovItemId="S327" CovItemPrefix="is2.rubrica.PanelInserimento.java" Intrnl_Id="604">
<LocList>
<Loc EndOffset="18359" SrcFileId="2" StartOffset="18333"/>
</LocList>
</BasicStmnt>
</StmntSeq>
</HierarchyLvl>
<HierarchyLvl HierarchyLvlId="546" HierarchyLvlTypeId="8" Intrnl_Id="605" Name="pannelloIndex">
<Header>
<Loc EndOffset="18397" SrcFileId="2" StartOffset="18366"/>
</Header>
<LocList>
<Loc EndOffset="18585" SrcFileId="2" StartOffset="18366"/>
</LocList>
<StmntSeq Intrnl_Id="606">
<LocList>
<Loc EndOffset="18429" SrcFileId="2" StartOffset="18402"/>
<Loc EndOffset="18460" SrcFileId="2" StartOffset="18432"/>
<Loc EndOffset="18491" SrcFileId="2" StartOffset="18463"/>
<Loc EndOffset="18522" SrcFileId="2" StartOffset="18494"/>
<Loc EndOffset="18551" SrcFileId="2" StartOffset="18525"/>
<Loc EndOffset="18582" SrcFileId="2" StartOffset="18554"/>
</LocList>
<BasicStmnt CovItemId="S328" CovItemPrefix="is2.rubrica.PanelInserimento.java" Intrnl_Id="607">
<LocList>
<Loc EndOffset="18429" SrcFileId="2" StartOffset="18402"/>
</LocList>
</BasicStmnt>
<BasicStmnt CovItemId="S329" CovItemPrefix="is2.rubrica.PanelInserimento.java" Intrnl_Id="608">
<LocList>
<Loc EndOffset="18460" SrcFileId="2" StartOffset="18432"/>
</LocList>
</BasicStmnt>
<BasicStmnt CovItemId="S330" CovItemPrefix="is2.rubrica.PanelInserimento.java" Intrnl_Id="609">
<LocList>
<Loc EndOffset="18491" SrcFileId="2" StartOffset="18463"/>
</LocList>
</BasicStmnt>
<BasicStmnt CovItemId="S331" CovItemPrefix="is2.rubrica.PanelInserimento.java" Intrnl_Id="610">
<LocList>
<Loc EndOffset="18522" SrcFileId="2" StartOffset="18494"/>
</LocList>
</BasicStmnt>
<BasicStmnt CovItemId="S332" CovItemPrefix="is2.rubrica.PanelInserimento.java" Intrnl_Id="611">
<LocList>
<Loc EndOffset="18551" SrcFileId="2" StartOffset="18525"/>
</LocList>
</BasicStmnt>
<BasicStmnt CovItemId="S333" CovItemPrefix="is2.rubrica.PanelInserimento.java" Intrnl_Id="612">
<LocList>
<Loc EndOffset="18582" SrcFileId="2" StartOffset="18554"/>
</LocList>
</BasicStmnt>
</StmntSeq>
</HierarchyLvl>
</HierarchyLvl>
<HierarchyLvl HierarchyLvlId="549" HierarchyLvlTypeId="7" Intrnl_Id="613" Name="FramePri">
<Header>
<Loc EndOffset="810" SrcFileId="3" StartOffset="774"/>
</Header>
<LocList>
<Loc EndOffset="2069" SrcFileId="3" StartOffset="774"/>
</LocList>
<StmntSeq Intrnl_Id="614">
<LocList>
<Loc EndOffset="1090" SrcFileId="3" StartOffset="1024"/>
<Loc EndOffset="1191" SrcFileId="3" StartOffset="1146"/>
<Loc EndOffset="1239" SrcFileId="3" StartOffset="1193"/>
</LocList>
<BasicStmnt CovItemId="S1" CovItemPrefix="is2.rubrica.FramePri.java" Intrnl_Id="615">
<LocList>
<Loc EndOffset="1090" SrcFileId="3" StartOffset="1024"/>
</LocList>
</BasicStmnt>
<BasicStmnt CovItemId="S2" CovItemPrefix="is2.rubrica.FramePri.java" Intrnl_Id="616">
<LocList>
<Loc EndOffset="1191" SrcFileId="3" StartOffset="1146"/>
</LocList>
</BasicStmnt>
<BasicStmnt CovItemId="S3" CovItemPrefix="is2.rubrica.FramePri.java" Intrnl_Id="617">
<LocList>
<Loc EndOffset="1239" SrcFileId="3" StartOffset="1193"/>
</LocList>
</BasicStmnt>
</StmntSeq>
<HierarchyLvl HierarchyLvlId="548" HierarchyLvlTypeId="8" Intrnl_Id="618" Name="FramePri">
<Header>
<Loc EndOffset="1527" SrcFileId="3" StartOffset="1493"/>
</Header>
<LocList>
<Loc EndOffset="2067" SrcFileId="3" StartOffset="1493"/>
</LocList>
<StmntSeq Intrnl_Id="619">
<LocList>
<Loc EndOffset="1593" SrcFileId="3" StartOffset="1531"/>
<Loc EndOffset="1668" SrcFileId="3" StartOffset="1619"/>
<Loc EndOffset="1715" SrcFileId="3" StartOffset="1690"/>
<Loc EndOffset="1805" SrcFileId="3" StartOffset="1777"/>
<Loc EndOffset="1914" SrcFileId="3" StartOffset="1863"/>
<Loc EndOffset="1993" SrcFileId="3" StartOffset="1952"/>
<Loc EndOffset="2047" SrcFileId="3" StartOffset="2021"/>
</LocList>
<BasicStmnt CovItemId="S4" CovItemPrefix="is2.rubrica.FramePri.java" Intrnl_Id="620">
<LocList>
<Loc EndOffset="1593" SrcFileId="3" StartOffset="1531"/>
</LocList>
</BasicStmnt>
<BasicStmnt CovItemId="S5" CovItemPrefix="is2.rubrica.FramePri.java" Intrnl_Id="621">
<LocList>
<Loc EndOffset="1668" SrcFileId="3" StartOffset="1619"/>
</LocList>
</BasicStmnt>
<BasicStmnt CovItemId="S6" CovItemPrefix="is2.rubrica.FramePri.java" Intrnl_Id="622">
<LocList>
<Loc EndOffset="1715" SrcFileId="3" StartOffset="1690"/>
</LocList>
</BasicStmnt>
<BasicStmnt CovItemId="S7" CovItemPrefix="is2.rubrica.FramePri.java" Intrnl_Id="623">
<LocList>
<Loc EndOffset="1805" SrcFileId="3" StartOffset="1777"/>
</LocList>
</BasicStmnt>
<BasicStmnt CovItemId="S8" CovItemPrefix="is2.rubrica.FramePri.java" Intrnl_Id="624">
<LocList>
<Loc EndOffset="1914" SrcFileId="3" StartOffset="1863"/>
</LocList>
</BasicStmnt>
<BasicStmnt CovItemId="S9" CovItemPrefix="is2.rubrica.FramePri.java" Intrnl_Id="625">
<LocList>
<Loc EndOffset="1993" SrcFileId="3" StartOffset="1952"/>
</LocList>
</BasicStmnt>
<BasicStmnt CovItemId="S10" CovItemPrefix="is2.rubrica.FramePri.java" Intrnl_Id="626">
<LocList>
<Loc EndOffset="2047" SrcFileId="3" StartOffset="2021"/>
</LocList>
</BasicStmnt>
</StmntSeq>
</HierarchyLvl>
</HierarchyLvl>
</HierarchyLvl>
</HierarchyLvl>
</HierarchyLvl>
</MASTRoot>
</TestSessionContainer>
