<?xml version="1.0" encoding="UTF-8"?>
<TestSessionContainer xmlns="http://www.codecover.org/xml/testsession-container" Date="1343081006668" TestSessionContainerId="a3057ce2-e2f0-4950-a2b6-d432c879b068" version="1.0">
<SrcFileList>
<SrcFile Content="/**&#10; * Rubrica.java&#10; * &#10; * @author Alenadri Enrico - III G&#10; * @date 6/02/2009&#10; * Fixed by:&#10; * &quot;helloIAmPau - Pasquale Boemio &lt;pa.boemio[at]studenti.unina.it&gt;&quot;&#10; * &quot;b3by&quot; - Antonio Bevilacqua &lt;anto.bevilacqua[at]studenti.unina.it&gt;&quot;&#10; * ----------&#10; * This is the first called class. It simply shows the jpanel &quot;FramePri&quot;.&#10; * &#10; * We have fixed:&#10; * 1. indentation&#10; * 2. added some inline documentation&#10; * 3. replaced show() method with setVisible() method of frame object. show() seems to be deprecated&#10; * &#10; * NB: Some class or variables name are edited in order to respect the standard &quot;camel notation&quot;&#10; * to make this source code more readable. &#10; */&#10;package is2.rubrica;&#10;import javax.swing.JFrame;&#10;&#10;&#10;public class Rubrica{&#10;&#9;/**&#10;&#9; * The main method. I don't have to add something else. &#10;&#9; * &#10;&#9; * @param args : This is some command line arguments. Be careful, Rubrica.java doesn't use it!&#10;&#9; */&#10;&#9;public static void main(String[] args){&#10;&#9;&#9;&#10;&#9;&#9;int xLoc=400,   // posizione x dei frame nello schermo&#10;&#9;&#9;&#9;yLoc=400;   // posizione y dei frame nello schermo&#10;&#9;&#9;&#10;&#9;&#9;FramePri frame = new FramePri(xLoc,yLoc); // creo il pannello che verra` mostrato&#10;&#9;&#9;frame.setDefaultCloseOperation(JFrame.EXIT_ON_CLOSE); // operazione da eseguire alla sua chiusura&#10;&#9;&#9;&#10;&#9;&#9;/*-------------------------------------------------&#10;&#9;&#9; * FIX-3&#10;&#9;&#9; * ------------------------------------------------ &#10;&#9;&#9; * Il metodo show() risulta essere deprecato; per evitare problemi futuri&#10;&#9;&#9; * utilizziamo il metodo setVisible()&#10;&#9;&#9; */&#10;&#9;&#9;//frame.show(); &#10;&#9;&#9;frame.setVisible(true); // mostrami il pannello :)&#10;&#9;&#9;//-------------------------------------------------&#10;     &#10;&#9;}&#10; }&#10;" Filename="Rubrica.java" Intrnl_Id="1"/>
<SrcFile Content="/**&#10; * PanelInserimento.java&#10; * &#10; * @author Alenadri Enrico - III G&#10; * @date 6/02/2009&#10; * Fixed by:&#10; * &quot;helloIAmPau - Pasquale Boemio &lt;pa.boemio[at]studenti.unina.it&gt;&quot;&#10; * &quot;b3by&quot; - Antonio Bevilacqua &lt;anto.bevilacqua[at]studenti.unina.it&gt;&quot;&#10; * ----------&#10; * &#10; * We have fixed:&#10; * 1. indentation&#10; * 2. added some inline documentation&#10; * 3. added the serialVersionUID (not necessary)&#10; * 4. converted TextField objects in JTextField (frow AWT to Swing)&#10; * 5. resolved change panel if submit void rub name (thx to testVoidNameCreazioneRubrica())&#10; * 6. typing error changing &quot;Indirizzo&quot; to &quot;Indirizzo:&quot; (thx to pannelloOutputVisible())&#10; * &#10; * NB: Some class or variables name are edited in order to respect the standard &quot;camel notation&quot;&#10; * to make this source code more readable. &#10; */&#10;package is2.rubrica;&#10;&#10;import java.awt.TextArea;&#10;import java.awt.event.ActionEvent;&#10;import java.awt.event.ActionListener;&#10;import java.io.BufferedReader;&#10;import java.io.File;&#10;import java.io.FileNotFoundException;&#10;import java.io.FileOutputStream;&#10;import java.io.FileReader;&#10;import java.io.IOException;&#10;import java.io.PrintStream;&#10;&#10;import javax.swing.JButton;&#10;import javax.swing.JLabel;&#10;import javax.swing.JPanel;&#10;import javax.swing.JTextField;&#10;&#10;public class PanelInserimento extends JPanel implements ActionListener{&#10;&#10;    // L'oggetto JFrame e` un oggetto &quot;Serializable&quot;. Poiche` abbiamo seri problemi,&#10;&#9;// preferiamo eliminare anche tutti i &quot;warning&quot; presenti nel codice, e quindi &#10;&#9;// assegnamo a questo un id autogenerato!&#10;&#9;private static final long serialVersionUID = 685601408825075349L;&#10;&#9;&#10;&#9;// ----------------------------------&#10;&#9;// Variabile non usata&#10;&#9;// private boolean exist=true;&#10;&#9;// ----------------------------------&#10;&#9;private int num=0,&#10;&#9;&#9;&#9;linee=0,&#10;&#9;&#9;&#9;lineeStm=0,&#10;&#9;&#9;&#9;i,&#10;&#9;&#9;&#9;cont;&#10;&#9;// ----------------------------------&#10;&#9;// Variabili non usate&#10;&#9;// &#9;&#9;con,&#10;&#9;//      x=0;&#10;&#9;// ----------------------------------&#10;&#9;&#10;&#9;private String linea,&#10;&#9;&#9;&#9;stringa,&#10;&#9;&#9;&#9;risCerca=&quot;&quot;;&#10;&#9;// ----------------------------------&#10;&#9;// Variabile non usata&#10;&#9;// &#9;nameRub;&#10;&#9;// ----------------------------------&#10;&#9;&#10;&#9;private JTextField inNome,&#10;&#9;&#9;&#9;inCognome,&#10;&#9;&#9;&#9;inNumero,&#10;&#9;&#9;&#9;inIndirizzo,&#10;&#9;&#9;&#9;inNameRub,&#10;&#9;&#9;&#9;inCerca;&#10;&#9;&#10;&#9;private FileOutputStream fileS;&#10;&#9;private FileReader fileL;&#10;&#9;private File exFile;&#10;&#9;private PrintStream scrittura;&#10;&#9;private BufferedReader lettura;&#10;&#9;private JTextArea risultati;&#10;&#9;private int[] cerca = new int[100];&#10;&#9;&#10;&#9;private JLabel testoIns,&#10;&#9;&#9;&#9;testoStp,&#10;&#9;&#9;&#9;nome,&#10;&#9;&#9;&#9;// ----------------------------------&#10;&#9;&#9;&#9;// Addirittura errori di battitura...&#10;&#9;&#9;&#9;// Congome,&#10;&#9;&#9;&#9;Cognome,&#10;&#9;&#9;&#9;// ----------------------------------&#10;&#9;&#9;&#9;Numero,&#10;&#9;&#9;&#9;Indirizzo,&#10;&#9;&#9;&#9;index,&#10;&#9;&#9;&#9;spazio,&#10;&#9;&#9;&#9;stmNome,&#10;&#9;&#9;&#9;stmCognome,&#10;&#9;&#9;&#9;stmNumero,&#10;&#9;&#9;&#9;stmIndirizzo,&#10;&#9;&#9;&#9;infoCerca;&#10;&#9;&#10;&#9;private JButton ok,&#10;&#9;&#9;&#9;reset,&#10;&#9;&#9;&#9;savExit,&#10;&#9;&#9;&#9;invio,&#10;&#9;&#9;&#9;invio_,&#10;&#9;&#9;&#9;indIns,&#10;&#9;&#9;&#9;indStp,&#10;&#9;&#9;&#9;indCer,&#10;&#9;&#9;&#9;avanti,&#10;&#9;&#9;&#9;back,&#10;&#9;&#9;&#9;indietro,&#10;&#9;&#9;&#9;exit,&#10;&#9;&#9;&#9;Cerca;&#10;&#9;&#10;&#9;public PanelInserimento(){&#10;&#9;&#9;&#10;&#9;&#9;this.exit = new JButton(&quot;esci&quot;);&#10;&#9;&#9;this.spazio= new JLabel(&quot;                              &quot;);&#10;&#9;&#9;&#10;&#9;&#9;// Componenti Index&#10;&#9;&#9;this.index = new JLabel(&quot;       Cosa vuoi fare?                                    &quot;);&#10;&#9;&#9;// ----------------------------------&#10;&#9;&#9;// Per poter fare testing, sono stati aggiunti i nomi ad alcune JLabel&#10;&#9;&#9;this.index.setName(&quot;index&quot;);&#10;&#9;&#9;// ----------------------------------&#10;&#9;&#9;this.indIns = new JButton(&quot;Crea rubrica&quot;);&#10;&#9;&#9;this.indStp = new JButton(&quot;Visualizza contatti&quot;);&#10;&#9;&#9;this.indCer = new JButton(&quot;Cerca Contatti&quot;);&#10;&#9;&#9;&#10;&#9;&#9;// Componenti inserimento nome Rubrica-inserimento scherda/stampa scheda&#10;&#9;&#9;this.testoIns = new JLabel(&quot;Inserisci il nome con cui salvare la rubrica        &quot;);&#10;&#9;&#9;this.testoStp = new JLabel(&quot;Inserisci il nome della rubrica        &quot;);&#10;&#9;&#9;// ----------------------------------&#10;&#9;&#9;// Per poter fare testing, sono stati aggiunti i nomi ad alcune JLabel&#10;&#9;&#9;this.testoStp.setName(&quot;testoStp&quot;);&#10;&#9;&#9;this.testoIns.setName(&quot;testoIns&quot;);&#10;&#9;&#9;// ----------------------------------&#10;&#9;&#9;this.inNameRub = new JTextField(10);&#10;&#9;&#9;// ----------------------------------&#10;&#9;&#9;// Per poter fare testing, sono stati aggiunti i nomi ai textfield&#10;&#9;&#9;this.inNameRub.setName(&quot;inNameRub&quot;);&#10;&#9;&#9;// ----------------------------------&#10;&#9;&#9;this.invio = new JButton(&quot;Invio&quot;);&#10;&#9;&#9;this.invio_ = new JButton(&quot;Invio &quot;);&#10;&#9;&#9;&#10;&#9;&#9;// Componenti Cerca&#10;&#9;&#9;this.Cerca = new JButton(&quot;Cerca&quot;);&#10;&#9;&#9;this.infoCerca = new JLabel(&quot;Puoi cercare per Nome-Cognome-Numero-indirizzo&quot;);&#10;&#9;&#9;// ----------------------------------&#10;&#9;&#9;// Per poter fare testing, sono stati aggiunti i nomi ai textfield&#10;&#9;&#9;this.infoCerca.setName(&quot;infoCerca&quot;);&#10;&#9;&#9;// ----------------------------------&#10;&#9;&#9;this.inCerca = new JTextField(10);&#10;&#9;&#9;// ----------------------------------&#10;&#9;&#9;// Per poter fare testing, sono stati aggiunti i nomi ai textfield&#10;&#9;&#9;this.inCerca.setName(&quot;inCerca&quot;);&#10;&#9;&#9;// ----------------------------------&#10;&#9;&#9;this.risultati = new TextArea(10,35);&#10;&#9;&#9;// ----------------------------------&#10;&#9;&#9;// Per poter fare testing, sono stati aggiunti i nomi ai textfield&#10;&#9;&#9;this.risultati.setName(&quot;risultati&quot;);&#10;&#9;&#9;// ----------------------------------&#10;&#9;&#9;this.risultati.setEditable(false);&#10;&#9;&#9;this.risultati.setCaretPosition(0);&#10;&#9;&#9;&#10;&#9;&#9;// Componenti inserimento scheda&#10;&#9;&#9;this.nome = new JLabel(&quot;                Nome&quot;);&#10;&#9;&#9;this.Cognome = new JLabel(&quot;                Cognome&quot;);&#10;&#9;&#9;this.Numero = new JLabel(&quot;                Numero Casa&quot;);&#10;&#9;&#9;this.Indirizzo = new JLabel(&quot;                Indirizzo&quot;);&#10;&#9;&#9;this.ok = new JButton(&quot;Add&quot;);&#10;&#9;&#9;this.reset = new JButton(&quot;Reset&quot;);&#10;&#9;&#9;this.savExit = new JButton(&quot;Save &amp; Back&quot;);&#10;&#9;&#9;this.inNome = new JTextField(17);&#10;&#9;&#9;this.inCognome = new JTextField(17);&#10;&#9;&#9;this.inNumero = new JTextField(17);&#10;&#9;&#9;this.inIndirizzo = new JTextField(17);&#10;&#9;&#9;// Per poter fare testing, sono stati aggiunti i nomi ai textfield&#10;&#9;&#9;this.inNome.setName(&quot;inNome&quot;);&#10;&#9;&#9;this.inCognome.setName(&quot;inCognome&quot;);&#10;&#9;&#9;this.inNumero.setName(&quot;inNumero&quot;);&#10;&#9;&#9;this.inIndirizzo.setName(&quot;inIndirizzo&quot;);&#10;&#9;&#9;// ----------------------------------&#10;&#9;&#9;&#10;&#9;&#9;// Componenti stampa Scheda&#10;&#9;&#9;this.stmNome = new JLabel(&quot;Nome:&quot;);&#10;&#9;&#9;this.stmCognome = new JLabel(&quot;Cognome:&quot;);&#10;&#9;&#9;this.stmNumero = new JLabel(&quot;Numero:&quot;);&#10;&#9;&#9;/* -------------------------------------------------&#10;&#9;&#9; * FIX-6&#10;&#9;&#9; * Errore di battitura&#10;&#9;&#9; * -------------------------------------------------&#10;&#9;&#9; */&#10;&#9;&#9;//this.stmIndirizzo = new JLabel(&quot;Indirizzo&quot;);&#10;&#9;&#9;this.stmIndirizzo = new JLabel(&quot;Indirizzo:&quot;);&#10;&#9;&#9;// -------------------------------------------------&#10;&#9;&#9;this.avanti = new JButton(&quot;&gt;&gt;&quot;);&#10;&#9;&#9;this.back = new JButton(&quot;Indietro&quot;);&#10;&#9;&#9;this.indietro = new JButton(&quot;&lt;&lt;&quot;);&#10;&#9;&#9;&#10;&#9;&#9;// ----------------------------------&#10;&#9;&#9;// Variabile non usata&#10;&#9;&#9;// &#9;this.nameRub = inNameRub.getText();&#10;&#9;&#9;// ----------------------------------&#10;&#9;&#9;&#10;&#9;&#9;// Aggiungo componenti index&#10;&#9;&#9;this.add(this.index);&#10;&#9;&#9;this.add(this.indIns);&#10;&#9;&#9;this.add(this.indStp);&#10;&#9;&#9;this.add(this.indCer);&#10;&#9;&#9;this.add(this.exit);&#10;&#9;&#9;&#10;&#9;&#9;this.indIns.addActionListener(this);&#10;&#9;&#9;this.indStp.addActionListener(this);&#10;&#9;&#9;this.indCer.addActionListener(this);&#10;&#9;&#9;this.exit.addActionListener(this);&#10;&#9;&#9;&#10;&#9;&#9;// Aggiungo componenti Inserimento rubrica&#10;&#9;&#9;this.add(this.testoStp);&#10;&#9;&#9;this.add(this.testoIns);&#10;&#9;&#9;this.add(this.inNameRub);&#10;&#9;&#9;this.add(this.invio);&#10;&#9;&#9;this.add(this.invio_);&#10;&#9;&#9;&#10;&#9;&#9;this.invio.addActionListener(this);&#10;&#9;&#9;this.invio_.addActionListener(this);&#10;&#9;&#9;&#10;&#9;&#9;// Aggiungo componenti Cerca&#10;&#9;&#9;this.add(this.risultati);&#10;&#9;&#9;this.add(this.infoCerca);&#10;&#9;&#9;this.add(this.inCerca);&#10;&#9;&#9;this.add(this.Cerca);&#10;&#9;&#9;&#10;&#9;&#9;this.Cerca.addActionListener(this);&#10;&#9;&#9;&#10;&#9;&#9;// Aggiungo componenti Input contatti&#10;&#9;&#9;this.add(this.nome);&#10;&#9;&#9;this.add(this.inNome);&#10;&#9;&#9;this.add(this.Cognome);&#10;&#9;&#9;this.add(this.inCognome);&#10;&#9;&#9;this.add(this.Numero);&#10;&#9;&#9;this.add(this.inNumero);&#10;&#9;&#9;this.add(this.Indirizzo);&#10;&#9;&#9;this.add(this.inIndirizzo);&#10;&#9;&#9;this.add(this.ok);&#10;&#9;&#9;this.add(this.reset);&#10;&#9;&#9;this.add(this.savExit);&#10;&#9;&#9;&#10;&#9;&#9;this.ok.addActionListener(this);&#10;&#9;&#9;this.reset.addActionListener(this);&#10;&#9;&#9;this.savExit.addActionListener(this);&#10;&#9;&#9;&#10;&#9;&#9;// Aggiungo componenti Visualizzazione contatti&#10;&#9;&#9;this.add(this.stmNome);&#10;&#9;&#9;this.add(this.stmCognome);&#10;&#9;&#9;this.add(this.stmNumero);&#10;&#9;&#9;this.add(this.stmIndirizzo);&#10;&#9;&#9;this.add(this.indietro);&#10;&#9;&#9;this.add(this.back);&#10;&#9;&#9;this.add(this.avanti);&#10;&#9;&#9;this.indietro.setEnabled(false);&#10;&#9;&#9;&#10;&#9;&#9;this.avanti.addActionListener(this);&#10;&#9;&#9;this.back.addActionListener(this);&#10;&#9;&#9;this.indietro.addActionListener(this);&#10;&#9;&#9;&#10;&#9;&#9;// Setto i componenti per visualizzare la scherata di index&#10;&#9;&#9;this.pannelloInput(false);&#10;&#9;&#9;this.pannelloOutput(false);&#10;&#9;&#9;this.pannelloRubIns(false);&#10;&#9;&#9;this.pannelloCerca(false);&#10;&#9;&#9;this.pannelloRisultati(false);&#10;&#9;&#9;&#10;&#9;}&#10;&#9;&#10;&#9;public void actionPerformed(ActionEvent evt){&#10;&#9;&#9;&#10;&#9;&#9;String nome = inNome.getText();&#10;&#9;&#9;String cognome = inCognome.getText();&#10;&#9;&#9;String numero = inNumero.getText();&#10;&#9;&#9;String indirizzo = inIndirizzo.getText();&#10;&#9;&#9;String nameRub = inNameRub.getText();&#10;&#9;&#9;boolean test;&#10;&#9;&#9;&#10;&#9;&#9;String command = evt.getActionCommand();&#10;&#9;&#9;command = command.toLowerCase();&#10;&#9;&#9;&#10;&#9;&#9;if(command.equals(&quot;&lt;&lt;&quot;)){&#10;&#9;&#9;&#9;if(this.num&gt;0){&#10;&#9;&#9;&#9;&#9;this.num--;&#10;&#9;&#9;&#9;&#9;this.avanti.setEnabled(true);&#10;&#9;&#9;&#9;}&#10;&#9;&#9;&#9;if(this.num&lt;0)&#10;&#9;&#9;&#9;&#9;this.indietro.setEnabled(false);&#10;&#9;&#9;&#9;&#10;&#9;&#9;&#9;this.letturaFile(nameRub);&#10;&#9;&#9;&#9;this.stampa();&#10;&#9;&#9;}&#10;&#9;&#9;if(command.equals(&quot;&gt;&gt;&quot;)){&#10;&#9;&#9;&#9;if((this.num+1)*4&lt;this.lineeStm){&#10;&#9;&#9;&#9;&#9;this.num++;&#10;&#9;&#9;&#9;&#9;this.indietro.setEnabled(true);&#10;&#9;&#9;&#9;}&#10;&#9;&#9;&#9;if((this.num+1)*4==this.lineeStm)&#10;&#9;&#9;&#9;&#9;this.avanti.setEnabled(false);&#10;&#9;&#9;&#9;&#10;&#9;&#9;&#9;this.letturaFile(nameRub);&#10;&#9;&#9;&#9;this.stampa();&#10;&#9;&#9;}&#10;&#9;&#9;if(command.equals(&quot;indietro&quot;)){&#10;&#9;&#9;&#9;this.num=0;&#10;&#9;&#9;&#9;this.risCerca=&quot;&quot;;&#10;&#9;&#9;&#9;this.testoStp.setText(&quot;Inserisci il nome della rubrica        &quot;);&#10;&#9;&#9;&#9;this.testoIns.setText(&quot;Inserisci il nome con cui salvare la rubrica        &quot;);&#10;&#9;&#9;&#9;this.avanti.setEnabled(true);&#10;&#9;&#9;&#9;this.indietro.setEnabled(false);&#10;&#9;&#9;&#9;this.pannelloIndex(true);&#10;&#9;&#9;&#9;this.pannelloInput(false);&#10;&#9;&#9;&#9;this.pannelloOutput(false);&#10;&#9;&#9;&#9;this.pannelloRubIns(false);&#10;&#9;&#9;&#9;this.pannelloRubStp(false);&#10;&#9;&#9;&#9;this.pannelloCerca(false);&#10;&#9;&#9;&#9;this.pannelloRisultati(false);&#10;&#9;&#9;}&#10;&#9;&#9;if(command.equals(&quot;add&quot;)){&#10;&#9;&#9;&#9;try{&#10;&#9;&#9;&#9;&#9;this.scrittura.println(nome);&#10;&#9;&#9;&#9;&#9;this.scrittura.println(cognome);&#10;&#9;&#9;&#9;&#9;this.scrittura.println(numero);&#10;&#9;&#9;&#9;&#9;this.scrittura.println(indirizzo);&#10;&#9;&#9;&#9;} &#10;&#9;&#9;&#9;catch(NullPointerException ex){&#10;&#9;&#9;&#9;&#9;System.out.println(&quot;File insesistente...                        &quot;);&#10;&#9;&#9;&#9;}&#10;&#9;&#9;&#9;&#10;&#9;&#9;&#9;this.reset();&#10;&#9;&#9;}&#10;&#9;&#9;if(command.equals(&quot;invio&quot;)){&#10;&#9;&#9;&#9;test=true;&#10;&#9;&#9;&#9;&#10;&#9;&#9;&#9;/*-------------------------------------------------&#10;&#9;&#9;&#9; * FIX-5&#10;&#9;&#9;&#9; * ------------------------------------------------ &#10;&#9;&#9;&#9; * Erroneamente la variabile test veniva settata a true&#10;&#9;&#9;&#9; * anche se veniva sottomesso un campo vuoto come nome della rubrica.&#10;&#9;&#9;&#9; * In questo modo si permetteva di cambiare pannello &#10;&#9;&#9;&#9; * e di non salvare i contatti successivamente inseriti&#10;&#9;&#9;&#9; */&#10;&#9;&#9;&#9;if(nameRub.equals(&quot;&quot;))&#10;&#9;&#9;&#9;&#9;//test=true;&#10;&#9;&#9;&#9;&#9;test = false;&#10;&#9;&#9;&#9;// ------------------------------------------------&#10;&#9;&#9;&#9;&#10;&#9;&#9;&#9;this.exFile = new File(nameRub);&#10;&#9;&#9;&#9;if( ((this.exFile).exists()) || (test==false)){&#10;&#9;&#9;&#9;&#9;this.inNameRub.setText(&quot;&quot;);&#10;&#9;&#9;&#9;&#9;if(test==false)&#10;&#9;&#9;&#9;&#9;&#9;this.testoIns.setText(&quot;Nome File non corretto.Riprova                        &quot;);&#10;&#9;&#9;&#9;&#9;else&#10;&#9;&#9;&#9;&#9;&#9;// ----------------------------------&#10;&#9;&#9;&#9;&#9;&#9;// Carattere UTF8 non codificato &#10;&#9;&#9;&#9;&#9;&#9;//this.testoIns.setText(&quot;File gi‡ esistente. Riprova                         &quot;);&#10;&#9;&#9;&#9;&#9;&#9;this.testoIns.setText(&quot;File già esistente. Riprova                         &quot;);&#10;&#9;&#9;&#9;&#9;&#9;// ----------------------------------&#10;&#9;&#9;&#9;&#9;}&#10;&#9;&#9;&#9;else{&#10;&#9;&#9;&#9;&#9;pannelloRubIns(false);&#10;&#9;&#9;&#9;&#9;pannelloInput(true);&#10;&#9;&#9;&#9;&#9;try{&#10;&#9;&#9;&#9;&#9;&#9;this.fileS = new FileOutputStream(nameRub);&#10;&#9;&#9;&#9;&#9;&#9;this.scrittura = new PrintStream(this.fileS);&#10;&#9;&#9;&#9;&#9;}&#10;&#9;&#9;&#9;&#9;catch(FileNotFoundException ex){&#10;&#9;&#9;&#9;&#9;&#9;System.out.println(&quot;Errore in lettura File...&quot;);&#10;&#9;&#9;&#9;&#9;}&#10;&#9;&#9;&#9;}&#10;&#9;&#9;}&#10;&#9;&#9;if(command.equals(&quot;invio &quot;)){&#10;&#9;&#9;&#9;test=true;&#10;&#9;&#9;&#9;&#10;&#9;&#9;&#9;if(nameRub.equals(&quot;&quot;))&#10;&#9;&#9;&#9;&#9;test=false;&#10;&#9;&#9;&#9;&#10;&#9;&#9;&#9;this.exFile = new File(nameRub);&#10;&#9;&#9;&#9;if( ((this.exFile).exists()) &amp;&amp; (test==true)){&#10;&#9;&#9;&#9;&#9;this.letturaFile(nameRub);&#10;&#9;&#9;&#9;&#9;this.stampa();&#10;&#9;&#9;&#9;&#9;this.pannelloRubStp(false);&#10;&#9;&#9;&#9;&#9;this.pannelloOutput(true);&#10;&#9;&#9;&#9;}&#10;&#9;&#9;&#9;else{&#10;&#9;&#9;&#9;&#9;this.inNameRub.setText(&quot;&quot;);&#10;&#9;&#9;&#9;&#9;if(test==false)&#10;&#9;&#9;&#9;&#9;&#9;this.testoStp.setText(&quot;Nome File non corretto.Riprova!                       &quot;);&#10;&#9;&#9;&#9;&#9;else&#10;&#9;&#9;&#9;&#9;&#9;testoStp.setText(&quot;File non esistente. Riprova!                        &quot;);&#10;&#9;&#9;&#9;}&#10;&#9;&#9;}&#10;&#9;&#9;if(command.equals(&quot;reset&quot;)){&#10;&#9;&#9;&#9;this.reset();&#10;&#9;&#9;}&#10;&#9;&#9;if(command.equals(&quot;save &amp; back&quot;)){&#10;&#9;&#9;&#9;this.pannelloInput(false);&#10;&#9;&#9;&#9;this.pannelloRubIns(false);&#10;&#9;&#9;&#9;this.pannelloRubStp(false);&#10;&#9;&#9;&#9;this.pannelloIndex(true);&#10;&#9;&#9;&#9;this.pannelloOutput(false);&#10;&#9;&#9;}&#10;&#9;&#9;if(command.equals(&quot;cerca&quot;)){&#10;&#9;&#9;&#9;test=true;&#10;&#9;&#9;&#9;&#10;&#9;&#9;&#9;if(nameRub.equals(&quot;&quot;))&#10;&#9;&#9;&#9;&#9;test=false;&#10;&#9;&#9;&#9;&#10;&#9;&#9;&#9;this.exFile = new File(nameRub);&#10;&#9;&#9;&#9;if( ((this.exFile).exists()) &amp;&amp; (test==true)){&#10;&#9;&#9;&#9;&#9;this.stringa = this.inCerca.getText();&#10;&#9;&#9;&#9;&#9;this.cont=0;&#10;&#9;&#9;&#9;&#9;// ----------------------------------&#10;&#9;&#9;&#9;&#9;// Variabile non usata&#10;&#9;&#9;&#9;&#9;// con=0;&#10;&#9;&#9;&#9;&#9;// ----------------------------------&#10;&#9;&#9;&#9;&#9;this.linee=0;&#10;&#9;&#9;&#9;&#9;this.cerca = new int[100];&#10;&#9;&#9;&#9;&#9;this.cerca(this.stringa,nameRub);&#10;&#9;&#9;&#9;&#9;this.i=0;&#10;&#9;&#9;&#9;&#9;if(this.cerca[0]==0) {&#10;&#9;&#9;&#9;&#9;&#9;do {&#10;&#9;&#9;&#9;&#9;&#9;&#9;this.stampaRisultati(this.cerca[this.i]-1,nameRub);&#10;&#9;&#9;&#9;&#9;&#9;&#9;this.i++;&#10;&#9;&#9;&#9;&#9;&#9;} while(this.cerca[this.i]!=0);&#10;&#9;&#9;&#9;&#9;}else{&#10;&#9;&#9;&#9;&#9;&#9;this.risCerca=&quot;Nessun contatto trovato!!&quot;;&#10;&#9;&#9;&#9;&#9;}&#10;&#9;&#9;&#9;&#9;this.risultati.setText(this.risCerca);&#10;&#9;&#9;&#9;&#9;this.pannelloCerca(false);&#10;&#9;&#9;&#9;&#9;this.pannelloRisultati(true);&#10;&#9;&#9;&#9;}else{&#10;&#9;&#9;&#9;&#9;this.inNameRub.setText(&quot;&quot;);&#10;&#9;&#9;&#9;&#9;if(test==false)&#10;&#9;&#9;&#9;&#9;&#9;this.testoStp.setText(&quot;Nome File non corretto.Riprova!                       &quot;);&#10;&#9;&#9;&#9;&#9;else&#10;&#9;&#9;&#9;&#9;&#9;this.testoStp.setText(&quot;File non esistente. Riprova!                        &quot;);&#10;&#9;&#9;&#9;}&#10;&#9;&#9;}&#10;&#9;&#9;if(command.equals(&quot;Esci&quot;)){&#10;&#9;&#9;&#9;System.exit(0);&#10;&#9;&#9;}&#10;&#9;&#9;if(command.equals(&quot;crea rubrica&quot;)){&#10;&#9;&#9;&#9;this.pannelloRubIns(true);&#10;&#9;&#9;&#9;this.pannelloIndex(false);&#10;&#9;&#9;}&#10;&#9;&#9;if(command.equals(&quot;visualizza contatti&quot;)){&#10;&#9;&#9;&#9;this.pannelloRubStp(true);&#10;&#9;&#9;&#9;this.pannelloIndex(false);&#10;&#9;&#9;}&#10;&#9;&#9;if(command.equals(&quot;cerca contatti&quot;)) {&#10;&#9;&#9;&#9;this.pannelloIndex(false);&#10;&#9;&#9;&#9;this.pannelloCerca(true);&#10;&#9;&#9;}&#10;&#9;}&#10;   &#10;&#9;void letturaFile(String nomeFile) {&#10;&#9;&#9;  int cont=0;&#10;&#9;&#9;  this.lineeStm=0;&#10;&#9;&#9;  &#10;&#9;&#9;  try {&#10;&#9;&#9;&#9;  this.fileL = new FileReader(nomeFile);&#10;&#9;&#9;&#9;  this.lettura = new BufferedReader(this.fileL);&#10;&#9;&#9;&#9;  &#10;&#9;&#9;&#9;  while( (this.linea = this.lettura.readLine()) != null )&#10;&#9;&#9;&#9;&#9;  this.lineeStm++;&#10;&#9;&#9;&#9;  &#10;&#9;&#9;&#9;  this.fileL = new FileReader(nomeFile);&#10;&#9;&#9;&#9;  this.lettura = new BufferedReader(fileL);&#10;&#9;&#9;&#9;  &#10;&#9;&#9;&#9;  while( cont &lt; this.num*4 ) {&#10;&#9;&#9;&#9;&#9;  cont++;&#10;&#9;&#9;&#9;&#9;  this.linea = this.lettura.readLine();&#10;&#9;&#9;&#9;  }&#10;&#9;&#9;  }&#10;&#9;&#9;  catch(FileNotFoundException ex) {&#10;&#9;&#9;&#9;  System.out.println(&quot;Errore in lettura file, Nessun file trovato!&quot;);&#10;&#9;&#9;  }&#10;&#9;&#9;  catch(IOException ex) {&#10;&#9;&#9;&#9;  System.out.println(&quot;Errore in lettura file..&quot;);&#10;&#9;&#9;  }&#10;&#9;}&#10;&#9;&#10;&#9;void cerca(String stringRicerca,String nomeFile) {&#10;&#9;&#9;this.i=0;&#10;&#9;&#9;&#10;&#9;&#9;try{&#10;&#9;&#9;&#9;this.fileL = new FileReader(nomeFile);&#10;&#9;&#9;&#9;this.lettura= new BufferedReader(this.fileL);&#10;&#9;&#9;&#9;&#10;&#9;&#9;&#9;while( (this.linea = this.lettura.readLine()) != null ) {&#10;&#9;&#9;&#9;&#9;this.linee++;&#10;&#9;&#9;&#9;}&#10;&#9;&#9;&#9;&#10;&#9;&#9;&#9;this.fileL = new FileReader(nomeFile);&#10;&#9;&#9;&#9;this.lettura = new BufferedReader(this.fileL);&#10;&#9;&#9;&#9;this.num=1;&#10;&#9;&#9;&#9;do {&#10;&#9;&#9;&#9;&#9;while( this.cont &lt; this.num*4 ) {&#10;&#9;&#9;&#9;&#9;&#9;this.cont++;&#10;&#9;&#9;&#9;&#9;&#9;this.linea = this.lettura.readLine();&#10;&#9;&#9;&#9;&#9;&#9;if( this.linea != null) {&#10;&#9;&#9;&#9;&#9;&#9;&#9;if(this.linea.equals(stringRicerca)) {&#10;&#9;&#9;&#9;&#9;&#9;&#9;&#9;this.cerca[this.i] = this.num;&#10;&#9;&#9;&#9;&#9;&#9;&#9;&#9;this.i++;&#10;&#9;&#9;&#9;&#9;&#9;&#9;}&#10;&#9;&#9;&#9;&#9;&#9;}&#10;&#9;&#9;&#9;&#9;}&#10;&#9;&#9;&#9;&#9;this.num++;&#10;&#9;&#9;&#9;}&#10;&#9;&#9;&#9;while(this.cont &lt; this.linee);&#10;&#9;&#9;}&#10;&#9;&#9;catch(FileNotFoundException ex) {&#10;&#9;&#9;&#9;System.out.println(&quot;Errore in lettura file..&quot;);&#10;&#9;&#9;}&#10;&#9;&#9;catch(IOException ex) {&#10;&#9;&#9;&#9;System.out.println(&quot;Errore in lettura file..&quot;);&#10;&#9;&#9;}&#10;&#9;}&#10;&#9;&#10;&#9;void stampaRisultati(int nume,String nomeFile) {&#10;&#9;&#9;this.cont=0;&#10;&#9;&#9;// ----------------------------------&#10;&#9;&#9;// Variabile non usata&#10;&#9;&#9;// con=0;&#10;&#9;&#9;// ----------------------------------&#10;&#9;&#9;this.linee=0;&#10;&#9;&#9;try{&#10;&#9;&#9;&#9;this.fileL = new FileReader(nomeFile);&#10;&#9;&#9;&#9;this.lettura = new BufferedReader(this.fileL);&#10;&#9;&#9;&#9;&#10;&#9;&#9;&#9;while( (this.linea = this.lettura.readLine()) != null ) {&#10;&#9;&#9;&#9;&#9;this.linee++;&#10;&#9;&#9;&#9;}&#10;&#9;&#9;&#9;&#10;&#9;&#9;&#9;this.fileL = new FileReader(nomeFile);&#10;&#9;&#9;&#9;this.lettura = new BufferedReader(this.fileL);&#10;&#9;&#9;&#9;&#10;&#9;&#9;&#9;while(this.cont&lt;nume*4) {&#10;&#9;&#9;&#9;&#9;this.linea = this.lettura.readLine();&#10;&#9;&#9;&#9;&#9;this.cont++;&#10;&#9;&#9;&#9;}&#10;&#9;&#9;&#9;&#10;&#9;&#9;&#9;this.linea = this.lettura.readLine();&#10;&#9;&#9;&#9;this.risCerca += &quot;Nome: &quot; + this.linea;&#10;&#9;&#9;&#9;&#10;&#9;&#9;&#9;this.linea = this.lettura.readLine();&#10;&#9;&#9;&#9;this.risCerca += &quot;\nCognome: &quot; + this.linea;&#10;&#9;&#9;&#9;&#10;&#9;&#9;&#9;this.linea = this.lettura.readLine();&#10;&#9;&#9;&#9;this.risCerca += &quot;\nNumero Casa: &quot; + this.linea;&#10;&#9;&#9;&#9;&#10;&#9;&#9;&#9;this.linea = this.lettura.readLine();&#10;&#9;&#9;&#9;this.risCerca += &quot;\nIndirizzo: &quot; + this.linea + &quot;\n\n&quot;;&#10;&#9;&#9;}&#10;&#9;&#9;catch(FileNotFoundException ex) {&#10;&#9;&#9;&#9;System.out.println(&quot;Errore in lettura file..&quot;);&#10;&#9;&#9;}&#10;&#9;&#9;catch(IOException ex) { &#10;&#9;&#9;&#9;System.out.println(&quot;Errore in lettura file..&quot;);&#10;&#9;&#9;}&#10;&#9;}&#10;&#10;&#9;void stampa() {&#10;&#9;&#9;&#10;&#9;&#9;try {&#10;&#9;&#9;&#9;this.linea = this.lettura.readLine();&#10;&#9;&#9;&#9;this.stmNome.setText(&quot;                        Nome :  &quot; + this.linea + &quot;                                            &quot;);&#10;&#9;&#9;&#9;this.linea = this.lettura.readLine();&#10;&#9;&#9;&#9;this.stmCognome.setText(&quot;                        Cognome :  &quot; + this.linea + &quot;                                  &quot;);&#10;&#9;&#9;&#9;this.linea = this.lettura.readLine();&#10;&#9;&#9;&#9;this.stmNumero.setText(&quot;                         Numero :  &quot; + this.linea + &quot;                                  &quot;);&#10;&#9;&#9;&#9;this.linea = this.lettura.readLine();&#10;&#9;&#9;&#9;this.stmIndirizzo.setText(&quot;                        Indirizzo :  &quot; + this.linea + &quot;                                  &quot;);&#10;&#9;&#9;}&#10;&#9;&#9;catch(IOException ex) {&#10;&#9;&#9;&#9;System.out.println(&quot;Errore in stampa Dati File.....&quot;);&#10;&#9;&#9;} &#10;&#9;&#9;catch(NullPointerException ex) {&#10;&#9;&#9;&#9;System.out.println(&quot;Nessun file ricevuto...&quot;);&#10;&#9;&#9;}&#10;&#9;}&#10;&#9;&#10;&#9;void reset() {&#10;&#9;&#9;this.inNome.setText(&quot;&quot;);&#10;&#9;&#9;this.inCognome.setText(&quot;&quot;);&#10;&#9;&#9;this.inNumero.setText(&quot;&quot;);&#10;&#9;&#9;this.inIndirizzo.setText(&quot;&quot;);&#10;&#9;}&#10;&#9;&#10;&#9;void pannelloCerca(boolean att) {&#10;&#9;&#9;this.testoStp.setVisible(att);&#10;&#9;&#9;this.inNameRub.setVisible(att);&#10;&#9;&#9;this.infoCerca.setVisible(att);&#10;&#9;&#9;this.inCerca.setVisible(att);&#10;&#9;&#9;Cerca.setVisible(att);&#10;&#9;&#9;back.setVisible(att);&#10;&#9;   }&#10;   &#10;&#9;void pannelloRisultati(boolean att) {&#10;&#9;&#9;this.risultati.setVisible(att);&#10;&#9;&#9;this.back.setVisible(att);&#10;&#9;}&#10;&#9;&#10;&#9;void pannelloInput(boolean att) {&#10;&#9;&#9;this.nome.setVisible(att);&#10;&#9;&#9;this.inNome.setVisible(att);&#10;&#9;&#9;this.Cognome.setVisible(att);&#10;&#9;&#9;this.inCognome.setVisible(att);&#10;&#9;&#9;this.Numero.setVisible(att);&#10;&#9;&#9;this.inNumero.setVisible(att);&#10;&#9;&#9;this.Indirizzo.setVisible(att);&#10;&#9;&#9;this.inIndirizzo.setVisible(att);&#10;&#9;&#9;&#10;&#9;&#9;this.ok.setVisible(att);&#10;&#9;&#9;this.reset.setVisible(att);&#10;&#9;&#9;this.savExit.setVisible(att);&#10;&#9;}&#10;&#9;&#10;&#9;void pannelloOutput(boolean att) {&#10;&#9;&#9;this.stmNome.setVisible(att);&#10;&#9;&#9;this.stmCognome.setVisible(att);&#10;&#9;&#9;this.stmNumero.setVisible(att);&#10;&#9;&#9;this.stmIndirizzo.setVisible(att);&#10;&#9;&#9;this.avanti.setVisible(att);&#10;&#9;&#9;this.back.setVisible(att);&#10;&#9;&#9;this.indietro.setVisible(att);&#10;&#9;}&#10;&#9;&#10;&#9;void pannelloRubIns(boolean att) {&#10;&#9;&#9;this.testoStp.setVisible(false);&#10;&#9;&#9;this.testoIns.setVisible(att);&#10;&#9;&#9;this.inNameRub.setVisible(att);&#10;&#9;&#9;this.invio.setVisible(att);&#10;&#9;&#9;this.invio_.setVisible(false);&#10;&#9;}&#10;&#9;&#10;&#9;void pannelloRubStp(boolean att) {&#10;&#9;&#9;this.testoIns.setVisible(false);&#10;&#9;&#9;this.testoStp.setVisible(att);&#10;&#9;&#9;this.inNameRub.setVisible(att);&#10;&#9;&#9;this.invio.setVisible(false);&#10;&#9;&#9;this.invio_.setVisible(att);&#10;&#9;&#9;this.back.setVisible(att);&#10;&#9;}&#10;&#9;&#10;&#9;void pannelloIndex(boolean att) {&#10;&#9;&#9;this.index.setVisible(att);&#10;&#9;&#9;this.indIns.setVisible(att);&#10;&#9;&#9;this.indStp.setVisible(att);&#10;&#9;&#9;this.indCer.setVisible(att);&#10;&#9;&#9;this.exit.setVisible(att);&#10;&#9;&#9;this.spazio.setVisible(att);&#10;&#9;}&#10;}" Filename="PanelInserimento.java" Intrnl_Id="2"/>
<SrcFile Content="/**&#10; * FramePri.java&#10; * &#10; * @author Alenadri Enrico - III G&#10; * @date 6/02/2009&#10; * Fixed by:&#10; * &quot;helloIAmPau - Pasquale Boemio &lt;pa.boemio[at]studenti.unina.it&gt;&quot;&#10; * &quot;b3by&quot; - Antonio Bevilacqua &lt;anto.bevilacqua[at]studenti.unina.it&gt;&quot;&#10; * ----------&#10; * This is the frame object showed by Rubrica.java.&#10; * We suppose the purpose of the author is to have an object representative of the view with &#10; * which the user interacts. &#10; * &#10; * We have fixed:&#10; * 1. indentation&#10; * 2. added some inline documentation&#10; * 3. added the serialVersionUID (not necessary)&#10; * &#10; * NB: Some class or variables name are edited in order to respect the standard &quot;camel notation&quot;&#10; * to make this source code more readable. &#10; */&#10;package is2.rubrica;&#10;&#10;import java.awt.Container;&#10;import javax.swing.JFrame;&#10;&#10;public class FramePri extends JFrame {&#10;&#9;&#10;    // L'oggetto JFrame e` un oggetto &quot;Serializable&quot;. Poiche` abbiamo seri problemi,&#10;&#9;// preferiamo eliminare anche tutti i &quot;warning&quot; presenti nel codice, e quindi &#10;&#9;// assegnamo a questo un id autogenerato!&#10;&#9;private static final long serialVersionUID = 5630246559558602437L;&#10;&#9;// Ecco quanto dovra` essere grande il mio pannello!&#10;&#9;public static final int DEFAULT_WIDTH = 300 ;&#10;&#9;public static final int DEFAULT_HEIGHT = 245 ;&#10;&#9;&#10;    /**&#10;     * This method builds the panel and puts it at location (xLoc,yLoc) on the screen. &#10;     * &#10;     * @param xLoc : This is the location of the panel on the axis x&#10;     * @param yLoc : This is the location of the panel on the axis y&#10;     */&#10;&#9;public FramePri(int xLoc,int yLoc){&#10;&#9;&#9;this.setSize(FramePri.DEFAULT_WIDTH, FramePri.DEFAULT_HEIGHT); // setta la dimensione&#10;&#9;&#9;this.setTitle(&quot;Rubrica 2.0  by Aleandri Enrico&quot;); // setta il titolo&#10;&#9;&#9;this.setResizable(false); // non permettere all'utente di fare come cacchio gli pare&#10;&#9;&#9;this.setLocation(xLoc,yLoc); // mettilo proprio li, aspe` un po` piu` a destra, ok!&#10;&#9;&#9;PanelInserimento panelIns = new PanelInserimento(); // crea il contenuto del pannello &#10;&#9;&#9;Container contentPane = getContentPane(); // prendi il contenitore&#10;&#9;&#9;contentPane.add(panelIns); // in tavola!&#10;&#9;&#9;&#10;&#9;}&#10;}&#10;" Filename="FramePri.java" Intrnl_Id="3"/>
</SrcFileList>
<CritList>
<CritListEntry Name="org.codecover.model.utils.criteria.LoopCoverage" PluginName="org.codecover"/>
<CritListEntry Name="org.codecover.model.utils.criteria.BranchCoverage" PluginName="org.codecover"/>
<CritListEntry Name="org.codecover.model.utils.criteria.ConditionCoverage" PluginName="org.codecover"/>
<CritListEntry Name="org.codecover.model.utils.criteria.SynchronizedStatementCoverage" PluginName="org.codecover"/>
<CritListEntry Name="org.codecover.model.utils.criteria.QMOCoverage" PluginName="org.codecover"/>
<CritListEntry Name="org.codecover.model.utils.criteria.StatementCoverage" PluginName="org.codecover"/>
</CritList>
<BoolOpList>
<BoolOp Arity="2" Intrnl_Id="4" Name="conditional and (&amp;&amp;)">
<BoolAssgnmntBoolMapList>
<MapEntry BoolAssgnmnt="10" Value="false"/>
<MapEntry BoolAssgnmnt="02" Value="false"/>
<MapEntry BoolAssgnmnt="11" Value="true"/>
</BoolAssgnmntBoolMapList>
</BoolOp>
<BoolOp Arity="2" Intrnl_Id="5" Name="conditional or (||)">
<BoolAssgnmntBoolMapList>
<MapEntry BoolAssgnmnt="01" Value="true"/>
<MapEntry BoolAssgnmnt="00" Value="false"/>
<MapEntry BoolAssgnmnt="12" Value="true"/>
</BoolAssgnmntBoolMapList>
</BoolOp>
</BoolOpList>
<HierarchyLvlTypeList>
<HierarchyLvlType EnglishName="package" IntrnlName="package" Intrnl_Id="6"/>
<HierarchyLvlType EnglishName="class" IntrnlName="class" Intrnl_Id="7"/>
<HierarchyLvlType EnglishName="method" IntrnlName="method" Intrnl_Id="8"/>
<HierarchyLvlType EnglishName="default package" IntrnlName="default package" Intrnl_Id="9"/>
</HierarchyLvlTypeList>
<MASTRoot>
<HierarchyLvl HierarchyLvlId="794" HierarchyLvlTypeId="9" Intrnl_Id="10" Name="default package">
<Header/>
<LocList/>
<HierarchyLvl HierarchyLvlId="793" HierarchyLvlTypeId="6" Intrnl_Id="11" Name="is2">
<Header/>
<LocList/>
<HierarchyLvl HierarchyLvlId="792" HierarchyLvlTypeId="6" Intrnl_Id="12" Name="rubrica">
<Header/>
<LocList/>
<HierarchyLvl HierarchyLvlId="774" HierarchyLvlTypeId="7" Intrnl_Id="13" Name="Rubrica">
<Header>
<Loc EndOffset="716" SrcFileId="1" StartOffset="696"/>
</Header>
<LocList>
<Loc EndOffset="1611" SrcFileId="1" StartOffset="696"/>
</LocList>
<HierarchyLvl HierarchyLvlId="773" HierarchyLvlTypeId="8" Intrnl_Id="14" Name="main">
<Header>
<Loc EndOffset="926" SrcFileId="1" StartOffset="888"/>
</Header>
<LocList>
<Loc EndOffset="1608" SrcFileId="1" StartOffset="888"/>
</LocList>
<StmntSeq Intrnl_Id="15">
<LocList>
<Loc EndOffset="1000" SrcFileId="1" StartOffset="933"/>
<Loc EndOffset="1088" SrcFileId="1" StartOffset="1047"/>
<Loc EndOffset="1184" SrcFileId="1" StartOffset="1131"/>
<Loc EndOffset="1518" SrcFileId="1" StartOffset="1495"/>
</LocList>
<BasicStmnt CovItemId="S1" CovItemPrefix="is2.rubrica.Rubrica.java" Intrnl_Id="16">
<LocList>
<Loc EndOffset="1000" SrcFileId="1" StartOffset="933"/>
</LocList>
</BasicStmnt>
<BasicStmnt CovItemId="S2" CovItemPrefix="is2.rubrica.Rubrica.java" Intrnl_Id="17">
<LocList>
<Loc EndOffset="1088" SrcFileId="1" StartOffset="1047"/>
</LocList>
</BasicStmnt>
<BasicStmnt CovItemId="S3" CovItemPrefix="is2.rubrica.Rubrica.java" Intrnl_Id="18">
<LocList>
<Loc EndOffset="1184" SrcFileId="1" StartOffset="1131"/>
</LocList>
</BasicStmnt>
<BasicStmnt CovItemId="S4" CovItemPrefix="is2.rubrica.Rubrica.java" Intrnl_Id="19">
<LocList>
<Loc EndOffset="1518" SrcFileId="1" StartOffset="1495"/>
</LocList>
</BasicStmnt>
</StmntSeq>
</HierarchyLvl>
</HierarchyLvl>
<HierarchyLvl HierarchyLvlId="789" HierarchyLvlTypeId="7" Intrnl_Id="20" Name="PanelInserimento">
<Header>
<Loc EndOffset="1290" SrcFileId="2" StartOffset="1220"/>
</Header>
<LocList>
<Loc EndOffset="18934" SrcFileId="2" StartOffset="1220"/>
</LocList>
<StmntSeq Intrnl_Id="21">
<LocList>
<Loc EndOffset="1567" SrcFileId="2" StartOffset="1502"/>
<Loc EndOffset="1765" SrcFileId="2" StartOffset="1705"/>
<Loc EndOffset="1945" SrcFileId="2" StartOffset="1896"/>
<Loc EndOffset="2376" SrcFileId="2" StartOffset="2341"/>
</LocList>
<BasicStmnt CovItemId="S1" CovItemPrefix="is2.rubrica.PanelInserimento.java" Intrnl_Id="22">
<LocList>
<Loc EndOffset="1567" SrcFileId="2" StartOffset="1502"/>
</LocList>
</BasicStmnt>
<BasicStmnt CovItemId="S2" CovItemPrefix="is2.rubrica.PanelInserimento.java" Intrnl_Id="23">
<LocList>
<Loc EndOffset="1765" SrcFileId="2" StartOffset="1705"/>
</LocList>
</BasicStmnt>
<BasicStmnt CovItemId="S3" CovItemPrefix="is2.rubrica.PanelInserimento.java" Intrnl_Id="24">
<LocList>
<Loc EndOffset="1945" SrcFileId="2" StartOffset="1896"/>
</LocList>
</BasicStmnt>
<BasicStmnt CovItemId="S4" CovItemPrefix="is2.rubrica.PanelInserimento.java" Intrnl_Id="25">
<LocList>
<Loc EndOffset="2376" SrcFileId="2" StartOffset="2341"/>
</LocList>
</BasicStmnt>
</StmntSeq>
<HierarchyLvl HierarchyLvlId="775" HierarchyLvlTypeId="8" Intrnl_Id="26" Name="PanelInserimento">
<Header>
<Loc EndOffset="2874" SrcFileId="2" StartOffset="2849"/>
</Header>
<LocList>
<Loc EndOffset="8366" SrcFileId="2" StartOffset="2849"/>
</LocList>
<StmntSeq Intrnl_Id="27">
<LocList>
<Loc EndOffset="2913" SrcFileId="2" StartOffset="2881"/>
<Loc EndOffset="2974" SrcFileId="2" StartOffset="2916"/>
<Loc EndOffset="3088" SrcFileId="2" StartOffset="3002"/>
<Loc EndOffset="3232" SrcFileId="2" StartOffset="3204"/>
<Loc EndOffset="3317" SrcFileId="2" StartOffset="3275"/>
<Loc EndOffset="3369" SrcFileId="2" StartOffset="3320"/>
<Loc EndOffset="3416" SrcFileId="2" StartOffset="3372"/>
<Loc EndOffset="3580" SrcFileId="2" StartOffset="3497"/>
<Loc EndOffset="3653" SrcFileId="2" StartOffset="3583"/>
<Loc EndOffset="3803" SrcFileId="2" StartOffset="3769"/>
<Loc EndOffset="3840" SrcFileId="2" StartOffset="3806"/>
<Loc EndOffset="3919" SrcFileId="2" StartOffset="3883"/>
<Loc EndOffset="4067" SrcFileId="2" StartOffset="4031"/>
<Loc EndOffset="4144" SrcFileId="2" StartOffset="4110"/>
<Loc EndOffset="4183" SrcFileId="2" StartOffset="4147"/>
<Loc EndOffset="4245" SrcFileId="2" StartOffset="4211"/>
<Loc EndOffset="4326" SrcFileId="2" StartOffset="4248"/>
<Loc EndOffset="4474" SrcFileId="2" StartOffset="4438"/>
<Loc EndOffset="4551" SrcFileId="2" StartOffset="4517"/>
<Loc EndOffset="4695" SrcFileId="2" StartOffset="4663"/>
<Loc EndOffset="4775" SrcFileId="2" StartOffset="4738"/>
<Loc EndOffset="4923" SrcFileId="2" StartOffset="4887"/>
<Loc EndOffset="5000" SrcFileId="2" StartOffset="4966"/>
<Loc EndOffset="5038" SrcFileId="2" StartOffset="5003"/>
<Loc EndOffset="5126" SrcFileId="2" StartOffset="5079"/>
<Loc EndOffset="5182" SrcFileId="2" StartOffset="5129"/>
<Loc EndOffset="5241" SrcFileId="2" StartOffset="5185"/>
<Loc EndOffset="5301" SrcFileId="2" StartOffset="5244"/>
<Loc EndOffset="5333" SrcFileId="2" StartOffset="5304"/>
<Loc EndOffset="5370" SrcFileId="2" StartOffset="5336"/>
<Loc EndOffset="5415" SrcFileId="2" StartOffset="5373"/>
<Loc EndOffset="5451" SrcFileId="2" StartOffset="5418"/>
<Loc EndOffset="5490" SrcFileId="2" StartOffset="5454"/>
<Loc EndOffset="5528" SrcFileId="2" StartOffset="5493"/>
<Loc EndOffset="5569" SrcFileId="2" StartOffset="5531"/>
<Loc EndOffset="5671" SrcFileId="2" StartOffset="5641"/>
<Loc EndOffset="5710" SrcFileId="2" StartOffset="5674"/>
<Loc EndOffset="5747" SrcFileId="2" StartOffset="5713"/>
<Loc EndOffset="5790" SrcFileId="2" StartOffset="5750"/>
<Loc EndOffset="5901" SrcFileId="2" StartOffset="5866"/>
<Loc EndOffset="5945" SrcFileId="2" StartOffset="5904"/>
<Loc EndOffset="5987" SrcFileId="2" StartOffset="5948"/>
<Loc EndOffset="6236" SrcFileId="2" StartOffset="6191"/>
<Loc EndOffset="6326" SrcFileId="2" StartOffset="6294"/>
<Loc EndOffset="6365" SrcFileId="2" StartOffset="6329"/>
<Loc EndOffset="6402" SrcFileId="2" StartOffset="6368"/>
<Loc EndOffset="6610" SrcFileId="2" StartOffset="6589"/>
<Loc EndOffset="6635" SrcFileId="2" StartOffset="6613"/>
<Loc EndOffset="6660" SrcFileId="2" StartOffset="6638"/>
<Loc EndOffset="6685" SrcFileId="2" StartOffset="6663"/>
<Loc EndOffset="6708" SrcFileId="2" StartOffset="6688"/>
<Loc EndOffset="6750" SrcFileId="2" StartOffset="6714"/>
<Loc EndOffset="6789" SrcFileId="2" StartOffset="6753"/>
<Loc EndOffset="6828" SrcFileId="2" StartOffset="6792"/>
<Loc EndOffset="6865" SrcFileId="2" StartOffset="6831"/>
<Loc EndOffset="6940" SrcFileId="2" StartOffset="6916"/>
<Loc EndOffset="6967" SrcFileId="2" StartOffset="6943"/>
<Loc EndOffset="6995" SrcFileId="2" StartOffset="6970"/>
<Loc EndOffset="7019" SrcFileId="2" StartOffset="6998"/>
<Loc EndOffset="7044" SrcFileId="2" StartOffset="7022"/>
<Loc EndOffset="7085" SrcFileId="2" StartOffset="7050"/>
<Loc EndOffset="7124" SrcFileId="2" StartOffset="7088"/>
<Loc EndOffset="7186" SrcFileId="2" StartOffset="7161"/>
<Loc EndOffset="7214" SrcFileId="2" StartOffset="7189"/>
<Loc EndOffset="7240" SrcFileId="2" StartOffset="7217"/>
<Loc EndOffset="7264" SrcFileId="2" StartOffset="7243"/>
<Loc EndOffset="7305" SrcFileId="2" StartOffset="7270"/>
<Loc EndOffset="7371" SrcFileId="2" StartOffset="7351"/>
<Loc EndOffset="7396" SrcFileId="2" StartOffset="7374"/>
<Loc EndOffset="7422" SrcFileId="2" StartOffset="7399"/>
<Loc EndOffset="7450" SrcFileId="2" StartOffset="7425"/>
<Loc EndOffset="7475" SrcFileId="2" StartOffset="7453"/>
<Loc EndOffset="7502" SrcFileId="2" StartOffset="7478"/>
<Loc EndOffset="7530" SrcFileId="2" StartOffset="7505"/>
<Loc EndOffset="7560" SrcFileId="2" StartOffset="7533"/>
<Loc EndOffset="7581" SrcFileId="2" StartOffset="7563"/>
<Loc EndOffset="7605" SrcFileId="2" StartOffset="7584"/>
<Loc EndOffset="7631" SrcFileId="2" StartOffset="7608"/>
<Loc EndOffset="7669" SrcFileId="2" StartOffset="7637"/>
<Loc EndOffset="7707" SrcFileId="2" StartOffset="7672"/>
<Loc EndOffset="7747" SrcFileId="2" StartOffset="7710"/>
<Loc EndOffset="7826" SrcFileId="2" StartOffset="7803"/>
<Loc EndOffset="7855" SrcFileId="2" StartOffset="7829"/>
<Loc EndOffset="7883" SrcFileId="2" StartOffset="7858"/>
<Loc EndOffset="7914" SrcFileId="2" StartOffset="7886"/>
<Loc EndOffset="7941" SrcFileId="2" StartOffset="7917"/>
<Loc EndOffset="7964" SrcFileId="2" StartOffset="7944"/>
<Loc EndOffset="7989" SrcFileId="2" StartOffset="7967"/>
<Loc EndOffset="8024" SrcFileId="2" StartOffset="7992"/>
<Loc EndOffset="8066" SrcFileId="2" StartOffset="8030"/>
<Loc EndOffset="8103" SrcFileId="2" StartOffset="8069"/>
<Loc EndOffset="8144" SrcFileId="2" StartOffset="8106"/>
<Loc EndOffset="8238" SrcFileId="2" StartOffset="8212"/>
<Loc EndOffset="8268" SrcFileId="2" StartOffset="8241"/>
<Loc EndOffset="8298" SrcFileId="2" StartOffset="8271"/>
<Loc EndOffset="8327" SrcFileId="2" StartOffset="8301"/>
<Loc EndOffset="8360" SrcFileId="2" StartOffset="8330"/>
</LocList>
<BasicStmnt CovItemId="S5" CovItemPrefix="is2.rubrica.PanelInserimento.java" Intrnl_Id="28">
<LocList>
<Loc EndOffset="2913" SrcFileId="2" StartOffset="2881"/>
</LocList>
</BasicStmnt>
<BasicStmnt CovItemId="S6" CovItemPrefix="is2.rubrica.PanelInserimento.java" Intrnl_Id="29">
<LocList>
<Loc EndOffset="2974" SrcFileId="2" StartOffset="2916"/>
</LocList>
</BasicStmnt>
<BasicStmnt CovItemId="S7" CovItemPrefix="is2.rubrica.PanelInserimento.java" Intrnl_Id="30">
<LocList>
<Loc EndOffset="3088" SrcFileId="2" StartOffset="3002"/>
</LocList>
</BasicStmnt>
<BasicStmnt CovItemId="S8" CovItemPrefix="is2.rubrica.PanelInserimento.java" Intrnl_Id="31">
<LocList>
<Loc EndOffset="3232" SrcFileId="2" StartOffset="3204"/>
</LocList>
</BasicStmnt>
<BasicStmnt CovItemId="S9" CovItemPrefix="is2.rubrica.PanelInserimento.java" Intrnl_Id="32">
<LocList>
<Loc EndOffset="3317" SrcFileId="2" StartOffset="3275"/>
</LocList>
</BasicStmnt>
<BasicStmnt CovItemId="S10" CovItemPrefix="is2.rubrica.PanelInserimento.java" Intrnl_Id="33">
<LocList>
<Loc EndOffset="3369" SrcFileId="2" StartOffset="3320"/>
</LocList>
</BasicStmnt>
<BasicStmnt CovItemId="S11" CovItemPrefix="is2.rubrica.PanelInserimento.java" Intrnl_Id="34">
<LocList>
<Loc EndOffset="3416" SrcFileId="2" StartOffset="3372"/>
</LocList>
</BasicStmnt>
<BasicStmnt CovItemId="S12" CovItemPrefix="is2.rubrica.PanelInserimento.java" Intrnl_Id="35">
<LocList>
<Loc EndOffset="3580" SrcFileId="2" StartOffset="3497"/>
</LocList>
</BasicStmnt>
<BasicStmnt CovItemId="S13" CovItemPrefix="is2.rubrica.PanelInserimento.java" Intrnl_Id="36">
<LocList>
<Loc EndOffset="3653" SrcFileId="2" StartOffset="3583"/>
</LocList>
</BasicStmnt>
<BasicStmnt CovItemId="S14" CovItemPrefix="is2.rubrica.PanelInserimento.java" Intrnl_Id="37">
<LocList>
<Loc EndOffset="3803" SrcFileId="2" StartOffset="3769"/>
</LocList>
</BasicStmnt>
<BasicStmnt CovItemId="S15" CovItemPrefix="is2.rubrica.PanelInserimento.java" Intrnl_Id="38">
<LocList>
<Loc EndOffset="3840" SrcFileId="2" StartOffset="3806"/>
</LocList>
</BasicStmnt>
<BasicStmnt CovItemId="S16" CovItemPrefix="is2.rubrica.PanelInserimento.java" Intrnl_Id="39">
<LocList>
<Loc EndOffset="3919" SrcFileId="2" StartOffset="3883"/>
</LocList>
</BasicStmnt>
<BasicStmnt CovItemId="S17" CovItemPrefix="is2.rubrica.PanelInserimento.java" Intrnl_Id="40">
<LocList>
<Loc EndOffset="4067" SrcFileId="2" StartOffset="4031"/>
</LocList>
</BasicStmnt>
<BasicStmnt CovItemId="S18" CovItemPrefix="is2.rubrica.PanelInserimento.java" Intrnl_Id="41">
<LocList>
<Loc EndOffset="4144" SrcFileId="2" StartOffset="4110"/>
</LocList>
</BasicStmnt>
<BasicStmnt CovItemId="S19" CovItemPrefix="is2.rubrica.PanelInserimento.java" Intrnl_Id="42">
<LocList>
<Loc EndOffset="4183" SrcFileId="2" StartOffset="4147"/>
</LocList>
</BasicStmnt>
<BasicStmnt CovItemId="S20" CovItemPrefix="is2.rubrica.PanelInserimento.java" Intrnl_Id="43">
<LocList>
<Loc EndOffset="4245" SrcFileId="2" StartOffset="4211"/>
</LocList>
</BasicStmnt>
<BasicStmnt CovItemId="S21" CovItemPrefix="is2.rubrica.PanelInserimento.java" Intrnl_Id="44">
<LocList>
<Loc EndOffset="4326" SrcFileId="2" StartOffset="4248"/>
</LocList>
</BasicStmnt>
<BasicStmnt CovItemId="S22" CovItemPrefix="is2.rubrica.PanelInserimento.java" Intrnl_Id="45">
<LocList>
<Loc EndOffset="4474" SrcFileId="2" StartOffset="4438"/>
</LocList>
</BasicStmnt>
<BasicStmnt CovItemId="S23" CovItemPrefix="is2.rubrica.PanelInserimento.java" Intrnl_Id="46">
<LocList>
<Loc EndOffset="4551" SrcFileId="2" StartOffset="4517"/>
</LocList>
</BasicStmnt>
<BasicStmnt CovItemId="S24" CovItemPrefix="is2.rubrica.PanelInserimento.java" Intrnl_Id="47">
<LocList>
<Loc EndOffset="4695" SrcFileId="2" StartOffset="4663"/>
</LocList>
</BasicStmnt>
<BasicStmnt CovItemId="S25" CovItemPrefix="is2.rubrica.PanelInserimento.java" Intrnl_Id="48">
<LocList>
<Loc EndOffset="4775" SrcFileId="2" StartOffset="4738"/>
</LocList>
</BasicStmnt>
<BasicStmnt CovItemId="S26" CovItemPrefix="is2.rubrica.PanelInserimento.java" Intrnl_Id="49">
<LocList>
<Loc EndOffset="4923" SrcFileId="2" StartOffset="4887"/>
</LocList>
</BasicStmnt>
<BasicStmnt CovItemId="S27" CovItemPrefix="is2.rubrica.PanelInserimento.java" Intrnl_Id="50">
<LocList>
<Loc EndOffset="5000" SrcFileId="2" StartOffset="4966"/>
</LocList>
</BasicStmnt>
<BasicStmnt CovItemId="S28" CovItemPrefix="is2.rubrica.PanelInserimento.java" Intrnl_Id="51">
<LocList>
<Loc EndOffset="5038" SrcFileId="2" StartOffset="5003"/>
</LocList>
</BasicStmnt>
<BasicStmnt CovItemId="S29" CovItemPrefix="is2.rubrica.PanelInserimento.java" Intrnl_Id="52">
<LocList>
<Loc EndOffset="5126" SrcFileId="2" StartOffset="5079"/>
</LocList>
</BasicStmnt>
<BasicStmnt CovItemId="S30" CovItemPrefix="is2.rubrica.PanelInserimento.java" Intrnl_Id="53">
<LocList>
<Loc EndOffset="5182" SrcFileId="2" StartOffset="5129"/>
</LocList>
</BasicStmnt>
<BasicStmnt CovItemId="S31" CovItemPrefix="is2.rubrica.PanelInserimento.java" Intrnl_Id="54">
<LocList>
<Loc EndOffset="5241" SrcFileId="2" StartOffset="5185"/>
</LocList>
</BasicStmnt>
<BasicStmnt CovItemId="S32" CovItemPrefix="is2.rubrica.PanelInserimento.java" Intrnl_Id="55">
<LocList>
<Loc EndOffset="5301" SrcFileId="2" StartOffset="5244"/>
</LocList>
</BasicStmnt>
<BasicStmnt CovItemId="S33" CovItemPrefix="is2.rubrica.PanelInserimento.java" Intrnl_Id="56">
<LocList>
<Loc EndOffset="5333" SrcFileId="2" StartOffset="5304"/>
</LocList>
</BasicStmnt>
<BasicStmnt CovItemId="S34" CovItemPrefix="is2.rubrica.PanelInserimento.java" Intrnl_Id="57">
<LocList>
<Loc EndOffset="5370" SrcFileId="2" StartOffset="5336"/>
</LocList>
</BasicStmnt>
<BasicStmnt CovItemId="S35" CovItemPrefix="is2.rubrica.PanelInserimento.java" Intrnl_Id="58">
<LocList>
<Loc EndOffset="5415" SrcFileId="2" StartOffset="5373"/>
</LocList>
</BasicStmnt>
<BasicStmnt CovItemId="S36" CovItemPrefix="is2.rubrica.PanelInserimento.java" Intrnl_Id="59">
<LocList>
<Loc EndOffset="5451" SrcFileId="2" StartOffset="5418"/>
</LocList>
</BasicStmnt>
<BasicStmnt CovItemId="S37" CovItemPrefix="is2.rubrica.PanelInserimento.java" Intrnl_Id="60">
<LocList>
<Loc EndOffset="5490" SrcFileId="2" StartOffset="5454"/>
</LocList>
</BasicStmnt>
<BasicStmnt CovItemId="S38" CovItemPrefix="is2.rubrica.PanelInserimento.java" Intrnl_Id="61">
<LocList>
<Loc EndOffset="5528" SrcFileId="2" StartOffset="5493"/>
</LocList>
</BasicStmnt>
<BasicStmnt CovItemId="S39" CovItemPrefix="is2.rubrica.PanelInserimento.java" Intrnl_Id="62">
<LocList>
<Loc EndOffset="5569" SrcFileId="2" StartOffset="5531"/>
</LocList>
</BasicStmnt>
<BasicStmnt CovItemId="S40" CovItemPrefix="is2.rubrica.PanelInserimento.java" Intrnl_Id="63">
<LocList>
<Loc EndOffset="5671" SrcFileId="2" StartOffset="5641"/>
</LocList>
</BasicStmnt>
<BasicStmnt CovItemId="S41" CovItemPrefix="is2.rubrica.PanelInserimento.java" Intrnl_Id="64">
<LocList>
<Loc EndOffset="5710" SrcFileId="2" StartOffset="5674"/>
</LocList>
</BasicStmnt>
<BasicStmnt CovItemId="S42" CovItemPrefix="is2.rubrica.PanelInserimento.java" Intrnl_Id="65">
<LocList>
<Loc EndOffset="5747" SrcFileId="2" StartOffset="5713"/>
</LocList>
</BasicStmnt>
<BasicStmnt CovItemId="S43" CovItemPrefix="is2.rubrica.PanelInserimento.java" Intrnl_Id="66">
<LocList>
<Loc EndOffset="5790" SrcFileId="2" StartOffset="5750"/>
</LocList>
</BasicStmnt>
<BasicStmnt CovItemId="S44" CovItemPrefix="is2.rubrica.PanelInserimento.java" Intrnl_Id="67">
<LocList>
<Loc EndOffset="5901" SrcFileId="2" StartOffset="5866"/>
</LocList>
</BasicStmnt>
<BasicStmnt CovItemId="S45" CovItemPrefix="is2.rubrica.PanelInserimento.java" Intrnl_Id="68">
<LocList>
<Loc EndOffset="5945" SrcFileId="2" StartOffset="5904"/>
</LocList>
</BasicStmnt>
<BasicStmnt CovItemId="S46" CovItemPrefix="is2.rubrica.PanelInserimento.java" Intrnl_Id="69">
<LocList>
<Loc EndOffset="5987" SrcFileId="2" StartOffset="5948"/>
</LocList>
</BasicStmnt>
<BasicStmnt CovItemId="S47" CovItemPrefix="is2.rubrica.PanelInserimento.java" Intrnl_Id="70">
<LocList>
<Loc EndOffset="6236" SrcFileId="2" StartOffset="6191"/>
</LocList>
</BasicStmnt>
<BasicStmnt CovItemId="S48" CovItemPrefix="is2.rubrica.PanelInserimento.java" Intrnl_Id="71">
<LocList>
<Loc EndOffset="6326" SrcFileId="2" StartOffset="6294"/>
</LocList>
</BasicStmnt>
<BasicStmnt CovItemId="S49" CovItemPrefix="is2.rubrica.PanelInserimento.java" Intrnl_Id="72">
<LocList>
<Loc EndOffset="6365" SrcFileId="2" StartOffset="6329"/>
</LocList>
</BasicStmnt>
<BasicStmnt CovItemId="S50" CovItemPrefix="is2.rubrica.PanelInserimento.java" Intrnl_Id="73">
<LocList>
<Loc EndOffset="6402" SrcFileId="2" StartOffset="6368"/>
</LocList>
</BasicStmnt>
<BasicStmnt CovItemId="S51" CovItemPrefix="is2.rubrica.PanelInserimento.java" Intrnl_Id="74">
<LocList>
<Loc EndOffset="6610" SrcFileId="2" StartOffset="6589"/>
</LocList>
</BasicStmnt>
<BasicStmnt CovItemId="S52" CovItemPrefix="is2.rubrica.PanelInserimento.java" Intrnl_Id="75">
<LocList>
<Loc EndOffset="6635" SrcFileId="2" StartOffset="6613"/>
</LocList>
</BasicStmnt>
<BasicStmnt CovItemId="S53" CovItemPrefix="is2.rubrica.PanelInserimento.java" Intrnl_Id="76">
<LocList>
<Loc EndOffset="6660" SrcFileId="2" StartOffset="6638"/>
</LocList>
</BasicStmnt>
<BasicStmnt CovItemId="S54" CovItemPrefix="is2.rubrica.PanelInserimento.java" Intrnl_Id="77">
<LocList>
<Loc EndOffset="6685" SrcFileId="2" StartOffset="6663"/>
</LocList>
</BasicStmnt>
<BasicStmnt CovItemId="S55" CovItemPrefix="is2.rubrica.PanelInserimento.java" Intrnl_Id="78">
<LocList>
<Loc EndOffset="6708" SrcFileId="2" StartOffset="6688"/>
</LocList>
</BasicStmnt>
<BasicStmnt CovItemId="S56" CovItemPrefix="is2.rubrica.PanelInserimento.java" Intrnl_Id="79">
<LocList>
<Loc EndOffset="6750" SrcFileId="2" StartOffset="6714"/>
</LocList>
</BasicStmnt>
<BasicStmnt CovItemId="S57" CovItemPrefix="is2.rubrica.PanelInserimento.java" Intrnl_Id="80">
<LocList>
<Loc EndOffset="6789" SrcFileId="2" StartOffset="6753"/>
</LocList>
</BasicStmnt>
<BasicStmnt CovItemId="S58" CovItemPrefix="is2.rubrica.PanelInserimento.java" Intrnl_Id="81">
<LocList>
<Loc EndOffset="6828" SrcFileId="2" StartOffset="6792"/>
</LocList>
</BasicStmnt>
<BasicStmnt CovItemId="S59" CovItemPrefix="is2.rubrica.PanelInserimento.java" Intrnl_Id="82">
<LocList>
<Loc EndOffset="6865" SrcFileId="2" StartOffset="6831"/>
</LocList>
</BasicStmnt>
<BasicStmnt CovItemId="S60" CovItemPrefix="is2.rubrica.PanelInserimento.java" Intrnl_Id="83">
<LocList>
<Loc EndOffset="6940" SrcFileId="2" StartOffset="6916"/>
</LocList>
</BasicStmnt>
<BasicStmnt CovItemId="S61" CovItemPrefix="is2.rubrica.PanelInserimento.java" Intrnl_Id="84">
<LocList>
<Loc EndOffset="6967" SrcFileId="2" StartOffset="6943"/>
</LocList>
</BasicStmnt>
<BasicStmnt CovItemId="S62" CovItemPrefix="is2.rubrica.PanelInserimento.java" Intrnl_Id="85">
<LocList>
<Loc EndOffset="6995" SrcFileId="2" StartOffset="6970"/>
</LocList>
</BasicStmnt>
<BasicStmnt CovItemId="S63" CovItemPrefix="is2.rubrica.PanelInserimento.java" Intrnl_Id="86">
<LocList>
<Loc EndOffset="7019" SrcFileId="2" StartOffset="6998"/>
</LocList>
</BasicStmnt>
<BasicStmnt CovItemId="S64" CovItemPrefix="is2.rubrica.PanelInserimento.java" Intrnl_Id="87">
<LocList>
<Loc EndOffset="7044" SrcFileId="2" StartOffset="7022"/>
</LocList>
</BasicStmnt>
<BasicStmnt CovItemId="S65" CovItemPrefix="is2.rubrica.PanelInserimento.java" Intrnl_Id="88">
<LocList>
<Loc EndOffset="7085" SrcFileId="2" StartOffset="7050"/>
</LocList>
</BasicStmnt>
<BasicStmnt CovItemId="S66" CovItemPrefix="is2.rubrica.PanelInserimento.java" Intrnl_Id="89">
<LocList>
<Loc EndOffset="7124" SrcFileId="2" StartOffset="7088"/>
</LocList>
</BasicStmnt>
<BasicStmnt CovItemId="S67" CovItemPrefix="is2.rubrica.PanelInserimento.java" Intrnl_Id="90">
<LocList>
<Loc EndOffset="7186" SrcFileId="2" StartOffset="7161"/>
</LocList>
</BasicStmnt>
<BasicStmnt CovItemId="S68" CovItemPrefix="is2.rubrica.PanelInserimento.java" Intrnl_Id="91">
<LocList>
<Loc EndOffset="7214" SrcFileId="2" StartOffset="7189"/>
</LocList>
</BasicStmnt>
<BasicStmnt CovItemId="S69" CovItemPrefix="is2.rubrica.PanelInserimento.java" Intrnl_Id="92">
<LocList>
<Loc EndOffset="7240" SrcFileId="2" StartOffset="7217"/>
</LocList>
</BasicStmnt>
<BasicStmnt CovItemId="S70" CovItemPrefix="is2.rubrica.PanelInserimento.java" Intrnl_Id="93">
<LocList>
<Loc EndOffset="7264" SrcFileId="2" StartOffset="7243"/>
</LocList>
</BasicStmnt>
<BasicStmnt CovItemId="S71" CovItemPrefix="is2.rubrica.PanelInserimento.java" Intrnl_Id="94">
<LocList>
<Loc EndOffset="7305" SrcFileId="2" StartOffset="7270"/>
</LocList>
</BasicStmnt>
<BasicStmnt CovItemId="S72" CovItemPrefix="is2.rubrica.PanelInserimento.java" Intrnl_Id="95">
<LocList>
<Loc EndOffset="7371" SrcFileId="2" StartOffset="7351"/>
</LocList>
</BasicStmnt>
<BasicStmnt CovItemId="S73" CovItemPrefix="is2.rubrica.PanelInserimento.java" Intrnl_Id="96">
<LocList>
<Loc EndOffset="7396" SrcFileId="2" StartOffset="7374"/>
</LocList>
</BasicStmnt>
<BasicStmnt CovItemId="S74" CovItemPrefix="is2.rubrica.PanelInserimento.java" Intrnl_Id="97">
<LocList>
<Loc EndOffset="7422" SrcFileId="2" StartOffset="7399"/>
</LocList>
</BasicStmnt>
<BasicStmnt CovItemId="S75" CovItemPrefix="is2.rubrica.PanelInserimento.java" Intrnl_Id="98">
<LocList>
<Loc EndOffset="7450" SrcFileId="2" StartOffset="7425"/>
</LocList>
</BasicStmnt>
<BasicStmnt CovItemId="S76" CovItemPrefix="is2.rubrica.PanelInserimento.java" Intrnl_Id="99">
<LocList>
<Loc EndOffset="7475" SrcFileId="2" StartOffset="7453"/>
</LocList>
</BasicStmnt>
<BasicStmnt CovItemId="S77" CovItemPrefix="is2.rubrica.PanelInserimento.java" Intrnl_Id="100">
<LocList>
<Loc EndOffset="7502" SrcFileId="2" StartOffset="7478"/>
</LocList>
</BasicStmnt>
<BasicStmnt CovItemId="S78" CovItemPrefix="is2.rubrica.PanelInserimento.java" Intrnl_Id="101">
<LocList>
<Loc EndOffset="7530" SrcFileId="2" StartOffset="7505"/>
</LocList>
</BasicStmnt>
<BasicStmnt CovItemId="S79" CovItemPrefix="is2.rubrica.PanelInserimento.java" Intrnl_Id="102">
<LocList>
<Loc EndOffset="7560" SrcFileId="2" StartOffset="7533"/>
</LocList>
</BasicStmnt>
<BasicStmnt CovItemId="S80" CovItemPrefix="is2.rubrica.PanelInserimento.java" Intrnl_Id="103">
<LocList>
<Loc EndOffset="7581" SrcFileId="2" StartOffset="7563"/>
</LocList>
</BasicStmnt>
<BasicStmnt CovItemId="S81" CovItemPrefix="is2.rubrica.PanelInserimento.java" Intrnl_Id="104">
<LocList>
<Loc EndOffset="7605" SrcFileId="2" StartOffset="7584"/>
</LocList>
</BasicStmnt>
<BasicStmnt CovItemId="S82" CovItemPrefix="is2.rubrica.PanelInserimento.java" Intrnl_Id="105">
<LocList>
<Loc EndOffset="7631" SrcFileId="2" StartOffset="7608"/>
</LocList>
</BasicStmnt>
<BasicStmnt CovItemId="S83" CovItemPrefix="is2.rubrica.PanelInserimento.java" Intrnl_Id="106">
<LocList>
<Loc EndOffset="7669" SrcFileId="2" StartOffset="7637"/>
</LocList>
</BasicStmnt>
<BasicStmnt CovItemId="S84" CovItemPrefix="is2.rubrica.PanelInserimento.java" Intrnl_Id="107">
<LocList>
<Loc EndOffset="7707" SrcFileId="2" StartOffset="7672"/>
</LocList>
</BasicStmnt>
<BasicStmnt CovItemId="S85" CovItemPrefix="is2.rubrica.PanelInserimento.java" Intrnl_Id="108">
<LocList>
<Loc EndOffset="7747" SrcFileId="2" StartOffset="7710"/>
</LocList>
</BasicStmnt>
<BasicStmnt CovItemId="S86" CovItemPrefix="is2.rubrica.PanelInserimento.java" Intrnl_Id="109">
<LocList>
<Loc EndOffset="7826" SrcFileId="2" StartOffset="7803"/>
</LocList>
</BasicStmnt>
<BasicStmnt CovItemId="S87" CovItemPrefix="is2.rubrica.PanelInserimento.java" Intrnl_Id="110">
<LocList>
<Loc EndOffset="7855" SrcFileId="2" StartOffset="7829"/>
</LocList>
</BasicStmnt>
<BasicStmnt CovItemId="S88" CovItemPrefix="is2.rubrica.PanelInserimento.java" Intrnl_Id="111">
<LocList>
<Loc EndOffset="7883" SrcFileId="2" StartOffset="7858"/>
</LocList>
</BasicStmnt>
<BasicStmnt CovItemId="S89" CovItemPrefix="is2.rubrica.PanelInserimento.java" Intrnl_Id="112">
<LocList>
<Loc EndOffset="7914" SrcFileId="2" StartOffset="7886"/>
</LocList>
</BasicStmnt>
<BasicStmnt CovItemId="S90" CovItemPrefix="is2.rubrica.PanelInserimento.java" Intrnl_Id="113">
<LocList>
<Loc EndOffset="7941" SrcFileId="2" StartOffset="7917"/>
</LocList>
</BasicStmnt>
<BasicStmnt CovItemId="S91" CovItemPrefix="is2.rubrica.PanelInserimento.java" Intrnl_Id="114">
<LocList>
<Loc EndOffset="7964" SrcFileId="2" StartOffset="7944"/>
</LocList>
</BasicStmnt>
<BasicStmnt CovItemId="S92" CovItemPrefix="is2.rubrica.PanelInserimento.java" Intrnl_Id="115">
<LocList>
<Loc EndOffset="7989" SrcFileId="2" StartOffset="7967"/>
</LocList>
</BasicStmnt>
<BasicStmnt CovItemId="S93" CovItemPrefix="is2.rubrica.PanelInserimento.java" Intrnl_Id="116">
<LocList>
<Loc EndOffset="8024" SrcFileId="2" StartOffset="7992"/>
</LocList>
</BasicStmnt>
<BasicStmnt CovItemId="S94" CovItemPrefix="is2.rubrica.PanelInserimento.java" Intrnl_Id="117">
<LocList>
<Loc EndOffset="8066" SrcFileId="2" StartOffset="8030"/>
</LocList>
</BasicStmnt>
<BasicStmnt CovItemId="S95" CovItemPrefix="is2.rubrica.PanelInserimento.java" Intrnl_Id="118">
<LocList>
<Loc EndOffset="8103" SrcFileId="2" StartOffset="8069"/>
</LocList>
</BasicStmnt>
<BasicStmnt CovItemId="S96" CovItemPrefix="is2.rubrica.PanelInserimento.java" Intrnl_Id="119">
<LocList>
<Loc EndOffset="8144" SrcFileId="2" StartOffset="8106"/>
</LocList>
</BasicStmnt>
<BasicStmnt CovItemId="S97" CovItemPrefix="is2.rubrica.PanelInserimento.java" Intrnl_Id="120">
<LocList>
<Loc EndOffset="8238" SrcFileId="2" StartOffset="8212"/>
</LocList>
</BasicStmnt>
<BasicStmnt CovItemId="S98" CovItemPrefix="is2.rubrica.PanelInserimento.java" Intrnl_Id="121">
<LocList>
<Loc EndOffset="8268" SrcFileId="2" StartOffset="8241"/>
</LocList>
</BasicStmnt>
<BasicStmnt CovItemId="S99" CovItemPrefix="is2.rubrica.PanelInserimento.java" Intrnl_Id="122">
<LocList>
<Loc EndOffset="8298" SrcFileId="2" StartOffset="8271"/>
</LocList>
</BasicStmnt>
<BasicStmnt CovItemId="S100" CovItemPrefix="is2.rubrica.PanelInserimento.java" Intrnl_Id="123">
<LocList>
<Loc EndOffset="8327" SrcFileId="2" StartOffset="8301"/>
</LocList>
</BasicStmnt>
<BasicStmnt CovItemId="S101" CovItemPrefix="is2.rubrica.PanelInserimento.java" Intrnl_Id="124">
<LocList>
<Loc EndOffset="8360" SrcFileId="2" StartOffset="8330"/>
</LocList>
</BasicStmnt>
</StmntSeq>
</HierarchyLvl>
<HierarchyLvl HierarchyLvlId="776" HierarchyLvlTypeId="8" Intrnl_Id="125" Name="actionPerformed">
<Header>
<Loc EndOffset="8414" SrcFileId="2" StartOffset="8370"/>
</Header>
<LocList>
<Loc EndOffset="13575" SrcFileId="2" StartOffset="8370"/>
</LocList>
<StmntSeq Intrnl_Id="126">
<LocList>
<Loc EndOffset="8452" SrcFileId="2" StartOffset="8421"/>
<Loc EndOffset="8492" SrcFileId="2" StartOffset="8455"/>
<Loc EndOffset="8530" SrcFileId="2" StartOffset="8495"/>
<Loc EndOffset="8574" SrcFileId="2" StartOffset="8533"/>
<Loc EndOffset="8614" SrcFileId="2" StartOffset="8577"/>
<Loc EndOffset="8676" SrcFileId="2" StartOffset="8636"/>
<Loc EndOffset="8711" SrcFileId="2" StartOffset="8679"/>
<Loc EndOffset="8927" SrcFileId="2" StartOffset="8717"/>
<Loc EndOffset="9177" SrcFileId="2" StartOffset="8930"/>
<Loc EndOffset="9687" SrcFileId="2" StartOffset="9180"/>
<Loc EndOffset="10013" SrcFileId="2" StartOffset="9690"/>
<Loc EndOffset="11377" SrcFileId="2" StartOffset="10016"/>
<Loc EndOffset="11921" SrcFileId="2" StartOffset="11380"/>
<Loc EndOffset="11973" SrcFileId="2" StartOffset="11924"/>
<Loc EndOffset="12166" SrcFileId="2" StartOffset="11976"/>
<Loc EndOffset="13204" SrcFileId="2" StartOffset="12169"/>
<Loc EndOffset="13257" SrcFileId="2" StartOffset="13207"/>
<Loc EndOffset="13359" SrcFileId="2" StartOffset="13260"/>
<Loc EndOffset="13468" SrcFileId="2" StartOffset="13362"/>
<Loc EndOffset="13572" SrcFileId="2" StartOffset="13471"/>
</LocList>
<BasicStmnt CovItemId="S102" CovItemPrefix="is2.rubrica.PanelInserimento.java" Intrnl_Id="127">
<LocList>
<Loc EndOffset="8452" SrcFileId="2" StartOffset="8421"/>
</LocList>
</BasicStmnt>
<BasicStmnt CovItemId="S103" CovItemPrefix="is2.rubrica.PanelInserimento.java" Intrnl_Id="128">
<LocList>
<Loc EndOffset="8492" SrcFileId="2" StartOffset="8455"/>
</LocList>
</BasicStmnt>
<BasicStmnt CovItemId="S104" CovItemPrefix="is2.rubrica.PanelInserimento.java" Intrnl_Id="129">
<LocList>
<Loc EndOffset="8530" SrcFileId="2" StartOffset="8495"/>
</LocList>
</BasicStmnt>
<BasicStmnt CovItemId="S105" CovItemPrefix="is2.rubrica.PanelInserimento.java" Intrnl_Id="130">
<LocList>
<Loc EndOffset="8574" SrcFileId="2" StartOffset="8533"/>
</LocList>
</BasicStmnt>
<BasicStmnt CovItemId="S106" CovItemPrefix="is2.rubrica.PanelInserimento.java" Intrnl_Id="131">
<LocList>
<Loc EndOffset="8614" SrcFileId="2" StartOffset="8577"/>
</LocList>
</BasicStmnt>
<BasicStmnt CovItemId="S107" CovItemPrefix="is2.rubrica.PanelInserimento.java" Intrnl_Id="132">
<LocList>
<Loc EndOffset="8676" SrcFileId="2" StartOffset="8636"/>
</LocList>
</BasicStmnt>
<BasicStmnt CovItemId="S108" CovItemPrefix="is2.rubrica.PanelInserimento.java" Intrnl_Id="133">
<LocList>
<Loc EndOffset="8711" SrcFileId="2" StartOffset="8679"/>
</LocList>
</BasicStmnt>
<CondStmnt CovItemId="S109" CovItemPrefix="is2.rubrica.PanelInserimento.java" Intrnl_Id="134">
<Branch CovItemId="B1" CovItemPrefix="is2.rubrica.PanelInserimento.java" Implct="false" Intrnl_Id="135">
<Cond/>
<LocList>
<Loc EndOffset="8927" SrcFileId="2" StartOffset="8741"/>
</LocList>
<StmntSeq Intrnl_Id="136">
<LocList>
<Loc EndOffset="8816" SrcFileId="2" StartOffset="8746"/>
<Loc EndOffset="8871" SrcFileId="2" StartOffset="8820"/>
<Loc EndOffset="8905" SrcFileId="2" StartOffset="8879"/>
<Loc EndOffset="8923" SrcFileId="2" StartOffset="8909"/>
</LocList>
<CondStmnt CovItemId="S110" CovItemPrefix="is2.rubrica.PanelInserimento.java" Intrnl_Id="137">
<Branch CovItemId="B3" CovItemPrefix="is2.rubrica.PanelInserimento.java" Implct="false" Intrnl_Id="138">
<Cond/>
<LocList>
<Loc EndOffset="8816" SrcFileId="2" StartOffset="8760"/>
</LocList>
<StmntSeq Intrnl_Id="139">
<LocList>
<Loc EndOffset="8777" SrcFileId="2" StartOffset="8766"/>
<Loc EndOffset="8811" SrcFileId="2" StartOffset="8782"/>
</LocList>
<BasicStmnt CovItemId="S111" CovItemPrefix="is2.rubrica.PanelInserimento.java" Intrnl_Id="140">
<LocList>
<Loc EndOffset="8777" SrcFileId="2" StartOffset="8766"/>
</LocList>
</BasicStmnt>
<BasicStmnt CovItemId="S112" CovItemPrefix="is2.rubrica.PanelInserimento.java" Intrnl_Id="141">
<LocList>
<Loc EndOffset="8811" SrcFileId="2" StartOffset="8782"/>
</LocList>
</BasicStmnt>
</StmntSeq>
</Branch>
<Branch CovItemId="B4" CovItemPrefix="is2.rubrica.PanelInserimento.java" Implct="true" Intrnl_Id="142">
<Cond/>
<LocList/>
<StmntSeq Intrnl_Id="143">
<LocList/>
</StmntSeq>
</Branch>
<Keyword EndOffset="8748" SrcFileId="2" StartOffset="8746"/>
<LocList>
<Loc EndOffset="8816" SrcFileId="2" StartOffset="8746"/>
</LocList>
<RootTerm CovItemId="C2" CovItemPrefix="is2.rubrica.PanelInserimento.java" Intrnl_Id="144">
<BasicBoolTerm Intrnl_Id="145">
<LocList>
<Loc EndOffset="8759" SrcFileId="2" StartOffset="8749"/>
</LocList>
</BasicBoolTerm>
</RootTerm>
</CondStmnt>
<CondStmnt CovItemId="S113" CovItemPrefix="is2.rubrica.PanelInserimento.java" Intrnl_Id="146">
<Branch CovItemId="B5" CovItemPrefix="is2.rubrica.PanelInserimento.java" Implct="false" Intrnl_Id="147">
<Cond/>
<LocList>
<Loc EndOffset="8871" SrcFileId="2" StartOffset="8839"/>
</LocList>
<StmntSeq Intrnl_Id="148">
<LocList>
<Loc EndOffset="8871" SrcFileId="2" StartOffset="8839"/>
</LocList>
<BasicStmnt CovItemId="S114" CovItemPrefix="is2.rubrica.PanelInserimento.java" Intrnl_Id="149">
<LocList>
<Loc EndOffset="8871" SrcFileId="2" StartOffset="8839"/>
</LocList>
</BasicStmnt>
</StmntSeq>
</Branch>
<Branch CovItemId="B6" CovItemPrefix="is2.rubrica.PanelInserimento.java" Implct="true" Intrnl_Id="150">
<Cond/>
<LocList/>
<StmntSeq Intrnl_Id="151">
<LocList/>
</StmntSeq>
</Branch>
<Keyword EndOffset="8822" SrcFileId="2" StartOffset="8820"/>
<LocList>
<Loc EndOffset="8871" SrcFileId="2" StartOffset="8820"/>
</LocList>
<RootTerm CovItemId="C3" CovItemPrefix="is2.rubrica.PanelInserimento.java" Intrnl_Id="152">
<BasicBoolTerm Intrnl_Id="153">
<LocList>
<Loc EndOffset="8833" SrcFileId="2" StartOffset="8823"/>
</LocList>
</BasicBoolTerm>
</RootTerm>
</CondStmnt>
<BasicStmnt CovItemId="S115" CovItemPrefix="is2.rubrica.PanelInserimento.java" Intrnl_Id="154">
<LocList>
<Loc EndOffset="8905" SrcFileId="2" StartOffset="8879"/>
</LocList>
</BasicStmnt>
<BasicStmnt CovItemId="S116" CovItemPrefix="is2.rubrica.PanelInserimento.java" Intrnl_Id="155">
<LocList>
<Loc EndOffset="8923" SrcFileId="2" StartOffset="8909"/>
</LocList>
</BasicStmnt>
</StmntSeq>
</Branch>
<Branch CovItemId="B2" CovItemPrefix="is2.rubrica.PanelInserimento.java" Implct="true" Intrnl_Id="156">
<Cond/>
<LocList/>
<StmntSeq Intrnl_Id="157">
<LocList/>
</StmntSeq>
</Branch>
<Keyword EndOffset="8719" SrcFileId="2" StartOffset="8717"/>
<LocList>
<Loc EndOffset="8927" SrcFileId="2" StartOffset="8717"/>
</LocList>
<RootTerm CovItemId="C1" CovItemPrefix="is2.rubrica.PanelInserimento.java" Intrnl_Id="158">
<BasicBoolTerm Intrnl_Id="159">
<LocList>
<Loc EndOffset="8740" SrcFileId="2" StartOffset="8720"/>
</LocList>
</BasicBoolTerm>
</RootTerm>
</CondStmnt>
<CondStmnt CovItemId="S117" CovItemPrefix="is2.rubrica.PanelInserimento.java" Intrnl_Id="160">
<Branch CovItemId="B7" CovItemPrefix="is2.rubrica.PanelInserimento.java" Implct="false" Intrnl_Id="161">
<Cond/>
<LocList>
<Loc EndOffset="9177" SrcFileId="2" StartOffset="8954"/>
</LocList>
<StmntSeq Intrnl_Id="162">
<LocList>
<Loc EndOffset="9049" SrcFileId="2" StartOffset="8959"/>
<Loc EndOffset="9121" SrcFileId="2" StartOffset="9053"/>
<Loc EndOffset="9155" SrcFileId="2" StartOffset="9129"/>
<Loc EndOffset="9173" SrcFileId="2" StartOffset="9159"/>
</LocList>
<CondStmnt CovItemId="S118" CovItemPrefix="is2.rubrica.PanelInserimento.java" Intrnl_Id="163">
<Branch CovItemId="B9" CovItemPrefix="is2.rubrica.PanelInserimento.java" Implct="false" Intrnl_Id="164">
<Cond/>
<LocList>
<Loc EndOffset="9049" SrcFileId="2" StartOffset="8991"/>
</LocList>
<StmntSeq Intrnl_Id="165">
<LocList>
<Loc EndOffset="9008" SrcFileId="2" StartOffset="8997"/>
<Loc EndOffset="9044" SrcFileId="2" StartOffset="9013"/>
</LocList>
<BasicStmnt CovItemId="S119" CovItemPrefix="is2.rubrica.PanelInserimento.java" Intrnl_Id="166">
<LocList>
<Loc EndOffset="9008" SrcFileId="2" StartOffset="8997"/>
</LocList>
</BasicStmnt>
<BasicStmnt CovItemId="S120" CovItemPrefix="is2.rubrica.PanelInserimento.java" Intrnl_Id="167">
<LocList>
<Loc EndOffset="9044" SrcFileId="2" StartOffset="9013"/>
</LocList>
</BasicStmnt>
</StmntSeq>
</Branch>
<Branch CovItemId="B10" CovItemPrefix="is2.rubrica.PanelInserimento.java" Implct="true" Intrnl_Id="168">
<Cond/>
<LocList/>
<StmntSeq Intrnl_Id="169">
<LocList/>
</StmntSeq>
</Branch>
<Keyword EndOffset="8961" SrcFileId="2" StartOffset="8959"/>
<LocList>
<Loc EndOffset="9049" SrcFileId="2" StartOffset="8959"/>
</LocList>
<RootTerm CovItemId="C5" CovItemPrefix="is2.rubrica.PanelInserimento.java" Intrnl_Id="170">
<BasicBoolTerm Intrnl_Id="171">
<LocList>
<Loc EndOffset="8990" SrcFileId="2" StartOffset="8962"/>
</LocList>
</BasicBoolTerm>
</RootTerm>
</CondStmnt>
<CondStmnt CovItemId="S121" CovItemPrefix="is2.rubrica.PanelInserimento.java" Intrnl_Id="172">
<Branch CovItemId="B11" CovItemPrefix="is2.rubrica.PanelInserimento.java" Implct="false" Intrnl_Id="173">
<Cond/>
<LocList>
<Loc EndOffset="9121" SrcFileId="2" StartOffset="9091"/>
</LocList>
<StmntSeq Intrnl_Id="174">
<LocList>
<Loc EndOffset="9121" SrcFileId="2" StartOffset="9091"/>
</LocList>
<BasicStmnt CovItemId="S122" CovItemPrefix="is2.rubrica.PanelInserimento.java" Intrnl_Id="175">
<LocList>
<Loc EndOffset="9121" SrcFileId="2" StartOffset="9091"/>
</LocList>
</BasicStmnt>
</StmntSeq>
</Branch>
<Branch CovItemId="B12" CovItemPrefix="is2.rubrica.PanelInserimento.java" Implct="true" Intrnl_Id="176">
<Cond/>
<LocList/>
<StmntSeq Intrnl_Id="177">
<LocList/>
</StmntSeq>
</Branch>
<Keyword EndOffset="9055" SrcFileId="2" StartOffset="9053"/>
<LocList>
<Loc EndOffset="9121" SrcFileId="2" StartOffset="9053"/>
</LocList>
<RootTerm CovItemId="C6" CovItemPrefix="is2.rubrica.PanelInserimento.java" Intrnl_Id="178">
<BasicBoolTerm Intrnl_Id="179">
<LocList>
<Loc EndOffset="9085" SrcFileId="2" StartOffset="9056"/>
</LocList>
</BasicBoolTerm>
</RootTerm>
</CondStmnt>
<BasicStmnt CovItemId="S123" CovItemPrefix="is2.rubrica.PanelInserimento.java" Intrnl_Id="180">
<LocList>
<Loc EndOffset="9155" SrcFileId="2" StartOffset="9129"/>
</LocList>
</BasicStmnt>
<BasicStmnt CovItemId="S124" CovItemPrefix="is2.rubrica.PanelInserimento.java" Intrnl_Id="181">
<LocList>
<Loc EndOffset="9173" SrcFileId="2" StartOffset="9159"/>
</LocList>
</BasicStmnt>
</StmntSeq>
</Branch>
<Branch CovItemId="B8" CovItemPrefix="is2.rubrica.PanelInserimento.java" Implct="true" Intrnl_Id="182">
<Cond/>
<LocList/>
<StmntSeq Intrnl_Id="183">
<LocList/>
</StmntSeq>
</Branch>
<Keyword EndOffset="8932" SrcFileId="2" StartOffset="8930"/>
<LocList>
<Loc EndOffset="9177" SrcFileId="2" StartOffset="8930"/>
</LocList>
<RootTerm CovItemId="C4" CovItemPrefix="is2.rubrica.PanelInserimento.java" Intrnl_Id="184">
<BasicBoolTerm Intrnl_Id="185">
<LocList>
<Loc EndOffset="8953" SrcFileId="2" StartOffset="8933"/>
</LocList>
</BasicBoolTerm>
</RootTerm>
</CondStmnt>
<CondStmnt CovItemId="S125" CovItemPrefix="is2.rubrica.PanelInserimento.java" Intrnl_Id="186">
<Branch CovItemId="B13" CovItemPrefix="is2.rubrica.PanelInserimento.java" Implct="false" Intrnl_Id="187">
<Cond/>
<LocList>
<Loc EndOffset="9687" SrcFileId="2" StartOffset="9210"/>
</LocList>
<StmntSeq Intrnl_Id="188">
<LocList>
<Loc EndOffset="9226" SrcFileId="2" StartOffset="9215"/>
<Loc EndOffset="9247" SrcFileId="2" StartOffset="9230"/>
<Loc EndOffset="9316" SrcFileId="2" StartOffset="9251"/>
<Loc EndOffset="9398" SrcFileId="2" StartOffset="9320"/>
<Loc EndOffset="9431" SrcFileId="2" StartOffset="9402"/>
<Loc EndOffset="9467" SrcFileId="2" StartOffset="9435"/>
<Loc EndOffset="9496" SrcFileId="2" StartOffset="9471"/>
<Loc EndOffset="9526" SrcFileId="2" StartOffset="9500"/>
<Loc EndOffset="9557" SrcFileId="2" StartOffset="9530"/>
<Loc EndOffset="9588" SrcFileId="2" StartOffset="9561"/>
<Loc EndOffset="9619" SrcFileId="2" StartOffset="9592"/>
<Loc EndOffset="9649" SrcFileId="2" StartOffset="9623"/>
<Loc EndOffset="9683" SrcFileId="2" StartOffset="9653"/>
</LocList>
<BasicStmnt CovItemId="S126" CovItemPrefix="is2.rubrica.PanelInserimento.java" Intrnl_Id="189">
<LocList>
<Loc EndOffset="9226" SrcFileId="2" StartOffset="9215"/>
</LocList>
</BasicStmnt>
<BasicStmnt CovItemId="S127" CovItemPrefix="is2.rubrica.PanelInserimento.java" Intrnl_Id="190">
<LocList>
<Loc EndOffset="9247" SrcFileId="2" StartOffset="9230"/>
</LocList>
</BasicStmnt>
<BasicStmnt CovItemId="S128" CovItemPrefix="is2.rubrica.PanelInserimento.java" Intrnl_Id="191">
<LocList>
<Loc EndOffset="9316" SrcFileId="2" StartOffset="9251"/>
</LocList>
</BasicStmnt>
<BasicStmnt CovItemId="S129" CovItemPrefix="is2.rubrica.PanelInserimento.java" Intrnl_Id="192">
<LocList>
<Loc EndOffset="9398" SrcFileId="2" StartOffset="9320"/>
</LocList>
</BasicStmnt>
<BasicStmnt CovItemId="S130" CovItemPrefix="is2.rubrica.PanelInserimento.java" Intrnl_Id="193">
<LocList>
<Loc EndOffset="9431" SrcFileId="2" StartOffset="9402"/>
</LocList>
</BasicStmnt>
<BasicStmnt CovItemId="S131" CovItemPrefix="is2.rubrica.PanelInserimento.java" Intrnl_Id="194">
<LocList>
<Loc EndOffset="9467" SrcFileId="2" StartOffset="9435"/>
</LocList>
</BasicStmnt>
<BasicStmnt CovItemId="S132" CovItemPrefix="is2.rubrica.PanelInserimento.java" Intrnl_Id="195">
<LocList>
<Loc EndOffset="9496" SrcFileId="2" StartOffset="9471"/>
</LocList>
</BasicStmnt>
<BasicStmnt CovItemId="S133" CovItemPrefix="is2.rubrica.PanelInserimento.java" Intrnl_Id="196">
<LocList>
<Loc EndOffset="9526" SrcFileId="2" StartOffset="9500"/>
</LocList>
</BasicStmnt>
<BasicStmnt CovItemId="S134" CovItemPrefix="is2.rubrica.PanelInserimento.java" Intrnl_Id="197">
<LocList>
<Loc EndOffset="9557" SrcFileId="2" StartOffset="9530"/>
</LocList>
</BasicStmnt>
<BasicStmnt CovItemId="S135" CovItemPrefix="is2.rubrica.PanelInserimento.java" Intrnl_Id="198">
<LocList>
<Loc EndOffset="9588" SrcFileId="2" StartOffset="9561"/>
</LocList>
</BasicStmnt>
<BasicStmnt CovItemId="S136" CovItemPrefix="is2.rubrica.PanelInserimento.java" Intrnl_Id="199">
<LocList>
<Loc EndOffset="9619" SrcFileId="2" StartOffset="9592"/>
</LocList>
</BasicStmnt>
<BasicStmnt CovItemId="S137" CovItemPrefix="is2.rubrica.PanelInserimento.java" Intrnl_Id="200">
<LocList>
<Loc EndOffset="9649" SrcFileId="2" StartOffset="9623"/>
</LocList>
</BasicStmnt>
<BasicStmnt CovItemId="S138" CovItemPrefix="is2.rubrica.PanelInserimento.java" Intrnl_Id="201">
<LocList>
<Loc EndOffset="9683" SrcFileId="2" StartOffset="9653"/>
</LocList>
</BasicStmnt>
</StmntSeq>
</Branch>
<Branch CovItemId="B14" CovItemPrefix="is2.rubrica.PanelInserimento.java" Implct="true" Intrnl_Id="202">
<Cond/>
<LocList/>
<StmntSeq Intrnl_Id="203">
<LocList/>
</StmntSeq>
</Branch>
<Keyword EndOffset="9182" SrcFileId="2" StartOffset="9180"/>
<LocList>
<Loc EndOffset="9687" SrcFileId="2" StartOffset="9180"/>
</LocList>
<RootTerm CovItemId="C7" CovItemPrefix="is2.rubrica.PanelInserimento.java" Intrnl_Id="204">
<BasicBoolTerm Intrnl_Id="205">
<LocList>
<Loc EndOffset="9209" SrcFileId="2" StartOffset="9183"/>
</LocList>
</BasicBoolTerm>
</RootTerm>
</CondStmnt>
<CondStmnt CovItemId="S139" CovItemPrefix="is2.rubrica.PanelInserimento.java" Intrnl_Id="206">
<Branch CovItemId="B15" CovItemPrefix="is2.rubrica.PanelInserimento.java" Implct="false" Intrnl_Id="207">
<Cond/>
<LocList>
<Loc EndOffset="10013" SrcFileId="2" StartOffset="9715"/>
</LocList>
<StmntSeq Intrnl_Id="208">
<LocList>
<Loc EndOffset="9758" SrcFileId="2" StartOffset="9729"/>
<Loc EndOffset="9795" SrcFileId="2" StartOffset="9763"/>
<Loc EndOffset="9831" SrcFileId="2" StartOffset="9800"/>
<Loc EndOffset="9870" SrcFileId="2" StartOffset="9836"/>
<Loc EndOffset="9988" SrcFileId="2" StartOffset="9720"/>
<Loc EndOffset="10009" SrcFileId="2" StartOffset="9996"/>
</LocList>
<BasicStmnt CovItemId="S141" CovItemPrefix="is2.rubrica.PanelInserimento.java" Intrnl_Id="209">
<LocList>
<Loc EndOffset="9758" SrcFileId="2" StartOffset="9729"/>
</LocList>
</BasicStmnt>
<BasicStmnt CovItemId="S142" CovItemPrefix="is2.rubrica.PanelInserimento.java" Intrnl_Id="210">
<LocList>
<Loc EndOffset="9795" SrcFileId="2" StartOffset="9763"/>
</LocList>
</BasicStmnt>
<BasicStmnt CovItemId="S143" CovItemPrefix="is2.rubrica.PanelInserimento.java" Intrnl_Id="211">
<LocList>
<Loc EndOffset="9831" SrcFileId="2" StartOffset="9800"/>
</LocList>
</BasicStmnt>
<BasicStmnt CovItemId="S144" CovItemPrefix="is2.rubrica.PanelInserimento.java" Intrnl_Id="212">
<LocList>
<Loc EndOffset="9870" SrcFileId="2" StartOffset="9836"/>
</LocList>
</BasicStmnt>
<CondStmnt CovItemId="S140" CovItemPrefix="is2.rubrica.PanelInserimento.java" Intrnl_Id="213">
<Branch CovItemId="B17" CovItemPrefix="is2.rubrica.PanelInserimento.java" Implct="true" Intrnl_Id="214">
<Cond/>
<LocList/>
<StmntSeq Intrnl_Id="215">
<LocList/>
</StmntSeq>
</Branch>
<Branch CovItemId="B18" CovItemPrefix="is2.rubrica.PanelInserimento.java" Implct="false" Intrnl_Id="216">
<Cond>
<Loc EndOffset="9910" SrcFileId="2" StartOffset="9880"/>
</Cond>
<LocList>
<Loc EndOffset="9988" SrcFileId="2" StartOffset="9910"/>
</LocList>
<StmntSeq Intrnl_Id="217">
<LocList>
<Loc EndOffset="9983" SrcFileId="2" StartOffset="9916"/>
</LocList>
<BasicStmnt CovItemId="S145" CovItemPrefix="is2.rubrica.PanelInserimento.java" Intrnl_Id="218">
<LocList>
<Loc EndOffset="9983" SrcFileId="2" StartOffset="9916"/>
</LocList>
</BasicStmnt>
</StmntSeq>
</Branch>
<Keyword EndOffset="9723" SrcFileId="2" StartOffset="9720"/>
<LocList>
<Loc EndOffset="9988" SrcFileId="2" StartOffset="9720"/>
</LocList>
</CondStmnt>
<BasicStmnt CovItemId="S146" CovItemPrefix="is2.rubrica.PanelInserimento.java" Intrnl_Id="219">
<LocList>
<Loc EndOffset="10009" SrcFileId="2" StartOffset="9996"/>
</LocList>
</BasicStmnt>
</StmntSeq>
</Branch>
<Branch CovItemId="B16" CovItemPrefix="is2.rubrica.PanelInserimento.java" Implct="true" Intrnl_Id="220">
<Cond/>
<LocList/>
<StmntSeq Intrnl_Id="221">
<LocList/>
</StmntSeq>
</Branch>
<Keyword EndOffset="9692" SrcFileId="2" StartOffset="9690"/>
<LocList>
<Loc EndOffset="10013" SrcFileId="2" StartOffset="9690"/>
</LocList>
<RootTerm CovItemId="C8" CovItemPrefix="is2.rubrica.PanelInserimento.java" Intrnl_Id="222">
<BasicBoolTerm Intrnl_Id="223">
<LocList>
<Loc EndOffset="9714" SrcFileId="2" StartOffset="9693"/>
</LocList>
</BasicBoolTerm>
</RootTerm>
</CondStmnt>
<CondStmnt CovItemId="S147" CovItemPrefix="is2.rubrica.PanelInserimento.java" Intrnl_Id="224">
<Branch CovItemId="B19" CovItemPrefix="is2.rubrica.PanelInserimento.java" Implct="false" Intrnl_Id="225">
<Cond/>
<LocList>
<Loc EndOffset="11377" SrcFileId="2" StartOffset="10043"/>
</LocList>
<StmntSeq Intrnl_Id="226">
<LocList>
<Loc EndOffset="10058" SrcFileId="2" StartOffset="10048"/>
<Loc EndOffset="10501" SrcFileId="2" StartOffset="10444"/>
<Loc EndOffset="10596" SrcFileId="2" StartOffset="10564"/>
<Loc EndOffset="11373" SrcFileId="2" StartOffset="10600"/>
</LocList>
<BasicStmnt CovItemId="S148" CovItemPrefix="is2.rubrica.PanelInserimento.java" Intrnl_Id="227">
<LocList>
<Loc EndOffset="10058" SrcFileId="2" StartOffset="10048"/>
</LocList>
</BasicStmnt>
<CondStmnt CovItemId="S149" CovItemPrefix="is2.rubrica.PanelInserimento.java" Intrnl_Id="228">
<Branch CovItemId="B21" CovItemPrefix="is2.rubrica.PanelInserimento.java" Implct="false" Intrnl_Id="229">
<Cond/>
<LocList>
<Loc EndOffset="10501" SrcFileId="2" StartOffset="10488"/>
</LocList>
<StmntSeq Intrnl_Id="230">
<LocList>
<Loc EndOffset="10501" SrcFileId="2" StartOffset="10488"/>
</LocList>
<BasicStmnt CovItemId="S150" CovItemPrefix="is2.rubrica.PanelInserimento.java" Intrnl_Id="231">
<LocList>
<Loc EndOffset="10501" SrcFileId="2" StartOffset="10488"/>
</LocList>
</BasicStmnt>
</StmntSeq>
</Branch>
<Branch CovItemId="B22" CovItemPrefix="is2.rubrica.PanelInserimento.java" Implct="true" Intrnl_Id="232">
<Cond/>
<LocList/>
<StmntSeq Intrnl_Id="233">
<LocList/>
</StmntSeq>
</Branch>
<Keyword EndOffset="10446" SrcFileId="2" StartOffset="10444"/>
<LocList>
<Loc EndOffset="10501" SrcFileId="2" StartOffset="10444"/>
</LocList>
<RootTerm CovItemId="C10" CovItemPrefix="is2.rubrica.PanelInserimento.java" Intrnl_Id="234">
<BasicBoolTerm Intrnl_Id="235">
<LocList>
<Loc EndOffset="10465" SrcFileId="2" StartOffset="10447"/>
</LocList>
</BasicBoolTerm>
</RootTerm>
</CondStmnt>
<BasicStmnt CovItemId="S151" CovItemPrefix="is2.rubrica.PanelInserimento.java" Intrnl_Id="236">
<LocList>
<Loc EndOffset="10596" SrcFileId="2" StartOffset="10564"/>
</LocList>
</BasicStmnt>
<CondStmnt CovItemId="S152" CovItemPrefix="is2.rubrica.PanelInserimento.java" Intrnl_Id="237">
<Branch CovItemId="B23" CovItemPrefix="is2.rubrica.PanelInserimento.java" Implct="false" Intrnl_Id="238">
<Cond/>
<LocList>
<Loc EndOffset="11095" SrcFileId="2" StartOffset="10646"/>
</LocList>
<StmntSeq Intrnl_Id="239">
<LocList>
<Loc EndOffset="10679" SrcFileId="2" StartOffset="10652"/>
<Loc EndOffset="11046" SrcFileId="2" StartOffset="10684"/>
</LocList>
<BasicStmnt CovItemId="S153" CovItemPrefix="is2.rubrica.PanelInserimento.java" Intrnl_Id="240">
<LocList>
<Loc EndOffset="10679" SrcFileId="2" StartOffset="10652"/>
</LocList>
</BasicStmnt>
<CondStmnt CovItemId="S154" CovItemPrefix="is2.rubrica.PanelInserimento.java" Intrnl_Id="241">
<Branch CovItemId="B25" CovItemPrefix="is2.rubrica.PanelInserimento.java" Implct="false" Intrnl_Id="242">
<Cond/>
<LocList>
<Loc EndOffset="10785" SrcFileId="2" StartOffset="10705"/>
</LocList>
<StmntSeq Intrnl_Id="243">
<LocList>
<Loc EndOffset="10785" SrcFileId="2" StartOffset="10705"/>
</LocList>
<BasicStmnt CovItemId="S155" CovItemPrefix="is2.rubrica.PanelInserimento.java" Intrnl_Id="244">
<LocList>
<Loc EndOffset="10785" SrcFileId="2" StartOffset="10705"/>
</LocList>
</BasicStmnt>
</StmntSeq>
</Branch>
<Branch CovItemId="B26" CovItemPrefix="is2.rubrica.PanelInserimento.java" Implct="false" Intrnl_Id="245">
<Cond>
<Loc EndOffset="10794" SrcFileId="2" StartOffset="10790"/>
</Cond>
<LocList>
<Loc EndOffset="11046" SrcFileId="2" StartOffset="10968"/>
</LocList>
<StmntSeq Intrnl_Id="246">
<LocList>
<Loc EndOffset="11046" SrcFileId="2" StartOffset="10968"/>
</LocList>
<BasicStmnt CovItemId="S156" CovItemPrefix="is2.rubrica.PanelInserimento.java" Intrnl_Id="247">
<LocList>
<Loc EndOffset="11046" SrcFileId="2" StartOffset="10968"/>
</LocList>
</BasicStmnt>
</StmntSeq>
</Branch>
<Keyword EndOffset="10686" SrcFileId="2" StartOffset="10684"/>
<LocList>
<Loc EndOffset="11046" SrcFileId="2" StartOffset="10684"/>
</LocList>
<RootTerm CovItemId="C12" CovItemPrefix="is2.rubrica.PanelInserimento.java" Intrnl_Id="248">
<BasicBoolTerm Intrnl_Id="249">
<LocList>
<Loc EndOffset="10698" SrcFileId="2" StartOffset="10687"/>
</LocList>
</BasicBoolTerm>
</RootTerm>
</CondStmnt>
</StmntSeq>
</Branch>
<Branch CovItemId="B24" CovItemPrefix="is2.rubrica.PanelInserimento.java" Implct="false" Intrnl_Id="250">
<Cond>
<Loc EndOffset="11103" SrcFileId="2" StartOffset="11099"/>
</Cond>
<LocList>
<Loc EndOffset="11373" SrcFileId="2" StartOffset="11103"/>
</LocList>
<StmntSeq Intrnl_Id="251">
<LocList>
<Loc EndOffset="11131" SrcFileId="2" StartOffset="11109"/>
<Loc EndOffset="11156" SrcFileId="2" StartOffset="11136"/>
<Loc EndOffset="11214" SrcFileId="2" StartOffset="11171"/>
<Loc EndOffset="11265" SrcFileId="2" StartOffset="11220"/>
<Loc EndOffset="11368" SrcFileId="2" StartOffset="11161"/>
</LocList>
<BasicStmnt CovItemId="S157" CovItemPrefix="is2.rubrica.PanelInserimento.java" Intrnl_Id="252">
<LocList>
<Loc EndOffset="11131" SrcFileId="2" StartOffset="11109"/>
</LocList>
</BasicStmnt>
<BasicStmnt CovItemId="S158" CovItemPrefix="is2.rubrica.PanelInserimento.java" Intrnl_Id="253">
<LocList>
<Loc EndOffset="11156" SrcFileId="2" StartOffset="11136"/>
</LocList>
</BasicStmnt>
<BasicStmnt CovItemId="S160" CovItemPrefix="is2.rubrica.PanelInserimento.java" Intrnl_Id="254">
<LocList>
<Loc EndOffset="11214" SrcFileId="2" StartOffset="11171"/>
</LocList>
</BasicStmnt>
<BasicStmnt CovItemId="S161" CovItemPrefix="is2.rubrica.PanelInserimento.java" Intrnl_Id="255">
<LocList>
<Loc EndOffset="11265" SrcFileId="2" StartOffset="11220"/>
</LocList>
</BasicStmnt>
<CondStmnt CovItemId="S159" CovItemPrefix="is2.rubrica.PanelInserimento.java" Intrnl_Id="256">
<Branch CovItemId="B27" CovItemPrefix="is2.rubrica.PanelInserimento.java" Implct="true" Intrnl_Id="257">
<Cond/>
<LocList/>
<StmntSeq Intrnl_Id="258">
<LocList/>
</StmntSeq>
</Branch>
<Branch CovItemId="B28" CovItemPrefix="is2.rubrica.PanelInserimento.java" Implct="false" Intrnl_Id="259">
<Cond>
<Loc EndOffset="11307" SrcFileId="2" StartOffset="11276"/>
</Cond>
<LocList>
<Loc EndOffset="11368" SrcFileId="2" StartOffset="11307"/>
</LocList>
<StmntSeq Intrnl_Id="260">
<LocList>
<Loc EndOffset="11362" SrcFileId="2" StartOffset="11314"/>
</LocList>
<BasicStmnt CovItemId="S162" CovItemPrefix="is2.rubrica.PanelInserimento.java" Intrnl_Id="261">
<LocList>
<Loc EndOffset="11362" SrcFileId="2" StartOffset="11314"/>
</LocList>
</BasicStmnt>
</StmntSeq>
</Branch>
<Keyword EndOffset="11164" SrcFileId="2" StartOffset="11161"/>
<LocList>
<Loc EndOffset="11368" SrcFileId="2" StartOffset="11161"/>
</LocList>
</CondStmnt>
</StmntSeq>
</Branch>
<Keyword EndOffset="10602" SrcFileId="2" StartOffset="10600"/>
<LocList>
<Loc EndOffset="11373" SrcFileId="2" StartOffset="10600"/>
</LocList>
<RootTerm CovItemId="C11" CovItemPrefix="is2.rubrica.PanelInserimento.java" Intrnl_Id="262">
<OpTerm BooleanOpId="5" Intrnl_Id="263">
<BasicBoolTerm Intrnl_Id="264">
<LocList>
<Loc EndOffset="10627" SrcFileId="2" StartOffset="10605"/>
</LocList>
</BasicBoolTerm>
<BasicBoolTerm Intrnl_Id="265">
<LocList>
<Loc EndOffset="10644" SrcFileId="2" StartOffset="10633"/>
</LocList>
</BasicBoolTerm>
<LocList>
<Loc EndOffset="10631" SrcFileId="2" StartOffset="10629"/>
</LocList>
</OpTerm>
</RootTerm>
</CondStmnt>
</StmntSeq>
</Branch>
<Branch CovItemId="B20" CovItemPrefix="is2.rubrica.PanelInserimento.java" Implct="true" Intrnl_Id="266">
<Cond/>
<LocList/>
<StmntSeq Intrnl_Id="267">
<LocList/>
</StmntSeq>
</Branch>
<Keyword EndOffset="10018" SrcFileId="2" StartOffset="10016"/>
<LocList>
<Loc EndOffset="11377" SrcFileId="2" StartOffset="10016"/>
</LocList>
<RootTerm CovItemId="C9" CovItemPrefix="is2.rubrica.PanelInserimento.java" Intrnl_Id="268">
<BasicBoolTerm Intrnl_Id="269">
<LocList>
<Loc EndOffset="10042" SrcFileId="2" StartOffset="10019"/>
</LocList>
</BasicBoolTerm>
</RootTerm>
</CondStmnt>
<CondStmnt CovItemId="S163" CovItemPrefix="is2.rubrica.PanelInserimento.java" Intrnl_Id="270">
<Branch CovItemId="B29" CovItemPrefix="is2.rubrica.PanelInserimento.java" Implct="false" Intrnl_Id="271">
<Cond/>
<LocList>
<Loc EndOffset="11921" SrcFileId="2" StartOffset="11408"/>
</LocList>
<StmntSeq Intrnl_Id="272">
<LocList>
<Loc EndOffset="11423" SrcFileId="2" StartOffset="11413"/>
<Loc EndOffset="11469" SrcFileId="2" StartOffset="11431"/>
<Loc EndOffset="11509" SrcFileId="2" StartOffset="11477"/>
<Loc EndOffset="11917" SrcFileId="2" StartOffset="11513"/>
</LocList>
<BasicStmnt CovItemId="S164" CovItemPrefix="is2.rubrica.PanelInserimento.java" Intrnl_Id="273">
<LocList>
<Loc EndOffset="11423" SrcFileId="2" StartOffset="11413"/>
</LocList>
</BasicStmnt>
<CondStmnt CovItemId="S165" CovItemPrefix="is2.rubrica.PanelInserimento.java" Intrnl_Id="274">
<Branch CovItemId="B31" CovItemPrefix="is2.rubrica.PanelInserimento.java" Implct="false" Intrnl_Id="275">
<Cond/>
<LocList>
<Loc EndOffset="11469" SrcFileId="2" StartOffset="11458"/>
</LocList>
<StmntSeq Intrnl_Id="276">
<LocList>
<Loc EndOffset="11469" SrcFileId="2" StartOffset="11458"/>
</LocList>
<BasicStmnt CovItemId="S166" CovItemPrefix="is2.rubrica.PanelInserimento.java" Intrnl_Id="277">
<LocList>
<Loc EndOffset="11469" SrcFileId="2" StartOffset="11458"/>
</LocList>
</BasicStmnt>
</StmntSeq>
</Branch>
<Branch CovItemId="B32" CovItemPrefix="is2.rubrica.PanelInserimento.java" Implct="true" Intrnl_Id="278">
<Cond/>
<LocList/>
<StmntSeq Intrnl_Id="279">
<LocList/>
</StmntSeq>
</Branch>
<Keyword EndOffset="11433" SrcFileId="2" StartOffset="11431"/>
<LocList>
<Loc EndOffset="11469" SrcFileId="2" StartOffset="11431"/>
</LocList>
<RootTerm CovItemId="C14" CovItemPrefix="is2.rubrica.PanelInserimento.java" Intrnl_Id="280">
<BasicBoolTerm Intrnl_Id="281">
<LocList>
<Loc EndOffset="11452" SrcFileId="2" StartOffset="11434"/>
</LocList>
</BasicBoolTerm>
</RootTerm>
</CondStmnt>
<BasicStmnt CovItemId="S167" CovItemPrefix="is2.rubrica.PanelInserimento.java" Intrnl_Id="282">
<LocList>
<Loc EndOffset="11509" SrcFileId="2" StartOffset="11477"/>
</LocList>
</BasicStmnt>
<CondStmnt CovItemId="S168" CovItemPrefix="is2.rubrica.PanelInserimento.java" Intrnl_Id="283">
<Branch CovItemId="B33" CovItemPrefix="is2.rubrica.PanelInserimento.java" Implct="false" Intrnl_Id="284">
<Cond/>
<LocList>
<Loc EndOffset="11677" SrcFileId="2" StartOffset="11558"/>
</LocList>
<StmntSeq Intrnl_Id="285">
<LocList>
<Loc EndOffset="11590" SrcFileId="2" StartOffset="11564"/>
<Loc EndOffset="11609" SrcFileId="2" StartOffset="11595"/>
<Loc EndOffset="11641" SrcFileId="2" StartOffset="11614"/>
<Loc EndOffset="11672" SrcFileId="2" StartOffset="11646"/>
</LocList>
<BasicStmnt CovItemId="S169" CovItemPrefix="is2.rubrica.PanelInserimento.java" Intrnl_Id="286">
<LocList>
<Loc EndOffset="11590" SrcFileId="2" StartOffset="11564"/>
</LocList>
</BasicStmnt>
<BasicStmnt CovItemId="S170" CovItemPrefix="is2.rubrica.PanelInserimento.java" Intrnl_Id="287">
<LocList>
<Loc EndOffset="11609" SrcFileId="2" StartOffset="11595"/>
</LocList>
</BasicStmnt>
<BasicStmnt CovItemId="S171" CovItemPrefix="is2.rubrica.PanelInserimento.java" Intrnl_Id="288">
<LocList>
<Loc EndOffset="11641" SrcFileId="2" StartOffset="11614"/>
</LocList>
</BasicStmnt>
<BasicStmnt CovItemId="S172" CovItemPrefix="is2.rubrica.PanelInserimento.java" Intrnl_Id="289">
<LocList>
<Loc EndOffset="11672" SrcFileId="2" StartOffset="11646"/>
</LocList>
</BasicStmnt>
</StmntSeq>
</Branch>
<Branch CovItemId="B34" CovItemPrefix="is2.rubrica.PanelInserimento.java" Implct="false" Intrnl_Id="290">
<Cond>
<Loc EndOffset="11685" SrcFileId="2" StartOffset="11681"/>
</Cond>
<LocList>
<Loc EndOffset="11917" SrcFileId="2" StartOffset="11685"/>
</LocList>
<StmntSeq Intrnl_Id="291">
<LocList>
<Loc EndOffset="11718" SrcFileId="2" StartOffset="11691"/>
<Loc EndOffset="11912" SrcFileId="2" StartOffset="11723"/>
</LocList>
<BasicStmnt CovItemId="S173" CovItemPrefix="is2.rubrica.PanelInserimento.java" Intrnl_Id="292">
<LocList>
<Loc EndOffset="11718" SrcFileId="2" StartOffset="11691"/>
</LocList>
</BasicStmnt>
<CondStmnt CovItemId="S174" CovItemPrefix="is2.rubrica.PanelInserimento.java" Intrnl_Id="293">
<Branch CovItemId="B35" CovItemPrefix="is2.rubrica.PanelInserimento.java" Implct="false" Intrnl_Id="294">
<Cond/>
<LocList>
<Loc EndOffset="11824" SrcFileId="2" StartOffset="11744"/>
</LocList>
<StmntSeq Intrnl_Id="295">
<LocList>
<Loc EndOffset="11824" SrcFileId="2" StartOffset="11744"/>
</LocList>
<BasicStmnt CovItemId="S175" CovItemPrefix="is2.rubrica.PanelInserimento.java" Intrnl_Id="296">
<LocList>
<Loc EndOffset="11824" SrcFileId="2" StartOffset="11744"/>
</LocList>
</BasicStmnt>
</StmntSeq>
</Branch>
<Branch CovItemId="B36" CovItemPrefix="is2.rubrica.PanelInserimento.java" Implct="false" Intrnl_Id="297">
<Cond>
<Loc EndOffset="11833" SrcFileId="2" StartOffset="11829"/>
</Cond>
<LocList>
<Loc EndOffset="11912" SrcFileId="2" StartOffset="11839"/>
</LocList>
<StmntSeq Intrnl_Id="298">
<LocList>
<Loc EndOffset="11912" SrcFileId="2" StartOffset="11839"/>
</LocList>
<BasicStmnt CovItemId="S176" CovItemPrefix="is2.rubrica.PanelInserimento.java" Intrnl_Id="299">
<LocList>
<Loc EndOffset="11912" SrcFileId="2" StartOffset="11839"/>
</LocList>
</BasicStmnt>
</StmntSeq>
</Branch>
<Keyword EndOffset="11725" SrcFileId="2" StartOffset="11723"/>
<LocList>
<Loc EndOffset="11912" SrcFileId="2" StartOffset="11723"/>
</LocList>
<RootTerm CovItemId="C16" CovItemPrefix="is2.rubrica.PanelInserimento.java" Intrnl_Id="300">
<BasicBoolTerm Intrnl_Id="301">
<LocList>
<Loc EndOffset="11737" SrcFileId="2" StartOffset="11726"/>
</LocList>
</BasicBoolTerm>
</RootTerm>
</CondStmnt>
</StmntSeq>
</Branch>
<Keyword EndOffset="11515" SrcFileId="2" StartOffset="11513"/>
<LocList>
<Loc EndOffset="11917" SrcFileId="2" StartOffset="11513"/>
</LocList>
<RootTerm CovItemId="C15" CovItemPrefix="is2.rubrica.PanelInserimento.java" Intrnl_Id="302">
<OpTerm BooleanOpId="4" Intrnl_Id="303">
<BasicBoolTerm Intrnl_Id="304">
<LocList>
<Loc EndOffset="11540" SrcFileId="2" StartOffset="11518"/>
</LocList>
</BasicBoolTerm>
<BasicBoolTerm Intrnl_Id="305">
<LocList>
<Loc EndOffset="11556" SrcFileId="2" StartOffset="11546"/>
</LocList>
</BasicBoolTerm>
<LocList>
<Loc EndOffset="11544" SrcFileId="2" StartOffset="11542"/>
</LocList>
</OpTerm>
</RootTerm>
</CondStmnt>
</StmntSeq>
</Branch>
<Branch CovItemId="B30" CovItemPrefix="is2.rubrica.PanelInserimento.java" Implct="true" Intrnl_Id="306">
<Cond/>
<LocList/>
<StmntSeq Intrnl_Id="307">
<LocList/>
</StmntSeq>
</Branch>
<Keyword EndOffset="11382" SrcFileId="2" StartOffset="11380"/>
<LocList>
<Loc EndOffset="11921" SrcFileId="2" StartOffset="11380"/>
</LocList>
<RootTerm CovItemId="C13" CovItemPrefix="is2.rubrica.PanelInserimento.java" Intrnl_Id="308">
<BasicBoolTerm Intrnl_Id="309">
<LocList>
<Loc EndOffset="11407" SrcFileId="2" StartOffset="11383"/>
</LocList>
</BasicBoolTerm>
</RootTerm>
</CondStmnt>
<CondStmnt CovItemId="S177" CovItemPrefix="is2.rubrica.PanelInserimento.java" Intrnl_Id="310">
<Branch CovItemId="B37" CovItemPrefix="is2.rubrica.PanelInserimento.java" Implct="false" Intrnl_Id="311">
<Cond/>
<LocList>
<Loc EndOffset="11973" SrcFileId="2" StartOffset="11951"/>
</LocList>
<StmntSeq Intrnl_Id="312">
<LocList>
<Loc EndOffset="11969" SrcFileId="2" StartOffset="11956"/>
</LocList>
<BasicStmnt CovItemId="S178" CovItemPrefix="is2.rubrica.PanelInserimento.java" Intrnl_Id="313">
<LocList>
<Loc EndOffset="11969" SrcFileId="2" StartOffset="11956"/>
</LocList>
</BasicStmnt>
</StmntSeq>
</Branch>
<Branch CovItemId="B38" CovItemPrefix="is2.rubrica.PanelInserimento.java" Implct="true" Intrnl_Id="314">
<Cond/>
<LocList/>
<StmntSeq Intrnl_Id="315">
<LocList/>
</StmntSeq>
</Branch>
<Keyword EndOffset="11926" SrcFileId="2" StartOffset="11924"/>
<LocList>
<Loc EndOffset="11973" SrcFileId="2" StartOffset="11924"/>
</LocList>
<RootTerm CovItemId="C17" CovItemPrefix="is2.rubrica.PanelInserimento.java" Intrnl_Id="316">
<BasicBoolTerm Intrnl_Id="317">
<LocList>
<Loc EndOffset="11950" SrcFileId="2" StartOffset="11927"/>
</LocList>
</BasicBoolTerm>
</RootTerm>
</CondStmnt>
<CondStmnt CovItemId="S179" CovItemPrefix="is2.rubrica.PanelInserimento.java" Intrnl_Id="318">
<Branch CovItemId="B39" CovItemPrefix="is2.rubrica.PanelInserimento.java" Implct="false" Intrnl_Id="319">
<Cond/>
<LocList>
<Loc EndOffset="12166" SrcFileId="2" StartOffset="12009"/>
</LocList>
<StmntSeq Intrnl_Id="320">
<LocList>
<Loc EndOffset="12040" SrcFileId="2" StartOffset="12014"/>
<Loc EndOffset="12071" SrcFileId="2" StartOffset="12044"/>
<Loc EndOffset="12102" SrcFileId="2" StartOffset="12075"/>
<Loc EndOffset="12131" SrcFileId="2" StartOffset="12106"/>
<Loc EndOffset="12162" SrcFileId="2" StartOffset="12135"/>
</LocList>
<BasicStmnt CovItemId="S180" CovItemPrefix="is2.rubrica.PanelInserimento.java" Intrnl_Id="321">
<LocList>
<Loc EndOffset="12040" SrcFileId="2" StartOffset="12014"/>
</LocList>
</BasicStmnt>
<BasicStmnt CovItemId="S181" CovItemPrefix="is2.rubrica.PanelInserimento.java" Intrnl_Id="322">
<LocList>
<Loc EndOffset="12071" SrcFileId="2" StartOffset="12044"/>
</LocList>
</BasicStmnt>
<BasicStmnt CovItemId="S182" CovItemPrefix="is2.rubrica.PanelInserimento.java" Intrnl_Id="323">
<LocList>
<Loc EndOffset="12102" SrcFileId="2" StartOffset="12075"/>
</LocList>
</BasicStmnt>
<BasicStmnt CovItemId="S183" CovItemPrefix="is2.rubrica.PanelInserimento.java" Intrnl_Id="324">
<LocList>
<Loc EndOffset="12131" SrcFileId="2" StartOffset="12106"/>
</LocList>
</BasicStmnt>
<BasicStmnt CovItemId="S184" CovItemPrefix="is2.rubrica.PanelInserimento.java" Intrnl_Id="325">
<LocList>
<Loc EndOffset="12162" SrcFileId="2" StartOffset="12135"/>
</LocList>
</BasicStmnt>
</StmntSeq>
</Branch>
<Branch CovItemId="B40" CovItemPrefix="is2.rubrica.PanelInserimento.java" Implct="true" Intrnl_Id="326">
<Cond/>
<LocList/>
<StmntSeq Intrnl_Id="327">
<LocList/>
</StmntSeq>
</Branch>
<Keyword EndOffset="11978" SrcFileId="2" StartOffset="11976"/>
<LocList>
<Loc EndOffset="12166" SrcFileId="2" StartOffset="11976"/>
</LocList>
<RootTerm CovItemId="C18" CovItemPrefix="is2.rubrica.PanelInserimento.java" Intrnl_Id="328">
<BasicBoolTerm Intrnl_Id="329">
<LocList>
<Loc EndOffset="12008" SrcFileId="2" StartOffset="11979"/>
</LocList>
</BasicBoolTerm>
</RootTerm>
</CondStmnt>
<CondStmnt CovItemId="S185" CovItemPrefix="is2.rubrica.PanelInserimento.java" Intrnl_Id="330">
<Branch CovItemId="B41" CovItemPrefix="is2.rubrica.PanelInserimento.java" Implct="false" Intrnl_Id="331">
<Cond/>
<LocList>
<Loc EndOffset="13204" SrcFileId="2" StartOffset="12196"/>
</LocList>
<StmntSeq Intrnl_Id="332">
<LocList>
<Loc EndOffset="12211" SrcFileId="2" StartOffset="12201"/>
<Loc EndOffset="12257" SrcFileId="2" StartOffset="12219"/>
<Loc EndOffset="12297" SrcFileId="2" StartOffset="12265"/>
<Loc EndOffset="13200" SrcFileId="2" StartOffset="12301"/>
</LocList>
<BasicStmnt CovItemId="S186" CovItemPrefix="is2.rubrica.PanelInserimento.java" Intrnl_Id="333">
<LocList>
<Loc EndOffset="12211" SrcFileId="2" StartOffset="12201"/>
</LocList>
</BasicStmnt>
<CondStmnt CovItemId="S187" CovItemPrefix="is2.rubrica.PanelInserimento.java" Intrnl_Id="334">
<Branch CovItemId="B43" CovItemPrefix="is2.rubrica.PanelInserimento.java" Implct="false" Intrnl_Id="335">
<Cond/>
<LocList>
<Loc EndOffset="12257" SrcFileId="2" StartOffset="12246"/>
</LocList>
<StmntSeq Intrnl_Id="336">
<LocList>
<Loc EndOffset="12257" SrcFileId="2" StartOffset="12246"/>
</LocList>
<BasicStmnt CovItemId="S188" CovItemPrefix="is2.rubrica.PanelInserimento.java" Intrnl_Id="337">
<LocList>
<Loc EndOffset="12257" SrcFileId="2" StartOffset="12246"/>
</LocList>
</BasicStmnt>
</StmntSeq>
</Branch>
<Branch CovItemId="B44" CovItemPrefix="is2.rubrica.PanelInserimento.java" Implct="true" Intrnl_Id="338">
<Cond/>
<LocList/>
<StmntSeq Intrnl_Id="339">
<LocList/>
</StmntSeq>
</Branch>
<Keyword EndOffset="12221" SrcFileId="2" StartOffset="12219"/>
<LocList>
<Loc EndOffset="12257" SrcFileId="2" StartOffset="12219"/>
</LocList>
<RootTerm CovItemId="C20" CovItemPrefix="is2.rubrica.PanelInserimento.java" Intrnl_Id="340">
<BasicBoolTerm Intrnl_Id="341">
<LocList>
<Loc EndOffset="12240" SrcFileId="2" StartOffset="12222"/>
</LocList>
</BasicBoolTerm>
</RootTerm>
</CondStmnt>
<BasicStmnt CovItemId="S189" CovItemPrefix="is2.rubrica.PanelInserimento.java" Intrnl_Id="342">
<LocList>
<Loc EndOffset="12297" SrcFileId="2" StartOffset="12265"/>
</LocList>
</BasicStmnt>
<CondStmnt CovItemId="S190" CovItemPrefix="is2.rubrica.PanelInserimento.java" Intrnl_Id="343">
<Branch CovItemId="B45" CovItemPrefix="is2.rubrica.PanelInserimento.java" Implct="false" Intrnl_Id="344">
<Cond/>
<LocList>
<Loc EndOffset="12959" SrcFileId="2" StartOffset="12346"/>
</LocList>
<StmntSeq Intrnl_Id="345">
<LocList>
<Loc EndOffset="12390" SrcFileId="2" StartOffset="12352"/>
<Loc EndOffset="12407" SrcFileId="2" StartOffset="12395"/>
<Loc EndOffset="12550" SrcFileId="2" StartOffset="12537"/>
<Loc EndOffset="12581" SrcFileId="2" StartOffset="12555"/>
<Loc EndOffset="12619" SrcFileId="2" StartOffset="12586"/>
<Loc EndOffset="12633" SrcFileId="2" StartOffset="12624"/>
<Loc EndOffset="12846" SrcFileId="2" StartOffset="12638"/>
<Loc EndOffset="12889" SrcFileId="2" StartOffset="12851"/>
<Loc EndOffset="12920" SrcFileId="2" StartOffset="12894"/>
<Loc EndOffset="12954" SrcFileId="2" StartOffset="12925"/>
</LocList>
<BasicStmnt CovItemId="S191" CovItemPrefix="is2.rubrica.PanelInserimento.java" Intrnl_Id="346">
<LocList>
<Loc EndOffset="12390" SrcFileId="2" StartOffset="12352"/>
</LocList>
</BasicStmnt>
<BasicStmnt CovItemId="S192" CovItemPrefix="is2.rubrica.PanelInserimento.java" Intrnl_Id="347">
<LocList>
<Loc EndOffset="12407" SrcFileId="2" StartOffset="12395"/>
</LocList>
</BasicStmnt>
<BasicStmnt CovItemId="S193" CovItemPrefix="is2.rubrica.PanelInserimento.java" Intrnl_Id="348">
<LocList>
<Loc EndOffset="12550" SrcFileId="2" StartOffset="12537"/>
</LocList>
</BasicStmnt>
<BasicStmnt CovItemId="S194" CovItemPrefix="is2.rubrica.PanelInserimento.java" Intrnl_Id="349">
<LocList>
<Loc EndOffset="12581" SrcFileId="2" StartOffset="12555"/>
</LocList>
</BasicStmnt>
<BasicStmnt CovItemId="S195" CovItemPrefix="is2.rubrica.PanelInserimento.java" Intrnl_Id="350">
<LocList>
<Loc EndOffset="12619" SrcFileId="2" StartOffset="12586"/>
</LocList>
</BasicStmnt>
<BasicStmnt CovItemId="S196" CovItemPrefix="is2.rubrica.PanelInserimento.java" Intrnl_Id="351">
<LocList>
<Loc EndOffset="12633" SrcFileId="2" StartOffset="12624"/>
</LocList>
</BasicStmnt>
<CondStmnt CovItemId="S197" CovItemPrefix="is2.rubrica.PanelInserimento.java" Intrnl_Id="352">
<Branch CovItemId="B47" CovItemPrefix="is2.rubrica.PanelInserimento.java" Implct="false" Intrnl_Id="353">
<Cond/>
<LocList>
<Loc EndOffset="12787" SrcFileId="2" StartOffset="12659"/>
</LocList>
<StmntSeq Intrnl_Id="354">
<LocList>
<Loc EndOffset="12781" SrcFileId="2" StartOffset="12666"/>
</LocList>
<LoopStmnt CovItemId="S198" CovItemPrefix="is2.rubrica.PanelInserimento.java" Intrnl_Id="355" MltplExecId="L1-2" MltplExecPrefix="is2.rubrica.PanelInserimento.java" NvrExecId="L1-0" NvrExecPrefix="is2.rubrica.PanelInserimento.java" OnceExecutedId="L1-1" OnceExecutedPrefix="is2.rubrica.PanelInserimento.java" OptBodyExec="false">
<StmntSeq Intrnl_Id="356">
<LocList>
<Loc EndOffset="12728" SrcFileId="2" StartOffset="12677"/>
<Loc EndOffset="12744" SrcFileId="2" StartOffset="12735"/>
</LocList>
<BasicStmnt CovItemId="S199" CovItemPrefix="is2.rubrica.PanelInserimento.java" Intrnl_Id="357">
<LocList>
<Loc EndOffset="12728" SrcFileId="2" StartOffset="12677"/>
</LocList>
</BasicStmnt>
<BasicStmnt CovItemId="S200" CovItemPrefix="is2.rubrica.PanelInserimento.java" Intrnl_Id="358">
<LocList>
<Loc EndOffset="12744" SrcFileId="2" StartOffset="12735"/>
</LocList>
</BasicStmnt>
</StmntSeq>
<Keyword EndOffset="12668" SrcFileId="2" StartOffset="12666"/>
<LocList>
<Loc EndOffset="12781" SrcFileId="2" StartOffset="12666"/>
</LocList>
<RootTerm CovItemId="C23" CovItemPrefix="is2.rubrica.PanelInserimento.java" Intrnl_Id="359">
<BasicBoolTerm Intrnl_Id="360">
<LocList>
<Loc EndOffset="12779" SrcFileId="2" StartOffset="12758"/>
</LocList>
</BasicBoolTerm>
</RootTerm>
</LoopStmnt>
</StmntSeq>
</Branch>
<Branch CovItemId="B48" CovItemPrefix="is2.rubrica.PanelInserimento.java" Implct="false" Intrnl_Id="361">
<Cond>
<Loc EndOffset="12791" SrcFileId="2" StartOffset="12787"/>
</Cond>
<LocList>
<Loc EndOffset="12846" SrcFileId="2" StartOffset="12791"/>
</LocList>
<StmntSeq Intrnl_Id="362">
<LocList>
<Loc EndOffset="12840" SrcFileId="2" StartOffset="12798"/>
</LocList>
<BasicStmnt CovItemId="S201" CovItemPrefix="is2.rubrica.PanelInserimento.java" Intrnl_Id="363">
<LocList>
<Loc EndOffset="12840" SrcFileId="2" StartOffset="12798"/>
</LocList>
</BasicStmnt>
</StmntSeq>
</Branch>
<Keyword EndOffset="12640" SrcFileId="2" StartOffset="12638"/>
<LocList>
<Loc EndOffset="12846" SrcFileId="2" StartOffset="12638"/>
</LocList>
<RootTerm CovItemId="C22" CovItemPrefix="is2.rubrica.PanelInserimento.java" Intrnl_Id="364">
<BasicBoolTerm Intrnl_Id="365">
<LocList>
<Loc EndOffset="12657" SrcFileId="2" StartOffset="12641"/>
</LocList>
</BasicBoolTerm>
</RootTerm>
</CondStmnt>
<BasicStmnt CovItemId="S202" CovItemPrefix="is2.rubrica.PanelInserimento.java" Intrnl_Id="366">
<LocList>
<Loc EndOffset="12889" SrcFileId="2" StartOffset="12851"/>
</LocList>
</BasicStmnt>
<BasicStmnt CovItemId="S203" CovItemPrefix="is2.rubrica.PanelInserimento.java" Intrnl_Id="367">
<LocList>
<Loc EndOffset="12920" SrcFileId="2" StartOffset="12894"/>
</LocList>
</BasicStmnt>
<BasicStmnt CovItemId="S204" CovItemPrefix="is2.rubrica.PanelInserimento.java" Intrnl_Id="368">
<LocList>
<Loc EndOffset="12954" SrcFileId="2" StartOffset="12925"/>
</LocList>
</BasicStmnt>
</StmntSeq>
</Branch>
<Branch CovItemId="B46" CovItemPrefix="is2.rubrica.PanelInserimento.java" Implct="false" Intrnl_Id="369">
<Cond>
<Loc EndOffset="12963" SrcFileId="2" StartOffset="12959"/>
</Cond>
<LocList>
<Loc EndOffset="13200" SrcFileId="2" StartOffset="12963"/>
</LocList>
<StmntSeq Intrnl_Id="370">
<LocList>
<Loc EndOffset="12996" SrcFileId="2" StartOffset="12969"/>
<Loc EndOffset="13195" SrcFileId="2" StartOffset="13001"/>
</LocList>
<BasicStmnt CovItemId="S205" CovItemPrefix="is2.rubrica.PanelInserimento.java" Intrnl_Id="371">
<LocList>
<Loc EndOffset="12996" SrcFileId="2" StartOffset="12969"/>
</LocList>
</BasicStmnt>
<CondStmnt CovItemId="S206" CovItemPrefix="is2.rubrica.PanelInserimento.java" Intrnl_Id="372">
<Branch CovItemId="B49" CovItemPrefix="is2.rubrica.PanelInserimento.java" Implct="false" Intrnl_Id="373">
<Cond/>
<LocList>
<Loc EndOffset="13102" SrcFileId="2" StartOffset="13022"/>
</LocList>
<StmntSeq Intrnl_Id="374">
<LocList>
<Loc EndOffset="13102" SrcFileId="2" StartOffset="13022"/>
</LocList>
<BasicStmnt CovItemId="S207" CovItemPrefix="is2.rubrica.PanelInserimento.java" Intrnl_Id="375">
<LocList>
<Loc EndOffset="13102" SrcFileId="2" StartOffset="13022"/>
</LocList>
</BasicStmnt>
</StmntSeq>
</Branch>
<Branch CovItemId="B50" CovItemPrefix="is2.rubrica.PanelInserimento.java" Implct="false" Intrnl_Id="376">
<Cond>
<Loc EndOffset="13111" SrcFileId="2" StartOffset="13107"/>
</Cond>
<LocList>
<Loc EndOffset="13195" SrcFileId="2" StartOffset="13117"/>
</LocList>
<StmntSeq Intrnl_Id="377">
<LocList>
<Loc EndOffset="13195" SrcFileId="2" StartOffset="13117"/>
</LocList>
<BasicStmnt CovItemId="S208" CovItemPrefix="is2.rubrica.PanelInserimento.java" Intrnl_Id="378">
<LocList>
<Loc EndOffset="13195" SrcFileId="2" StartOffset="13117"/>
</LocList>
</BasicStmnt>
</StmntSeq>
</Branch>
<Keyword EndOffset="13003" SrcFileId="2" StartOffset="13001"/>
<LocList>
<Loc EndOffset="13195" SrcFileId="2" StartOffset="13001"/>
</LocList>
<RootTerm CovItemId="C24" CovItemPrefix="is2.rubrica.PanelInserimento.java" Intrnl_Id="379">
<BasicBoolTerm Intrnl_Id="380">
<LocList>
<Loc EndOffset="13015" SrcFileId="2" StartOffset="13004"/>
</LocList>
</BasicBoolTerm>
</RootTerm>
</CondStmnt>
</StmntSeq>
</Branch>
<Keyword EndOffset="12303" SrcFileId="2" StartOffset="12301"/>
<LocList>
<Loc EndOffset="13200" SrcFileId="2" StartOffset="12301"/>
</LocList>
<RootTerm CovItemId="C21" CovItemPrefix="is2.rubrica.PanelInserimento.java" Intrnl_Id="381">
<OpTerm BooleanOpId="4" Intrnl_Id="382">
<BasicBoolTerm Intrnl_Id="383">
<LocList>
<Loc EndOffset="12328" SrcFileId="2" StartOffset="12306"/>
</LocList>
</BasicBoolTerm>
<BasicBoolTerm Intrnl_Id="384">
<LocList>
<Loc EndOffset="12344" SrcFileId="2" StartOffset="12334"/>
</LocList>
</BasicBoolTerm>
<LocList>
<Loc EndOffset="12332" SrcFileId="2" StartOffset="12330"/>
</LocList>
</OpTerm>
</RootTerm>
</CondStmnt>
</StmntSeq>
</Branch>
<Branch CovItemId="B42" CovItemPrefix="is2.rubrica.PanelInserimento.java" Implct="true" Intrnl_Id="385">
<Cond/>
<LocList/>
<StmntSeq Intrnl_Id="386">
<LocList/>
</StmntSeq>
</Branch>
<Keyword EndOffset="12171" SrcFileId="2" StartOffset="12169"/>
<LocList>
<Loc EndOffset="13204" SrcFileId="2" StartOffset="12169"/>
</LocList>
<RootTerm CovItemId="C19" CovItemPrefix="is2.rubrica.PanelInserimento.java" Intrnl_Id="387">
<BasicBoolTerm Intrnl_Id="388">
<LocList>
<Loc EndOffset="12195" SrcFileId="2" StartOffset="12172"/>
</LocList>
</BasicBoolTerm>
</RootTerm>
</CondStmnt>
<CondStmnt CovItemId="S209" CovItemPrefix="is2.rubrica.PanelInserimento.java" Intrnl_Id="389">
<Branch CovItemId="B51" CovItemPrefix="is2.rubrica.PanelInserimento.java" Implct="false" Intrnl_Id="390">
<Cond/>
<LocList>
<Loc EndOffset="13257" SrcFileId="2" StartOffset="13233"/>
</LocList>
<StmntSeq Intrnl_Id="391">
<LocList>
<Loc EndOffset="13253" SrcFileId="2" StartOffset="13238"/>
</LocList>
<BasicStmnt CovItemId="S210" CovItemPrefix="is2.rubrica.PanelInserimento.java" Intrnl_Id="392">
<LocList>
<Loc EndOffset="13253" SrcFileId="2" StartOffset="13238"/>
</LocList>
</BasicStmnt>
</StmntSeq>
</Branch>
<Branch CovItemId="B52" CovItemPrefix="is2.rubrica.PanelInserimento.java" Implct="true" Intrnl_Id="393">
<Cond/>
<LocList/>
<StmntSeq Intrnl_Id="394">
<LocList/>
</StmntSeq>
</Branch>
<Keyword EndOffset="13209" SrcFileId="2" StartOffset="13207"/>
<LocList>
<Loc EndOffset="13257" SrcFileId="2" StartOffset="13207"/>
</LocList>
<RootTerm CovItemId="C25" CovItemPrefix="is2.rubrica.PanelInserimento.java" Intrnl_Id="395">
<BasicBoolTerm Intrnl_Id="396">
<LocList>
<Loc EndOffset="13232" SrcFileId="2" StartOffset="13210"/>
</LocList>
</BasicBoolTerm>
</RootTerm>
</CondStmnt>
<CondStmnt CovItemId="S211" CovItemPrefix="is2.rubrica.PanelInserimento.java" Intrnl_Id="397">
<Branch CovItemId="B53" CovItemPrefix="is2.rubrica.PanelInserimento.java" Implct="false" Intrnl_Id="398">
<Cond/>
<LocList>
<Loc EndOffset="13359" SrcFileId="2" StartOffset="13294"/>
</LocList>
<StmntSeq Intrnl_Id="399">
<LocList>
<Loc EndOffset="13325" SrcFileId="2" StartOffset="13299"/>
<Loc EndOffset="13355" SrcFileId="2" StartOffset="13329"/>
</LocList>
<BasicStmnt CovItemId="S212" CovItemPrefix="is2.rubrica.PanelInserimento.java" Intrnl_Id="400">
<LocList>
<Loc EndOffset="13325" SrcFileId="2" StartOffset="13299"/>
</LocList>
</BasicStmnt>
<BasicStmnt CovItemId="S213" CovItemPrefix="is2.rubrica.PanelInserimento.java" Intrnl_Id="401">
<LocList>
<Loc EndOffset="13355" SrcFileId="2" StartOffset="13329"/>
</LocList>
</BasicStmnt>
</StmntSeq>
</Branch>
<Branch CovItemId="B54" CovItemPrefix="is2.rubrica.PanelInserimento.java" Implct="true" Intrnl_Id="402">
<Cond/>
<LocList/>
<StmntSeq Intrnl_Id="403">
<LocList/>
</StmntSeq>
</Branch>
<Keyword EndOffset="13262" SrcFileId="2" StartOffset="13260"/>
<LocList>
<Loc EndOffset="13359" SrcFileId="2" StartOffset="13260"/>
</LocList>
<RootTerm CovItemId="C26" CovItemPrefix="is2.rubrica.PanelInserimento.java" Intrnl_Id="404">
<BasicBoolTerm Intrnl_Id="405">
<LocList>
<Loc EndOffset="13293" SrcFileId="2" StartOffset="13263"/>
</LocList>
</BasicBoolTerm>
</RootTerm>
</CondStmnt>
<CondStmnt CovItemId="S214" CovItemPrefix="is2.rubrica.PanelInserimento.java" Intrnl_Id="406">
<Branch CovItemId="B55" CovItemPrefix="is2.rubrica.PanelInserimento.java" Implct="false" Intrnl_Id="407">
<Cond/>
<LocList>
<Loc EndOffset="13468" SrcFileId="2" StartOffset="13403"/>
</LocList>
<StmntSeq Intrnl_Id="408">
<LocList>
<Loc EndOffset="13434" SrcFileId="2" StartOffset="13408"/>
<Loc EndOffset="13464" SrcFileId="2" StartOffset="13438"/>
</LocList>
<BasicStmnt CovItemId="S215" CovItemPrefix="is2.rubrica.PanelInserimento.java" Intrnl_Id="409">
<LocList>
<Loc EndOffset="13434" SrcFileId="2" StartOffset="13408"/>
</LocList>
</BasicStmnt>
<BasicStmnt CovItemId="S216" CovItemPrefix="is2.rubrica.PanelInserimento.java" Intrnl_Id="410">
<LocList>
<Loc EndOffset="13464" SrcFileId="2" StartOffset="13438"/>
</LocList>
</BasicStmnt>
</StmntSeq>
</Branch>
<Branch CovItemId="B56" CovItemPrefix="is2.rubrica.PanelInserimento.java" Implct="true" Intrnl_Id="411">
<Cond/>
<LocList/>
<StmntSeq Intrnl_Id="412">
<LocList/>
</StmntSeq>
</Branch>
<Keyword EndOffset="13364" SrcFileId="2" StartOffset="13362"/>
<LocList>
<Loc EndOffset="13468" SrcFileId="2" StartOffset="13362"/>
</LocList>
<RootTerm CovItemId="C27" CovItemPrefix="is2.rubrica.PanelInserimento.java" Intrnl_Id="413">
<BasicBoolTerm Intrnl_Id="414">
<LocList>
<Loc EndOffset="13402" SrcFileId="2" StartOffset="13365"/>
</LocList>
</BasicBoolTerm>
</RootTerm>
</CondStmnt>
<CondStmnt CovItemId="S217" CovItemPrefix="is2.rubrica.PanelInserimento.java" Intrnl_Id="415">
<Branch CovItemId="B57" CovItemPrefix="is2.rubrica.PanelInserimento.java" Implct="false" Intrnl_Id="416">
<Cond/>
<LocList>
<Loc EndOffset="13572" SrcFileId="2" StartOffset="13508"/>
</LocList>
<StmntSeq Intrnl_Id="417">
<LocList>
<Loc EndOffset="13539" SrcFileId="2" StartOffset="13513"/>
<Loc EndOffset="13568" SrcFileId="2" StartOffset="13543"/>
</LocList>
<BasicStmnt CovItemId="S218" CovItemPrefix="is2.rubrica.PanelInserimento.java" Intrnl_Id="418">
<LocList>
<Loc EndOffset="13539" SrcFileId="2" StartOffset="13513"/>
</LocList>
</BasicStmnt>
<BasicStmnt CovItemId="S219" CovItemPrefix="is2.rubrica.PanelInserimento.java" Intrnl_Id="419">
<LocList>
<Loc EndOffset="13568" SrcFileId="2" StartOffset="13543"/>
</LocList>
</BasicStmnt>
</StmntSeq>
</Branch>
<Branch CovItemId="B58" CovItemPrefix="is2.rubrica.PanelInserimento.java" Implct="true" Intrnl_Id="420">
<Cond/>
<LocList/>
<StmntSeq Intrnl_Id="421">
<LocList/>
</StmntSeq>
</Branch>
<Keyword EndOffset="13473" SrcFileId="2" StartOffset="13471"/>
<LocList>
<Loc EndOffset="13572" SrcFileId="2" StartOffset="13471"/>
</LocList>
<RootTerm CovItemId="C28" CovItemPrefix="is2.rubrica.PanelInserimento.java" Intrnl_Id="422">
<BasicBoolTerm Intrnl_Id="423">
<LocList>
<Loc EndOffset="13506" SrcFileId="2" StartOffset="13474"/>
</LocList>
</BasicBoolTerm>
</RootTerm>
</CondStmnt>
</StmntSeq>
</HierarchyLvl>
<HierarchyLvl HierarchyLvlId="777" HierarchyLvlTypeId="8" Intrnl_Id="424" Name="letturaFile">
<Header>
<Loc EndOffset="13614" SrcFileId="2" StartOffset="13581"/>
</Header>
<LocList>
<Loc EndOffset="14269" SrcFileId="2" StartOffset="13581"/>
</LocList>
<StmntSeq Intrnl_Id="425">
<LocList>
<Loc EndOffset="13632" SrcFileId="2" StartOffset="13621"/>
<Loc EndOffset="13653" SrcFileId="2" StartOffset="13637"/>
<Loc EndOffset="13712" SrcFileId="2" StartOffset="13674"/>
<Loc EndOffset="13764" SrcFileId="2" StartOffset="13718"/>
<Loc EndOffset="13854" SrcFileId="2" StartOffset="13776"/>
<Loc EndOffset="13904" SrcFileId="2" StartOffset="13866"/>
<Loc EndOffset="13951" SrcFileId="2" StartOffset="13910"/>
<Loc EndOffset="14056" SrcFileId="2" StartOffset="13963"/>
<Loc EndOffset="14266" SrcFileId="2" StartOffset="13663"/>
</LocList>
<BasicStmnt CovItemId="S220" CovItemPrefix="is2.rubrica.PanelInserimento.java" Intrnl_Id="426">
<LocList>
<Loc EndOffset="13632" SrcFileId="2" StartOffset="13621"/>
</LocList>
</BasicStmnt>
<BasicStmnt CovItemId="S221" CovItemPrefix="is2.rubrica.PanelInserimento.java" Intrnl_Id="427">
<LocList>
<Loc EndOffset="13653" SrcFileId="2" StartOffset="13637"/>
</LocList>
</BasicStmnt>
<BasicStmnt CovItemId="S223" CovItemPrefix="is2.rubrica.PanelInserimento.java" Intrnl_Id="428">
<LocList>
<Loc EndOffset="13712" SrcFileId="2" StartOffset="13674"/>
</LocList>
</BasicStmnt>
<BasicStmnt CovItemId="S224" CovItemPrefix="is2.rubrica.PanelInserimento.java" Intrnl_Id="429">
<LocList>
<Loc EndOffset="13764" SrcFileId="2" StartOffset="13718"/>
</LocList>
</BasicStmnt>
<LoopStmnt CovItemId="S225" CovItemPrefix="is2.rubrica.PanelInserimento.java" Intrnl_Id="430" MltplExecId="L2-2" MltplExecPrefix="is2.rubrica.PanelInserimento.java" NvrExecId="L2-0" NvrExecPrefix="is2.rubrica.PanelInserimento.java" OnceExecutedId="L2-1" OnceExecutedPrefix="is2.rubrica.PanelInserimento.java" OptBodyExec="true">
<StmntSeq Intrnl_Id="431">
<LocList>
<Loc EndOffset="13854" SrcFileId="2" StartOffset="13838"/>
</LocList>
<BasicStmnt CovItemId="S226" CovItemPrefix="is2.rubrica.PanelInserimento.java" Intrnl_Id="432">
<LocList>
<Loc EndOffset="13854" SrcFileId="2" StartOffset="13838"/>
</LocList>
</BasicStmnt>
</StmntSeq>
<Keyword EndOffset="13781" SrcFileId="2" StartOffset="13776"/>
<LocList>
<Loc EndOffset="13854" SrcFileId="2" StartOffset="13776"/>
</LocList>
</LoopStmnt>
<BasicStmnt CovItemId="S227" CovItemPrefix="is2.rubrica.PanelInserimento.java" Intrnl_Id="433">
<LocList>
<Loc EndOffset="13904" SrcFileId="2" StartOffset="13866"/>
</LocList>
</BasicStmnt>
<BasicStmnt CovItemId="S228" CovItemPrefix="is2.rubrica.PanelInserimento.java" Intrnl_Id="434">
<LocList>
<Loc EndOffset="13951" SrcFileId="2" StartOffset="13910"/>
</LocList>
</BasicStmnt>
<LoopStmnt CovItemId="S229" CovItemPrefix="is2.rubrica.PanelInserimento.java" Intrnl_Id="435" MltplExecId="L3-2" MltplExecPrefix="is2.rubrica.PanelInserimento.java" NvrExecId="L3-0" NvrExecPrefix="is2.rubrica.PanelInserimento.java" OnceExecutedId="L3-1" OnceExecutedPrefix="is2.rubrica.PanelInserimento.java" OptBodyExec="true">
<StmntSeq Intrnl_Id="436">
<LocList>
<Loc EndOffset="14005" SrcFileId="2" StartOffset="13998"/>
<Loc EndOffset="14049" SrcFileId="2" StartOffset="14012"/>
</LocList>
<BasicStmnt CovItemId="S230" CovItemPrefix="is2.rubrica.PanelInserimento.java" Intrnl_Id="437">
<LocList>
<Loc EndOffset="14005" SrcFileId="2" StartOffset="13998"/>
</LocList>
</BasicStmnt>
<BasicStmnt CovItemId="S231" CovItemPrefix="is2.rubrica.PanelInserimento.java" Intrnl_Id="438">
<LocList>
<Loc EndOffset="14049" SrcFileId="2" StartOffset="14012"/>
</LocList>
</BasicStmnt>
</StmntSeq>
<Keyword EndOffset="13968" SrcFileId="2" StartOffset="13963"/>
<LocList>
<Loc EndOffset="14056" SrcFileId="2" StartOffset="13963"/>
</LocList>
<RootTerm CovItemId="C30" CovItemPrefix="is2.rubrica.PanelInserimento.java" Intrnl_Id="439">
<BasicBoolTerm Intrnl_Id="440">
<LocList>
<Loc EndOffset="13987" SrcFileId="2" StartOffset="13970"/>
</LocList>
</BasicBoolTerm>
</RootTerm>
</LoopStmnt>
<CondStmnt CovItemId="S222" CovItemPrefix="is2.rubrica.PanelInserimento.java" Intrnl_Id="441">
<Branch CovItemId="B59" CovItemPrefix="is2.rubrica.PanelInserimento.java" Implct="true" Intrnl_Id="442">
<Cond/>
<LocList/>
<StmntSeq Intrnl_Id="443">
<LocList/>
</StmntSeq>
</Branch>
<Branch CovItemId="B60" CovItemPrefix="is2.rubrica.PanelInserimento.java" Implct="false" Intrnl_Id="444">
<Cond>
<Loc EndOffset="14098" SrcFileId="2" StartOffset="14067"/>
</Cond>
<LocList>
<Loc EndOffset="14179" SrcFileId="2" StartOffset="14099"/>
</LocList>
<StmntSeq Intrnl_Id="445">
<LocList>
<Loc EndOffset="14173" SrcFileId="2" StartOffset="14106"/>
</LocList>
<BasicStmnt CovItemId="S232" CovItemPrefix="is2.rubrica.PanelInserimento.java" Intrnl_Id="446">
<LocList>
<Loc EndOffset="14173" SrcFileId="2" StartOffset="14106"/>
</LocList>
</BasicStmnt>
</StmntSeq>
</Branch>
<Branch CovItemId="B61" CovItemPrefix="is2.rubrica.PanelInserimento.java" Implct="false" Intrnl_Id="447">
<Cond>
<Loc EndOffset="14205" SrcFileId="2" StartOffset="14184"/>
</Cond>
<LocList>
<Loc EndOffset="14266" SrcFileId="2" StartOffset="14206"/>
</LocList>
<StmntSeq Intrnl_Id="448">
<LocList>
<Loc EndOffset="14260" SrcFileId="2" StartOffset="14213"/>
</LocList>
<BasicStmnt CovItemId="S233" CovItemPrefix="is2.rubrica.PanelInserimento.java" Intrnl_Id="449">
<LocList>
<Loc EndOffset="14260" SrcFileId="2" StartOffset="14213"/>
</LocList>
</BasicStmnt>
</StmntSeq>
</Branch>
<Keyword EndOffset="13666" SrcFileId="2" StartOffset="13663"/>
<LocList>
<Loc EndOffset="14266" SrcFileId="2" StartOffset="13663"/>
</LocList>
</CondStmnt>
</StmntSeq>
</HierarchyLvl>
<HierarchyLvl HierarchyLvlId="778" HierarchyLvlTypeId="8" Intrnl_Id="450" Name="cerca">
<Header>
<Loc EndOffset="14321" SrcFileId="2" StartOffset="14273"/>
</Header>
<LocList>
<Loc EndOffset="15128" SrcFileId="2" StartOffset="14273"/>
</LocList>
<StmntSeq Intrnl_Id="451">
<LocList>
<Loc EndOffset="14335" SrcFileId="2" StartOffset="14326"/>
<Loc EndOffset="14387" SrcFileId="2" StartOffset="14349"/>
<Loc EndOffset="14436" SrcFileId="2" StartOffset="14391"/>
<Loc EndOffset="14524" SrcFileId="2" StartOffset="14444"/>
<Loc EndOffset="14570" SrcFileId="2" StartOffset="14532"/>
<Loc EndOffset="14620" SrcFileId="2" StartOffset="14574"/>
<Loc EndOffset="14635" SrcFileId="2" StartOffset="14624"/>
<Loc EndOffset="14949" SrcFileId="2" StartOffset="14639"/>
<Loc EndOffset="15125" SrcFileId="2" StartOffset="14341"/>
</LocList>
<BasicStmnt CovItemId="S234" CovItemPrefix="is2.rubrica.PanelInserimento.java" Intrnl_Id="452">
<LocList>
<Loc EndOffset="14335" SrcFileId="2" StartOffset="14326"/>
</LocList>
</BasicStmnt>
<BasicStmnt CovItemId="S236" CovItemPrefix="is2.rubrica.PanelInserimento.java" Intrnl_Id="453">
<LocList>
<Loc EndOffset="14387" SrcFileId="2" StartOffset="14349"/>
</LocList>
</BasicStmnt>
<BasicStmnt CovItemId="S237" CovItemPrefix="is2.rubrica.PanelInserimento.java" Intrnl_Id="454">
<LocList>
<Loc EndOffset="14436" SrcFileId="2" StartOffset="14391"/>
</LocList>
</BasicStmnt>
<LoopStmnt CovItemId="S238" CovItemPrefix="is2.rubrica.PanelInserimento.java" Intrnl_Id="455" MltplExecId="L4-2" MltplExecPrefix="is2.rubrica.PanelInserimento.java" NvrExecId="L4-0" NvrExecPrefix="is2.rubrica.PanelInserimento.java" OnceExecutedId="L4-1" OnceExecutedPrefix="is2.rubrica.PanelInserimento.java" OptBodyExec="true">
<StmntSeq Intrnl_Id="456">
<LocList>
<Loc EndOffset="14519" SrcFileId="2" StartOffset="14506"/>
</LocList>
<BasicStmnt CovItemId="S239" CovItemPrefix="is2.rubrica.PanelInserimento.java" Intrnl_Id="457">
<LocList>
<Loc EndOffset="14519" SrcFileId="2" StartOffset="14506"/>
</LocList>
</BasicStmnt>
</StmntSeq>
<Keyword EndOffset="14449" SrcFileId="2" StartOffset="14444"/>
<LocList>
<Loc EndOffset="14524" SrcFileId="2" StartOffset="14444"/>
</LocList>
</LoopStmnt>
<BasicStmnt CovItemId="S240" CovItemPrefix="is2.rubrica.PanelInserimento.java" Intrnl_Id="458">
<LocList>
<Loc EndOffset="14570" SrcFileId="2" StartOffset="14532"/>
</LocList>
</BasicStmnt>
<BasicStmnt CovItemId="S241" CovItemPrefix="is2.rubrica.PanelInserimento.java" Intrnl_Id="459">
<LocList>
<Loc EndOffset="14620" SrcFileId="2" StartOffset="14574"/>
</LocList>
</BasicStmnt>
<BasicStmnt CovItemId="S242" CovItemPrefix="is2.rubrica.PanelInserimento.java" Intrnl_Id="460">
<LocList>
<Loc EndOffset="14635" SrcFileId="2" StartOffset="14624"/>
</LocList>
</BasicStmnt>
<LoopStmnt CovItemId="S243" CovItemPrefix="is2.rubrica.PanelInserimento.java" Intrnl_Id="461" MltplExecId="L5-2" MltplExecPrefix="is2.rubrica.PanelInserimento.java" NvrExecId="L5-0" NvrExecPrefix="is2.rubrica.PanelInserimento.java" OnceExecutedId="L5-1" OnceExecutedPrefix="is2.rubrica.PanelInserimento.java" OptBodyExec="false">
<StmntSeq Intrnl_Id="462">
<LocList>
<Loc EndOffset="14894" SrcFileId="2" StartOffset="14648"/>
<Loc EndOffset="14910" SrcFileId="2" StartOffset="14899"/>
</LocList>
<LoopStmnt CovItemId="S244" CovItemPrefix="is2.rubrica.PanelInserimento.java" Intrnl_Id="463" MltplExecId="L6-2" MltplExecPrefix="is2.rubrica.PanelInserimento.java" NvrExecId="L6-0" NvrExecPrefix="is2.rubrica.PanelInserimento.java" OnceExecutedId="L6-1" OnceExecutedPrefix="is2.rubrica.PanelInserimento.java" OptBodyExec="true">
<StmntSeq Intrnl_Id="464">
<LocList>
<Loc EndOffset="14699" SrcFileId="2" StartOffset="14687"/>
<Loc EndOffset="14742" SrcFileId="2" StartOffset="14705"/>
<Loc EndOffset="14888" SrcFileId="2" StartOffset="14748"/>
</LocList>
<BasicStmnt CovItemId="S245" CovItemPrefix="is2.rubrica.PanelInserimento.java" Intrnl_Id="465">
<LocList>
<Loc EndOffset="14699" SrcFileId="2" StartOffset="14687"/>
</LocList>
</BasicStmnt>
<BasicStmnt CovItemId="S246" CovItemPrefix="is2.rubrica.PanelInserimento.java" Intrnl_Id="466">
<LocList>
<Loc EndOffset="14742" SrcFileId="2" StartOffset="14705"/>
</LocList>
</BasicStmnt>
<CondStmnt CovItemId="S247" CovItemPrefix="is2.rubrica.PanelInserimento.java" Intrnl_Id="467">
<Branch CovItemId="B63" CovItemPrefix="is2.rubrica.PanelInserimento.java" Implct="false" Intrnl_Id="468">
<Cond/>
<LocList>
<Loc EndOffset="14888" SrcFileId="2" StartOffset="14772"/>
</LocList>
<StmntSeq Intrnl_Id="469">
<LocList>
<Loc EndOffset="14881" SrcFileId="2" StartOffset="14780"/>
</LocList>
<CondStmnt CovItemId="S248" CovItemPrefix="is2.rubrica.PanelInserimento.java" Intrnl_Id="470">
<Branch CovItemId="B65" CovItemPrefix="is2.rubrica.PanelInserimento.java" Implct="false" Intrnl_Id="471">
<Cond/>
<LocList>
<Loc EndOffset="14881" SrcFileId="2" StartOffset="14817"/>
</LocList>
<StmntSeq Intrnl_Id="472">
<LocList>
<Loc EndOffset="14856" SrcFileId="2" StartOffset="14826"/>
<Loc EndOffset="14873" SrcFileId="2" StartOffset="14864"/>
</LocList>
<BasicStmnt CovItemId="S249" CovItemPrefix="is2.rubrica.PanelInserimento.java" Intrnl_Id="473">
<LocList>
<Loc EndOffset="14856" SrcFileId="2" StartOffset="14826"/>
</LocList>
</BasicStmnt>
<BasicStmnt CovItemId="S250" CovItemPrefix="is2.rubrica.PanelInserimento.java" Intrnl_Id="474">
<LocList>
<Loc EndOffset="14873" SrcFileId="2" StartOffset="14864"/>
</LocList>
</BasicStmnt>
</StmntSeq>
</Branch>
<Branch CovItemId="B66" CovItemPrefix="is2.rubrica.PanelInserimento.java" Implct="true" Intrnl_Id="475">
<Cond/>
<LocList/>
<StmntSeq Intrnl_Id="476">
<LocList/>
</StmntSeq>
</Branch>
<Keyword EndOffset="14782" SrcFileId="2" StartOffset="14780"/>
<LocList>
<Loc EndOffset="14881" SrcFileId="2" StartOffset="14780"/>
</LocList>
<RootTerm CovItemId="C35" CovItemPrefix="is2.rubrica.PanelInserimento.java" Intrnl_Id="477">
<BasicBoolTerm Intrnl_Id="478">
<LocList>
<Loc EndOffset="14815" SrcFileId="2" StartOffset="14783"/>
</LocList>
</BasicBoolTerm>
</RootTerm>
</CondStmnt>
</StmntSeq>
</Branch>
<Branch CovItemId="B64" CovItemPrefix="is2.rubrica.PanelInserimento.java" Implct="true" Intrnl_Id="479">
<Cond/>
<LocList/>
<StmntSeq Intrnl_Id="480">
<LocList/>
</StmntSeq>
</Branch>
<Keyword EndOffset="14750" SrcFileId="2" StartOffset="14748"/>
<LocList>
<Loc EndOffset="14888" SrcFileId="2" StartOffset="14748"/>
</LocList>
<RootTerm CovItemId="C34" CovItemPrefix="is2.rubrica.PanelInserimento.java" Intrnl_Id="481">
<BasicBoolTerm Intrnl_Id="482">
<LocList>
<Loc EndOffset="14770" SrcFileId="2" StartOffset="14752"/>
</LocList>
</BasicBoolTerm>
</RootTerm>
</CondStmnt>
</StmntSeq>
<Keyword EndOffset="14653" SrcFileId="2" StartOffset="14648"/>
<LocList>
<Loc EndOffset="14894" SrcFileId="2" StartOffset="14648"/>
</LocList>
<RootTerm CovItemId="C33" CovItemPrefix="is2.rubrica.PanelInserimento.java" Intrnl_Id="483">
<BasicBoolTerm Intrnl_Id="484">
<LocList>
<Loc EndOffset="14677" SrcFileId="2" StartOffset="14655"/>
</LocList>
</BasicBoolTerm>
</RootTerm>
</LoopStmnt>
<BasicStmnt CovItemId="S251" CovItemPrefix="is2.rubrica.PanelInserimento.java" Intrnl_Id="485">
<LocList>
<Loc EndOffset="14910" SrcFileId="2" StartOffset="14899"/>
</LocList>
</BasicStmnt>
</StmntSeq>
<Keyword EndOffset="14641" SrcFileId="2" StartOffset="14639"/>
<LocList>
<Loc EndOffset="14949" SrcFileId="2" StartOffset="14639"/>
</LocList>
<RootTerm CovItemId="C32" CovItemPrefix="is2.rubrica.PanelInserimento.java" Intrnl_Id="486">
<BasicBoolTerm Intrnl_Id="487">
<LocList>
<Loc EndOffset="14947" SrcFileId="2" StartOffset="14925"/>
</LocList>
</BasicBoolTerm>
</RootTerm>
</LoopStmnt>
<CondStmnt CovItemId="S235" CovItemPrefix="is2.rubrica.PanelInserimento.java" Intrnl_Id="488">
<Branch CovItemId="B62" CovItemPrefix="is2.rubrica.PanelInserimento.java" Implct="true" Intrnl_Id="489">
<Cond/>
<LocList/>
<StmntSeq Intrnl_Id="490">
<LocList/>
</StmntSeq>
</Branch>
<Branch CovItemId="B67" CovItemPrefix="is2.rubrica.PanelInserimento.java" Implct="false" Intrnl_Id="491">
<Cond>
<Loc EndOffset="14987" SrcFileId="2" StartOffset="14956"/>
</Cond>
<LocList>
<Loc EndOffset="15044" SrcFileId="2" StartOffset="14988"/>
</LocList>
<StmntSeq Intrnl_Id="492">
<LocList>
<Loc EndOffset="15040" SrcFileId="2" StartOffset="14993"/>
</LocList>
<BasicStmnt CovItemId="S252" CovItemPrefix="is2.rubrica.PanelInserimento.java" Intrnl_Id="493">
<LocList>
<Loc EndOffset="15040" SrcFileId="2" StartOffset="14993"/>
</LocList>
</BasicStmnt>
</StmntSeq>
</Branch>
<Branch CovItemId="B68" CovItemPrefix="is2.rubrica.PanelInserimento.java" Implct="false" Intrnl_Id="494">
<Cond>
<Loc EndOffset="15068" SrcFileId="2" StartOffset="15047"/>
</Cond>
<LocList>
<Loc EndOffset="15125" SrcFileId="2" StartOffset="15069"/>
</LocList>
<StmntSeq Intrnl_Id="495">
<LocList>
<Loc EndOffset="15121" SrcFileId="2" StartOffset="15074"/>
</LocList>
<BasicStmnt CovItemId="S253" CovItemPrefix="is2.rubrica.PanelInserimento.java" Intrnl_Id="496">
<LocList>
<Loc EndOffset="15121" SrcFileId="2" StartOffset="15074"/>
</LocList>
</BasicStmnt>
</StmntSeq>
</Branch>
<Keyword EndOffset="14344" SrcFileId="2" StartOffset="14341"/>
<LocList>
<Loc EndOffset="15125" SrcFileId="2" StartOffset="14341"/>
</LocList>
</CondStmnt>
</StmntSeq>
</HierarchyLvl>
<HierarchyLvl HierarchyLvlId="779" HierarchyLvlTypeId="8" Intrnl_Id="497" Name="stampaRisultati">
<Header>
<Loc EndOffset="15178" SrcFileId="2" StartOffset="15132"/>
</Header>
<LocList>
<Loc EndOffset="16270" SrcFileId="2" StartOffset="15132"/>
</LocList>
<StmntSeq Intrnl_Id="498">
<LocList>
<Loc EndOffset="15195" SrcFileId="2" StartOffset="15183"/>
<Loc EndOffset="15328" SrcFileId="2" StartOffset="15315"/>
<Loc EndOffset="15377" SrcFileId="2" StartOffset="15339"/>
<Loc EndOffset="15427" SrcFileId="2" StartOffset="15381"/>
<Loc EndOffset="15515" SrcFileId="2" StartOffset="15435"/>
<Loc EndOffset="15561" SrcFileId="2" StartOffset="15523"/>
<Loc EndOffset="15611" SrcFileId="2" StartOffset="15565"/>
<Loc EndOffset="15708" SrcFileId="2" StartOffset="15619"/>
<Loc EndOffset="15753" SrcFileId="2" StartOffset="15716"/>
<Loc EndOffset="15796" SrcFileId="2" StartOffset="15757"/>
<Loc EndOffset="15841" SrcFileId="2" StartOffset="15804"/>
<Loc EndOffset="15889" SrcFileId="2" StartOffset="15845"/>
<Loc EndOffset="15934" SrcFileId="2" StartOffset="15897"/>
<Loc EndOffset="15986" SrcFileId="2" StartOffset="15938"/>
<Loc EndOffset="16031" SrcFileId="2" StartOffset="15994"/>
<Loc EndOffset="16090" SrcFileId="2" StartOffset="16035"/>
<Loc EndOffset="16267" SrcFileId="2" StartOffset="15331"/>
</LocList>
<BasicStmnt CovItemId="S254" CovItemPrefix="is2.rubrica.PanelInserimento.java" Intrnl_Id="499">
<LocList>
<Loc EndOffset="15195" SrcFileId="2" StartOffset="15183"/>
</LocList>
</BasicStmnt>
<BasicStmnt CovItemId="S255" CovItemPrefix="is2.rubrica.PanelInserimento.java" Intrnl_Id="500">
<LocList>
<Loc EndOffset="15328" SrcFileId="2" StartOffset="15315"/>
</LocList>
</BasicStmnt>
<BasicStmnt CovItemId="S257" CovItemPrefix="is2.rubrica.PanelInserimento.java" Intrnl_Id="501">
<LocList>
<Loc EndOffset="15377" SrcFileId="2" StartOffset="15339"/>
</LocList>
</BasicStmnt>
<BasicStmnt CovItemId="S258" CovItemPrefix="is2.rubrica.PanelInserimento.java" Intrnl_Id="502">
<LocList>
<Loc EndOffset="15427" SrcFileId="2" StartOffset="15381"/>
</LocList>
</BasicStmnt>
<LoopStmnt CovItemId="S259" CovItemPrefix="is2.rubrica.PanelInserimento.java" Intrnl_Id="503" MltplExecId="L7-2" MltplExecPrefix="is2.rubrica.PanelInserimento.java" NvrExecId="L7-0" NvrExecPrefix="is2.rubrica.PanelInserimento.java" OnceExecutedId="L7-1" OnceExecutedPrefix="is2.rubrica.PanelInserimento.java" OptBodyExec="true">
<StmntSeq Intrnl_Id="504">
<LocList>
<Loc EndOffset="15510" SrcFileId="2" StartOffset="15497"/>
</LocList>
<BasicStmnt CovItemId="S260" CovItemPrefix="is2.rubrica.PanelInserimento.java" Intrnl_Id="505">
<LocList>
<Loc EndOffset="15510" SrcFileId="2" StartOffset="15497"/>
</LocList>
</BasicStmnt>
</StmntSeq>
<Keyword EndOffset="15440" SrcFileId="2" StartOffset="15435"/>
<LocList>
<Loc EndOffset="15515" SrcFileId="2" StartOffset="15435"/>
</LocList>
</LoopStmnt>
<BasicStmnt CovItemId="S261" CovItemPrefix="is2.rubrica.PanelInserimento.java" Intrnl_Id="506">
<LocList>
<Loc EndOffset="15561" SrcFileId="2" StartOffset="15523"/>
</LocList>
</BasicStmnt>
<BasicStmnt CovItemId="S262" CovItemPrefix="is2.rubrica.PanelInserimento.java" Intrnl_Id="507">
<LocList>
<Loc EndOffset="15611" SrcFileId="2" StartOffset="15565"/>
</LocList>
</BasicStmnt>
<LoopStmnt CovItemId="S263" CovItemPrefix="is2.rubrica.PanelInserimento.java" Intrnl_Id="508" MltplExecId="L8-2" MltplExecPrefix="is2.rubrica.PanelInserimento.java" NvrExecId="L8-0" NvrExecPrefix="is2.rubrica.PanelInserimento.java" OnceExecutedId="L8-1" OnceExecutedPrefix="is2.rubrica.PanelInserimento.java" OptBodyExec="true">
<StmntSeq Intrnl_Id="509">
<LocList>
<Loc EndOffset="15686" SrcFileId="2" StartOffset="15649"/>
<Loc EndOffset="15703" SrcFileId="2" StartOffset="15691"/>
</LocList>
<BasicStmnt CovItemId="S264" CovItemPrefix="is2.rubrica.PanelInserimento.java" Intrnl_Id="510">
<LocList>
<Loc EndOffset="15686" SrcFileId="2" StartOffset="15649"/>
</LocList>
</BasicStmnt>
<BasicStmnt CovItemId="S265" CovItemPrefix="is2.rubrica.PanelInserimento.java" Intrnl_Id="511">
<LocList>
<Loc EndOffset="15703" SrcFileId="2" StartOffset="15691"/>
</LocList>
</BasicStmnt>
</StmntSeq>
<Keyword EndOffset="15624" SrcFileId="2" StartOffset="15619"/>
<LocList>
<Loc EndOffset="15708" SrcFileId="2" StartOffset="15619"/>
</LocList>
<RootTerm CovItemId="C37" CovItemPrefix="is2.rubrica.PanelInserimento.java" Intrnl_Id="512">
<BasicBoolTerm Intrnl_Id="513">
<LocList>
<Loc EndOffset="15641" SrcFileId="2" StartOffset="15625"/>
</LocList>
</BasicBoolTerm>
</RootTerm>
</LoopStmnt>
<BasicStmnt CovItemId="S266" CovItemPrefix="is2.rubrica.PanelInserimento.java" Intrnl_Id="514">
<LocList>
<Loc EndOffset="15753" SrcFileId="2" StartOffset="15716"/>
</LocList>
</BasicStmnt>
<BasicStmnt CovItemId="S267" CovItemPrefix="is2.rubrica.PanelInserimento.java" Intrnl_Id="515">
<LocList>
<Loc EndOffset="15796" SrcFileId="2" StartOffset="15757"/>
</LocList>
</BasicStmnt>
<BasicStmnt CovItemId="S268" CovItemPrefix="is2.rubrica.PanelInserimento.java" Intrnl_Id="516">
<LocList>
<Loc EndOffset="15841" SrcFileId="2" StartOffset="15804"/>
</LocList>
</BasicStmnt>
<BasicStmnt CovItemId="S269" CovItemPrefix="is2.rubrica.PanelInserimento.java" Intrnl_Id="517">
<LocList>
<Loc EndOffset="15889" SrcFileId="2" StartOffset="15845"/>
</LocList>
</BasicStmnt>
<BasicStmnt CovItemId="S270" CovItemPrefix="is2.rubrica.PanelInserimento.java" Intrnl_Id="518">
<LocList>
<Loc EndOffset="15934" SrcFileId="2" StartOffset="15897"/>
</LocList>
</BasicStmnt>
<BasicStmnt CovItemId="S271" CovItemPrefix="is2.rubrica.PanelInserimento.java" Intrnl_Id="519">
<LocList>
<Loc EndOffset="15986" SrcFileId="2" StartOffset="15938"/>
</LocList>
</BasicStmnt>
<BasicStmnt CovItemId="S272" CovItemPrefix="is2.rubrica.PanelInserimento.java" Intrnl_Id="520">
<LocList>
<Loc EndOffset="16031" SrcFileId="2" StartOffset="15994"/>
</LocList>
</BasicStmnt>
<BasicStmnt CovItemId="S273" CovItemPrefix="is2.rubrica.PanelInserimento.java" Intrnl_Id="521">
<LocList>
<Loc EndOffset="16090" SrcFileId="2" StartOffset="16035"/>
</LocList>
</BasicStmnt>
<CondStmnt CovItemId="S256" CovItemPrefix="is2.rubrica.PanelInserimento.java" Intrnl_Id="522">
<Branch CovItemId="B69" CovItemPrefix="is2.rubrica.PanelInserimento.java" Implct="true" Intrnl_Id="523">
<Cond/>
<LocList/>
<StmntSeq Intrnl_Id="524">
<LocList/>
</StmntSeq>
</Branch>
<Branch CovItemId="B70" CovItemPrefix="is2.rubrica.PanelInserimento.java" Implct="false" Intrnl_Id="525">
<Cond>
<Loc EndOffset="16128" SrcFileId="2" StartOffset="16097"/>
</Cond>
<LocList>
<Loc EndOffset="16185" SrcFileId="2" StartOffset="16129"/>
</LocList>
<StmntSeq Intrnl_Id="526">
<LocList>
<Loc EndOffset="16181" SrcFileId="2" StartOffset="16134"/>
</LocList>
<BasicStmnt CovItemId="S274" CovItemPrefix="is2.rubrica.PanelInserimento.java" Intrnl_Id="527">
<LocList>
<Loc EndOffset="16181" SrcFileId="2" StartOffset="16134"/>
</LocList>
</BasicStmnt>
</StmntSeq>
</Branch>
<Branch CovItemId="B71" CovItemPrefix="is2.rubrica.PanelInserimento.java" Implct="false" Intrnl_Id="528">
<Cond>
<Loc EndOffset="16209" SrcFileId="2" StartOffset="16188"/>
</Cond>
<LocList>
<Loc EndOffset="16267" SrcFileId="2" StartOffset="16210"/>
</LocList>
<StmntSeq Intrnl_Id="529">
<LocList>
<Loc EndOffset="16263" SrcFileId="2" StartOffset="16216"/>
</LocList>
<BasicStmnt CovItemId="S275" CovItemPrefix="is2.rubrica.PanelInserimento.java" Intrnl_Id="530">
<LocList>
<Loc EndOffset="16263" SrcFileId="2" StartOffset="16216"/>
</LocList>
</BasicStmnt>
</StmntSeq>
</Branch>
<Keyword EndOffset="15334" SrcFileId="2" StartOffset="15331"/>
<LocList>
<Loc EndOffset="16267" SrcFileId="2" StartOffset="15331"/>
</LocList>
</CondStmnt>
</StmntSeq>
</HierarchyLvl>
<HierarchyLvl HierarchyLvlId="780" HierarchyLvlTypeId="8" Intrnl_Id="531" Name="stampa">
<Header>
<Loc EndOffset="16286" SrcFileId="2" StartOffset="16273"/>
</Header>
<LocList>
<Loc EndOffset="17131" SrcFileId="2" StartOffset="16273"/>
</LocList>
<StmntSeq Intrnl_Id="532">
<LocList>
<Loc EndOffset="16340" SrcFileId="2" StartOffset="16303"/>
<Loc EndOffset="16463" SrcFileId="2" StartOffset="16344"/>
<Loc EndOffset="16504" SrcFileId="2" StartOffset="16467"/>
<Loc EndOffset="16623" SrcFileId="2" StartOffset="16508"/>
<Loc EndOffset="16664" SrcFileId="2" StartOffset="16627"/>
<Loc EndOffset="16782" SrcFileId="2" StartOffset="16668"/>
<Loc EndOffset="16823" SrcFileId="2" StartOffset="16786"/>
<Loc EndOffset="16946" SrcFileId="2" StartOffset="16827"/>
<Loc EndOffset="17128" SrcFileId="2" StartOffset="16294"/>
</LocList>
<BasicStmnt CovItemId="S277" CovItemPrefix="is2.rubrica.PanelInserimento.java" Intrnl_Id="533">
<LocList>
<Loc EndOffset="16340" SrcFileId="2" StartOffset="16303"/>
</LocList>
</BasicStmnt>
<BasicStmnt CovItemId="S278" CovItemPrefix="is2.rubrica.PanelInserimento.java" Intrnl_Id="534">
<LocList>
<Loc EndOffset="16463" SrcFileId="2" StartOffset="16344"/>
</LocList>
</BasicStmnt>
<BasicStmnt CovItemId="S279" CovItemPrefix="is2.rubrica.PanelInserimento.java" Intrnl_Id="535">
<LocList>
<Loc EndOffset="16504" SrcFileId="2" StartOffset="16467"/>
</LocList>
</BasicStmnt>
<BasicStmnt CovItemId="S280" CovItemPrefix="is2.rubrica.PanelInserimento.java" Intrnl_Id="536">
<LocList>
<Loc EndOffset="16623" SrcFileId="2" StartOffset="16508"/>
</LocList>
</BasicStmnt>
<BasicStmnt CovItemId="S281" CovItemPrefix="is2.rubrica.PanelInserimento.java" Intrnl_Id="537">
<LocList>
<Loc EndOffset="16664" SrcFileId="2" StartOffset="16627"/>
</LocList>
</BasicStmnt>
<BasicStmnt CovItemId="S282" CovItemPrefix="is2.rubrica.PanelInserimento.java" Intrnl_Id="538">
<LocList>
<Loc EndOffset="16782" SrcFileId="2" StartOffset="16668"/>
</LocList>
</BasicStmnt>
<BasicStmnt CovItemId="S283" CovItemPrefix="is2.rubrica.PanelInserimento.java" Intrnl_Id="539">
<LocList>
<Loc EndOffset="16823" SrcFileId="2" StartOffset="16786"/>
</LocList>
</BasicStmnt>
<BasicStmnt CovItemId="S284" CovItemPrefix="is2.rubrica.PanelInserimento.java" Intrnl_Id="540">
<LocList>
<Loc EndOffset="16946" SrcFileId="2" StartOffset="16827"/>
</LocList>
</BasicStmnt>
<CondStmnt CovItemId="S276" CovItemPrefix="is2.rubrica.PanelInserimento.java" Intrnl_Id="541">
<Branch CovItemId="B72" CovItemPrefix="is2.rubrica.PanelInserimento.java" Implct="true" Intrnl_Id="542">
<Cond/>
<LocList/>
<StmntSeq Intrnl_Id="543">
<LocList/>
</StmntSeq>
</Branch>
<Branch CovItemId="B73" CovItemPrefix="is2.rubrica.PanelInserimento.java" Implct="false" Intrnl_Id="544">
<Cond>
<Loc EndOffset="16974" SrcFileId="2" StartOffset="16953"/>
</Cond>
<LocList>
<Loc EndOffset="17038" SrcFileId="2" StartOffset="16975"/>
</LocList>
<StmntSeq Intrnl_Id="545">
<LocList>
<Loc EndOffset="17034" SrcFileId="2" StartOffset="16980"/>
</LocList>
<BasicStmnt CovItemId="S285" CovItemPrefix="is2.rubrica.PanelInserimento.java" Intrnl_Id="546">
<LocList>
<Loc EndOffset="17034" SrcFileId="2" StartOffset="16980"/>
</LocList>
</BasicStmnt>
</StmntSeq>
</Branch>
<Branch CovItemId="B74" CovItemPrefix="is2.rubrica.PanelInserimento.java" Implct="false" Intrnl_Id="547">
<Cond>
<Loc EndOffset="17072" SrcFileId="2" StartOffset="17042"/>
</Cond>
<LocList>
<Loc EndOffset="17128" SrcFileId="2" StartOffset="17073"/>
</LocList>
<StmntSeq Intrnl_Id="548">
<LocList>
<Loc EndOffset="17124" SrcFileId="2" StartOffset="17078"/>
</LocList>
<BasicStmnt CovItemId="S286" CovItemPrefix="is2.rubrica.PanelInserimento.java" Intrnl_Id="549">
<LocList>
<Loc EndOffset="17124" SrcFileId="2" StartOffset="17078"/>
</LocList>
</BasicStmnt>
</StmntSeq>
</Branch>
<Keyword EndOffset="16297" SrcFileId="2" StartOffset="16294"/>
<LocList>
<Loc EndOffset="17128" SrcFileId="2" StartOffset="16294"/>
</LocList>
</CondStmnt>
</StmntSeq>
</HierarchyLvl>
<HierarchyLvl HierarchyLvlId="781" HierarchyLvlTypeId="8" Intrnl_Id="550" Name="reset">
<Header>
<Loc EndOffset="17147" SrcFileId="2" StartOffset="17135"/>
</Header>
<LocList>
<Loc EndOffset="17270" SrcFileId="2" StartOffset="17135"/>
</LocList>
<StmntSeq Intrnl_Id="551">
<LocList>
<Loc EndOffset="17176" SrcFileId="2" StartOffset="17152"/>
<Loc EndOffset="17206" SrcFileId="2" StartOffset="17179"/>
<Loc EndOffset="17235" SrcFileId="2" StartOffset="17209"/>
<Loc EndOffset="17267" SrcFileId="2" StartOffset="17238"/>
</LocList>
<BasicStmnt CovItemId="S287" CovItemPrefix="is2.rubrica.PanelInserimento.java" Intrnl_Id="552">
<LocList>
<Loc EndOffset="17176" SrcFileId="2" StartOffset="17152"/>
</LocList>
</BasicStmnt>
<BasicStmnt CovItemId="S288" CovItemPrefix="is2.rubrica.PanelInserimento.java" Intrnl_Id="553">
<LocList>
<Loc EndOffset="17206" SrcFileId="2" StartOffset="17179"/>
</LocList>
</BasicStmnt>
<BasicStmnt CovItemId="S289" CovItemPrefix="is2.rubrica.PanelInserimento.java" Intrnl_Id="554">
<LocList>
<Loc EndOffset="17235" SrcFileId="2" StartOffset="17209"/>
</LocList>
</BasicStmnt>
<BasicStmnt CovItemId="S290" CovItemPrefix="is2.rubrica.PanelInserimento.java" Intrnl_Id="555">
<LocList>
<Loc EndOffset="17267" SrcFileId="2" StartOffset="17238"/>
</LocList>
</BasicStmnt>
</StmntSeq>
</HierarchyLvl>
<HierarchyLvl HierarchyLvlId="782" HierarchyLvlTypeId="8" Intrnl_Id="556" Name="pannelloCerca">
<Header>
<Loc EndOffset="17305" SrcFileId="2" StartOffset="17274"/>
</Header>
<LocList>
<Loc EndOffset="17495" SrcFileId="2" StartOffset="17274"/>
</LocList>
<StmntSeq Intrnl_Id="557">
<LocList>
<Loc EndOffset="17340" SrcFileId="2" StartOffset="17310"/>
<Loc EndOffset="17374" SrcFileId="2" StartOffset="17343"/>
<Loc EndOffset="17408" SrcFileId="2" StartOffset="17377"/>
<Loc EndOffset="17440" SrcFileId="2" StartOffset="17411"/>
<Loc EndOffset="17465" SrcFileId="2" StartOffset="17443"/>
<Loc EndOffset="17489" SrcFileId="2" StartOffset="17468"/>
</LocList>
<BasicStmnt CovItemId="S291" CovItemPrefix="is2.rubrica.PanelInserimento.java" Intrnl_Id="558">
<LocList>
<Loc EndOffset="17340" SrcFileId="2" StartOffset="17310"/>
</LocList>
</BasicStmnt>
<BasicStmnt CovItemId="S292" CovItemPrefix="is2.rubrica.PanelInserimento.java" Intrnl_Id="559">
<LocList>
<Loc EndOffset="17374" SrcFileId="2" StartOffset="17343"/>
</LocList>
</BasicStmnt>
<BasicStmnt CovItemId="S293" CovItemPrefix="is2.rubrica.PanelInserimento.java" Intrnl_Id="560">
<LocList>
<Loc EndOffset="17408" SrcFileId="2" StartOffset="17377"/>
</LocList>
</BasicStmnt>
<BasicStmnt CovItemId="S294" CovItemPrefix="is2.rubrica.PanelInserimento.java" Intrnl_Id="561">
<LocList>
<Loc EndOffset="17440" SrcFileId="2" StartOffset="17411"/>
</LocList>
</BasicStmnt>
<BasicStmnt CovItemId="S295" CovItemPrefix="is2.rubrica.PanelInserimento.java" Intrnl_Id="562">
<LocList>
<Loc EndOffset="17465" SrcFileId="2" StartOffset="17443"/>
</LocList>
</BasicStmnt>
<BasicStmnt CovItemId="S296" CovItemPrefix="is2.rubrica.PanelInserimento.java" Intrnl_Id="563">
<LocList>
<Loc EndOffset="17489" SrcFileId="2" StartOffset="17468"/>
</LocList>
</BasicStmnt>
</StmntSeq>
</HierarchyLvl>
<HierarchyLvl HierarchyLvlId="783" HierarchyLvlTypeId="8" Intrnl_Id="564" Name="pannelloRisultati">
<Header>
<Loc EndOffset="17536" SrcFileId="2" StartOffset="17501"/>
</Header>
<LocList>
<Loc EndOffset="17604" SrcFileId="2" StartOffset="17501"/>
</LocList>
<StmntSeq Intrnl_Id="565">
<LocList>
<Loc EndOffset="17572" SrcFileId="2" StartOffset="17541"/>
<Loc EndOffset="17601" SrcFileId="2" StartOffset="17575"/>
</LocList>
<BasicStmnt CovItemId="S297" CovItemPrefix="is2.rubrica.PanelInserimento.java" Intrnl_Id="566">
<LocList>
<Loc EndOffset="17572" SrcFileId="2" StartOffset="17541"/>
</LocList>
</BasicStmnt>
<BasicStmnt CovItemId="S298" CovItemPrefix="is2.rubrica.PanelInserimento.java" Intrnl_Id="567">
<LocList>
<Loc EndOffset="17601" SrcFileId="2" StartOffset="17575"/>
</LocList>
</BasicStmnt>
</StmntSeq>
</HierarchyLvl>
<HierarchyLvl HierarchyLvlId="784" HierarchyLvlTypeId="8" Intrnl_Id="568" Name="pannelloInput">
<Header>
<Loc EndOffset="17639" SrcFileId="2" StartOffset="17608"/>
</Header>
<LocList>
<Loc EndOffset="17996" SrcFileId="2" StartOffset="17608"/>
</LocList>
<StmntSeq Intrnl_Id="569">
<LocList>
<Loc EndOffset="17670" SrcFileId="2" StartOffset="17644"/>
<Loc EndOffset="17701" SrcFileId="2" StartOffset="17673"/>
<Loc EndOffset="17733" SrcFileId="2" StartOffset="17704"/>
<Loc EndOffset="17767" SrcFileId="2" StartOffset="17736"/>
<Loc EndOffset="17798" SrcFileId="2" StartOffset="17770"/>
<Loc EndOffset="17831" SrcFileId="2" StartOffset="17801"/>
<Loc EndOffset="17865" SrcFileId="2" StartOffset="17834"/>
<Loc EndOffset="17901" SrcFileId="2" StartOffset="17868"/>
<Loc EndOffset="17931" SrcFileId="2" StartOffset="17907"/>
<Loc EndOffset="17961" SrcFileId="2" StartOffset="17934"/>
<Loc EndOffset="17993" SrcFileId="2" StartOffset="17964"/>
</LocList>
<BasicStmnt CovItemId="S299" CovItemPrefix="is2.rubrica.PanelInserimento.java" Intrnl_Id="570">
<LocList>
<Loc EndOffset="17670" SrcFileId="2" StartOffset="17644"/>
</LocList>
</BasicStmnt>
<BasicStmnt CovItemId="S300" CovItemPrefix="is2.rubrica.PanelInserimento.java" Intrnl_Id="571">
<LocList>
<Loc EndOffset="17701" SrcFileId="2" StartOffset="17673"/>
</LocList>
</BasicStmnt>
<BasicStmnt CovItemId="S301" CovItemPrefix="is2.rubrica.PanelInserimento.java" Intrnl_Id="572">
<LocList>
<Loc EndOffset="17733" SrcFileId="2" StartOffset="17704"/>
</LocList>
</BasicStmnt>
<BasicStmnt CovItemId="S302" CovItemPrefix="is2.rubrica.PanelInserimento.java" Intrnl_Id="573">
<LocList>
<Loc EndOffset="17767" SrcFileId="2" StartOffset="17736"/>
</LocList>
</BasicStmnt>
<BasicStmnt CovItemId="S303" CovItemPrefix="is2.rubrica.PanelInserimento.java" Intrnl_Id="574">
<LocList>
<Loc EndOffset="17798" SrcFileId="2" StartOffset="17770"/>
</LocList>
</BasicStmnt>
<BasicStmnt CovItemId="S304" CovItemPrefix="is2.rubrica.PanelInserimento.java" Intrnl_Id="575">
<LocList>
<Loc EndOffset="17831" SrcFileId="2" StartOffset="17801"/>
</LocList>
</BasicStmnt>
<BasicStmnt CovItemId="S305" CovItemPrefix="is2.rubrica.PanelInserimento.java" Intrnl_Id="576">
<LocList>
<Loc EndOffset="17865" SrcFileId="2" StartOffset="17834"/>
</LocList>
</BasicStmnt>
<BasicStmnt CovItemId="S306" CovItemPrefix="is2.rubrica.PanelInserimento.java" Intrnl_Id="577">
<LocList>
<Loc EndOffset="17901" SrcFileId="2" StartOffset="17868"/>
</LocList>
</BasicStmnt>
<BasicStmnt CovItemId="S307" CovItemPrefix="is2.rubrica.PanelInserimento.java" Intrnl_Id="578">
<LocList>
<Loc EndOffset="17931" SrcFileId="2" StartOffset="17907"/>
</LocList>
</BasicStmnt>
<BasicStmnt CovItemId="S308" CovItemPrefix="is2.rubrica.PanelInserimento.java" Intrnl_Id="579">
<LocList>
<Loc EndOffset="17961" SrcFileId="2" StartOffset="17934"/>
</LocList>
</BasicStmnt>
<BasicStmnt CovItemId="S309" CovItemPrefix="is2.rubrica.PanelInserimento.java" Intrnl_Id="580">
<LocList>
<Loc EndOffset="17993" SrcFileId="2" StartOffset="17964"/>
</LocList>
</BasicStmnt>
</StmntSeq>
</HierarchyLvl>
<HierarchyLvl HierarchyLvlId="785" HierarchyLvlTypeId="8" Intrnl_Id="581" Name="pannelloOutput">
<Header>
<Loc EndOffset="18032" SrcFileId="2" StartOffset="18000"/>
</Header>
<LocList>
<Loc EndOffset="18268" SrcFileId="2" StartOffset="18000"/>
</LocList>
<StmntSeq Intrnl_Id="582">
<LocList>
<Loc EndOffset="18066" SrcFileId="2" StartOffset="18037"/>
<Loc EndOffset="18101" SrcFileId="2" StartOffset="18069"/>
<Loc EndOffset="18135" SrcFileId="2" StartOffset="18104"/>
<Loc EndOffset="18172" SrcFileId="2" StartOffset="18138"/>
<Loc EndOffset="18203" SrcFileId="2" StartOffset="18175"/>
<Loc EndOffset="18232" SrcFileId="2" StartOffset="18206"/>
<Loc EndOffset="18265" SrcFileId="2" StartOffset="18235"/>
</LocList>
<BasicStmnt CovItemId="S310" CovItemPrefix="is2.rubrica.PanelInserimento.java" Intrnl_Id="583">
<LocList>
<Loc EndOffset="18066" SrcFileId="2" StartOffset="18037"/>
</LocList>
</BasicStmnt>
<BasicStmnt CovItemId="S311" CovItemPrefix="is2.rubrica.PanelInserimento.java" Intrnl_Id="584">
<LocList>
<Loc EndOffset="18101" SrcFileId="2" StartOffset="18069"/>
</LocList>
</BasicStmnt>
<BasicStmnt CovItemId="S312" CovItemPrefix="is2.rubrica.PanelInserimento.java" Intrnl_Id="585">
<LocList>
<Loc EndOffset="18135" SrcFileId="2" StartOffset="18104"/>
</LocList>
</BasicStmnt>
<BasicStmnt CovItemId="S313" CovItemPrefix="is2.rubrica.PanelInserimento.java" Intrnl_Id="586">
<LocList>
<Loc EndOffset="18172" SrcFileId="2" StartOffset="18138"/>
</LocList>
</BasicStmnt>
<BasicStmnt CovItemId="S314" CovItemPrefix="is2.rubrica.PanelInserimento.java" Intrnl_Id="587">
<LocList>
<Loc EndOffset="18203" SrcFileId="2" StartOffset="18175"/>
</LocList>
</BasicStmnt>
<BasicStmnt CovItemId="S315" CovItemPrefix="is2.rubrica.PanelInserimento.java" Intrnl_Id="588">
<LocList>
<Loc EndOffset="18232" SrcFileId="2" StartOffset="18206"/>
</LocList>
</BasicStmnt>
<BasicStmnt CovItemId="S316" CovItemPrefix="is2.rubrica.PanelInserimento.java" Intrnl_Id="589">
<LocList>
<Loc EndOffset="18265" SrcFileId="2" StartOffset="18235"/>
</LocList>
</BasicStmnt>
</StmntSeq>
</HierarchyLvl>
<HierarchyLvl HierarchyLvlId="786" HierarchyLvlTypeId="8" Intrnl_Id="590" Name="pannelloRubIns">
<Header>
<Loc EndOffset="18304" SrcFileId="2" StartOffset="18272"/>
</Header>
<LocList>
<Loc EndOffset="18474" SrcFileId="2" StartOffset="18272"/>
</LocList>
<StmntSeq Intrnl_Id="591">
<LocList>
<Loc EndOffset="18341" SrcFileId="2" StartOffset="18309"/>
<Loc EndOffset="18374" SrcFileId="2" StartOffset="18344"/>
<Loc EndOffset="18408" SrcFileId="2" StartOffset="18377"/>
<Loc EndOffset="18438" SrcFileId="2" StartOffset="18411"/>
<Loc EndOffset="18471" SrcFileId="2" StartOffset="18441"/>
</LocList>
<BasicStmnt CovItemId="S317" CovItemPrefix="is2.rubrica.PanelInserimento.java" Intrnl_Id="592">
<LocList>
<Loc EndOffset="18341" SrcFileId="2" StartOffset="18309"/>
</LocList>
</BasicStmnt>
<BasicStmnt CovItemId="S318" CovItemPrefix="is2.rubrica.PanelInserimento.java" Intrnl_Id="593">
<LocList>
<Loc EndOffset="18374" SrcFileId="2" StartOffset="18344"/>
</LocList>
</BasicStmnt>
<BasicStmnt CovItemId="S319" CovItemPrefix="is2.rubrica.PanelInserimento.java" Intrnl_Id="594">
<LocList>
<Loc EndOffset="18408" SrcFileId="2" StartOffset="18377"/>
</LocList>
</BasicStmnt>
<BasicStmnt CovItemId="S320" CovItemPrefix="is2.rubrica.PanelInserimento.java" Intrnl_Id="595">
<LocList>
<Loc EndOffset="18438" SrcFileId="2" StartOffset="18411"/>
</LocList>
</BasicStmnt>
<BasicStmnt CovItemId="S321" CovItemPrefix="is2.rubrica.PanelInserimento.java" Intrnl_Id="596">
<LocList>
<Loc EndOffset="18471" SrcFileId="2" StartOffset="18441"/>
</LocList>
</BasicStmnt>
</StmntSeq>
</HierarchyLvl>
<HierarchyLvl HierarchyLvlId="787" HierarchyLvlTypeId="8" Intrnl_Id="597" Name="pannelloRubStp">
<Header>
<Loc EndOffset="18510" SrcFileId="2" StartOffset="18478"/>
</Header>
<LocList>
<Loc EndOffset="18709" SrcFileId="2" StartOffset="18478"/>
</LocList>
<StmntSeq Intrnl_Id="598">
<LocList>
<Loc EndOffset="18547" SrcFileId="2" StartOffset="18515"/>
<Loc EndOffset="18580" SrcFileId="2" StartOffset="18550"/>
<Loc EndOffset="18614" SrcFileId="2" StartOffset="18583"/>
<Loc EndOffset="18646" SrcFileId="2" StartOffset="18617"/>
<Loc EndOffset="18677" SrcFileId="2" StartOffset="18649"/>
<Loc EndOffset="18706" SrcFileId="2" StartOffset="18680"/>
</LocList>
<BasicStmnt CovItemId="S322" CovItemPrefix="is2.rubrica.PanelInserimento.java" Intrnl_Id="599">
<LocList>
<Loc EndOffset="18547" SrcFileId="2" StartOffset="18515"/>
</LocList>
</BasicStmnt>
<BasicStmnt CovItemId="S323" CovItemPrefix="is2.rubrica.PanelInserimento.java" Intrnl_Id="600">
<LocList>
<Loc EndOffset="18580" SrcFileId="2" StartOffset="18550"/>
</LocList>
</BasicStmnt>
<BasicStmnt CovItemId="S324" CovItemPrefix="is2.rubrica.PanelInserimento.java" Intrnl_Id="601">
<LocList>
<Loc EndOffset="18614" SrcFileId="2" StartOffset="18583"/>
</LocList>
</BasicStmnt>
<BasicStmnt CovItemId="S325" CovItemPrefix="is2.rubrica.PanelInserimento.java" Intrnl_Id="602">
<LocList>
<Loc EndOffset="18646" SrcFileId="2" StartOffset="18617"/>
</LocList>
</BasicStmnt>
<BasicStmnt CovItemId="S326" CovItemPrefix="is2.rubrica.PanelInserimento.java" Intrnl_Id="603">
<LocList>
<Loc EndOffset="18677" SrcFileId="2" StartOffset="18649"/>
</LocList>
</BasicStmnt>
<BasicStmnt CovItemId="S327" CovItemPrefix="is2.rubrica.PanelInserimento.java" Intrnl_Id="604">
<LocList>
<Loc EndOffset="18706" SrcFileId="2" StartOffset="18680"/>
</LocList>
</BasicStmnt>
</StmntSeq>
</HierarchyLvl>
<HierarchyLvl HierarchyLvlId="788" HierarchyLvlTypeId="8" Intrnl_Id="605" Name="pannelloIndex">
<Header>
<Loc EndOffset="18744" SrcFileId="2" StartOffset="18713"/>
</Header>
<LocList>
<Loc EndOffset="18932" SrcFileId="2" StartOffset="18713"/>
</LocList>
<StmntSeq Intrnl_Id="606">
<LocList>
<Loc EndOffset="18776" SrcFileId="2" StartOffset="18749"/>
<Loc EndOffset="18807" SrcFileId="2" StartOffset="18779"/>
<Loc EndOffset="18838" SrcFileId="2" StartOffset="18810"/>
<Loc EndOffset="18869" SrcFileId="2" StartOffset="18841"/>
<Loc EndOffset="18898" SrcFileId="2" StartOffset="18872"/>
<Loc EndOffset="18929" SrcFileId="2" StartOffset="18901"/>
</LocList>
<BasicStmnt CovItemId="S328" CovItemPrefix="is2.rubrica.PanelInserimento.java" Intrnl_Id="607">
<LocList>
<Loc EndOffset="18776" SrcFileId="2" StartOffset="18749"/>
</LocList>
</BasicStmnt>
<BasicStmnt CovItemId="S329" CovItemPrefix="is2.rubrica.PanelInserimento.java" Intrnl_Id="608">
<LocList>
<Loc EndOffset="18807" SrcFileId="2" StartOffset="18779"/>
</LocList>
</BasicStmnt>
<BasicStmnt CovItemId="S330" CovItemPrefix="is2.rubrica.PanelInserimento.java" Intrnl_Id="609">
<LocList>
<Loc EndOffset="18838" SrcFileId="2" StartOffset="18810"/>
</LocList>
</BasicStmnt>
<BasicStmnt CovItemId="S331" CovItemPrefix="is2.rubrica.PanelInserimento.java" Intrnl_Id="610">
<LocList>
<Loc EndOffset="18869" SrcFileId="2" StartOffset="18841"/>
</LocList>
</BasicStmnt>
<BasicStmnt CovItemId="S332" CovItemPrefix="is2.rubrica.PanelInserimento.java" Intrnl_Id="611">
<LocList>
<Loc EndOffset="18898" SrcFileId="2" StartOffset="18872"/>
</LocList>
</BasicStmnt>
<BasicStmnt CovItemId="S333" CovItemPrefix="is2.rubrica.PanelInserimento.java" Intrnl_Id="612">
<LocList>
<Loc EndOffset="18929" SrcFileId="2" StartOffset="18901"/>
</LocList>
</BasicStmnt>
</StmntSeq>
</HierarchyLvl>
</HierarchyLvl>
<HierarchyLvl HierarchyLvlId="791" HierarchyLvlTypeId="7" Intrnl_Id="613" Name="FramePri">
<Header>
<Loc EndOffset="810" SrcFileId="3" StartOffset="774"/>
</Header>
<LocList>
<Loc EndOffset="2069" SrcFileId="3" StartOffset="774"/>
</LocList>
<StmntSeq Intrnl_Id="614">
<LocList>
<Loc EndOffset="1090" SrcFileId="3" StartOffset="1024"/>
<Loc EndOffset="1191" SrcFileId="3" StartOffset="1146"/>
<Loc EndOffset="1239" SrcFileId="3" StartOffset="1193"/>
</LocList>
<BasicStmnt CovItemId="S1" CovItemPrefix="is2.rubrica.FramePri.java" Intrnl_Id="615">
<LocList>
<Loc EndOffset="1090" SrcFileId="3" StartOffset="1024"/>
</LocList>
</BasicStmnt>
<BasicStmnt CovItemId="S2" CovItemPrefix="is2.rubrica.FramePri.java" Intrnl_Id="616">
<LocList>
<Loc EndOffset="1191" SrcFileId="3" StartOffset="1146"/>
</LocList>
</BasicStmnt>
<BasicStmnt CovItemId="S3" CovItemPrefix="is2.rubrica.FramePri.java" Intrnl_Id="617">
<LocList>
<Loc EndOffset="1239" SrcFileId="3" StartOffset="1193"/>
</LocList>
</BasicStmnt>
</StmntSeq>
<HierarchyLvl HierarchyLvlId="790" HierarchyLvlTypeId="8" Intrnl_Id="618" Name="FramePri">
<Header>
<Loc EndOffset="1527" SrcFileId="3" StartOffset="1493"/>
</Header>
<LocList>
<Loc EndOffset="2067" SrcFileId="3" StartOffset="1493"/>
</LocList>
<StmntSeq Intrnl_Id="619">
<LocList>
<Loc EndOffset="1593" SrcFileId="3" StartOffset="1531"/>
<Loc EndOffset="1668" SrcFileId="3" StartOffset="1619"/>
<Loc EndOffset="1715" SrcFileId="3" StartOffset="1690"/>
<Loc EndOffset="1805" SrcFileId="3" StartOffset="1777"/>
<Loc EndOffset="1914" SrcFileId="3" StartOffset="1863"/>
<Loc EndOffset="1993" SrcFileId="3" StartOffset="1952"/>
<Loc EndOffset="2047" SrcFileId="3" StartOffset="2021"/>
</LocList>
<BasicStmnt CovItemId="S4" CovItemPrefix="is2.rubrica.FramePri.java" Intrnl_Id="620">
<LocList>
<Loc EndOffset="1593" SrcFileId="3" StartOffset="1531"/>
</LocList>
</BasicStmnt>
<BasicStmnt CovItemId="S5" CovItemPrefix="is2.rubrica.FramePri.java" Intrnl_Id="621">
<LocList>
<Loc EndOffset="1668" SrcFileId="3" StartOffset="1619"/>
</LocList>
</BasicStmnt>
<BasicStmnt CovItemId="S6" CovItemPrefix="is2.rubrica.FramePri.java" Intrnl_Id="622">
<LocList>
<Loc EndOffset="1715" SrcFileId="3" StartOffset="1690"/>
</LocList>
</BasicStmnt>
<BasicStmnt CovItemId="S7" CovItemPrefix="is2.rubrica.FramePri.java" Intrnl_Id="623">
<LocList>
<Loc EndOffset="1805" SrcFileId="3" StartOffset="1777"/>
</LocList>
</BasicStmnt>
<BasicStmnt CovItemId="S8" CovItemPrefix="is2.rubrica.FramePri.java" Intrnl_Id="624">
<LocList>
<Loc EndOffset="1914" SrcFileId="3" StartOffset="1863"/>
</LocList>
</BasicStmnt>
<BasicStmnt CovItemId="S9" CovItemPrefix="is2.rubrica.FramePri.java" Intrnl_Id="625">
<LocList>
<Loc EndOffset="1993" SrcFileId="3" StartOffset="1952"/>
</LocList>
</BasicStmnt>
<BasicStmnt CovItemId="S10" CovItemPrefix="is2.rubrica.FramePri.java" Intrnl_Id="626">
<LocList>
<Loc EndOffset="2047" SrcFileId="3" StartOffset="2021"/>
</LocList>
</BasicStmnt>
</StmntSeq>
</HierarchyLvl>
</HierarchyLvl>
</HierarchyLvl>
</HierarchyLvl>
</HierarchyLvl>
</MASTRoot>
</TestSessionContainer>
