<?xml version="1.0" encoding="UTF-8"?>
<TestSessionContainer xmlns="http://www.codecover.org/xml/testsession-container" Date="1343079277037" TestSessionContainerId="65244d1a-54bf-49ca-9fc3-57a080c2551e" version="1.0">
<SrcFileList>
<SrcFile Content="/**&#10; * Rubrica.java&#10; * &#10; * @author Alenadri Enrico - III G&#10; * @date 6/02/2009&#10; * Fixed by:&#10; * &quot;helloIAmPau - Pasquale Boemio &lt;pa.boemio[at]studenti.unina.it&gt;&quot;&#10; * &quot;b3by&quot; - Antonio Bevilacqua &lt;anto.bevilacqua[at]studenti.unina.it&gt;&quot;&#10; * ----------&#10; * This is the first called class. It simply shows the jpanel &quot;FramePri&quot;.&#10; * &#10; * We have fixed:&#10; * 1. indentation&#10; * 2. added some inline documentation&#10; * 3. replaced show() method with setVisible() method of frame object. show() seems to be deprecated&#10; * &#10; * NB: Some class or variables name are edited in order to respect the standard &quot;camel notation&quot;&#10; * to make this source code more readable. &#10; */&#10;package is2.rubrica;&#10;import javax.swing.JFrame;&#10;&#10;&#10;public class Rubrica{&#10;&#9;/**&#10;&#9; * The main method. I don't have to add something else. &#10;&#9; * &#10;&#9; * @param args : This is some command line arguments. Be careful, Rubrica.java doesn't use it!&#10;&#9; */&#10;&#9;public static void main(String[] args){&#10;&#9;&#9;&#10;&#9;&#9;int xLoc=400,   // posizione x dei frame nello schermo&#10;&#9;&#9;&#9;yLoc=400;   // posizione y dei frame nello schermo&#10;&#9;&#9;&#10;&#9;&#9;FramePri frame = new FramePri(xLoc,yLoc); // creo il pannello che verra` mostrato&#10;&#9;&#9;frame.setDefaultCloseOperation(JFrame.EXIT_ON_CLOSE); // operazione da eseguire alla sua chiusura&#10;&#9;&#9;&#10;&#9;&#9;/*-------------------------------------------------&#10;&#9;&#9; * FIX-3&#10;&#9;&#9; * ------------------------------------------------ &#10;&#9;&#9; * Il metodo show() risulta essere deprecato; per evitare problemi futuri&#10;&#9;&#9; * utilizziamo il metodo setVisible()&#10;&#9;&#9; */&#10;&#9;&#9;//frame.show(); &#10;&#9;&#9;frame.setVisible(true); // mostrami il pannello :)&#10;&#9;&#9;//-------------------------------------------------&#10;     &#10;&#9;}&#10; }&#10;" Filename="Rubrica.java" Intrnl_Id="1"/>
<SrcFile Content="/**&#10; * PanelInserimento.java&#10; * &#10; * @author Alenadri Enrico - III G&#10; * @date 6/02/2009&#10; * Fixed by:&#10; * &quot;helloIAmPau - Pasquale Boemio &lt;pa.boemio[at]studenti.unina.it&gt;&quot;&#10; * &quot;b3by&quot; - Antonio Bevilacqua &lt;anto.bevilacqua[at]studenti.unina.it&gt;&quot;&#10; * ----------&#10; * &#10; * We have fixed:&#10; * 1. indentation&#10; * 2. added some inline documentation&#10; * 3. added the serialVersionUID (not necessary)&#10; * 4. converted TextField objects in JTextField (frow AWT to Swing)&#10; * 5. resolved change panel if submit void rub name (thx to testVoidNameCreazioneRubrica())&#10; * &#10; * NB: Some class or variables name are edited in order to respect the standard &quot;camel notation&quot;&#10; * to make this source code more readable. &#10; */&#10;package is2.rubrica;&#10;&#10;import java.awt.TextArea;&#10;import java.awt.event.ActionEvent;&#10;import java.awt.event.ActionListener;&#10;import java.io.BufferedReader;&#10;import java.io.File;&#10;import java.io.FileNotFoundException;&#10;import java.io.FileOutputStream;&#10;import java.io.FileReader;&#10;import java.io.IOException;&#10;import java.io.PrintStream;&#10;&#10;import javax.swing.JButton;&#10;import javax.swing.JLabel;&#10;import javax.swing.JPanel;&#10;import javax.swing.JTextField;&#10;&#10;public class PanelInserimento extends JPanel implements ActionListener{&#10;&#10;    // L'oggetto JFrame e` un oggetto &quot;Serializable&quot;. Poiche` abbiamo seri problemi,&#10;&#9;// preferiamo eliminare anche tutti i &quot;warning&quot; presenti nel codice, e quindi &#10;&#9;// assegnamo a questo un id autogenerato!&#10;&#9;private static final long serialVersionUID = 685601408825075349L;&#10;&#9;&#10;&#9;// ----------------------------------&#10;&#9;// Variabile non usata&#10;&#9;// private boolean exist=true;&#10;&#9;// ----------------------------------&#10;&#9;private int num=0,&#10;&#9;&#9;&#9;linee=0,&#10;&#9;&#9;&#9;lineeStm=0,&#10;&#9;&#9;&#9;i,&#10;&#9;&#9;&#9;cont;&#10;&#9;// ----------------------------------&#10;&#9;// Variabili non usate&#10;&#9;// &#9;&#9;con,&#10;&#9;//      x=0;&#10;&#9;// ----------------------------------&#10;&#9;&#10;&#9;private String linea,&#10;&#9;&#9;&#9;stringa,&#10;&#9;&#9;&#9;risCerca=&quot;&quot;;&#10;&#9;// ----------------------------------&#10;&#9;// Variabile non usata&#10;&#9;// &#9;nameRub;&#10;&#9;// ----------------------------------&#10;&#9;&#10;&#9;private JTextField inNome,&#10;&#9;&#9;&#9;inCognome,&#10;&#9;&#9;&#9;inNumero,&#10;&#9;&#9;&#9;inIndirizzo,&#10;&#9;&#9;&#9;inNameRub,&#10;&#9;&#9;&#9;inCerca;&#10;&#9;&#10;&#9;private FileOutputStream fileS;&#10;&#9;private FileReader fileL;&#10;&#9;private File exFile;&#10;&#9;private PrintStream scrittura;&#10;&#9;private BufferedReader lettura;&#10;&#9;private TextArea risultati;&#10;&#9;private int[] cerca = new int[100];&#10;&#9;&#10;&#9;private JLabel testoIns,&#10;&#9;&#9;&#9;testoStp,&#10;&#9;&#9;&#9;nome,&#10;&#9;&#9;&#9;// ----------------------------------&#10;&#9;&#9;&#9;// Addirittura errori di battitura...&#10;&#9;&#9;&#9;// Congome,&#10;&#9;&#9;&#9;Cognome,&#10;&#9;&#9;&#9;// ----------------------------------&#10;&#9;&#9;&#9;Numero,&#10;&#9;&#9;&#9;Indirizzo,&#10;&#9;&#9;&#9;index,&#10;&#9;&#9;&#9;spazio,&#10;&#9;&#9;&#9;stmNome,&#10;&#9;&#9;&#9;stmCognome,&#10;&#9;&#9;&#9;stmNumero,&#10;&#9;&#9;&#9;stmIndirizzo,&#10;&#9;&#9;&#9;infoCerca;&#10;&#9;&#10;&#9;private JButton ok,&#10;&#9;&#9;&#9;reset,&#10;&#9;&#9;&#9;savExit,&#10;&#9;&#9;&#9;invio,&#10;&#9;&#9;&#9;invio_,&#10;&#9;&#9;&#9;indIns,&#10;&#9;&#9;&#9;indStp,&#10;&#9;&#9;&#9;indCer,&#10;&#9;&#9;&#9;avanti,&#10;&#9;&#9;&#9;back,&#10;&#9;&#9;&#9;indietro,&#10;&#9;&#9;&#9;exit,&#10;&#9;&#9;&#9;Cerca;&#10;&#9;&#10;&#9;public PanelInserimento(){&#10;&#9;&#9;&#10;&#9;&#9;this.exit = new JButton(&quot;esci&quot;);&#10;&#9;&#9;this.spazio= new JLabel(&quot;                              &quot;);&#10;&#9;&#9;&#10;&#9;&#9;// Componenti Index&#10;&#9;&#9;this.index = new JLabel(&quot;       Cosa vuoi fare?                                    &quot;);&#10;&#9;&#9;// ----------------------------------&#10;&#9;&#9;// Per poter fare testing, sono stati aggiunti i nomi ad alcune JLabel&#10;&#9;&#9;this.index.setName(&quot;index&quot;);&#10;&#9;&#9;// ----------------------------------&#10;&#9;&#9;this.indIns = new JButton(&quot;Crea rubrica&quot;);&#10;&#9;&#9;this.indStp = new JButton(&quot;Visualizza contatti&quot;);&#10;&#9;&#9;this.indCer = new JButton(&quot;Cerca Contatti&quot;);&#10;&#9;&#9;&#10;&#9;&#9;// Componenti inserimento nome Rubrica-inserimento scherda/stampa scheda&#10;&#9;&#9;this.testoIns = new JLabel(&quot;Inserisci il nome con cui salvare la rubrica        &quot;);&#10;&#9;&#9;this.testoStp = new JLabel(&quot;Inserisci il nome della rubrica        &quot;);&#10;&#9;&#9;// ----------------------------------&#10;&#9;&#9;// Per poter fare testing, sono stati aggiunti i nomi ad alcune JLabel&#10;&#9;&#9;this.testoStp.setName(&quot;testoStp&quot;);&#10;&#9;&#9;this.testoIns.setName(&quot;testoIns&quot;);&#10;&#9;&#9;// ----------------------------------&#10;&#9;&#9;this.inNameRub = new JTextField(10);&#10;&#9;&#9;// ----------------------------------&#10;&#9;&#9;// Per poter fare testing, sono stati aggiunti i nomi ai textfield&#10;&#9;&#9;this.inNameRub.setName(&quot;inNameRub&quot;);&#10;&#9;&#9;// ----------------------------------&#10;&#9;&#9;this.invio = new JButton(&quot;Invio&quot;);&#10;&#9;&#9;this.invio_ = new JButton(&quot;Invio &quot;);&#10;&#9;&#9;&#10;&#9;&#9;// Componenti Cerca&#10;&#9;&#9;this.Cerca = new JButton(&quot;Cerca&quot;);&#10;&#9;&#9;this.infoCerca = new JLabel(&quot;Puoi cercare per Nome-Cognome-Numero-indirizzo&quot;);&#10;&#9;&#9;// ----------------------------------&#10;&#9;&#9;// Per poter fare testing, sono stati aggiunti i nomi ai textfield&#10;&#9;&#9;this.infoCerca.setName(&quot;infoCerca&quot;);&#10;&#9;&#9;// ----------------------------------&#10;&#9;&#9;this.inCerca = new JTextField(10);&#10;&#9;&#9;// ----------------------------------&#10;&#9;&#9;// Per poter fare testing, sono stati aggiunti i nomi ai textfield&#10;&#9;&#9;this.inCerca.setName(&quot;inCerca&quot;);&#10;&#9;&#9;// ----------------------------------&#10;&#9;&#9;this.risultati = new TextArea(10,35);&#10;&#9;&#9;// ----------------------------------&#10;&#9;&#9;// Per poter fare testing, sono stati aggiunti i nomi ai textfield&#10;&#9;&#9;this.risultati.setName(&quot;risultati&quot;);&#10;&#9;&#9;// ----------------------------------&#10;&#9;&#9;this.risultati.setEditable(false);&#10;&#9;&#9;this.risultati.setCaretPosition(0);&#10;&#9;&#9;&#10;&#9;&#9;// Componenti inserimento scheda&#10;&#9;&#9;this.nome = new JLabel(&quot;                Nome&quot;);&#10;&#9;&#9;this.Cognome = new JLabel(&quot;                Cognome&quot;);&#10;&#9;&#9;this.Numero = new JLabel(&quot;                Numero Casa&quot;);&#10;&#9;&#9;this.Indirizzo = new JLabel(&quot;                Indirizzo&quot;);&#10;&#9;&#9;this.ok = new JButton(&quot;Add&quot;);&#10;&#9;&#9;this.reset = new JButton(&quot;Reset&quot;);&#10;&#9;&#9;this.savExit = new JButton(&quot;Save &amp; Back&quot;);&#10;&#9;&#9;this.inNome = new JTextField(17);&#10;&#9;&#9;this.inCognome = new JTextField(17);&#10;&#9;&#9;this.inNumero = new JTextField(17);&#10;&#9;&#9;this.inIndirizzo = new JTextField(17);&#10;&#9;&#9;// Per poter fare testing, sono stati aggiunti i nomi ai textfield&#10;&#9;&#9;this.inNome.setName(&quot;inNome&quot;);&#10;&#9;&#9;this.inCognome.setName(&quot;inCognome&quot;);&#10;&#9;&#9;this.inNumero.setName(&quot;inNumero&quot;);&#10;&#9;&#9;this.inIndirizzo.setName(&quot;inIndirizzo&quot;);&#10;&#9;&#9;// ----------------------------------&#10;&#9;&#9;&#10;&#9;&#9;// Componenti stampa Scheda&#10;&#9;&#9;this.stmNome = new JLabel(&quot;Nome:&quot;);&#10;&#9;&#9;this.stmCognome = new JLabel(&quot;Cognome:&quot;);&#10;&#9;&#9;this.stmNumero = new JLabel(&quot;Numero:&quot;);&#10;&#9;&#9;this.stmIndirizzo = new JLabel(&quot;Indirizzo&quot;);&#10;&#9;&#9;this.avanti = new JButton(&quot;&gt;&gt;&quot;);&#10;&#9;&#9;this.back = new JButton(&quot;Indietro&quot;);&#10;&#9;&#9;this.indietro = new JButton(&quot;&lt;&lt;&quot;);&#10;&#9;&#9;&#10;&#9;&#9;// ----------------------------------&#10;&#9;&#9;// Variabile non usata&#10;&#9;&#9;// &#9;this.nameRub = inNameRub.getText();&#10;&#9;&#9;// ----------------------------------&#10;&#9;&#9;&#10;&#9;&#9;// Aggiungo componenti index&#10;&#9;&#9;this.add(this.index);&#10;&#9;&#9;this.add(this.indIns);&#10;&#9;&#9;this.add(this.indStp);&#10;&#9;&#9;this.add(this.indCer);&#10;&#9;&#9;this.add(this.exit);&#10;&#9;&#9;&#10;&#9;&#9;this.indIns.addActionListener(this);&#10;&#9;&#9;this.indStp.addActionListener(this);&#10;&#9;&#9;this.indCer.addActionListener(this);&#10;&#9;&#9;this.exit.addActionListener(this);&#10;&#9;&#9;&#10;&#9;&#9;// Aggiungo componenti Inserimento rubrica&#10;&#9;&#9;this.add(this.testoStp);&#10;&#9;&#9;this.add(this.testoIns);&#10;&#9;&#9;this.add(this.inNameRub);&#10;&#9;&#9;this.add(this.invio);&#10;&#9;&#9;this.add(this.invio_);&#10;&#9;&#9;&#10;&#9;&#9;this.invio.addActionListener(this);&#10;&#9;&#9;this.invio_.addActionListener(this);&#10;&#9;&#9;&#10;&#9;&#9;// Aggiungo componenti Cerca&#10;&#9;&#9;this.add(this.risultati);&#10;&#9;&#9;this.add(this.infoCerca);&#10;&#9;&#9;this.add(this.inCerca);&#10;&#9;&#9;this.add(this.Cerca);&#10;&#9;&#9;&#10;&#9;&#9;this.Cerca.addActionListener(this);&#10;&#9;&#9;&#10;&#9;&#9;// Aggiungo componenti Input contatti&#10;&#9;&#9;this.add(this.nome);&#10;&#9;&#9;this.add(this.inNome);&#10;&#9;&#9;this.add(this.Cognome);&#10;&#9;&#9;this.add(this.inCognome);&#10;&#9;&#9;this.add(this.Numero);&#10;&#9;&#9;this.add(this.inNumero);&#10;&#9;&#9;this.add(this.Indirizzo);&#10;&#9;&#9;this.add(this.inIndirizzo);&#10;&#9;&#9;this.add(this.ok);&#10;&#9;&#9;this.add(this.reset);&#10;&#9;&#9;this.add(this.savExit);&#10;&#9;&#9;&#10;&#9;&#9;this.ok.addActionListener(this);&#10;&#9;&#9;this.reset.addActionListener(this);&#10;&#9;&#9;this.savExit.addActionListener(this);&#10;&#9;&#9;&#10;&#9;&#9;// Aggiungo componenti Visualizzazione contatti&#10;&#9;&#9;this.add(this.stmNome);&#10;&#9;&#9;this.add(this.stmCognome);&#10;&#9;&#9;this.add(this.stmNumero);&#10;&#9;&#9;this.add(this.stmIndirizzo);&#10;&#9;&#9;this.add(this.indietro);&#10;&#9;&#9;this.add(this.back);&#10;&#9;&#9;this.add(this.avanti);&#10;&#9;&#9;this.indietro.setEnabled(false);&#10;&#9;&#9;&#10;&#9;&#9;this.avanti.addActionListener(this);&#10;&#9;&#9;this.back.addActionListener(this);&#10;&#9;&#9;this.indietro.addActionListener(this);&#10;&#9;&#9;&#10;&#9;&#9;// Setto i componenti per visualizzare la scherata di index&#10;&#9;&#9;this.pannelloInput(false);&#10;&#9;&#9;this.pannelloOutput(false);&#10;&#9;&#9;this.pannelloRubIns(false);&#10;&#9;&#9;this.pannelloCerca(false);&#10;&#9;&#9;this.pannelloRisultati(false);&#10;&#9;&#9;&#10;&#9;}&#10;&#9;&#10;&#9;public void actionPerformed(ActionEvent evt){&#10;&#9;&#9;&#10;&#9;&#9;String nome = inNome.getText();&#10;&#9;&#9;String cognome = inCognome.getText();&#10;&#9;&#9;String numero = inNumero.getText();&#10;&#9;&#9;String indirizzo = inIndirizzo.getText();&#10;&#9;&#9;String nameRub = inNameRub.getText();&#10;&#9;&#9;boolean test;&#10;&#9;&#9;&#10;&#9;&#9;String command = evt.getActionCommand();&#10;&#9;&#9;command = command.toLowerCase();&#10;&#9;&#9;&#10;&#9;&#9;if(command.equals(&quot;&lt;&lt;&quot;)){&#10;&#9;&#9;&#9;if(this.num&gt;0){&#10;&#9;&#9;&#9;&#9;this.num--;&#10;&#9;&#9;&#9;&#9;this.avanti.setEnabled(true);&#10;&#9;&#9;&#9;}&#10;&#9;&#9;&#9;if(this.num&lt;0)&#10;&#9;&#9;&#9;&#9;this.indietro.setEnabled(false);&#10;&#9;&#9;&#9;&#10;&#9;&#9;&#9;this.letturaFile(nameRub);&#10;&#9;&#9;&#9;this.stampa();&#10;&#9;&#9;}&#10;&#9;&#9;if(command.equals(&quot;&gt;&gt;&quot;)){&#10;&#9;&#9;&#9;if((this.num+1)*4&lt;this.lineeStm){&#10;&#9;&#9;&#9;&#9;this.num++;&#10;&#9;&#9;&#9;&#9;this.indietro.setEnabled(true);&#10;&#9;&#9;&#9;}&#10;&#9;&#9;&#9;if((this.num+1)*4==this.lineeStm)&#10;&#9;&#9;&#9;&#9;this.avanti.setEnabled(false);&#10;&#9;&#9;&#9;&#10;&#9;&#9;&#9;this.letturaFile(nameRub);&#10;&#9;&#9;&#9;this.stampa();&#10;&#9;&#9;}&#10;&#9;&#9;if(command.equals(&quot;indietro&quot;)){&#10;&#9;&#9;&#9;this.num=0;&#10;&#9;&#9;&#9;this.risCerca=&quot;&quot;;&#10;&#9;&#9;&#9;this.testoStp.setText(&quot;Inserisci il nome della rubrica        &quot;);&#10;&#9;&#9;&#9;this.testoIns.setText(&quot;Inserisci il nome con cui salvare la rubrica        &quot;);&#10;&#9;&#9;&#9;this.avanti.setEnabled(true);&#10;&#9;&#9;&#9;this.indietro.setEnabled(false);&#10;&#9;&#9;&#9;this.pannelloIndex(true);&#10;&#9;&#9;&#9;this.pannelloInput(false);&#10;&#9;&#9;&#9;this.pannelloOutput(false);&#10;&#9;&#9;&#9;this.pannelloRubIns(false);&#10;&#9;&#9;&#9;this.pannelloRubStp(false);&#10;&#9;&#9;&#9;this.pannelloCerca(false);&#10;&#9;&#9;&#9;this.pannelloRisultati(false);&#10;&#9;&#9;}&#10;&#9;&#9;if(command.equals(&quot;add&quot;)){&#10;&#9;&#9;&#9;try{&#10;&#9;&#9;&#9;&#9;this.scrittura.println(nome);&#10;&#9;&#9;&#9;&#9;this.scrittura.println(cognome);&#10;&#9;&#9;&#9;&#9;this.scrittura.println(numero);&#10;&#9;&#9;&#9;&#9;this.scrittura.println(indirizzo);&#10;&#9;&#9;&#9;} &#10;&#9;&#9;&#9;catch(NullPointerException ex){&#10;&#9;&#9;&#9;&#9;System.out.println(&quot;File insesistente...                        &quot;);&#10;&#9;&#9;&#9;}&#10;&#9;&#9;&#9;&#10;&#9;&#9;&#9;this.reset();&#10;&#9;&#9;}&#10;&#9;&#9;if(command.equals(&quot;invio&quot;)){&#10;&#9;&#9;&#9;test=true;&#10;&#9;&#9;&#9;&#10;&#9;&#9;&#9;if(nameRub.equals(&quot;&quot;))&#10;&#9;&#9;&#9;&#9;test=true;&#10;&#9;&#9;&#9;&#10;&#9;&#9;&#9;this.exFile = new File(nameRub);&#10;&#9;&#9;&#9;if( ((this.exFile).exists()) || (test==false)){&#10;&#9;&#9;&#9;&#9;this.inNameRub.setText(&quot;&quot;);&#10;&#9;&#9;&#9;&#9;if(test==false)&#10;&#9;&#9;&#9;&#9;&#9;this.testoIns.setText(&quot;Nome File non corretto.Riprova                        &quot;);&#10;&#9;&#9;&#9;&#9;else&#10;&#9;&#9;&#9;&#9;&#9;// ----------------------------------&#10;&#9;&#9;&#9;&#9;&#9;// Carattere UTF8 non codificato &#10;&#9;&#9;&#9;&#9;&#9;//this.testoIns.setText(&quot;File gi‡ esistente. Riprova                         &quot;);&#10;&#9;&#9;&#9;&#9;&#9;this.testoIns.setText(&quot;File già esistente. Riprova                         &quot;);&#10;&#9;&#9;&#9;&#9;&#9;// ----------------------------------&#10;&#9;&#9;&#9;&#9;}&#10;&#9;&#9;&#9;else{&#10;&#9;&#9;&#9;&#9;pannelloRubIns(false);&#10;&#9;&#9;&#9;&#9;pannelloInput(true);&#10;&#9;&#9;&#9;&#9;try{&#10;&#9;&#9;&#9;&#9;&#9;this.fileS = new FileOutputStream(nameRub);&#10;&#9;&#9;&#9;&#9;&#9;this.scrittura = new PrintStream(this.fileS);&#10;&#9;&#9;&#9;&#9;}&#10;&#9;&#9;&#9;&#9;catch(FileNotFoundException ex){&#10;&#9;&#9;&#9;&#9;&#9;System.out.println(&quot;Errore in lettura File...&quot;);&#10;&#9;&#9;&#9;&#9;}&#10;&#9;&#9;&#9;}&#10;&#9;&#9;}&#10;&#9;&#9;if(command.equals(&quot;invio &quot;)){&#10;&#9;&#9;&#9;test=true;&#10;&#9;&#9;&#9;&#10;&#9;&#9;&#9;if(nameRub.equals(&quot;&quot;))&#10;&#9;&#9;&#9;&#9;test=false;&#10;&#9;&#9;&#9;&#10;&#9;&#9;&#9;this.exFile = new File(nameRub);&#10;&#9;&#9;&#9;if( ((this.exFile).exists()) &amp;&amp; (test==true)){&#10;&#9;&#9;&#9;&#9;this.letturaFile(nameRub);&#10;&#9;&#9;&#9;&#9;this.stampa();&#10;&#9;&#9;&#9;&#9;this.pannelloRubStp(false);&#10;&#9;&#9;&#9;&#9;this.pannelloOutput(true);&#10;&#9;&#9;&#9;}&#10;&#9;&#9;&#9;else{&#10;&#9;&#9;&#9;&#9;this.inNameRub.setText(&quot;&quot;);&#10;&#9;&#9;&#9;&#9;if(test==false)&#10;&#9;&#9;&#9;&#9;&#9;this.testoStp.setText(&quot;Nome File non corretto.Riprova!                       &quot;);&#10;&#9;&#9;&#9;&#9;else&#10;&#9;&#9;&#9;&#9;&#9;testoStp.setText(&quot;File non esistente. Riprova!                        &quot;);&#10;&#9;&#9;&#9;}&#10;&#9;&#9;}&#10;&#9;&#9;if(command.equals(&quot;reset&quot;)){&#10;&#9;&#9;&#9;this.reset();&#10;&#9;&#9;}&#10;&#9;&#9;if(command.equals(&quot;save &amp; back&quot;)){&#10;&#9;&#9;&#9;this.pannelloInput(false);&#10;&#9;&#9;&#9;this.pannelloRubIns(false);&#10;&#9;&#9;&#9;this.pannelloRubStp(false);&#10;&#9;&#9;&#9;this.pannelloIndex(true);&#10;&#9;&#9;&#9;this.pannelloOutput(false);&#10;&#9;&#9;}&#10;&#9;&#9;if(command.equals(&quot;cerca&quot;)){&#10;&#9;&#9;&#9;test=true;&#10;&#9;&#9;&#9;&#10;&#9;&#9;&#9;if(nameRub.equals(&quot;&quot;))&#10;&#9;&#9;&#9;&#9;test=false;&#10;&#9;&#9;&#9;&#10;&#9;&#9;&#9;this.exFile = new File(nameRub);&#10;&#9;&#9;&#9;if( ((this.exFile).exists()) &amp;&amp; (test==true)){&#10;&#9;&#9;&#9;&#9;this.stringa = this.inCerca.getText();&#10;&#9;&#9;&#9;&#9;this.cont=0;&#10;&#9;&#9;&#9;&#9;// ----------------------------------&#10;&#9;&#9;&#9;&#9;// Variabile non usata&#10;&#9;&#9;&#9;&#9;// con=0;&#10;&#9;&#9;&#9;&#9;// ----------------------------------&#10;&#9;&#9;&#9;&#9;this.linee=0;&#10;&#9;&#9;&#9;&#9;this.cerca = new int[100];&#10;&#9;&#9;&#9;&#9;this.cerca(this.stringa,nameRub);&#10;&#9;&#9;&#9;&#9;this.i=0;&#10;&#9;&#9;&#9;&#9;if(this.cerca[0]==0) {&#10;&#9;&#9;&#9;&#9;&#9;do {&#10;&#9;&#9;&#9;&#9;&#9;&#9;this.stampaRisultati(this.cerca[this.i]-1,nameRub);&#10;&#9;&#9;&#9;&#9;&#9;&#9;this.i++;&#10;&#9;&#9;&#9;&#9;&#9;} while(this.cerca[this.i]!=0);&#10;&#9;&#9;&#9;&#9;}else{&#10;&#9;&#9;&#9;&#9;&#9;this.risCerca=&quot;Nessun contatto trovato!!&quot;;&#10;&#9;&#9;&#9;&#9;}&#10;&#9;&#9;&#9;&#9;this.risultati.setText(this.risCerca);&#10;&#9;&#9;&#9;&#9;this.pannelloCerca(false);&#10;&#9;&#9;&#9;&#9;this.pannelloRisultati(true);&#10;&#9;&#9;&#9;}else{&#10;&#9;&#9;&#9;&#9;this.inNameRub.setText(&quot;&quot;);&#10;&#9;&#9;&#9;&#9;if(test==false)&#10;&#9;&#9;&#9;&#9;&#9;this.testoStp.setText(&quot;Nome File non corretto.Riprova!                       &quot;);&#10;&#9;&#9;&#9;&#9;else&#10;&#9;&#9;&#9;&#9;&#9;this.testoStp.setText(&quot;File non esistente. Riprova!                        &quot;);&#10;&#9;&#9;&#9;}&#10;&#9;&#9;}&#10;&#9;&#9;if(command.equals(&quot;Esci&quot;)){&#10;&#9;&#9;&#9;System.exit(0);&#10;&#9;&#9;}&#10;&#9;&#9;if(command.equals(&quot;crea rubrica&quot;)){&#10;&#9;&#9;&#9;this.pannelloRubIns(true);&#10;&#9;&#9;&#9;this.pannelloIndex(false);&#10;&#9;&#9;}&#10;&#9;&#9;if(command.equals(&quot;visualizza contatti&quot;)){&#10;&#9;&#9;&#9;this.pannelloRubStp(true);&#10;&#9;&#9;&#9;this.pannelloIndex(false);&#10;&#9;&#9;}&#10;&#9;&#9;if(command.equals(&quot;cerca contatti&quot;)) {&#10;&#9;&#9;&#9;this.pannelloIndex(false);&#10;&#9;&#9;&#9;this.pannelloCerca(true);&#10;&#9;&#9;}&#10;&#9;}&#10;   &#10;&#9;void letturaFile(String nomeFile) {&#10;&#9;&#9;  int cont=0;&#10;&#9;&#9;  this.lineeStm=0;&#10;&#9;&#9;  &#10;&#9;&#9;  try {&#10;&#9;&#9;&#9;  this.fileL = new FileReader(nomeFile);&#10;&#9;&#9;&#9;  this.lettura = new BufferedReader(this.fileL);&#10;&#9;&#9;&#9;  &#10;&#9;&#9;&#9;  while( (this.linea = this.lettura.readLine()) != null )&#10;&#9;&#9;&#9;&#9;  this.lineeStm++;&#10;&#9;&#9;&#9;  &#10;&#9;&#9;&#9;  this.fileL = new FileReader(nomeFile);&#10;&#9;&#9;&#9;  this.lettura = new BufferedReader(fileL);&#10;&#9;&#9;&#9;  &#10;&#9;&#9;&#9;  while( cont &lt; this.num*4 ) {&#10;&#9;&#9;&#9;&#9;  cont++;&#10;&#9;&#9;&#9;&#9;  this.linea = this.lettura.readLine();&#10;&#9;&#9;&#9;  }&#10;&#9;&#9;  }&#10;&#9;&#9;  catch(FileNotFoundException ex) {&#10;&#9;&#9;&#9;  System.out.println(&quot;Errore in lettura file, Nessun file trovato!&quot;);&#10;&#9;&#9;  }&#10;&#9;&#9;  catch(IOException ex) {&#10;&#9;&#9;&#9;  System.out.println(&quot;Errore in lettura file..&quot;);&#10;&#9;&#9;  }&#10;&#9;}&#10;&#9;&#10;&#9;void cerca(String stringRicerca,String nomeFile) {&#10;&#9;&#9;this.i=0;&#10;&#9;&#9;&#10;&#9;&#9;try{&#10;&#9;&#9;&#9;this.fileL = new FileReader(nomeFile);&#10;&#9;&#9;&#9;this.lettura= new BufferedReader(this.fileL);&#10;&#9;&#9;&#9;&#10;&#9;&#9;&#9;while( (this.linea = this.lettura.readLine()) != null ) {&#10;&#9;&#9;&#9;&#9;this.linee++;&#10;&#9;&#9;&#9;}&#10;&#9;&#9;&#9;&#10;&#9;&#9;&#9;this.fileL = new FileReader(nomeFile);&#10;&#9;&#9;&#9;this.lettura = new BufferedReader(this.fileL);&#10;&#9;&#9;&#9;this.num=1;&#10;&#9;&#9;&#9;do {&#10;&#9;&#9;&#9;&#9;while( this.cont &lt; this.num*4 ) {&#10;&#9;&#9;&#9;&#9;&#9;this.cont++;&#10;&#9;&#9;&#9;&#9;&#9;this.linea = this.lettura.readLine();&#10;&#9;&#9;&#9;&#9;&#9;if( this.linea != null) {&#10;&#9;&#9;&#9;&#9;&#9;&#9;if(this.linea.equals(stringRicerca)) {&#10;&#9;&#9;&#9;&#9;&#9;&#9;&#9;this.cerca[this.i] = this.num;&#10;&#9;&#9;&#9;&#9;&#9;&#9;&#9;this.i++;&#10;&#9;&#9;&#9;&#9;&#9;&#9;}&#10;&#9;&#9;&#9;&#9;&#9;}&#10;&#9;&#9;&#9;&#9;}&#10;&#9;&#9;&#9;&#9;this.num++;&#10;&#9;&#9;&#9;}&#10;&#9;&#9;&#9;while(this.cont &lt; this.linee);&#10;&#9;&#9;}&#10;&#9;&#9;catch(FileNotFoundException ex) {&#10;&#9;&#9;&#9;System.out.println(&quot;Errore in lettura file..&quot;);&#10;&#9;&#9;}&#10;&#9;&#9;catch(IOException ex) {&#10;&#9;&#9;&#9;System.out.println(&quot;Errore in lettura file..&quot;);&#10;&#9;&#9;}&#10;&#9;}&#10;&#9;&#10;&#9;void stampaRisultati(int nume,String nomeFile) {&#10;&#9;&#9;this.cont=0;&#10;&#9;&#9;// ----------------------------------&#10;&#9;&#9;// Variabile non usata&#10;&#9;&#9;// con=0;&#10;&#9;&#9;// ----------------------------------&#10;&#9;&#9;this.linee=0;&#10;&#9;&#9;try{&#10;&#9;&#9;&#9;this.fileL = new FileReader(nomeFile);&#10;&#9;&#9;&#9;this.lettura = new BufferedReader(this.fileL);&#10;&#9;&#9;&#9;&#10;&#9;&#9;&#9;while( (this.linea = this.lettura.readLine()) != null ) {&#10;&#9;&#9;&#9;&#9;this.linee++;&#10;&#9;&#9;&#9;}&#10;&#9;&#9;&#9;&#10;&#9;&#9;&#9;this.fileL = new FileReader(nomeFile);&#10;&#9;&#9;&#9;this.lettura = new BufferedReader(this.fileL);&#10;&#9;&#9;&#9;&#10;&#9;&#9;&#9;while(this.cont&lt;nume*4) {&#10;&#9;&#9;&#9;&#9;this.linea = this.lettura.readLine();&#10;&#9;&#9;&#9;&#9;this.cont++;&#10;&#9;&#9;&#9;}&#10;&#9;&#9;&#9;&#10;&#9;&#9;&#9;this.linea = this.lettura.readLine();&#10;&#9;&#9;&#9;this.risCerca += &quot;Nome: &quot; + this.linea;&#10;&#9;&#9;&#9;&#10;&#9;&#9;&#9;this.linea = this.lettura.readLine();&#10;&#9;&#9;&#9;this.risCerca += &quot;\nCognome: &quot; + this.linea;&#10;&#9;&#9;&#9;&#10;&#9;&#9;&#9;this.linea = this.lettura.readLine();&#10;&#9;&#9;&#9;this.risCerca += &quot;\nNumero Casa: &quot; + this.linea;&#10;&#9;&#9;&#9;&#10;&#9;&#9;&#9;this.linea = this.lettura.readLine();&#10;&#9;&#9;&#9;this.risCerca += &quot;\nIndirizzo: &quot; + this.linea + &quot;\n\n&quot;;&#10;&#9;&#9;}&#10;&#9;&#9;catch(FileNotFoundException ex) {&#10;&#9;&#9;&#9;System.out.println(&quot;Errore in lettura file..&quot;);&#10;&#9;&#9;}&#10;&#9;&#9;catch(IOException ex) { &#10;&#9;&#9;&#9;System.out.println(&quot;Errore in lettura file..&quot;);&#10;&#9;&#9;}&#10;&#9;}&#10;&#10;&#9;void stampa() {&#10;&#9;&#9;&#10;&#9;&#9;try {&#10;&#9;&#9;&#9;this.linea = this.lettura.readLine();&#10;&#9;&#9;&#9;this.stmNome.setText(&quot;                        Nome :  &quot; + this.linea + &quot;                                            &quot;);&#10;&#9;&#9;&#9;this.linea = this.lettura.readLine();&#10;&#9;&#9;&#9;this.stmCognome.setText(&quot;                        Cognome :  &quot; + this.linea + &quot;                                  &quot;);&#10;&#9;&#9;&#9;this.linea = this.lettura.readLine();&#10;&#9;&#9;&#9;this.stmNumero.setText(&quot;                         Numero :  &quot; + this.linea + &quot;                                  &quot;);&#10;&#9;&#9;&#9;this.linea = this.lettura.readLine();&#10;&#9;&#9;&#9;this.stmIndirizzo.setText(&quot;                        Indirizzo :  &quot; + this.linea + &quot;                                  &quot;);&#10;&#9;&#9;}&#10;&#9;&#9;catch(IOException ex) {&#10;&#9;&#9;&#9;System.out.println(&quot;Errore in stampa Dati File.....&quot;);&#10;&#9;&#9;} &#10;&#9;&#9;catch(NullPointerException ex) {&#10;&#9;&#9;&#9;System.out.println(&quot;Nessun file ricevuto...&quot;);&#10;&#9;&#9;}&#10;&#9;}&#10;&#9;&#10;&#9;void reset() {&#10;&#9;&#9;this.inNome.setText(&quot;&quot;);&#10;&#9;&#9;this.inCognome.setText(&quot;&quot;);&#10;&#9;&#9;this.inNumero.setText(&quot;&quot;);&#10;&#9;&#9;this.inIndirizzo.setText(&quot;&quot;);&#10;&#9;}&#10;&#9;&#10;&#9;void pannelloCerca(boolean att) {&#10;&#9;&#9;this.testoStp.setVisible(att);&#10;&#9;&#9;this.inNameRub.setVisible(att);&#10;&#9;&#9;this.infoCerca.setVisible(att);&#10;&#9;&#9;this.inCerca.setVisible(att);&#10;&#9;&#9;Cerca.setVisible(att);&#10;&#9;&#9;back.setVisible(att);&#10;&#9;   }&#10;   &#10;&#9;void pannelloRisultati(boolean att) {&#10;&#9;&#9;this.risultati.setVisible(att);&#10;&#9;&#9;this.back.setVisible(att);&#10;&#9;}&#10;&#9;&#10;&#9;void pannelloInput(boolean att) {&#10;&#9;&#9;this.nome.setVisible(att);&#10;&#9;&#9;this.inNome.setVisible(att);&#10;&#9;&#9;this.Cognome.setVisible(att);&#10;&#9;&#9;this.inCognome.setVisible(att);&#10;&#9;&#9;this.Numero.setVisible(att);&#10;&#9;&#9;this.inNumero.setVisible(att);&#10;&#9;&#9;this.Indirizzo.setVisible(att);&#10;&#9;&#9;this.inIndirizzo.setVisible(att);&#10;&#9;&#9;&#10;&#9;&#9;this.ok.setVisible(att);&#10;&#9;&#9;this.reset.setVisible(att);&#10;&#9;&#9;this.savExit.setVisible(att);&#10;&#9;}&#10;&#9;&#10;&#9;void pannelloOutput(boolean att) {&#10;&#9;&#9;this.stmNome.setVisible(att);&#10;&#9;&#9;this.stmCognome.setVisible(att);&#10;&#9;&#9;this.stmNumero.setVisible(att);&#10;&#9;&#9;this.stmIndirizzo.setVisible(att);&#10;&#9;&#9;this.avanti.setVisible(att);&#10;&#9;&#9;this.back.setVisible(att);&#10;&#9;&#9;this.indietro.setVisible(att);&#10;&#9;}&#10;&#9;&#10;&#9;void pannelloRubIns(boolean att) {&#10;&#9;&#9;this.testoStp.setVisible(false);&#10;&#9;&#9;this.testoIns.setVisible(att);&#10;&#9;&#9;this.inNameRub.setVisible(att);&#10;&#9;&#9;this.invio.setVisible(att);&#10;&#9;&#9;this.invio_.setVisible(false);&#10;&#9;}&#10;&#9;&#10;&#9;void pannelloRubStp(boolean att) {&#10;&#9;&#9;this.testoIns.setVisible(false);&#10;&#9;&#9;this.testoStp.setVisible(att);&#10;&#9;&#9;this.inNameRub.setVisible(att);&#10;&#9;&#9;this.invio.setVisible(false);&#10;&#9;&#9;this.invio_.setVisible(att);&#10;&#9;&#9;this.back.setVisible(att);&#10;&#9;}&#10;&#9;&#10;&#9;void pannelloIndex(boolean att) {&#10;&#9;&#9;this.index.setVisible(att);&#10;&#9;&#9;this.indIns.setVisible(att);&#10;&#9;&#9;this.indStp.setVisible(att);&#10;&#9;&#9;this.indCer.setVisible(att);&#10;&#9;&#9;this.exit.setVisible(att);&#10;&#9;&#9;this.spazio.setVisible(att);&#10;&#9;}&#10;}" Filename="PanelInserimento.java" Intrnl_Id="2"/>
<SrcFile Content="/**&#10; * FramePri.java&#10; * &#10; * @author Alenadri Enrico - III G&#10; * @date 6/02/2009&#10; * Fixed by:&#10; * &quot;helloIAmPau - Pasquale Boemio &lt;pa.boemio[at]studenti.unina.it&gt;&quot;&#10; * &quot;b3by&quot; - Antonio Bevilacqua &lt;anto.bevilacqua[at]studenti.unina.it&gt;&quot;&#10; * ----------&#10; * This is the frame object showed by Rubrica.java.&#10; * We suppose the purpose of the author is to have an object representative of the view with &#10; * which the user interacts. &#10; * &#10; * We have fixed:&#10; * 1. indentation&#10; * 2. added some inline documentation&#10; * 3. added the serialVersionUID (not necessary)&#10; * &#10; * NB: Some class or variables name are edited in order to respect the standard &quot;camel notation&quot;&#10; * to make this source code more readable. &#10; */&#10;package is2.rubrica;&#10;&#10;import java.awt.Container;&#10;import javax.swing.JFrame;&#10;&#10;public class FramePri extends JFrame {&#10;&#9;&#10;    // L'oggetto JFrame e` un oggetto &quot;Serializable&quot;. Poiche` abbiamo seri problemi,&#10;&#9;// preferiamo eliminare anche tutti i &quot;warning&quot; presenti nel codice, e quindi &#10;&#9;// assegnamo a questo un id autogenerato!&#10;&#9;private static final long serialVersionUID = 5630246559558602437L;&#10;&#9;// Ecco quanto dovra` essere grande il mio pannello!&#10;&#9;public static final int DEFAULT_WIDTH = 300 ;&#10;&#9;public static final int DEFAULT_HEIGHT = 245 ;&#10;&#9;&#10;    /**&#10;     * This method builds the panel and puts it at location (xLoc,yLoc) on the screen. &#10;     * &#10;     * @param xLoc : This is the location of the panel on the axis x&#10;     * @param yLoc : This is the location of the panel on the axis y&#10;     */&#10;&#9;public FramePri(int xLoc,int yLoc){&#10;&#9;&#9;this.setSize(FramePri.DEFAULT_WIDTH, FramePri.DEFAULT_HEIGHT); // setta la dimensione&#10;&#9;&#9;this.setTitle(&quot;Rubrica 2.0  by Aleandri Enrico&quot;); // setta il titolo&#10;&#9;&#9;this.setResizable(false); // non permettere all'utente di fare come cacchio gli pare&#10;&#9;&#9;this.setLocation(xLoc,yLoc); // mettilo proprio li, aspe` un po` piu` a destra, ok!&#10;&#9;&#9;PanelInserimento panelIns = new PanelInserimento(); // crea il contenuto del pannello &#10;&#9;&#9;Container contentPane = getContentPane(); // prendi il contenitore&#10;&#9;&#9;contentPane.add(panelIns); // in tavola!&#10;&#9;&#9;&#10;&#9;}&#10;}&#10;" Filename="FramePri.java" Intrnl_Id="3"/>
</SrcFileList>
<CritList>
<CritListEntry Name="org.codecover.model.utils.criteria.LoopCoverage" PluginName="org.codecover"/>
<CritListEntry Name="org.codecover.model.utils.criteria.BranchCoverage" PluginName="org.codecover"/>
<CritListEntry Name="org.codecover.model.utils.criteria.ConditionCoverage" PluginName="org.codecover"/>
<CritListEntry Name="org.codecover.model.utils.criteria.SynchronizedStatementCoverage" PluginName="org.codecover"/>
<CritListEntry Name="org.codecover.model.utils.criteria.QMOCoverage" PluginName="org.codecover"/>
<CritListEntry Name="org.codecover.model.utils.criteria.StatementCoverage" PluginName="org.codecover"/>
</CritList>
<BoolOpList>
<BoolOp Arity="2" Intrnl_Id="4" Name="conditional and (&amp;&amp;)">
<BoolAssgnmntBoolMapList>
<MapEntry BoolAssgnmnt="10" Value="false"/>
<MapEntry BoolAssgnmnt="02" Value="false"/>
<MapEntry BoolAssgnmnt="11" Value="true"/>
</BoolAssgnmntBoolMapList>
</BoolOp>
<BoolOp Arity="2" Intrnl_Id="5" Name="conditional or (||)">
<BoolAssgnmntBoolMapList>
<MapEntry BoolAssgnmnt="01" Value="true"/>
<MapEntry BoolAssgnmnt="00" Value="false"/>
<MapEntry BoolAssgnmnt="12" Value="true"/>
</BoolAssgnmntBoolMapList>
</BoolOp>
</BoolOpList>
<HierarchyLvlTypeList>
<HierarchyLvlType EnglishName="package" IntrnlName="package" Intrnl_Id="6"/>
<HierarchyLvlType EnglishName="class" IntrnlName="class" Intrnl_Id="7"/>
<HierarchyLvlType EnglishName="method" IntrnlName="method" Intrnl_Id="8"/>
<HierarchyLvlType EnglishName="default package" IntrnlName="default package" Intrnl_Id="9"/>
</HierarchyLvlTypeList>
<MASTRoot>
<HierarchyLvl HierarchyLvlId="310" HierarchyLvlTypeId="9" Intrnl_Id="10" Name="default package">
<Header/>
<LocList/>
<HierarchyLvl HierarchyLvlId="309" HierarchyLvlTypeId="6" Intrnl_Id="11" Name="is2">
<Header/>
<LocList/>
<HierarchyLvl HierarchyLvlId="308" HierarchyLvlTypeId="6" Intrnl_Id="12" Name="rubrica">
<Header/>
<LocList/>
<HierarchyLvl HierarchyLvlId="290" HierarchyLvlTypeId="7" Intrnl_Id="13" Name="Rubrica">
<Header>
<Loc EndOffset="716" SrcFileId="1" StartOffset="696"/>
</Header>
<LocList>
<Loc EndOffset="1611" SrcFileId="1" StartOffset="696"/>
</LocList>
<HierarchyLvl HierarchyLvlId="289" HierarchyLvlTypeId="8" Intrnl_Id="14" Name="main">
<Header>
<Loc EndOffset="926" SrcFileId="1" StartOffset="888"/>
</Header>
<LocList>
<Loc EndOffset="1608" SrcFileId="1" StartOffset="888"/>
</LocList>
<StmntSeq Intrnl_Id="15">
<LocList>
<Loc EndOffset="1000" SrcFileId="1" StartOffset="933"/>
<Loc EndOffset="1088" SrcFileId="1" StartOffset="1047"/>
<Loc EndOffset="1184" SrcFileId="1" StartOffset="1131"/>
<Loc EndOffset="1518" SrcFileId="1" StartOffset="1495"/>
</LocList>
<BasicStmnt CovItemId="S1" CovItemPrefix="is2.rubrica.Rubrica.java" Intrnl_Id="16">
<LocList>
<Loc EndOffset="1000" SrcFileId="1" StartOffset="933"/>
</LocList>
</BasicStmnt>
<BasicStmnt CovItemId="S2" CovItemPrefix="is2.rubrica.Rubrica.java" Intrnl_Id="17">
<LocList>
<Loc EndOffset="1088" SrcFileId="1" StartOffset="1047"/>
</LocList>
</BasicStmnt>
<BasicStmnt CovItemId="S3" CovItemPrefix="is2.rubrica.Rubrica.java" Intrnl_Id="18">
<LocList>
<Loc EndOffset="1184" SrcFileId="1" StartOffset="1131"/>
</LocList>
</BasicStmnt>
<BasicStmnt CovItemId="S4" CovItemPrefix="is2.rubrica.Rubrica.java" Intrnl_Id="19">
<LocList>
<Loc EndOffset="1518" SrcFileId="1" StartOffset="1495"/>
</LocList>
</BasicStmnt>
</StmntSeq>
</HierarchyLvl>
</HierarchyLvl>
<HierarchyLvl HierarchyLvlId="305" HierarchyLvlTypeId="7" Intrnl_Id="20" Name="PanelInserimento">
<Header>
<Loc EndOffset="1201" SrcFileId="2" StartOffset="1131"/>
</Header>
<LocList>
<Loc EndOffset="18134" SrcFileId="2" StartOffset="1131"/>
</LocList>
<StmntSeq Intrnl_Id="21">
<LocList>
<Loc EndOffset="1478" SrcFileId="2" StartOffset="1413"/>
<Loc EndOffset="1676" SrcFileId="2" StartOffset="1616"/>
<Loc EndOffset="1856" SrcFileId="2" StartOffset="1807"/>
<Loc EndOffset="2286" SrcFileId="2" StartOffset="2251"/>
</LocList>
<BasicStmnt CovItemId="S1" CovItemPrefix="is2.rubrica.PanelInserimento.java" Intrnl_Id="22">
<LocList>
<Loc EndOffset="1478" SrcFileId="2" StartOffset="1413"/>
</LocList>
</BasicStmnt>
<BasicStmnt CovItemId="S2" CovItemPrefix="is2.rubrica.PanelInserimento.java" Intrnl_Id="23">
<LocList>
<Loc EndOffset="1676" SrcFileId="2" StartOffset="1616"/>
</LocList>
</BasicStmnt>
<BasicStmnt CovItemId="S3" CovItemPrefix="is2.rubrica.PanelInserimento.java" Intrnl_Id="24">
<LocList>
<Loc EndOffset="1856" SrcFileId="2" StartOffset="1807"/>
</LocList>
</BasicStmnt>
<BasicStmnt CovItemId="S4" CovItemPrefix="is2.rubrica.PanelInserimento.java" Intrnl_Id="25">
<LocList>
<Loc EndOffset="2286" SrcFileId="2" StartOffset="2251"/>
</LocList>
</BasicStmnt>
</StmntSeq>
<HierarchyLvl HierarchyLvlId="291" HierarchyLvlTypeId="8" Intrnl_Id="26" Name="PanelInserimento">
<Header>
<Loc EndOffset="2784" SrcFileId="2" StartOffset="2759"/>
</Header>
<LocList>
<Loc EndOffset="8019" SrcFileId="2" StartOffset="2759"/>
</LocList>
<StmntSeq Intrnl_Id="27">
<LocList>
<Loc EndOffset="2823" SrcFileId="2" StartOffset="2791"/>
<Loc EndOffset="2884" SrcFileId="2" StartOffset="2826"/>
<Loc EndOffset="2998" SrcFileId="2" StartOffset="2912"/>
<Loc EndOffset="3142" SrcFileId="2" StartOffset="3114"/>
<Loc EndOffset="3227" SrcFileId="2" StartOffset="3185"/>
<Loc EndOffset="3279" SrcFileId="2" StartOffset="3230"/>
<Loc EndOffset="3326" SrcFileId="2" StartOffset="3282"/>
<Loc EndOffset="3490" SrcFileId="2" StartOffset="3407"/>
<Loc EndOffset="3563" SrcFileId="2" StartOffset="3493"/>
<Loc EndOffset="3713" SrcFileId="2" StartOffset="3679"/>
<Loc EndOffset="3750" SrcFileId="2" StartOffset="3716"/>
<Loc EndOffset="3829" SrcFileId="2" StartOffset="3793"/>
<Loc EndOffset="3977" SrcFileId="2" StartOffset="3941"/>
<Loc EndOffset="4054" SrcFileId="2" StartOffset="4020"/>
<Loc EndOffset="4093" SrcFileId="2" StartOffset="4057"/>
<Loc EndOffset="4155" SrcFileId="2" StartOffset="4121"/>
<Loc EndOffset="4236" SrcFileId="2" StartOffset="4158"/>
<Loc EndOffset="4384" SrcFileId="2" StartOffset="4348"/>
<Loc EndOffset="4461" SrcFileId="2" StartOffset="4427"/>
<Loc EndOffset="4605" SrcFileId="2" StartOffset="4573"/>
<Loc EndOffset="4685" SrcFileId="2" StartOffset="4648"/>
<Loc EndOffset="4833" SrcFileId="2" StartOffset="4797"/>
<Loc EndOffset="4910" SrcFileId="2" StartOffset="4876"/>
<Loc EndOffset="4948" SrcFileId="2" StartOffset="4913"/>
<Loc EndOffset="5036" SrcFileId="2" StartOffset="4989"/>
<Loc EndOffset="5092" SrcFileId="2" StartOffset="5039"/>
<Loc EndOffset="5151" SrcFileId="2" StartOffset="5095"/>
<Loc EndOffset="5211" SrcFileId="2" StartOffset="5154"/>
<Loc EndOffset="5243" SrcFileId="2" StartOffset="5214"/>
<Loc EndOffset="5280" SrcFileId="2" StartOffset="5246"/>
<Loc EndOffset="5325" SrcFileId="2" StartOffset="5283"/>
<Loc EndOffset="5361" SrcFileId="2" StartOffset="5328"/>
<Loc EndOffset="5400" SrcFileId="2" StartOffset="5364"/>
<Loc EndOffset="5438" SrcFileId="2" StartOffset="5403"/>
<Loc EndOffset="5479" SrcFileId="2" StartOffset="5441"/>
<Loc EndOffset="5581" SrcFileId="2" StartOffset="5551"/>
<Loc EndOffset="5620" SrcFileId="2" StartOffset="5584"/>
<Loc EndOffset="5657" SrcFileId="2" StartOffset="5623"/>
<Loc EndOffset="5700" SrcFileId="2" StartOffset="5660"/>
<Loc EndOffset="5811" SrcFileId="2" StartOffset="5776"/>
<Loc EndOffset="5855" SrcFileId="2" StartOffset="5814"/>
<Loc EndOffset="5897" SrcFileId="2" StartOffset="5858"/>
<Loc EndOffset="5944" SrcFileId="2" StartOffset="5900"/>
<Loc EndOffset="5979" SrcFileId="2" StartOffset="5947"/>
<Loc EndOffset="6018" SrcFileId="2" StartOffset="5982"/>
<Loc EndOffset="6055" SrcFileId="2" StartOffset="6021"/>
<Loc EndOffset="6263" SrcFileId="2" StartOffset="6242"/>
<Loc EndOffset="6288" SrcFileId="2" StartOffset="6266"/>
<Loc EndOffset="6313" SrcFileId="2" StartOffset="6291"/>
<Loc EndOffset="6338" SrcFileId="2" StartOffset="6316"/>
<Loc EndOffset="6361" SrcFileId="2" StartOffset="6341"/>
<Loc EndOffset="6403" SrcFileId="2" StartOffset="6367"/>
<Loc EndOffset="6442" SrcFileId="2" StartOffset="6406"/>
<Loc EndOffset="6481" SrcFileId="2" StartOffset="6445"/>
<Loc EndOffset="6518" SrcFileId="2" StartOffset="6484"/>
<Loc EndOffset="6593" SrcFileId="2" StartOffset="6569"/>
<Loc EndOffset="6620" SrcFileId="2" StartOffset="6596"/>
<Loc EndOffset="6648" SrcFileId="2" StartOffset="6623"/>
<Loc EndOffset="6672" SrcFileId="2" StartOffset="6651"/>
<Loc EndOffset="6697" SrcFileId="2" StartOffset="6675"/>
<Loc EndOffset="6738" SrcFileId="2" StartOffset="6703"/>
<Loc EndOffset="6777" SrcFileId="2" StartOffset="6741"/>
<Loc EndOffset="6839" SrcFileId="2" StartOffset="6814"/>
<Loc EndOffset="6867" SrcFileId="2" StartOffset="6842"/>
<Loc EndOffset="6893" SrcFileId="2" StartOffset="6870"/>
<Loc EndOffset="6917" SrcFileId="2" StartOffset="6896"/>
<Loc EndOffset="6958" SrcFileId="2" StartOffset="6923"/>
<Loc EndOffset="7024" SrcFileId="2" StartOffset="7004"/>
<Loc EndOffset="7049" SrcFileId="2" StartOffset="7027"/>
<Loc EndOffset="7075" SrcFileId="2" StartOffset="7052"/>
<Loc EndOffset="7103" SrcFileId="2" StartOffset="7078"/>
<Loc EndOffset="7128" SrcFileId="2" StartOffset="7106"/>
<Loc EndOffset="7155" SrcFileId="2" StartOffset="7131"/>
<Loc EndOffset="7183" SrcFileId="2" StartOffset="7158"/>
<Loc EndOffset="7213" SrcFileId="2" StartOffset="7186"/>
<Loc EndOffset="7234" SrcFileId="2" StartOffset="7216"/>
<Loc EndOffset="7258" SrcFileId="2" StartOffset="7237"/>
<Loc EndOffset="7284" SrcFileId="2" StartOffset="7261"/>
<Loc EndOffset="7322" SrcFileId="2" StartOffset="7290"/>
<Loc EndOffset="7360" SrcFileId="2" StartOffset="7325"/>
<Loc EndOffset="7400" SrcFileId="2" StartOffset="7363"/>
<Loc EndOffset="7479" SrcFileId="2" StartOffset="7456"/>
<Loc EndOffset="7508" SrcFileId="2" StartOffset="7482"/>
<Loc EndOffset="7536" SrcFileId="2" StartOffset="7511"/>
<Loc EndOffset="7567" SrcFileId="2" StartOffset="7539"/>
<Loc EndOffset="7594" SrcFileId="2" StartOffset="7570"/>
<Loc EndOffset="7617" SrcFileId="2" StartOffset="7597"/>
<Loc EndOffset="7642" SrcFileId="2" StartOffset="7620"/>
<Loc EndOffset="7677" SrcFileId="2" StartOffset="7645"/>
<Loc EndOffset="7719" SrcFileId="2" StartOffset="7683"/>
<Loc EndOffset="7756" SrcFileId="2" StartOffset="7722"/>
<Loc EndOffset="7797" SrcFileId="2" StartOffset="7759"/>
<Loc EndOffset="7891" SrcFileId="2" StartOffset="7865"/>
<Loc EndOffset="7921" SrcFileId="2" StartOffset="7894"/>
<Loc EndOffset="7951" SrcFileId="2" StartOffset="7924"/>
<Loc EndOffset="7980" SrcFileId="2" StartOffset="7954"/>
<Loc EndOffset="8013" SrcFileId="2" StartOffset="7983"/>
</LocList>
<BasicStmnt CovItemId="S5" CovItemPrefix="is2.rubrica.PanelInserimento.java" Intrnl_Id="28">
<LocList>
<Loc EndOffset="2823" SrcFileId="2" StartOffset="2791"/>
</LocList>
</BasicStmnt>
<BasicStmnt CovItemId="S6" CovItemPrefix="is2.rubrica.PanelInserimento.java" Intrnl_Id="29">
<LocList>
<Loc EndOffset="2884" SrcFileId="2" StartOffset="2826"/>
</LocList>
</BasicStmnt>
<BasicStmnt CovItemId="S7" CovItemPrefix="is2.rubrica.PanelInserimento.java" Intrnl_Id="30">
<LocList>
<Loc EndOffset="2998" SrcFileId="2" StartOffset="2912"/>
</LocList>
</BasicStmnt>
<BasicStmnt CovItemId="S8" CovItemPrefix="is2.rubrica.PanelInserimento.java" Intrnl_Id="31">
<LocList>
<Loc EndOffset="3142" SrcFileId="2" StartOffset="3114"/>
</LocList>
</BasicStmnt>
<BasicStmnt CovItemId="S9" CovItemPrefix="is2.rubrica.PanelInserimento.java" Intrnl_Id="32">
<LocList>
<Loc EndOffset="3227" SrcFileId="2" StartOffset="3185"/>
</LocList>
</BasicStmnt>
<BasicStmnt CovItemId="S10" CovItemPrefix="is2.rubrica.PanelInserimento.java" Intrnl_Id="33">
<LocList>
<Loc EndOffset="3279" SrcFileId="2" StartOffset="3230"/>
</LocList>
</BasicStmnt>
<BasicStmnt CovItemId="S11" CovItemPrefix="is2.rubrica.PanelInserimento.java" Intrnl_Id="34">
<LocList>
<Loc EndOffset="3326" SrcFileId="2" StartOffset="3282"/>
</LocList>
</BasicStmnt>
<BasicStmnt CovItemId="S12" CovItemPrefix="is2.rubrica.PanelInserimento.java" Intrnl_Id="35">
<LocList>
<Loc EndOffset="3490" SrcFileId="2" StartOffset="3407"/>
</LocList>
</BasicStmnt>
<BasicStmnt CovItemId="S13" CovItemPrefix="is2.rubrica.PanelInserimento.java" Intrnl_Id="36">
<LocList>
<Loc EndOffset="3563" SrcFileId="2" StartOffset="3493"/>
</LocList>
</BasicStmnt>
<BasicStmnt CovItemId="S14" CovItemPrefix="is2.rubrica.PanelInserimento.java" Intrnl_Id="37">
<LocList>
<Loc EndOffset="3713" SrcFileId="2" StartOffset="3679"/>
</LocList>
</BasicStmnt>
<BasicStmnt CovItemId="S15" CovItemPrefix="is2.rubrica.PanelInserimento.java" Intrnl_Id="38">
<LocList>
<Loc EndOffset="3750" SrcFileId="2" StartOffset="3716"/>
</LocList>
</BasicStmnt>
<BasicStmnt CovItemId="S16" CovItemPrefix="is2.rubrica.PanelInserimento.java" Intrnl_Id="39">
<LocList>
<Loc EndOffset="3829" SrcFileId="2" StartOffset="3793"/>
</LocList>
</BasicStmnt>
<BasicStmnt CovItemId="S17" CovItemPrefix="is2.rubrica.PanelInserimento.java" Intrnl_Id="40">
<LocList>
<Loc EndOffset="3977" SrcFileId="2" StartOffset="3941"/>
</LocList>
</BasicStmnt>
<BasicStmnt CovItemId="S18" CovItemPrefix="is2.rubrica.PanelInserimento.java" Intrnl_Id="41">
<LocList>
<Loc EndOffset="4054" SrcFileId="2" StartOffset="4020"/>
</LocList>
</BasicStmnt>
<BasicStmnt CovItemId="S19" CovItemPrefix="is2.rubrica.PanelInserimento.java" Intrnl_Id="42">
<LocList>
<Loc EndOffset="4093" SrcFileId="2" StartOffset="4057"/>
</LocList>
</BasicStmnt>
<BasicStmnt CovItemId="S20" CovItemPrefix="is2.rubrica.PanelInserimento.java" Intrnl_Id="43">
<LocList>
<Loc EndOffset="4155" SrcFileId="2" StartOffset="4121"/>
</LocList>
</BasicStmnt>
<BasicStmnt CovItemId="S21" CovItemPrefix="is2.rubrica.PanelInserimento.java" Intrnl_Id="44">
<LocList>
<Loc EndOffset="4236" SrcFileId="2" StartOffset="4158"/>
</LocList>
</BasicStmnt>
<BasicStmnt CovItemId="S22" CovItemPrefix="is2.rubrica.PanelInserimento.java" Intrnl_Id="45">
<LocList>
<Loc EndOffset="4384" SrcFileId="2" StartOffset="4348"/>
</LocList>
</BasicStmnt>
<BasicStmnt CovItemId="S23" CovItemPrefix="is2.rubrica.PanelInserimento.java" Intrnl_Id="46">
<LocList>
<Loc EndOffset="4461" SrcFileId="2" StartOffset="4427"/>
</LocList>
</BasicStmnt>
<BasicStmnt CovItemId="S24" CovItemPrefix="is2.rubrica.PanelInserimento.java" Intrnl_Id="47">
<LocList>
<Loc EndOffset="4605" SrcFileId="2" StartOffset="4573"/>
</LocList>
</BasicStmnt>
<BasicStmnt CovItemId="S25" CovItemPrefix="is2.rubrica.PanelInserimento.java" Intrnl_Id="48">
<LocList>
<Loc EndOffset="4685" SrcFileId="2" StartOffset="4648"/>
</LocList>
</BasicStmnt>
<BasicStmnt CovItemId="S26" CovItemPrefix="is2.rubrica.PanelInserimento.java" Intrnl_Id="49">
<LocList>
<Loc EndOffset="4833" SrcFileId="2" StartOffset="4797"/>
</LocList>
</BasicStmnt>
<BasicStmnt CovItemId="S27" CovItemPrefix="is2.rubrica.PanelInserimento.java" Intrnl_Id="50">
<LocList>
<Loc EndOffset="4910" SrcFileId="2" StartOffset="4876"/>
</LocList>
</BasicStmnt>
<BasicStmnt CovItemId="S28" CovItemPrefix="is2.rubrica.PanelInserimento.java" Intrnl_Id="51">
<LocList>
<Loc EndOffset="4948" SrcFileId="2" StartOffset="4913"/>
</LocList>
</BasicStmnt>
<BasicStmnt CovItemId="S29" CovItemPrefix="is2.rubrica.PanelInserimento.java" Intrnl_Id="52">
<LocList>
<Loc EndOffset="5036" SrcFileId="2" StartOffset="4989"/>
</LocList>
</BasicStmnt>
<BasicStmnt CovItemId="S30" CovItemPrefix="is2.rubrica.PanelInserimento.java" Intrnl_Id="53">
<LocList>
<Loc EndOffset="5092" SrcFileId="2" StartOffset="5039"/>
</LocList>
</BasicStmnt>
<BasicStmnt CovItemId="S31" CovItemPrefix="is2.rubrica.PanelInserimento.java" Intrnl_Id="54">
<LocList>
<Loc EndOffset="5151" SrcFileId="2" StartOffset="5095"/>
</LocList>
</BasicStmnt>
<BasicStmnt CovItemId="S32" CovItemPrefix="is2.rubrica.PanelInserimento.java" Intrnl_Id="55">
<LocList>
<Loc EndOffset="5211" SrcFileId="2" StartOffset="5154"/>
</LocList>
</BasicStmnt>
<BasicStmnt CovItemId="S33" CovItemPrefix="is2.rubrica.PanelInserimento.java" Intrnl_Id="56">
<LocList>
<Loc EndOffset="5243" SrcFileId="2" StartOffset="5214"/>
</LocList>
</BasicStmnt>
<BasicStmnt CovItemId="S34" CovItemPrefix="is2.rubrica.PanelInserimento.java" Intrnl_Id="57">
<LocList>
<Loc EndOffset="5280" SrcFileId="2" StartOffset="5246"/>
</LocList>
</BasicStmnt>
<BasicStmnt CovItemId="S35" CovItemPrefix="is2.rubrica.PanelInserimento.java" Intrnl_Id="58">
<LocList>
<Loc EndOffset="5325" SrcFileId="2" StartOffset="5283"/>
</LocList>
</BasicStmnt>
<BasicStmnt CovItemId="S36" CovItemPrefix="is2.rubrica.PanelInserimento.java" Intrnl_Id="59">
<LocList>
<Loc EndOffset="5361" SrcFileId="2" StartOffset="5328"/>
</LocList>
</BasicStmnt>
<BasicStmnt CovItemId="S37" CovItemPrefix="is2.rubrica.PanelInserimento.java" Intrnl_Id="60">
<LocList>
<Loc EndOffset="5400" SrcFileId="2" StartOffset="5364"/>
</LocList>
</BasicStmnt>
<BasicStmnt CovItemId="S38" CovItemPrefix="is2.rubrica.PanelInserimento.java" Intrnl_Id="61">
<LocList>
<Loc EndOffset="5438" SrcFileId="2" StartOffset="5403"/>
</LocList>
</BasicStmnt>
<BasicStmnt CovItemId="S39" CovItemPrefix="is2.rubrica.PanelInserimento.java" Intrnl_Id="62">
<LocList>
<Loc EndOffset="5479" SrcFileId="2" StartOffset="5441"/>
</LocList>
</BasicStmnt>
<BasicStmnt CovItemId="S40" CovItemPrefix="is2.rubrica.PanelInserimento.java" Intrnl_Id="63">
<LocList>
<Loc EndOffset="5581" SrcFileId="2" StartOffset="5551"/>
</LocList>
</BasicStmnt>
<BasicStmnt CovItemId="S41" CovItemPrefix="is2.rubrica.PanelInserimento.java" Intrnl_Id="64">
<LocList>
<Loc EndOffset="5620" SrcFileId="2" StartOffset="5584"/>
</LocList>
</BasicStmnt>
<BasicStmnt CovItemId="S42" CovItemPrefix="is2.rubrica.PanelInserimento.java" Intrnl_Id="65">
<LocList>
<Loc EndOffset="5657" SrcFileId="2" StartOffset="5623"/>
</LocList>
</BasicStmnt>
<BasicStmnt CovItemId="S43" CovItemPrefix="is2.rubrica.PanelInserimento.java" Intrnl_Id="66">
<LocList>
<Loc EndOffset="5700" SrcFileId="2" StartOffset="5660"/>
</LocList>
</BasicStmnt>
<BasicStmnt CovItemId="S44" CovItemPrefix="is2.rubrica.PanelInserimento.java" Intrnl_Id="67">
<LocList>
<Loc EndOffset="5811" SrcFileId="2" StartOffset="5776"/>
</LocList>
</BasicStmnt>
<BasicStmnt CovItemId="S45" CovItemPrefix="is2.rubrica.PanelInserimento.java" Intrnl_Id="68">
<LocList>
<Loc EndOffset="5855" SrcFileId="2" StartOffset="5814"/>
</LocList>
</BasicStmnt>
<BasicStmnt CovItemId="S46" CovItemPrefix="is2.rubrica.PanelInserimento.java" Intrnl_Id="69">
<LocList>
<Loc EndOffset="5897" SrcFileId="2" StartOffset="5858"/>
</LocList>
</BasicStmnt>
<BasicStmnt CovItemId="S47" CovItemPrefix="is2.rubrica.PanelInserimento.java" Intrnl_Id="70">
<LocList>
<Loc EndOffset="5944" SrcFileId="2" StartOffset="5900"/>
</LocList>
</BasicStmnt>
<BasicStmnt CovItemId="S48" CovItemPrefix="is2.rubrica.PanelInserimento.java" Intrnl_Id="71">
<LocList>
<Loc EndOffset="5979" SrcFileId="2" StartOffset="5947"/>
</LocList>
</BasicStmnt>
<BasicStmnt CovItemId="S49" CovItemPrefix="is2.rubrica.PanelInserimento.java" Intrnl_Id="72">
<LocList>
<Loc EndOffset="6018" SrcFileId="2" StartOffset="5982"/>
</LocList>
</BasicStmnt>
<BasicStmnt CovItemId="S50" CovItemPrefix="is2.rubrica.PanelInserimento.java" Intrnl_Id="73">
<LocList>
<Loc EndOffset="6055" SrcFileId="2" StartOffset="6021"/>
</LocList>
</BasicStmnt>
<BasicStmnt CovItemId="S51" CovItemPrefix="is2.rubrica.PanelInserimento.java" Intrnl_Id="74">
<LocList>
<Loc EndOffset="6263" SrcFileId="2" StartOffset="6242"/>
</LocList>
</BasicStmnt>
<BasicStmnt CovItemId="S52" CovItemPrefix="is2.rubrica.PanelInserimento.java" Intrnl_Id="75">
<LocList>
<Loc EndOffset="6288" SrcFileId="2" StartOffset="6266"/>
</LocList>
</BasicStmnt>
<BasicStmnt CovItemId="S53" CovItemPrefix="is2.rubrica.PanelInserimento.java" Intrnl_Id="76">
<LocList>
<Loc EndOffset="6313" SrcFileId="2" StartOffset="6291"/>
</LocList>
</BasicStmnt>
<BasicStmnt CovItemId="S54" CovItemPrefix="is2.rubrica.PanelInserimento.java" Intrnl_Id="77">
<LocList>
<Loc EndOffset="6338" SrcFileId="2" StartOffset="6316"/>
</LocList>
</BasicStmnt>
<BasicStmnt CovItemId="S55" CovItemPrefix="is2.rubrica.PanelInserimento.java" Intrnl_Id="78">
<LocList>
<Loc EndOffset="6361" SrcFileId="2" StartOffset="6341"/>
</LocList>
</BasicStmnt>
<BasicStmnt CovItemId="S56" CovItemPrefix="is2.rubrica.PanelInserimento.java" Intrnl_Id="79">
<LocList>
<Loc EndOffset="6403" SrcFileId="2" StartOffset="6367"/>
</LocList>
</BasicStmnt>
<BasicStmnt CovItemId="S57" CovItemPrefix="is2.rubrica.PanelInserimento.java" Intrnl_Id="80">
<LocList>
<Loc EndOffset="6442" SrcFileId="2" StartOffset="6406"/>
</LocList>
</BasicStmnt>
<BasicStmnt CovItemId="S58" CovItemPrefix="is2.rubrica.PanelInserimento.java" Intrnl_Id="81">
<LocList>
<Loc EndOffset="6481" SrcFileId="2" StartOffset="6445"/>
</LocList>
</BasicStmnt>
<BasicStmnt CovItemId="S59" CovItemPrefix="is2.rubrica.PanelInserimento.java" Intrnl_Id="82">
<LocList>
<Loc EndOffset="6518" SrcFileId="2" StartOffset="6484"/>
</LocList>
</BasicStmnt>
<BasicStmnt CovItemId="S60" CovItemPrefix="is2.rubrica.PanelInserimento.java" Intrnl_Id="83">
<LocList>
<Loc EndOffset="6593" SrcFileId="2" StartOffset="6569"/>
</LocList>
</BasicStmnt>
<BasicStmnt CovItemId="S61" CovItemPrefix="is2.rubrica.PanelInserimento.java" Intrnl_Id="84">
<LocList>
<Loc EndOffset="6620" SrcFileId="2" StartOffset="6596"/>
</LocList>
</BasicStmnt>
<BasicStmnt CovItemId="S62" CovItemPrefix="is2.rubrica.PanelInserimento.java" Intrnl_Id="85">
<LocList>
<Loc EndOffset="6648" SrcFileId="2" StartOffset="6623"/>
</LocList>
</BasicStmnt>
<BasicStmnt CovItemId="S63" CovItemPrefix="is2.rubrica.PanelInserimento.java" Intrnl_Id="86">
<LocList>
<Loc EndOffset="6672" SrcFileId="2" StartOffset="6651"/>
</LocList>
</BasicStmnt>
<BasicStmnt CovItemId="S64" CovItemPrefix="is2.rubrica.PanelInserimento.java" Intrnl_Id="87">
<LocList>
<Loc EndOffset="6697" SrcFileId="2" StartOffset="6675"/>
</LocList>
</BasicStmnt>
<BasicStmnt CovItemId="S65" CovItemPrefix="is2.rubrica.PanelInserimento.java" Intrnl_Id="88">
<LocList>
<Loc EndOffset="6738" SrcFileId="2" StartOffset="6703"/>
</LocList>
</BasicStmnt>
<BasicStmnt CovItemId="S66" CovItemPrefix="is2.rubrica.PanelInserimento.java" Intrnl_Id="89">
<LocList>
<Loc EndOffset="6777" SrcFileId="2" StartOffset="6741"/>
</LocList>
</BasicStmnt>
<BasicStmnt CovItemId="S67" CovItemPrefix="is2.rubrica.PanelInserimento.java" Intrnl_Id="90">
<LocList>
<Loc EndOffset="6839" SrcFileId="2" StartOffset="6814"/>
</LocList>
</BasicStmnt>
<BasicStmnt CovItemId="S68" CovItemPrefix="is2.rubrica.PanelInserimento.java" Intrnl_Id="91">
<LocList>
<Loc EndOffset="6867" SrcFileId="2" StartOffset="6842"/>
</LocList>
</BasicStmnt>
<BasicStmnt CovItemId="S69" CovItemPrefix="is2.rubrica.PanelInserimento.java" Intrnl_Id="92">
<LocList>
<Loc EndOffset="6893" SrcFileId="2" StartOffset="6870"/>
</LocList>
</BasicStmnt>
<BasicStmnt CovItemId="S70" CovItemPrefix="is2.rubrica.PanelInserimento.java" Intrnl_Id="93">
<LocList>
<Loc EndOffset="6917" SrcFileId="2" StartOffset="6896"/>
</LocList>
</BasicStmnt>
<BasicStmnt CovItemId="S71" CovItemPrefix="is2.rubrica.PanelInserimento.java" Intrnl_Id="94">
<LocList>
<Loc EndOffset="6958" SrcFileId="2" StartOffset="6923"/>
</LocList>
</BasicStmnt>
<BasicStmnt CovItemId="S72" CovItemPrefix="is2.rubrica.PanelInserimento.java" Intrnl_Id="95">
<LocList>
<Loc EndOffset="7024" SrcFileId="2" StartOffset="7004"/>
</LocList>
</BasicStmnt>
<BasicStmnt CovItemId="S73" CovItemPrefix="is2.rubrica.PanelInserimento.java" Intrnl_Id="96">
<LocList>
<Loc EndOffset="7049" SrcFileId="2" StartOffset="7027"/>
</LocList>
</BasicStmnt>
<BasicStmnt CovItemId="S74" CovItemPrefix="is2.rubrica.PanelInserimento.java" Intrnl_Id="97">
<LocList>
<Loc EndOffset="7075" SrcFileId="2" StartOffset="7052"/>
</LocList>
</BasicStmnt>
<BasicStmnt CovItemId="S75" CovItemPrefix="is2.rubrica.PanelInserimento.java" Intrnl_Id="98">
<LocList>
<Loc EndOffset="7103" SrcFileId="2" StartOffset="7078"/>
</LocList>
</BasicStmnt>
<BasicStmnt CovItemId="S76" CovItemPrefix="is2.rubrica.PanelInserimento.java" Intrnl_Id="99">
<LocList>
<Loc EndOffset="7128" SrcFileId="2" StartOffset="7106"/>
</LocList>
</BasicStmnt>
<BasicStmnt CovItemId="S77" CovItemPrefix="is2.rubrica.PanelInserimento.java" Intrnl_Id="100">
<LocList>
<Loc EndOffset="7155" SrcFileId="2" StartOffset="7131"/>
</LocList>
</BasicStmnt>
<BasicStmnt CovItemId="S78" CovItemPrefix="is2.rubrica.PanelInserimento.java" Intrnl_Id="101">
<LocList>
<Loc EndOffset="7183" SrcFileId="2" StartOffset="7158"/>
</LocList>
</BasicStmnt>
<BasicStmnt CovItemId="S79" CovItemPrefix="is2.rubrica.PanelInserimento.java" Intrnl_Id="102">
<LocList>
<Loc EndOffset="7213" SrcFileId="2" StartOffset="7186"/>
</LocList>
</BasicStmnt>
<BasicStmnt CovItemId="S80" CovItemPrefix="is2.rubrica.PanelInserimento.java" Intrnl_Id="103">
<LocList>
<Loc EndOffset="7234" SrcFileId="2" StartOffset="7216"/>
</LocList>
</BasicStmnt>
<BasicStmnt CovItemId="S81" CovItemPrefix="is2.rubrica.PanelInserimento.java" Intrnl_Id="104">
<LocList>
<Loc EndOffset="7258" SrcFileId="2" StartOffset="7237"/>
</LocList>
</BasicStmnt>
<BasicStmnt CovItemId="S82" CovItemPrefix="is2.rubrica.PanelInserimento.java" Intrnl_Id="105">
<LocList>
<Loc EndOffset="7284" SrcFileId="2" StartOffset="7261"/>
</LocList>
</BasicStmnt>
<BasicStmnt CovItemId="S83" CovItemPrefix="is2.rubrica.PanelInserimento.java" Intrnl_Id="106">
<LocList>
<Loc EndOffset="7322" SrcFileId="2" StartOffset="7290"/>
</LocList>
</BasicStmnt>
<BasicStmnt CovItemId="S84" CovItemPrefix="is2.rubrica.PanelInserimento.java" Intrnl_Id="107">
<LocList>
<Loc EndOffset="7360" SrcFileId="2" StartOffset="7325"/>
</LocList>
</BasicStmnt>
<BasicStmnt CovItemId="S85" CovItemPrefix="is2.rubrica.PanelInserimento.java" Intrnl_Id="108">
<LocList>
<Loc EndOffset="7400" SrcFileId="2" StartOffset="7363"/>
</LocList>
</BasicStmnt>
<BasicStmnt CovItemId="S86" CovItemPrefix="is2.rubrica.PanelInserimento.java" Intrnl_Id="109">
<LocList>
<Loc EndOffset="7479" SrcFileId="2" StartOffset="7456"/>
</LocList>
</BasicStmnt>
<BasicStmnt CovItemId="S87" CovItemPrefix="is2.rubrica.PanelInserimento.java" Intrnl_Id="110">
<LocList>
<Loc EndOffset="7508" SrcFileId="2" StartOffset="7482"/>
</LocList>
</BasicStmnt>
<BasicStmnt CovItemId="S88" CovItemPrefix="is2.rubrica.PanelInserimento.java" Intrnl_Id="111">
<LocList>
<Loc EndOffset="7536" SrcFileId="2" StartOffset="7511"/>
</LocList>
</BasicStmnt>
<BasicStmnt CovItemId="S89" CovItemPrefix="is2.rubrica.PanelInserimento.java" Intrnl_Id="112">
<LocList>
<Loc EndOffset="7567" SrcFileId="2" StartOffset="7539"/>
</LocList>
</BasicStmnt>
<BasicStmnt CovItemId="S90" CovItemPrefix="is2.rubrica.PanelInserimento.java" Intrnl_Id="113">
<LocList>
<Loc EndOffset="7594" SrcFileId="2" StartOffset="7570"/>
</LocList>
</BasicStmnt>
<BasicStmnt CovItemId="S91" CovItemPrefix="is2.rubrica.PanelInserimento.java" Intrnl_Id="114">
<LocList>
<Loc EndOffset="7617" SrcFileId="2" StartOffset="7597"/>
</LocList>
</BasicStmnt>
<BasicStmnt CovItemId="S92" CovItemPrefix="is2.rubrica.PanelInserimento.java" Intrnl_Id="115">
<LocList>
<Loc EndOffset="7642" SrcFileId="2" StartOffset="7620"/>
</LocList>
</BasicStmnt>
<BasicStmnt CovItemId="S93" CovItemPrefix="is2.rubrica.PanelInserimento.java" Intrnl_Id="116">
<LocList>
<Loc EndOffset="7677" SrcFileId="2" StartOffset="7645"/>
</LocList>
</BasicStmnt>
<BasicStmnt CovItemId="S94" CovItemPrefix="is2.rubrica.PanelInserimento.java" Intrnl_Id="117">
<LocList>
<Loc EndOffset="7719" SrcFileId="2" StartOffset="7683"/>
</LocList>
</BasicStmnt>
<BasicStmnt CovItemId="S95" CovItemPrefix="is2.rubrica.PanelInserimento.java" Intrnl_Id="118">
<LocList>
<Loc EndOffset="7756" SrcFileId="2" StartOffset="7722"/>
</LocList>
</BasicStmnt>
<BasicStmnt CovItemId="S96" CovItemPrefix="is2.rubrica.PanelInserimento.java" Intrnl_Id="119">
<LocList>
<Loc EndOffset="7797" SrcFileId="2" StartOffset="7759"/>
</LocList>
</BasicStmnt>
<BasicStmnt CovItemId="S97" CovItemPrefix="is2.rubrica.PanelInserimento.java" Intrnl_Id="120">
<LocList>
<Loc EndOffset="7891" SrcFileId="2" StartOffset="7865"/>
</LocList>
</BasicStmnt>
<BasicStmnt CovItemId="S98" CovItemPrefix="is2.rubrica.PanelInserimento.java" Intrnl_Id="121">
<LocList>
<Loc EndOffset="7921" SrcFileId="2" StartOffset="7894"/>
</LocList>
</BasicStmnt>
<BasicStmnt CovItemId="S99" CovItemPrefix="is2.rubrica.PanelInserimento.java" Intrnl_Id="122">
<LocList>
<Loc EndOffset="7951" SrcFileId="2" StartOffset="7924"/>
</LocList>
</BasicStmnt>
<BasicStmnt CovItemId="S100" CovItemPrefix="is2.rubrica.PanelInserimento.java" Intrnl_Id="123">
<LocList>
<Loc EndOffset="7980" SrcFileId="2" StartOffset="7954"/>
</LocList>
</BasicStmnt>
<BasicStmnt CovItemId="S101" CovItemPrefix="is2.rubrica.PanelInserimento.java" Intrnl_Id="124">
<LocList>
<Loc EndOffset="8013" SrcFileId="2" StartOffset="7983"/>
</LocList>
</BasicStmnt>
</StmntSeq>
</HierarchyLvl>
<HierarchyLvl HierarchyLvlId="292" HierarchyLvlTypeId="8" Intrnl_Id="125" Name="actionPerformed">
<Header>
<Loc EndOffset="8067" SrcFileId="2" StartOffset="8023"/>
</Header>
<LocList>
<Loc EndOffset="12775" SrcFileId="2" StartOffset="8023"/>
</LocList>
<StmntSeq Intrnl_Id="126">
<LocList>
<Loc EndOffset="8105" SrcFileId="2" StartOffset="8074"/>
<Loc EndOffset="8145" SrcFileId="2" StartOffset="8108"/>
<Loc EndOffset="8183" SrcFileId="2" StartOffset="8148"/>
<Loc EndOffset="8227" SrcFileId="2" StartOffset="8186"/>
<Loc EndOffset="8267" SrcFileId="2" StartOffset="8230"/>
<Loc EndOffset="8329" SrcFileId="2" StartOffset="8289"/>
<Loc EndOffset="8364" SrcFileId="2" StartOffset="8332"/>
<Loc EndOffset="8580" SrcFileId="2" StartOffset="8370"/>
<Loc EndOffset="8830" SrcFileId="2" StartOffset="8583"/>
<Loc EndOffset="9340" SrcFileId="2" StartOffset="8833"/>
<Loc EndOffset="9666" SrcFileId="2" StartOffset="9343"/>
<Loc EndOffset="10577" SrcFileId="2" StartOffset="9669"/>
<Loc EndOffset="11121" SrcFileId="2" StartOffset="10580"/>
<Loc EndOffset="11173" SrcFileId="2" StartOffset="11124"/>
<Loc EndOffset="11366" SrcFileId="2" StartOffset="11176"/>
<Loc EndOffset="12404" SrcFileId="2" StartOffset="11369"/>
<Loc EndOffset="12457" SrcFileId="2" StartOffset="12407"/>
<Loc EndOffset="12559" SrcFileId="2" StartOffset="12460"/>
<Loc EndOffset="12668" SrcFileId="2" StartOffset="12562"/>
<Loc EndOffset="12772" SrcFileId="2" StartOffset="12671"/>
</LocList>
<BasicStmnt CovItemId="S102" CovItemPrefix="is2.rubrica.PanelInserimento.java" Intrnl_Id="127">
<LocList>
<Loc EndOffset="8105" SrcFileId="2" StartOffset="8074"/>
</LocList>
</BasicStmnt>
<BasicStmnt CovItemId="S103" CovItemPrefix="is2.rubrica.PanelInserimento.java" Intrnl_Id="128">
<LocList>
<Loc EndOffset="8145" SrcFileId="2" StartOffset="8108"/>
</LocList>
</BasicStmnt>
<BasicStmnt CovItemId="S104" CovItemPrefix="is2.rubrica.PanelInserimento.java" Intrnl_Id="129">
<LocList>
<Loc EndOffset="8183" SrcFileId="2" StartOffset="8148"/>
</LocList>
</BasicStmnt>
<BasicStmnt CovItemId="S105" CovItemPrefix="is2.rubrica.PanelInserimento.java" Intrnl_Id="130">
<LocList>
<Loc EndOffset="8227" SrcFileId="2" StartOffset="8186"/>
</LocList>
</BasicStmnt>
<BasicStmnt CovItemId="S106" CovItemPrefix="is2.rubrica.PanelInserimento.java" Intrnl_Id="131">
<LocList>
<Loc EndOffset="8267" SrcFileId="2" StartOffset="8230"/>
</LocList>
</BasicStmnt>
<BasicStmnt CovItemId="S107" CovItemPrefix="is2.rubrica.PanelInserimento.java" Intrnl_Id="132">
<LocList>
<Loc EndOffset="8329" SrcFileId="2" StartOffset="8289"/>
</LocList>
</BasicStmnt>
<BasicStmnt CovItemId="S108" CovItemPrefix="is2.rubrica.PanelInserimento.java" Intrnl_Id="133">
<LocList>
<Loc EndOffset="8364" SrcFileId="2" StartOffset="8332"/>
</LocList>
</BasicStmnt>
<CondStmnt CovItemId="S109" CovItemPrefix="is2.rubrica.PanelInserimento.java" Intrnl_Id="134">
<Branch CovItemId="B1" CovItemPrefix="is2.rubrica.PanelInserimento.java" Implct="false" Intrnl_Id="135">
<Cond/>
<LocList>
<Loc EndOffset="8580" SrcFileId="2" StartOffset="8394"/>
</LocList>
<StmntSeq Intrnl_Id="136">
<LocList>
<Loc EndOffset="8469" SrcFileId="2" StartOffset="8399"/>
<Loc EndOffset="8524" SrcFileId="2" StartOffset="8473"/>
<Loc EndOffset="8558" SrcFileId="2" StartOffset="8532"/>
<Loc EndOffset="8576" SrcFileId="2" StartOffset="8562"/>
</LocList>
<CondStmnt CovItemId="S110" CovItemPrefix="is2.rubrica.PanelInserimento.java" Intrnl_Id="137">
<Branch CovItemId="B3" CovItemPrefix="is2.rubrica.PanelInserimento.java" Implct="false" Intrnl_Id="138">
<Cond/>
<LocList>
<Loc EndOffset="8469" SrcFileId="2" StartOffset="8413"/>
</LocList>
<StmntSeq Intrnl_Id="139">
<LocList>
<Loc EndOffset="8430" SrcFileId="2" StartOffset="8419"/>
<Loc EndOffset="8464" SrcFileId="2" StartOffset="8435"/>
</LocList>
<BasicStmnt CovItemId="S111" CovItemPrefix="is2.rubrica.PanelInserimento.java" Intrnl_Id="140">
<LocList>
<Loc EndOffset="8430" SrcFileId="2" StartOffset="8419"/>
</LocList>
</BasicStmnt>
<BasicStmnt CovItemId="S112" CovItemPrefix="is2.rubrica.PanelInserimento.java" Intrnl_Id="141">
<LocList>
<Loc EndOffset="8464" SrcFileId="2" StartOffset="8435"/>
</LocList>
</BasicStmnt>
</StmntSeq>
</Branch>
<Branch CovItemId="B4" CovItemPrefix="is2.rubrica.PanelInserimento.java" Implct="true" Intrnl_Id="142">
<Cond/>
<LocList/>
<StmntSeq Intrnl_Id="143">
<LocList/>
</StmntSeq>
</Branch>
<Keyword EndOffset="8401" SrcFileId="2" StartOffset="8399"/>
<LocList>
<Loc EndOffset="8469" SrcFileId="2" StartOffset="8399"/>
</LocList>
<RootTerm CovItemId="C2" CovItemPrefix="is2.rubrica.PanelInserimento.java" Intrnl_Id="144">
<BasicBoolTerm Intrnl_Id="145">
<LocList>
<Loc EndOffset="8412" SrcFileId="2" StartOffset="8402"/>
</LocList>
</BasicBoolTerm>
</RootTerm>
</CondStmnt>
<CondStmnt CovItemId="S113" CovItemPrefix="is2.rubrica.PanelInserimento.java" Intrnl_Id="146">
<Branch CovItemId="B5" CovItemPrefix="is2.rubrica.PanelInserimento.java" Implct="false" Intrnl_Id="147">
<Cond/>
<LocList>
<Loc EndOffset="8524" SrcFileId="2" StartOffset="8492"/>
</LocList>
<StmntSeq Intrnl_Id="148">
<LocList>
<Loc EndOffset="8524" SrcFileId="2" StartOffset="8492"/>
</LocList>
<BasicStmnt CovItemId="S114" CovItemPrefix="is2.rubrica.PanelInserimento.java" Intrnl_Id="149">
<LocList>
<Loc EndOffset="8524" SrcFileId="2" StartOffset="8492"/>
</LocList>
</BasicStmnt>
</StmntSeq>
</Branch>
<Branch CovItemId="B6" CovItemPrefix="is2.rubrica.PanelInserimento.java" Implct="true" Intrnl_Id="150">
<Cond/>
<LocList/>
<StmntSeq Intrnl_Id="151">
<LocList/>
</StmntSeq>
</Branch>
<Keyword EndOffset="8475" SrcFileId="2" StartOffset="8473"/>
<LocList>
<Loc EndOffset="8524" SrcFileId="2" StartOffset="8473"/>
</LocList>
<RootTerm CovItemId="C3" CovItemPrefix="is2.rubrica.PanelInserimento.java" Intrnl_Id="152">
<BasicBoolTerm Intrnl_Id="153">
<LocList>
<Loc EndOffset="8486" SrcFileId="2" StartOffset="8476"/>
</LocList>
</BasicBoolTerm>
</RootTerm>
</CondStmnt>
<BasicStmnt CovItemId="S115" CovItemPrefix="is2.rubrica.PanelInserimento.java" Intrnl_Id="154">
<LocList>
<Loc EndOffset="8558" SrcFileId="2" StartOffset="8532"/>
</LocList>
</BasicStmnt>
<BasicStmnt CovItemId="S116" CovItemPrefix="is2.rubrica.PanelInserimento.java" Intrnl_Id="155">
<LocList>
<Loc EndOffset="8576" SrcFileId="2" StartOffset="8562"/>
</LocList>
</BasicStmnt>
</StmntSeq>
</Branch>
<Branch CovItemId="B2" CovItemPrefix="is2.rubrica.PanelInserimento.java" Implct="true" Intrnl_Id="156">
<Cond/>
<LocList/>
<StmntSeq Intrnl_Id="157">
<LocList/>
</StmntSeq>
</Branch>
<Keyword EndOffset="8372" SrcFileId="2" StartOffset="8370"/>
<LocList>
<Loc EndOffset="8580" SrcFileId="2" StartOffset="8370"/>
</LocList>
<RootTerm CovItemId="C1" CovItemPrefix="is2.rubrica.PanelInserimento.java" Intrnl_Id="158">
<BasicBoolTerm Intrnl_Id="159">
<LocList>
<Loc EndOffset="8393" SrcFileId="2" StartOffset="8373"/>
</LocList>
</BasicBoolTerm>
</RootTerm>
</CondStmnt>
<CondStmnt CovItemId="S117" CovItemPrefix="is2.rubrica.PanelInserimento.java" Intrnl_Id="160">
<Branch CovItemId="B7" CovItemPrefix="is2.rubrica.PanelInserimento.java" Implct="false" Intrnl_Id="161">
<Cond/>
<LocList>
<Loc EndOffset="8830" SrcFileId="2" StartOffset="8607"/>
</LocList>
<StmntSeq Intrnl_Id="162">
<LocList>
<Loc EndOffset="8702" SrcFileId="2" StartOffset="8612"/>
<Loc EndOffset="8774" SrcFileId="2" StartOffset="8706"/>
<Loc EndOffset="8808" SrcFileId="2" StartOffset="8782"/>
<Loc EndOffset="8826" SrcFileId="2" StartOffset="8812"/>
</LocList>
<CondStmnt CovItemId="S118" CovItemPrefix="is2.rubrica.PanelInserimento.java" Intrnl_Id="163">
<Branch CovItemId="B9" CovItemPrefix="is2.rubrica.PanelInserimento.java" Implct="false" Intrnl_Id="164">
<Cond/>
<LocList>
<Loc EndOffset="8702" SrcFileId="2" StartOffset="8644"/>
</LocList>
<StmntSeq Intrnl_Id="165">
<LocList>
<Loc EndOffset="8661" SrcFileId="2" StartOffset="8650"/>
<Loc EndOffset="8697" SrcFileId="2" StartOffset="8666"/>
</LocList>
<BasicStmnt CovItemId="S119" CovItemPrefix="is2.rubrica.PanelInserimento.java" Intrnl_Id="166">
<LocList>
<Loc EndOffset="8661" SrcFileId="2" StartOffset="8650"/>
</LocList>
</BasicStmnt>
<BasicStmnt CovItemId="S120" CovItemPrefix="is2.rubrica.PanelInserimento.java" Intrnl_Id="167">
<LocList>
<Loc EndOffset="8697" SrcFileId="2" StartOffset="8666"/>
</LocList>
</BasicStmnt>
</StmntSeq>
</Branch>
<Branch CovItemId="B10" CovItemPrefix="is2.rubrica.PanelInserimento.java" Implct="true" Intrnl_Id="168">
<Cond/>
<LocList/>
<StmntSeq Intrnl_Id="169">
<LocList/>
</StmntSeq>
</Branch>
<Keyword EndOffset="8614" SrcFileId="2" StartOffset="8612"/>
<LocList>
<Loc EndOffset="8702" SrcFileId="2" StartOffset="8612"/>
</LocList>
<RootTerm CovItemId="C5" CovItemPrefix="is2.rubrica.PanelInserimento.java" Intrnl_Id="170">
<BasicBoolTerm Intrnl_Id="171">
<LocList>
<Loc EndOffset="8643" SrcFileId="2" StartOffset="8615"/>
</LocList>
</BasicBoolTerm>
</RootTerm>
</CondStmnt>
<CondStmnt CovItemId="S121" CovItemPrefix="is2.rubrica.PanelInserimento.java" Intrnl_Id="172">
<Branch CovItemId="B11" CovItemPrefix="is2.rubrica.PanelInserimento.java" Implct="false" Intrnl_Id="173">
<Cond/>
<LocList>
<Loc EndOffset="8774" SrcFileId="2" StartOffset="8744"/>
</LocList>
<StmntSeq Intrnl_Id="174">
<LocList>
<Loc EndOffset="8774" SrcFileId="2" StartOffset="8744"/>
</LocList>
<BasicStmnt CovItemId="S122" CovItemPrefix="is2.rubrica.PanelInserimento.java" Intrnl_Id="175">
<LocList>
<Loc EndOffset="8774" SrcFileId="2" StartOffset="8744"/>
</LocList>
</BasicStmnt>
</StmntSeq>
</Branch>
<Branch CovItemId="B12" CovItemPrefix="is2.rubrica.PanelInserimento.java" Implct="true" Intrnl_Id="176">
<Cond/>
<LocList/>
<StmntSeq Intrnl_Id="177">
<LocList/>
</StmntSeq>
</Branch>
<Keyword EndOffset="8708" SrcFileId="2" StartOffset="8706"/>
<LocList>
<Loc EndOffset="8774" SrcFileId="2" StartOffset="8706"/>
</LocList>
<RootTerm CovItemId="C6" CovItemPrefix="is2.rubrica.PanelInserimento.java" Intrnl_Id="178">
<BasicBoolTerm Intrnl_Id="179">
<LocList>
<Loc EndOffset="8738" SrcFileId="2" StartOffset="8709"/>
</LocList>
</BasicBoolTerm>
</RootTerm>
</CondStmnt>
<BasicStmnt CovItemId="S123" CovItemPrefix="is2.rubrica.PanelInserimento.java" Intrnl_Id="180">
<LocList>
<Loc EndOffset="8808" SrcFileId="2" StartOffset="8782"/>
</LocList>
</BasicStmnt>
<BasicStmnt CovItemId="S124" CovItemPrefix="is2.rubrica.PanelInserimento.java" Intrnl_Id="181">
<LocList>
<Loc EndOffset="8826" SrcFileId="2" StartOffset="8812"/>
</LocList>
</BasicStmnt>
</StmntSeq>
</Branch>
<Branch CovItemId="B8" CovItemPrefix="is2.rubrica.PanelInserimento.java" Implct="true" Intrnl_Id="182">
<Cond/>
<LocList/>
<StmntSeq Intrnl_Id="183">
<LocList/>
</StmntSeq>
</Branch>
<Keyword EndOffset="8585" SrcFileId="2" StartOffset="8583"/>
<LocList>
<Loc EndOffset="8830" SrcFileId="2" StartOffset="8583"/>
</LocList>
<RootTerm CovItemId="C4" CovItemPrefix="is2.rubrica.PanelInserimento.java" Intrnl_Id="184">
<BasicBoolTerm Intrnl_Id="185">
<LocList>
<Loc EndOffset="8606" SrcFileId="2" StartOffset="8586"/>
</LocList>
</BasicBoolTerm>
</RootTerm>
</CondStmnt>
<CondStmnt CovItemId="S125" CovItemPrefix="is2.rubrica.PanelInserimento.java" Intrnl_Id="186">
<Branch CovItemId="B13" CovItemPrefix="is2.rubrica.PanelInserimento.java" Implct="false" Intrnl_Id="187">
<Cond/>
<LocList>
<Loc EndOffset="9340" SrcFileId="2" StartOffset="8863"/>
</LocList>
<StmntSeq Intrnl_Id="188">
<LocList>
<Loc EndOffset="8879" SrcFileId="2" StartOffset="8868"/>
<Loc EndOffset="8900" SrcFileId="2" StartOffset="8883"/>
<Loc EndOffset="8969" SrcFileId="2" StartOffset="8904"/>
<Loc EndOffset="9051" SrcFileId="2" StartOffset="8973"/>
<Loc EndOffset="9084" SrcFileId="2" StartOffset="9055"/>
<Loc EndOffset="9120" SrcFileId="2" StartOffset="9088"/>
<Loc EndOffset="9149" SrcFileId="2" StartOffset="9124"/>
<Loc EndOffset="9179" SrcFileId="2" StartOffset="9153"/>
<Loc EndOffset="9210" SrcFileId="2" StartOffset="9183"/>
<Loc EndOffset="9241" SrcFileId="2" StartOffset="9214"/>
<Loc EndOffset="9272" SrcFileId="2" StartOffset="9245"/>
<Loc EndOffset="9302" SrcFileId="2" StartOffset="9276"/>
<Loc EndOffset="9336" SrcFileId="2" StartOffset="9306"/>
</LocList>
<BasicStmnt CovItemId="S126" CovItemPrefix="is2.rubrica.PanelInserimento.java" Intrnl_Id="189">
<LocList>
<Loc EndOffset="8879" SrcFileId="2" StartOffset="8868"/>
</LocList>
</BasicStmnt>
<BasicStmnt CovItemId="S127" CovItemPrefix="is2.rubrica.PanelInserimento.java" Intrnl_Id="190">
<LocList>
<Loc EndOffset="8900" SrcFileId="2" StartOffset="8883"/>
</LocList>
</BasicStmnt>
<BasicStmnt CovItemId="S128" CovItemPrefix="is2.rubrica.PanelInserimento.java" Intrnl_Id="191">
<LocList>
<Loc EndOffset="8969" SrcFileId="2" StartOffset="8904"/>
</LocList>
</BasicStmnt>
<BasicStmnt CovItemId="S129" CovItemPrefix="is2.rubrica.PanelInserimento.java" Intrnl_Id="192">
<LocList>
<Loc EndOffset="9051" SrcFileId="2" StartOffset="8973"/>
</LocList>
</BasicStmnt>
<BasicStmnt CovItemId="S130" CovItemPrefix="is2.rubrica.PanelInserimento.java" Intrnl_Id="193">
<LocList>
<Loc EndOffset="9084" SrcFileId="2" StartOffset="9055"/>
</LocList>
</BasicStmnt>
<BasicStmnt CovItemId="S131" CovItemPrefix="is2.rubrica.PanelInserimento.java" Intrnl_Id="194">
<LocList>
<Loc EndOffset="9120" SrcFileId="2" StartOffset="9088"/>
</LocList>
</BasicStmnt>
<BasicStmnt CovItemId="S132" CovItemPrefix="is2.rubrica.PanelInserimento.java" Intrnl_Id="195">
<LocList>
<Loc EndOffset="9149" SrcFileId="2" StartOffset="9124"/>
</LocList>
</BasicStmnt>
<BasicStmnt CovItemId="S133" CovItemPrefix="is2.rubrica.PanelInserimento.java" Intrnl_Id="196">
<LocList>
<Loc EndOffset="9179" SrcFileId="2" StartOffset="9153"/>
</LocList>
</BasicStmnt>
<BasicStmnt CovItemId="S134" CovItemPrefix="is2.rubrica.PanelInserimento.java" Intrnl_Id="197">
<LocList>
<Loc EndOffset="9210" SrcFileId="2" StartOffset="9183"/>
</LocList>
</BasicStmnt>
<BasicStmnt CovItemId="S135" CovItemPrefix="is2.rubrica.PanelInserimento.java" Intrnl_Id="198">
<LocList>
<Loc EndOffset="9241" SrcFileId="2" StartOffset="9214"/>
</LocList>
</BasicStmnt>
<BasicStmnt CovItemId="S136" CovItemPrefix="is2.rubrica.PanelInserimento.java" Intrnl_Id="199">
<LocList>
<Loc EndOffset="9272" SrcFileId="2" StartOffset="9245"/>
</LocList>
</BasicStmnt>
<BasicStmnt CovItemId="S137" CovItemPrefix="is2.rubrica.PanelInserimento.java" Intrnl_Id="200">
<LocList>
<Loc EndOffset="9302" SrcFileId="2" StartOffset="9276"/>
</LocList>
</BasicStmnt>
<BasicStmnt CovItemId="S138" CovItemPrefix="is2.rubrica.PanelInserimento.java" Intrnl_Id="201">
<LocList>
<Loc EndOffset="9336" SrcFileId="2" StartOffset="9306"/>
</LocList>
</BasicStmnt>
</StmntSeq>
</Branch>
<Branch CovItemId="B14" CovItemPrefix="is2.rubrica.PanelInserimento.java" Implct="true" Intrnl_Id="202">
<Cond/>
<LocList/>
<StmntSeq Intrnl_Id="203">
<LocList/>
</StmntSeq>
</Branch>
<Keyword EndOffset="8835" SrcFileId="2" StartOffset="8833"/>
<LocList>
<Loc EndOffset="9340" SrcFileId="2" StartOffset="8833"/>
</LocList>
<RootTerm CovItemId="C7" CovItemPrefix="is2.rubrica.PanelInserimento.java" Intrnl_Id="204">
<BasicBoolTerm Intrnl_Id="205">
<LocList>
<Loc EndOffset="8862" SrcFileId="2" StartOffset="8836"/>
</LocList>
</BasicBoolTerm>
</RootTerm>
</CondStmnt>
<CondStmnt CovItemId="S139" CovItemPrefix="is2.rubrica.PanelInserimento.java" Intrnl_Id="206">
<Branch CovItemId="B15" CovItemPrefix="is2.rubrica.PanelInserimento.java" Implct="false" Intrnl_Id="207">
<Cond/>
<LocList>
<Loc EndOffset="9666" SrcFileId="2" StartOffset="9368"/>
</LocList>
<StmntSeq Intrnl_Id="208">
<LocList>
<Loc EndOffset="9411" SrcFileId="2" StartOffset="9382"/>
<Loc EndOffset="9448" SrcFileId="2" StartOffset="9416"/>
<Loc EndOffset="9484" SrcFileId="2" StartOffset="9453"/>
<Loc EndOffset="9523" SrcFileId="2" StartOffset="9489"/>
<Loc EndOffset="9641" SrcFileId="2" StartOffset="9373"/>
<Loc EndOffset="9662" SrcFileId="2" StartOffset="9649"/>
</LocList>
<BasicStmnt CovItemId="S141" CovItemPrefix="is2.rubrica.PanelInserimento.java" Intrnl_Id="209">
<LocList>
<Loc EndOffset="9411" SrcFileId="2" StartOffset="9382"/>
</LocList>
</BasicStmnt>
<BasicStmnt CovItemId="S142" CovItemPrefix="is2.rubrica.PanelInserimento.java" Intrnl_Id="210">
<LocList>
<Loc EndOffset="9448" SrcFileId="2" StartOffset="9416"/>
</LocList>
</BasicStmnt>
<BasicStmnt CovItemId="S143" CovItemPrefix="is2.rubrica.PanelInserimento.java" Intrnl_Id="211">
<LocList>
<Loc EndOffset="9484" SrcFileId="2" StartOffset="9453"/>
</LocList>
</BasicStmnt>
<BasicStmnt CovItemId="S144" CovItemPrefix="is2.rubrica.PanelInserimento.java" Intrnl_Id="212">
<LocList>
<Loc EndOffset="9523" SrcFileId="2" StartOffset="9489"/>
</LocList>
</BasicStmnt>
<CondStmnt CovItemId="S140" CovItemPrefix="is2.rubrica.PanelInserimento.java" Intrnl_Id="213">
<Branch CovItemId="B17" CovItemPrefix="is2.rubrica.PanelInserimento.java" Implct="true" Intrnl_Id="214">
<Cond/>
<LocList/>
<StmntSeq Intrnl_Id="215">
<LocList/>
</StmntSeq>
</Branch>
<Branch CovItemId="B18" CovItemPrefix="is2.rubrica.PanelInserimento.java" Implct="false" Intrnl_Id="216">
<Cond>
<Loc EndOffset="9563" SrcFileId="2" StartOffset="9533"/>
</Cond>
<LocList>
<Loc EndOffset="9641" SrcFileId="2" StartOffset="9563"/>
</LocList>
<StmntSeq Intrnl_Id="217">
<LocList>
<Loc EndOffset="9636" SrcFileId="2" StartOffset="9569"/>
</LocList>
<BasicStmnt CovItemId="S145" CovItemPrefix="is2.rubrica.PanelInserimento.java" Intrnl_Id="218">
<LocList>
<Loc EndOffset="9636" SrcFileId="2" StartOffset="9569"/>
</LocList>
</BasicStmnt>
</StmntSeq>
</Branch>
<Keyword EndOffset="9376" SrcFileId="2" StartOffset="9373"/>
<LocList>
<Loc EndOffset="9641" SrcFileId="2" StartOffset="9373"/>
</LocList>
</CondStmnt>
<BasicStmnt CovItemId="S146" CovItemPrefix="is2.rubrica.PanelInserimento.java" Intrnl_Id="219">
<LocList>
<Loc EndOffset="9662" SrcFileId="2" StartOffset="9649"/>
</LocList>
</BasicStmnt>
</StmntSeq>
</Branch>
<Branch CovItemId="B16" CovItemPrefix="is2.rubrica.PanelInserimento.java" Implct="true" Intrnl_Id="220">
<Cond/>
<LocList/>
<StmntSeq Intrnl_Id="221">
<LocList/>
</StmntSeq>
</Branch>
<Keyword EndOffset="9345" SrcFileId="2" StartOffset="9343"/>
<LocList>
<Loc EndOffset="9666" SrcFileId="2" StartOffset="9343"/>
</LocList>
<RootTerm CovItemId="C8" CovItemPrefix="is2.rubrica.PanelInserimento.java" Intrnl_Id="222">
<BasicBoolTerm Intrnl_Id="223">
<LocList>
<Loc EndOffset="9367" SrcFileId="2" StartOffset="9346"/>
</LocList>
</BasicBoolTerm>
</RootTerm>
</CondStmnt>
<CondStmnt CovItemId="S147" CovItemPrefix="is2.rubrica.PanelInserimento.java" Intrnl_Id="224">
<Branch CovItemId="B19" CovItemPrefix="is2.rubrica.PanelInserimento.java" Implct="false" Intrnl_Id="225">
<Cond/>
<LocList>
<Loc EndOffset="10577" SrcFileId="2" StartOffset="9696"/>
</LocList>
<StmntSeq Intrnl_Id="226">
<LocList>
<Loc EndOffset="9711" SrcFileId="2" StartOffset="9701"/>
<Loc EndOffset="9756" SrcFileId="2" StartOffset="9719"/>
<Loc EndOffset="9796" SrcFileId="2" StartOffset="9764"/>
<Loc EndOffset="10573" SrcFileId="2" StartOffset="9800"/>
</LocList>
<BasicStmnt CovItemId="S148" CovItemPrefix="is2.rubrica.PanelInserimento.java" Intrnl_Id="227">
<LocList>
<Loc EndOffset="9711" SrcFileId="2" StartOffset="9701"/>
</LocList>
</BasicStmnt>
<CondStmnt CovItemId="S149" CovItemPrefix="is2.rubrica.PanelInserimento.java" Intrnl_Id="228">
<Branch CovItemId="B21" CovItemPrefix="is2.rubrica.PanelInserimento.java" Implct="false" Intrnl_Id="229">
<Cond/>
<LocList>
<Loc EndOffset="9756" SrcFileId="2" StartOffset="9746"/>
</LocList>
<StmntSeq Intrnl_Id="230">
<LocList>
<Loc EndOffset="9756" SrcFileId="2" StartOffset="9746"/>
</LocList>
<BasicStmnt CovItemId="S150" CovItemPrefix="is2.rubrica.PanelInserimento.java" Intrnl_Id="231">
<LocList>
<Loc EndOffset="9756" SrcFileId="2" StartOffset="9746"/>
</LocList>
</BasicStmnt>
</StmntSeq>
</Branch>
<Branch CovItemId="B22" CovItemPrefix="is2.rubrica.PanelInserimento.java" Implct="true" Intrnl_Id="232">
<Cond/>
<LocList/>
<StmntSeq Intrnl_Id="233">
<LocList/>
</StmntSeq>
</Branch>
<Keyword EndOffset="9721" SrcFileId="2" StartOffset="9719"/>
<LocList>
<Loc EndOffset="9756" SrcFileId="2" StartOffset="9719"/>
</LocList>
<RootTerm CovItemId="C10" CovItemPrefix="is2.rubrica.PanelInserimento.java" Intrnl_Id="234">
<BasicBoolTerm Intrnl_Id="235">
<LocList>
<Loc EndOffset="9740" SrcFileId="2" StartOffset="9722"/>
</LocList>
</BasicBoolTerm>
</RootTerm>
</CondStmnt>
<BasicStmnt CovItemId="S151" CovItemPrefix="is2.rubrica.PanelInserimento.java" Intrnl_Id="236">
<LocList>
<Loc EndOffset="9796" SrcFileId="2" StartOffset="9764"/>
</LocList>
</BasicStmnt>
<CondStmnt CovItemId="S152" CovItemPrefix="is2.rubrica.PanelInserimento.java" Intrnl_Id="237">
<Branch CovItemId="B23" CovItemPrefix="is2.rubrica.PanelInserimento.java" Implct="false" Intrnl_Id="238">
<Cond/>
<LocList>
<Loc EndOffset="10295" SrcFileId="2" StartOffset="9846"/>
</LocList>
<StmntSeq Intrnl_Id="239">
<LocList>
<Loc EndOffset="9879" SrcFileId="2" StartOffset="9852"/>
<Loc EndOffset="10246" SrcFileId="2" StartOffset="9884"/>
</LocList>
<BasicStmnt CovItemId="S153" CovItemPrefix="is2.rubrica.PanelInserimento.java" Intrnl_Id="240">
<LocList>
<Loc EndOffset="9879" SrcFileId="2" StartOffset="9852"/>
</LocList>
</BasicStmnt>
<CondStmnt CovItemId="S154" CovItemPrefix="is2.rubrica.PanelInserimento.java" Intrnl_Id="241">
<Branch CovItemId="B25" CovItemPrefix="is2.rubrica.PanelInserimento.java" Implct="false" Intrnl_Id="242">
<Cond/>
<LocList>
<Loc EndOffset="9985" SrcFileId="2" StartOffset="9905"/>
</LocList>
<StmntSeq Intrnl_Id="243">
<LocList>
<Loc EndOffset="9985" SrcFileId="2" StartOffset="9905"/>
</LocList>
<BasicStmnt CovItemId="S155" CovItemPrefix="is2.rubrica.PanelInserimento.java" Intrnl_Id="244">
<LocList>
<Loc EndOffset="9985" SrcFileId="2" StartOffset="9905"/>
</LocList>
</BasicStmnt>
</StmntSeq>
</Branch>
<Branch CovItemId="B26" CovItemPrefix="is2.rubrica.PanelInserimento.java" Implct="false" Intrnl_Id="245">
<Cond>
<Loc EndOffset="9994" SrcFileId="2" StartOffset="9990"/>
</Cond>
<LocList>
<Loc EndOffset="10246" SrcFileId="2" StartOffset="10168"/>
</LocList>
<StmntSeq Intrnl_Id="246">
<LocList>
<Loc EndOffset="10246" SrcFileId="2" StartOffset="10168"/>
</LocList>
<BasicStmnt CovItemId="S156" CovItemPrefix="is2.rubrica.PanelInserimento.java" Intrnl_Id="247">
<LocList>
<Loc EndOffset="10246" SrcFileId="2" StartOffset="10168"/>
</LocList>
</BasicStmnt>
</StmntSeq>
</Branch>
<Keyword EndOffset="9886" SrcFileId="2" StartOffset="9884"/>
<LocList>
<Loc EndOffset="10246" SrcFileId="2" StartOffset="9884"/>
</LocList>
<RootTerm CovItemId="C12" CovItemPrefix="is2.rubrica.PanelInserimento.java" Intrnl_Id="248">
<BasicBoolTerm Intrnl_Id="249">
<LocList>
<Loc EndOffset="9898" SrcFileId="2" StartOffset="9887"/>
</LocList>
</BasicBoolTerm>
</RootTerm>
</CondStmnt>
</StmntSeq>
</Branch>
<Branch CovItemId="B24" CovItemPrefix="is2.rubrica.PanelInserimento.java" Implct="false" Intrnl_Id="250">
<Cond>
<Loc EndOffset="10303" SrcFileId="2" StartOffset="10299"/>
</Cond>
<LocList>
<Loc EndOffset="10573" SrcFileId="2" StartOffset="10303"/>
</LocList>
<StmntSeq Intrnl_Id="251">
<LocList>
<Loc EndOffset="10331" SrcFileId="2" StartOffset="10309"/>
<Loc EndOffset="10356" SrcFileId="2" StartOffset="10336"/>
<Loc EndOffset="10414" SrcFileId="2" StartOffset="10371"/>
<Loc EndOffset="10465" SrcFileId="2" StartOffset="10420"/>
<Loc EndOffset="10568" SrcFileId="2" StartOffset="10361"/>
</LocList>
<BasicStmnt CovItemId="S157" CovItemPrefix="is2.rubrica.PanelInserimento.java" Intrnl_Id="252">
<LocList>
<Loc EndOffset="10331" SrcFileId="2" StartOffset="10309"/>
</LocList>
</BasicStmnt>
<BasicStmnt CovItemId="S158" CovItemPrefix="is2.rubrica.PanelInserimento.java" Intrnl_Id="253">
<LocList>
<Loc EndOffset="10356" SrcFileId="2" StartOffset="10336"/>
</LocList>
</BasicStmnt>
<BasicStmnt CovItemId="S160" CovItemPrefix="is2.rubrica.PanelInserimento.java" Intrnl_Id="254">
<LocList>
<Loc EndOffset="10414" SrcFileId="2" StartOffset="10371"/>
</LocList>
</BasicStmnt>
<BasicStmnt CovItemId="S161" CovItemPrefix="is2.rubrica.PanelInserimento.java" Intrnl_Id="255">
<LocList>
<Loc EndOffset="10465" SrcFileId="2" StartOffset="10420"/>
</LocList>
</BasicStmnt>
<CondStmnt CovItemId="S159" CovItemPrefix="is2.rubrica.PanelInserimento.java" Intrnl_Id="256">
<Branch CovItemId="B27" CovItemPrefix="is2.rubrica.PanelInserimento.java" Implct="true" Intrnl_Id="257">
<Cond/>
<LocList/>
<StmntSeq Intrnl_Id="258">
<LocList/>
</StmntSeq>
</Branch>
<Branch CovItemId="B28" CovItemPrefix="is2.rubrica.PanelInserimento.java" Implct="false" Intrnl_Id="259">
<Cond>
<Loc EndOffset="10507" SrcFileId="2" StartOffset="10476"/>
</Cond>
<LocList>
<Loc EndOffset="10568" SrcFileId="2" StartOffset="10507"/>
</LocList>
<StmntSeq Intrnl_Id="260">
<LocList>
<Loc EndOffset="10562" SrcFileId="2" StartOffset="10514"/>
</LocList>
<BasicStmnt CovItemId="S162" CovItemPrefix="is2.rubrica.PanelInserimento.java" Intrnl_Id="261">
<LocList>
<Loc EndOffset="10562" SrcFileId="2" StartOffset="10514"/>
</LocList>
</BasicStmnt>
</StmntSeq>
</Branch>
<Keyword EndOffset="10364" SrcFileId="2" StartOffset="10361"/>
<LocList>
<Loc EndOffset="10568" SrcFileId="2" StartOffset="10361"/>
</LocList>
</CondStmnt>
</StmntSeq>
</Branch>
<Keyword EndOffset="9802" SrcFileId="2" StartOffset="9800"/>
<LocList>
<Loc EndOffset="10573" SrcFileId="2" StartOffset="9800"/>
</LocList>
<RootTerm CovItemId="C11" CovItemPrefix="is2.rubrica.PanelInserimento.java" Intrnl_Id="262">
<OpTerm BooleanOpId="5" Intrnl_Id="263">
<BasicBoolTerm Intrnl_Id="264">
<LocList>
<Loc EndOffset="9827" SrcFileId="2" StartOffset="9805"/>
</LocList>
</BasicBoolTerm>
<BasicBoolTerm Intrnl_Id="265">
<LocList>
<Loc EndOffset="9844" SrcFileId="2" StartOffset="9833"/>
</LocList>
</BasicBoolTerm>
<LocList>
<Loc EndOffset="9831" SrcFileId="2" StartOffset="9829"/>
</LocList>
</OpTerm>
</RootTerm>
</CondStmnt>
</StmntSeq>
</Branch>
<Branch CovItemId="B20" CovItemPrefix="is2.rubrica.PanelInserimento.java" Implct="true" Intrnl_Id="266">
<Cond/>
<LocList/>
<StmntSeq Intrnl_Id="267">
<LocList/>
</StmntSeq>
</Branch>
<Keyword EndOffset="9671" SrcFileId="2" StartOffset="9669"/>
<LocList>
<Loc EndOffset="10577" SrcFileId="2" StartOffset="9669"/>
</LocList>
<RootTerm CovItemId="C9" CovItemPrefix="is2.rubrica.PanelInserimento.java" Intrnl_Id="268">
<BasicBoolTerm Intrnl_Id="269">
<LocList>
<Loc EndOffset="9695" SrcFileId="2" StartOffset="9672"/>
</LocList>
</BasicBoolTerm>
</RootTerm>
</CondStmnt>
<CondStmnt CovItemId="S163" CovItemPrefix="is2.rubrica.PanelInserimento.java" Intrnl_Id="270">
<Branch CovItemId="B29" CovItemPrefix="is2.rubrica.PanelInserimento.java" Implct="false" Intrnl_Id="271">
<Cond/>
<LocList>
<Loc EndOffset="11121" SrcFileId="2" StartOffset="10608"/>
</LocList>
<StmntSeq Intrnl_Id="272">
<LocList>
<Loc EndOffset="10623" SrcFileId="2" StartOffset="10613"/>
<Loc EndOffset="10669" SrcFileId="2" StartOffset="10631"/>
<Loc EndOffset="10709" SrcFileId="2" StartOffset="10677"/>
<Loc EndOffset="11117" SrcFileId="2" StartOffset="10713"/>
</LocList>
<BasicStmnt CovItemId="S164" CovItemPrefix="is2.rubrica.PanelInserimento.java" Intrnl_Id="273">
<LocList>
<Loc EndOffset="10623" SrcFileId="2" StartOffset="10613"/>
</LocList>
</BasicStmnt>
<CondStmnt CovItemId="S165" CovItemPrefix="is2.rubrica.PanelInserimento.java" Intrnl_Id="274">
<Branch CovItemId="B31" CovItemPrefix="is2.rubrica.PanelInserimento.java" Implct="false" Intrnl_Id="275">
<Cond/>
<LocList>
<Loc EndOffset="10669" SrcFileId="2" StartOffset="10658"/>
</LocList>
<StmntSeq Intrnl_Id="276">
<LocList>
<Loc EndOffset="10669" SrcFileId="2" StartOffset="10658"/>
</LocList>
<BasicStmnt CovItemId="S166" CovItemPrefix="is2.rubrica.PanelInserimento.java" Intrnl_Id="277">
<LocList>
<Loc EndOffset="10669" SrcFileId="2" StartOffset="10658"/>
</LocList>
</BasicStmnt>
</StmntSeq>
</Branch>
<Branch CovItemId="B32" CovItemPrefix="is2.rubrica.PanelInserimento.java" Implct="true" Intrnl_Id="278">
<Cond/>
<LocList/>
<StmntSeq Intrnl_Id="279">
<LocList/>
</StmntSeq>
</Branch>
<Keyword EndOffset="10633" SrcFileId="2" StartOffset="10631"/>
<LocList>
<Loc EndOffset="10669" SrcFileId="2" StartOffset="10631"/>
</LocList>
<RootTerm CovItemId="C14" CovItemPrefix="is2.rubrica.PanelInserimento.java" Intrnl_Id="280">
<BasicBoolTerm Intrnl_Id="281">
<LocList>
<Loc EndOffset="10652" SrcFileId="2" StartOffset="10634"/>
</LocList>
</BasicBoolTerm>
</RootTerm>
</CondStmnt>
<BasicStmnt CovItemId="S167" CovItemPrefix="is2.rubrica.PanelInserimento.java" Intrnl_Id="282">
<LocList>
<Loc EndOffset="10709" SrcFileId="2" StartOffset="10677"/>
</LocList>
</BasicStmnt>
<CondStmnt CovItemId="S168" CovItemPrefix="is2.rubrica.PanelInserimento.java" Intrnl_Id="283">
<Branch CovItemId="B33" CovItemPrefix="is2.rubrica.PanelInserimento.java" Implct="false" Intrnl_Id="284">
<Cond/>
<LocList>
<Loc EndOffset="10877" SrcFileId="2" StartOffset="10758"/>
</LocList>
<StmntSeq Intrnl_Id="285">
<LocList>
<Loc EndOffset="10790" SrcFileId="2" StartOffset="10764"/>
<Loc EndOffset="10809" SrcFileId="2" StartOffset="10795"/>
<Loc EndOffset="10841" SrcFileId="2" StartOffset="10814"/>
<Loc EndOffset="10872" SrcFileId="2" StartOffset="10846"/>
</LocList>
<BasicStmnt CovItemId="S169" CovItemPrefix="is2.rubrica.PanelInserimento.java" Intrnl_Id="286">
<LocList>
<Loc EndOffset="10790" SrcFileId="2" StartOffset="10764"/>
</LocList>
</BasicStmnt>
<BasicStmnt CovItemId="S170" CovItemPrefix="is2.rubrica.PanelInserimento.java" Intrnl_Id="287">
<LocList>
<Loc EndOffset="10809" SrcFileId="2" StartOffset="10795"/>
</LocList>
</BasicStmnt>
<BasicStmnt CovItemId="S171" CovItemPrefix="is2.rubrica.PanelInserimento.java" Intrnl_Id="288">
<LocList>
<Loc EndOffset="10841" SrcFileId="2" StartOffset="10814"/>
</LocList>
</BasicStmnt>
<BasicStmnt CovItemId="S172" CovItemPrefix="is2.rubrica.PanelInserimento.java" Intrnl_Id="289">
<LocList>
<Loc EndOffset="10872" SrcFileId="2" StartOffset="10846"/>
</LocList>
</BasicStmnt>
</StmntSeq>
</Branch>
<Branch CovItemId="B34" CovItemPrefix="is2.rubrica.PanelInserimento.java" Implct="false" Intrnl_Id="290">
<Cond>
<Loc EndOffset="10885" SrcFileId="2" StartOffset="10881"/>
</Cond>
<LocList>
<Loc EndOffset="11117" SrcFileId="2" StartOffset="10885"/>
</LocList>
<StmntSeq Intrnl_Id="291">
<LocList>
<Loc EndOffset="10918" SrcFileId="2" StartOffset="10891"/>
<Loc EndOffset="11112" SrcFileId="2" StartOffset="10923"/>
</LocList>
<BasicStmnt CovItemId="S173" CovItemPrefix="is2.rubrica.PanelInserimento.java" Intrnl_Id="292">
<LocList>
<Loc EndOffset="10918" SrcFileId="2" StartOffset="10891"/>
</LocList>
</BasicStmnt>
<CondStmnt CovItemId="S174" CovItemPrefix="is2.rubrica.PanelInserimento.java" Intrnl_Id="293">
<Branch CovItemId="B35" CovItemPrefix="is2.rubrica.PanelInserimento.java" Implct="false" Intrnl_Id="294">
<Cond/>
<LocList>
<Loc EndOffset="11024" SrcFileId="2" StartOffset="10944"/>
</LocList>
<StmntSeq Intrnl_Id="295">
<LocList>
<Loc EndOffset="11024" SrcFileId="2" StartOffset="10944"/>
</LocList>
<BasicStmnt CovItemId="S175" CovItemPrefix="is2.rubrica.PanelInserimento.java" Intrnl_Id="296">
<LocList>
<Loc EndOffset="11024" SrcFileId="2" StartOffset="10944"/>
</LocList>
</BasicStmnt>
</StmntSeq>
</Branch>
<Branch CovItemId="B36" CovItemPrefix="is2.rubrica.PanelInserimento.java" Implct="false" Intrnl_Id="297">
<Cond>
<Loc EndOffset="11033" SrcFileId="2" StartOffset="11029"/>
</Cond>
<LocList>
<Loc EndOffset="11112" SrcFileId="2" StartOffset="11039"/>
</LocList>
<StmntSeq Intrnl_Id="298">
<LocList>
<Loc EndOffset="11112" SrcFileId="2" StartOffset="11039"/>
</LocList>
<BasicStmnt CovItemId="S176" CovItemPrefix="is2.rubrica.PanelInserimento.java" Intrnl_Id="299">
<LocList>
<Loc EndOffset="11112" SrcFileId="2" StartOffset="11039"/>
</LocList>
</BasicStmnt>
</StmntSeq>
</Branch>
<Keyword EndOffset="10925" SrcFileId="2" StartOffset="10923"/>
<LocList>
<Loc EndOffset="11112" SrcFileId="2" StartOffset="10923"/>
</LocList>
<RootTerm CovItemId="C16" CovItemPrefix="is2.rubrica.PanelInserimento.java" Intrnl_Id="300">
<BasicBoolTerm Intrnl_Id="301">
<LocList>
<Loc EndOffset="10937" SrcFileId="2" StartOffset="10926"/>
</LocList>
</BasicBoolTerm>
</RootTerm>
</CondStmnt>
</StmntSeq>
</Branch>
<Keyword EndOffset="10715" SrcFileId="2" StartOffset="10713"/>
<LocList>
<Loc EndOffset="11117" SrcFileId="2" StartOffset="10713"/>
</LocList>
<RootTerm CovItemId="C15" CovItemPrefix="is2.rubrica.PanelInserimento.java" Intrnl_Id="302">
<OpTerm BooleanOpId="4" Intrnl_Id="303">
<BasicBoolTerm Intrnl_Id="304">
<LocList>
<Loc EndOffset="10740" SrcFileId="2" StartOffset="10718"/>
</LocList>
</BasicBoolTerm>
<BasicBoolTerm Intrnl_Id="305">
<LocList>
<Loc EndOffset="10756" SrcFileId="2" StartOffset="10746"/>
</LocList>
</BasicBoolTerm>
<LocList>
<Loc EndOffset="10744" SrcFileId="2" StartOffset="10742"/>
</LocList>
</OpTerm>
</RootTerm>
</CondStmnt>
</StmntSeq>
</Branch>
<Branch CovItemId="B30" CovItemPrefix="is2.rubrica.PanelInserimento.java" Implct="true" Intrnl_Id="306">
<Cond/>
<LocList/>
<StmntSeq Intrnl_Id="307">
<LocList/>
</StmntSeq>
</Branch>
<Keyword EndOffset="10582" SrcFileId="2" StartOffset="10580"/>
<LocList>
<Loc EndOffset="11121" SrcFileId="2" StartOffset="10580"/>
</LocList>
<RootTerm CovItemId="C13" CovItemPrefix="is2.rubrica.PanelInserimento.java" Intrnl_Id="308">
<BasicBoolTerm Intrnl_Id="309">
<LocList>
<Loc EndOffset="10607" SrcFileId="2" StartOffset="10583"/>
</LocList>
</BasicBoolTerm>
</RootTerm>
</CondStmnt>
<CondStmnt CovItemId="S177" CovItemPrefix="is2.rubrica.PanelInserimento.java" Intrnl_Id="310">
<Branch CovItemId="B37" CovItemPrefix="is2.rubrica.PanelInserimento.java" Implct="false" Intrnl_Id="311">
<Cond/>
<LocList>
<Loc EndOffset="11173" SrcFileId="2" StartOffset="11151"/>
</LocList>
<StmntSeq Intrnl_Id="312">
<LocList>
<Loc EndOffset="11169" SrcFileId="2" StartOffset="11156"/>
</LocList>
<BasicStmnt CovItemId="S178" CovItemPrefix="is2.rubrica.PanelInserimento.java" Intrnl_Id="313">
<LocList>
<Loc EndOffset="11169" SrcFileId="2" StartOffset="11156"/>
</LocList>
</BasicStmnt>
</StmntSeq>
</Branch>
<Branch CovItemId="B38" CovItemPrefix="is2.rubrica.PanelInserimento.java" Implct="true" Intrnl_Id="314">
<Cond/>
<LocList/>
<StmntSeq Intrnl_Id="315">
<LocList/>
</StmntSeq>
</Branch>
<Keyword EndOffset="11126" SrcFileId="2" StartOffset="11124"/>
<LocList>
<Loc EndOffset="11173" SrcFileId="2" StartOffset="11124"/>
</LocList>
<RootTerm CovItemId="C17" CovItemPrefix="is2.rubrica.PanelInserimento.java" Intrnl_Id="316">
<BasicBoolTerm Intrnl_Id="317">
<LocList>
<Loc EndOffset="11150" SrcFileId="2" StartOffset="11127"/>
</LocList>
</BasicBoolTerm>
</RootTerm>
</CondStmnt>
<CondStmnt CovItemId="S179" CovItemPrefix="is2.rubrica.PanelInserimento.java" Intrnl_Id="318">
<Branch CovItemId="B39" CovItemPrefix="is2.rubrica.PanelInserimento.java" Implct="false" Intrnl_Id="319">
<Cond/>
<LocList>
<Loc EndOffset="11366" SrcFileId="2" StartOffset="11209"/>
</LocList>
<StmntSeq Intrnl_Id="320">
<LocList>
<Loc EndOffset="11240" SrcFileId="2" StartOffset="11214"/>
<Loc EndOffset="11271" SrcFileId="2" StartOffset="11244"/>
<Loc EndOffset="11302" SrcFileId="2" StartOffset="11275"/>
<Loc EndOffset="11331" SrcFileId="2" StartOffset="11306"/>
<Loc EndOffset="11362" SrcFileId="2" StartOffset="11335"/>
</LocList>
<BasicStmnt CovItemId="S180" CovItemPrefix="is2.rubrica.PanelInserimento.java" Intrnl_Id="321">
<LocList>
<Loc EndOffset="11240" SrcFileId="2" StartOffset="11214"/>
</LocList>
</BasicStmnt>
<BasicStmnt CovItemId="S181" CovItemPrefix="is2.rubrica.PanelInserimento.java" Intrnl_Id="322">
<LocList>
<Loc EndOffset="11271" SrcFileId="2" StartOffset="11244"/>
</LocList>
</BasicStmnt>
<BasicStmnt CovItemId="S182" CovItemPrefix="is2.rubrica.PanelInserimento.java" Intrnl_Id="323">
<LocList>
<Loc EndOffset="11302" SrcFileId="2" StartOffset="11275"/>
</LocList>
</BasicStmnt>
<BasicStmnt CovItemId="S183" CovItemPrefix="is2.rubrica.PanelInserimento.java" Intrnl_Id="324">
<LocList>
<Loc EndOffset="11331" SrcFileId="2" StartOffset="11306"/>
</LocList>
</BasicStmnt>
<BasicStmnt CovItemId="S184" CovItemPrefix="is2.rubrica.PanelInserimento.java" Intrnl_Id="325">
<LocList>
<Loc EndOffset="11362" SrcFileId="2" StartOffset="11335"/>
</LocList>
</BasicStmnt>
</StmntSeq>
</Branch>
<Branch CovItemId="B40" CovItemPrefix="is2.rubrica.PanelInserimento.java" Implct="true" Intrnl_Id="326">
<Cond/>
<LocList/>
<StmntSeq Intrnl_Id="327">
<LocList/>
</StmntSeq>
</Branch>
<Keyword EndOffset="11178" SrcFileId="2" StartOffset="11176"/>
<LocList>
<Loc EndOffset="11366" SrcFileId="2" StartOffset="11176"/>
</LocList>
<RootTerm CovItemId="C18" CovItemPrefix="is2.rubrica.PanelInserimento.java" Intrnl_Id="328">
<BasicBoolTerm Intrnl_Id="329">
<LocList>
<Loc EndOffset="11208" SrcFileId="2" StartOffset="11179"/>
</LocList>
</BasicBoolTerm>
</RootTerm>
</CondStmnt>
<CondStmnt CovItemId="S185" CovItemPrefix="is2.rubrica.PanelInserimento.java" Intrnl_Id="330">
<Branch CovItemId="B41" CovItemPrefix="is2.rubrica.PanelInserimento.java" Implct="false" Intrnl_Id="331">
<Cond/>
<LocList>
<Loc EndOffset="12404" SrcFileId="2" StartOffset="11396"/>
</LocList>
<StmntSeq Intrnl_Id="332">
<LocList>
<Loc EndOffset="11411" SrcFileId="2" StartOffset="11401"/>
<Loc EndOffset="11457" SrcFileId="2" StartOffset="11419"/>
<Loc EndOffset="11497" SrcFileId="2" StartOffset="11465"/>
<Loc EndOffset="12400" SrcFileId="2" StartOffset="11501"/>
</LocList>
<BasicStmnt CovItemId="S186" CovItemPrefix="is2.rubrica.PanelInserimento.java" Intrnl_Id="333">
<LocList>
<Loc EndOffset="11411" SrcFileId="2" StartOffset="11401"/>
</LocList>
</BasicStmnt>
<CondStmnt CovItemId="S187" CovItemPrefix="is2.rubrica.PanelInserimento.java" Intrnl_Id="334">
<Branch CovItemId="B43" CovItemPrefix="is2.rubrica.PanelInserimento.java" Implct="false" Intrnl_Id="335">
<Cond/>
<LocList>
<Loc EndOffset="11457" SrcFileId="2" StartOffset="11446"/>
</LocList>
<StmntSeq Intrnl_Id="336">
<LocList>
<Loc EndOffset="11457" SrcFileId="2" StartOffset="11446"/>
</LocList>
<BasicStmnt CovItemId="S188" CovItemPrefix="is2.rubrica.PanelInserimento.java" Intrnl_Id="337">
<LocList>
<Loc EndOffset="11457" SrcFileId="2" StartOffset="11446"/>
</LocList>
</BasicStmnt>
</StmntSeq>
</Branch>
<Branch CovItemId="B44" CovItemPrefix="is2.rubrica.PanelInserimento.java" Implct="true" Intrnl_Id="338">
<Cond/>
<LocList/>
<StmntSeq Intrnl_Id="339">
<LocList/>
</StmntSeq>
</Branch>
<Keyword EndOffset="11421" SrcFileId="2" StartOffset="11419"/>
<LocList>
<Loc EndOffset="11457" SrcFileId="2" StartOffset="11419"/>
</LocList>
<RootTerm CovItemId="C20" CovItemPrefix="is2.rubrica.PanelInserimento.java" Intrnl_Id="340">
<BasicBoolTerm Intrnl_Id="341">
<LocList>
<Loc EndOffset="11440" SrcFileId="2" StartOffset="11422"/>
</LocList>
</BasicBoolTerm>
</RootTerm>
</CondStmnt>
<BasicStmnt CovItemId="S189" CovItemPrefix="is2.rubrica.PanelInserimento.java" Intrnl_Id="342">
<LocList>
<Loc EndOffset="11497" SrcFileId="2" StartOffset="11465"/>
</LocList>
</BasicStmnt>
<CondStmnt CovItemId="S190" CovItemPrefix="is2.rubrica.PanelInserimento.java" Intrnl_Id="343">
<Branch CovItemId="B45" CovItemPrefix="is2.rubrica.PanelInserimento.java" Implct="false" Intrnl_Id="344">
<Cond/>
<LocList>
<Loc EndOffset="12159" SrcFileId="2" StartOffset="11546"/>
</LocList>
<StmntSeq Intrnl_Id="345">
<LocList>
<Loc EndOffset="11590" SrcFileId="2" StartOffset="11552"/>
<Loc EndOffset="11607" SrcFileId="2" StartOffset="11595"/>
<Loc EndOffset="11750" SrcFileId="2" StartOffset="11737"/>
<Loc EndOffset="11781" SrcFileId="2" StartOffset="11755"/>
<Loc EndOffset="11819" SrcFileId="2" StartOffset="11786"/>
<Loc EndOffset="11833" SrcFileId="2" StartOffset="11824"/>
<Loc EndOffset="12046" SrcFileId="2" StartOffset="11838"/>
<Loc EndOffset="12089" SrcFileId="2" StartOffset="12051"/>
<Loc EndOffset="12120" SrcFileId="2" StartOffset="12094"/>
<Loc EndOffset="12154" SrcFileId="2" StartOffset="12125"/>
</LocList>
<BasicStmnt CovItemId="S191" CovItemPrefix="is2.rubrica.PanelInserimento.java" Intrnl_Id="346">
<LocList>
<Loc EndOffset="11590" SrcFileId="2" StartOffset="11552"/>
</LocList>
</BasicStmnt>
<BasicStmnt CovItemId="S192" CovItemPrefix="is2.rubrica.PanelInserimento.java" Intrnl_Id="347">
<LocList>
<Loc EndOffset="11607" SrcFileId="2" StartOffset="11595"/>
</LocList>
</BasicStmnt>
<BasicStmnt CovItemId="S193" CovItemPrefix="is2.rubrica.PanelInserimento.java" Intrnl_Id="348">
<LocList>
<Loc EndOffset="11750" SrcFileId="2" StartOffset="11737"/>
</LocList>
</BasicStmnt>
<BasicStmnt CovItemId="S194" CovItemPrefix="is2.rubrica.PanelInserimento.java" Intrnl_Id="349">
<LocList>
<Loc EndOffset="11781" SrcFileId="2" StartOffset="11755"/>
</LocList>
</BasicStmnt>
<BasicStmnt CovItemId="S195" CovItemPrefix="is2.rubrica.PanelInserimento.java" Intrnl_Id="350">
<LocList>
<Loc EndOffset="11819" SrcFileId="2" StartOffset="11786"/>
</LocList>
</BasicStmnt>
<BasicStmnt CovItemId="S196" CovItemPrefix="is2.rubrica.PanelInserimento.java" Intrnl_Id="351">
<LocList>
<Loc EndOffset="11833" SrcFileId="2" StartOffset="11824"/>
</LocList>
</BasicStmnt>
<CondStmnt CovItemId="S197" CovItemPrefix="is2.rubrica.PanelInserimento.java" Intrnl_Id="352">
<Branch CovItemId="B47" CovItemPrefix="is2.rubrica.PanelInserimento.java" Implct="false" Intrnl_Id="353">
<Cond/>
<LocList>
<Loc EndOffset="11987" SrcFileId="2" StartOffset="11859"/>
</LocList>
<StmntSeq Intrnl_Id="354">
<LocList>
<Loc EndOffset="11981" SrcFileId="2" StartOffset="11866"/>
</LocList>
<LoopStmnt CovItemId="S198" CovItemPrefix="is2.rubrica.PanelInserimento.java" Intrnl_Id="355" MltplExecId="L1-2" MltplExecPrefix="is2.rubrica.PanelInserimento.java" NvrExecId="L1-0" NvrExecPrefix="is2.rubrica.PanelInserimento.java" OnceExecutedId="L1-1" OnceExecutedPrefix="is2.rubrica.PanelInserimento.java" OptBodyExec="false">
<StmntSeq Intrnl_Id="356">
<LocList>
<Loc EndOffset="11928" SrcFileId="2" StartOffset="11877"/>
<Loc EndOffset="11944" SrcFileId="2" StartOffset="11935"/>
</LocList>
<BasicStmnt CovItemId="S199" CovItemPrefix="is2.rubrica.PanelInserimento.java" Intrnl_Id="357">
<LocList>
<Loc EndOffset="11928" SrcFileId="2" StartOffset="11877"/>
</LocList>
</BasicStmnt>
<BasicStmnt CovItemId="S200" CovItemPrefix="is2.rubrica.PanelInserimento.java" Intrnl_Id="358">
<LocList>
<Loc EndOffset="11944" SrcFileId="2" StartOffset="11935"/>
</LocList>
</BasicStmnt>
</StmntSeq>
<Keyword EndOffset="11868" SrcFileId="2" StartOffset="11866"/>
<LocList>
<Loc EndOffset="11981" SrcFileId="2" StartOffset="11866"/>
</LocList>
<RootTerm CovItemId="C23" CovItemPrefix="is2.rubrica.PanelInserimento.java" Intrnl_Id="359">
<BasicBoolTerm Intrnl_Id="360">
<LocList>
<Loc EndOffset="11979" SrcFileId="2" StartOffset="11958"/>
</LocList>
</BasicBoolTerm>
</RootTerm>
</LoopStmnt>
</StmntSeq>
</Branch>
<Branch CovItemId="B48" CovItemPrefix="is2.rubrica.PanelInserimento.java" Implct="false" Intrnl_Id="361">
<Cond>
<Loc EndOffset="11991" SrcFileId="2" StartOffset="11987"/>
</Cond>
<LocList>
<Loc EndOffset="12046" SrcFileId="2" StartOffset="11991"/>
</LocList>
<StmntSeq Intrnl_Id="362">
<LocList>
<Loc EndOffset="12040" SrcFileId="2" StartOffset="11998"/>
</LocList>
<BasicStmnt CovItemId="S201" CovItemPrefix="is2.rubrica.PanelInserimento.java" Intrnl_Id="363">
<LocList>
<Loc EndOffset="12040" SrcFileId="2" StartOffset="11998"/>
</LocList>
</BasicStmnt>
</StmntSeq>
</Branch>
<Keyword EndOffset="11840" SrcFileId="2" StartOffset="11838"/>
<LocList>
<Loc EndOffset="12046" SrcFileId="2" StartOffset="11838"/>
</LocList>
<RootTerm CovItemId="C22" CovItemPrefix="is2.rubrica.PanelInserimento.java" Intrnl_Id="364">
<BasicBoolTerm Intrnl_Id="365">
<LocList>
<Loc EndOffset="11857" SrcFileId="2" StartOffset="11841"/>
</LocList>
</BasicBoolTerm>
</RootTerm>
</CondStmnt>
<BasicStmnt CovItemId="S202" CovItemPrefix="is2.rubrica.PanelInserimento.java" Intrnl_Id="366">
<LocList>
<Loc EndOffset="12089" SrcFileId="2" StartOffset="12051"/>
</LocList>
</BasicStmnt>
<BasicStmnt CovItemId="S203" CovItemPrefix="is2.rubrica.PanelInserimento.java" Intrnl_Id="367">
<LocList>
<Loc EndOffset="12120" SrcFileId="2" StartOffset="12094"/>
</LocList>
</BasicStmnt>
<BasicStmnt CovItemId="S204" CovItemPrefix="is2.rubrica.PanelInserimento.java" Intrnl_Id="368">
<LocList>
<Loc EndOffset="12154" SrcFileId="2" StartOffset="12125"/>
</LocList>
</BasicStmnt>
</StmntSeq>
</Branch>
<Branch CovItemId="B46" CovItemPrefix="is2.rubrica.PanelInserimento.java" Implct="false" Intrnl_Id="369">
<Cond>
<Loc EndOffset="12163" SrcFileId="2" StartOffset="12159"/>
</Cond>
<LocList>
<Loc EndOffset="12400" SrcFileId="2" StartOffset="12163"/>
</LocList>
<StmntSeq Intrnl_Id="370">
<LocList>
<Loc EndOffset="12196" SrcFileId="2" StartOffset="12169"/>
<Loc EndOffset="12395" SrcFileId="2" StartOffset="12201"/>
</LocList>
<BasicStmnt CovItemId="S205" CovItemPrefix="is2.rubrica.PanelInserimento.java" Intrnl_Id="371">
<LocList>
<Loc EndOffset="12196" SrcFileId="2" StartOffset="12169"/>
</LocList>
</BasicStmnt>
<CondStmnt CovItemId="S206" CovItemPrefix="is2.rubrica.PanelInserimento.java" Intrnl_Id="372">
<Branch CovItemId="B49" CovItemPrefix="is2.rubrica.PanelInserimento.java" Implct="false" Intrnl_Id="373">
<Cond/>
<LocList>
<Loc EndOffset="12302" SrcFileId="2" StartOffset="12222"/>
</LocList>
<StmntSeq Intrnl_Id="374">
<LocList>
<Loc EndOffset="12302" SrcFileId="2" StartOffset="12222"/>
</LocList>
<BasicStmnt CovItemId="S207" CovItemPrefix="is2.rubrica.PanelInserimento.java" Intrnl_Id="375">
<LocList>
<Loc EndOffset="12302" SrcFileId="2" StartOffset="12222"/>
</LocList>
</BasicStmnt>
</StmntSeq>
</Branch>
<Branch CovItemId="B50" CovItemPrefix="is2.rubrica.PanelInserimento.java" Implct="false" Intrnl_Id="376">
<Cond>
<Loc EndOffset="12311" SrcFileId="2" StartOffset="12307"/>
</Cond>
<LocList>
<Loc EndOffset="12395" SrcFileId="2" StartOffset="12317"/>
</LocList>
<StmntSeq Intrnl_Id="377">
<LocList>
<Loc EndOffset="12395" SrcFileId="2" StartOffset="12317"/>
</LocList>
<BasicStmnt CovItemId="S208" CovItemPrefix="is2.rubrica.PanelInserimento.java" Intrnl_Id="378">
<LocList>
<Loc EndOffset="12395" SrcFileId="2" StartOffset="12317"/>
</LocList>
</BasicStmnt>
</StmntSeq>
</Branch>
<Keyword EndOffset="12203" SrcFileId="2" StartOffset="12201"/>
<LocList>
<Loc EndOffset="12395" SrcFileId="2" StartOffset="12201"/>
</LocList>
<RootTerm CovItemId="C24" CovItemPrefix="is2.rubrica.PanelInserimento.java" Intrnl_Id="379">
<BasicBoolTerm Intrnl_Id="380">
<LocList>
<Loc EndOffset="12215" SrcFileId="2" StartOffset="12204"/>
</LocList>
</BasicBoolTerm>
</RootTerm>
</CondStmnt>
</StmntSeq>
</Branch>
<Keyword EndOffset="11503" SrcFileId="2" StartOffset="11501"/>
<LocList>
<Loc EndOffset="12400" SrcFileId="2" StartOffset="11501"/>
</LocList>
<RootTerm CovItemId="C21" CovItemPrefix="is2.rubrica.PanelInserimento.java" Intrnl_Id="381">
<OpTerm BooleanOpId="4" Intrnl_Id="382">
<BasicBoolTerm Intrnl_Id="383">
<LocList>
<Loc EndOffset="11528" SrcFileId="2" StartOffset="11506"/>
</LocList>
</BasicBoolTerm>
<BasicBoolTerm Intrnl_Id="384">
<LocList>
<Loc EndOffset="11544" SrcFileId="2" StartOffset="11534"/>
</LocList>
</BasicBoolTerm>
<LocList>
<Loc EndOffset="11532" SrcFileId="2" StartOffset="11530"/>
</LocList>
</OpTerm>
</RootTerm>
</CondStmnt>
</StmntSeq>
</Branch>
<Branch CovItemId="B42" CovItemPrefix="is2.rubrica.PanelInserimento.java" Implct="true" Intrnl_Id="385">
<Cond/>
<LocList/>
<StmntSeq Intrnl_Id="386">
<LocList/>
</StmntSeq>
</Branch>
<Keyword EndOffset="11371" SrcFileId="2" StartOffset="11369"/>
<LocList>
<Loc EndOffset="12404" SrcFileId="2" StartOffset="11369"/>
</LocList>
<RootTerm CovItemId="C19" CovItemPrefix="is2.rubrica.PanelInserimento.java" Intrnl_Id="387">
<BasicBoolTerm Intrnl_Id="388">
<LocList>
<Loc EndOffset="11395" SrcFileId="2" StartOffset="11372"/>
</LocList>
</BasicBoolTerm>
</RootTerm>
</CondStmnt>
<CondStmnt CovItemId="S209" CovItemPrefix="is2.rubrica.PanelInserimento.java" Intrnl_Id="389">
<Branch CovItemId="B51" CovItemPrefix="is2.rubrica.PanelInserimento.java" Implct="false" Intrnl_Id="390">
<Cond/>
<LocList>
<Loc EndOffset="12457" SrcFileId="2" StartOffset="12433"/>
</LocList>
<StmntSeq Intrnl_Id="391">
<LocList>
<Loc EndOffset="12453" SrcFileId="2" StartOffset="12438"/>
</LocList>
<BasicStmnt CovItemId="S210" CovItemPrefix="is2.rubrica.PanelInserimento.java" Intrnl_Id="392">
<LocList>
<Loc EndOffset="12453" SrcFileId="2" StartOffset="12438"/>
</LocList>
</BasicStmnt>
</StmntSeq>
</Branch>
<Branch CovItemId="B52" CovItemPrefix="is2.rubrica.PanelInserimento.java" Implct="true" Intrnl_Id="393">
<Cond/>
<LocList/>
<StmntSeq Intrnl_Id="394">
<LocList/>
</StmntSeq>
</Branch>
<Keyword EndOffset="12409" SrcFileId="2" StartOffset="12407"/>
<LocList>
<Loc EndOffset="12457" SrcFileId="2" StartOffset="12407"/>
</LocList>
<RootTerm CovItemId="C25" CovItemPrefix="is2.rubrica.PanelInserimento.java" Intrnl_Id="395">
<BasicBoolTerm Intrnl_Id="396">
<LocList>
<Loc EndOffset="12432" SrcFileId="2" StartOffset="12410"/>
</LocList>
</BasicBoolTerm>
</RootTerm>
</CondStmnt>
<CondStmnt CovItemId="S211" CovItemPrefix="is2.rubrica.PanelInserimento.java" Intrnl_Id="397">
<Branch CovItemId="B53" CovItemPrefix="is2.rubrica.PanelInserimento.java" Implct="false" Intrnl_Id="398">
<Cond/>
<LocList>
<Loc EndOffset="12559" SrcFileId="2" StartOffset="12494"/>
</LocList>
<StmntSeq Intrnl_Id="399">
<LocList>
<Loc EndOffset="12525" SrcFileId="2" StartOffset="12499"/>
<Loc EndOffset="12555" SrcFileId="2" StartOffset="12529"/>
</LocList>
<BasicStmnt CovItemId="S212" CovItemPrefix="is2.rubrica.PanelInserimento.java" Intrnl_Id="400">
<LocList>
<Loc EndOffset="12525" SrcFileId="2" StartOffset="12499"/>
</LocList>
</BasicStmnt>
<BasicStmnt CovItemId="S213" CovItemPrefix="is2.rubrica.PanelInserimento.java" Intrnl_Id="401">
<LocList>
<Loc EndOffset="12555" SrcFileId="2" StartOffset="12529"/>
</LocList>
</BasicStmnt>
</StmntSeq>
</Branch>
<Branch CovItemId="B54" CovItemPrefix="is2.rubrica.PanelInserimento.java" Implct="true" Intrnl_Id="402">
<Cond/>
<LocList/>
<StmntSeq Intrnl_Id="403">
<LocList/>
</StmntSeq>
</Branch>
<Keyword EndOffset="12462" SrcFileId="2" StartOffset="12460"/>
<LocList>
<Loc EndOffset="12559" SrcFileId="2" StartOffset="12460"/>
</LocList>
<RootTerm CovItemId="C26" CovItemPrefix="is2.rubrica.PanelInserimento.java" Intrnl_Id="404">
<BasicBoolTerm Intrnl_Id="405">
<LocList>
<Loc EndOffset="12493" SrcFileId="2" StartOffset="12463"/>
</LocList>
</BasicBoolTerm>
</RootTerm>
</CondStmnt>
<CondStmnt CovItemId="S214" CovItemPrefix="is2.rubrica.PanelInserimento.java" Intrnl_Id="406">
<Branch CovItemId="B55" CovItemPrefix="is2.rubrica.PanelInserimento.java" Implct="false" Intrnl_Id="407">
<Cond/>
<LocList>
<Loc EndOffset="12668" SrcFileId="2" StartOffset="12603"/>
</LocList>
<StmntSeq Intrnl_Id="408">
<LocList>
<Loc EndOffset="12634" SrcFileId="2" StartOffset="12608"/>
<Loc EndOffset="12664" SrcFileId="2" StartOffset="12638"/>
</LocList>
<BasicStmnt CovItemId="S215" CovItemPrefix="is2.rubrica.PanelInserimento.java" Intrnl_Id="409">
<LocList>
<Loc EndOffset="12634" SrcFileId="2" StartOffset="12608"/>
</LocList>
</BasicStmnt>
<BasicStmnt CovItemId="S216" CovItemPrefix="is2.rubrica.PanelInserimento.java" Intrnl_Id="410">
<LocList>
<Loc EndOffset="12664" SrcFileId="2" StartOffset="12638"/>
</LocList>
</BasicStmnt>
</StmntSeq>
</Branch>
<Branch CovItemId="B56" CovItemPrefix="is2.rubrica.PanelInserimento.java" Implct="true" Intrnl_Id="411">
<Cond/>
<LocList/>
<StmntSeq Intrnl_Id="412">
<LocList/>
</StmntSeq>
</Branch>
<Keyword EndOffset="12564" SrcFileId="2" StartOffset="12562"/>
<LocList>
<Loc EndOffset="12668" SrcFileId="2" StartOffset="12562"/>
</LocList>
<RootTerm CovItemId="C27" CovItemPrefix="is2.rubrica.PanelInserimento.java" Intrnl_Id="413">
<BasicBoolTerm Intrnl_Id="414">
<LocList>
<Loc EndOffset="12602" SrcFileId="2" StartOffset="12565"/>
</LocList>
</BasicBoolTerm>
</RootTerm>
</CondStmnt>
<CondStmnt CovItemId="S217" CovItemPrefix="is2.rubrica.PanelInserimento.java" Intrnl_Id="415">
<Branch CovItemId="B57" CovItemPrefix="is2.rubrica.PanelInserimento.java" Implct="false" Intrnl_Id="416">
<Cond/>
<LocList>
<Loc EndOffset="12772" SrcFileId="2" StartOffset="12708"/>
</LocList>
<StmntSeq Intrnl_Id="417">
<LocList>
<Loc EndOffset="12739" SrcFileId="2" StartOffset="12713"/>
<Loc EndOffset="12768" SrcFileId="2" StartOffset="12743"/>
</LocList>
<BasicStmnt CovItemId="S218" CovItemPrefix="is2.rubrica.PanelInserimento.java" Intrnl_Id="418">
<LocList>
<Loc EndOffset="12739" SrcFileId="2" StartOffset="12713"/>
</LocList>
</BasicStmnt>
<BasicStmnt CovItemId="S219" CovItemPrefix="is2.rubrica.PanelInserimento.java" Intrnl_Id="419">
<LocList>
<Loc EndOffset="12768" SrcFileId="2" StartOffset="12743"/>
</LocList>
</BasicStmnt>
</StmntSeq>
</Branch>
<Branch CovItemId="B58" CovItemPrefix="is2.rubrica.PanelInserimento.java" Implct="true" Intrnl_Id="420">
<Cond/>
<LocList/>
<StmntSeq Intrnl_Id="421">
<LocList/>
</StmntSeq>
</Branch>
<Keyword EndOffset="12673" SrcFileId="2" StartOffset="12671"/>
<LocList>
<Loc EndOffset="12772" SrcFileId="2" StartOffset="12671"/>
</LocList>
<RootTerm CovItemId="C28" CovItemPrefix="is2.rubrica.PanelInserimento.java" Intrnl_Id="422">
<BasicBoolTerm Intrnl_Id="423">
<LocList>
<Loc EndOffset="12706" SrcFileId="2" StartOffset="12674"/>
</LocList>
</BasicBoolTerm>
</RootTerm>
</CondStmnt>
</StmntSeq>
</HierarchyLvl>
<HierarchyLvl HierarchyLvlId="293" HierarchyLvlTypeId="8" Intrnl_Id="424" Name="letturaFile">
<Header>
<Loc EndOffset="12814" SrcFileId="2" StartOffset="12781"/>
</Header>
<LocList>
<Loc EndOffset="13469" SrcFileId="2" StartOffset="12781"/>
</LocList>
<StmntSeq Intrnl_Id="425">
<LocList>
<Loc EndOffset="12832" SrcFileId="2" StartOffset="12821"/>
<Loc EndOffset="12853" SrcFileId="2" StartOffset="12837"/>
<Loc EndOffset="12912" SrcFileId="2" StartOffset="12874"/>
<Loc EndOffset="12964" SrcFileId="2" StartOffset="12918"/>
<Loc EndOffset="13054" SrcFileId="2" StartOffset="12976"/>
<Loc EndOffset="13104" SrcFileId="2" StartOffset="13066"/>
<Loc EndOffset="13151" SrcFileId="2" StartOffset="13110"/>
<Loc EndOffset="13256" SrcFileId="2" StartOffset="13163"/>
<Loc EndOffset="13466" SrcFileId="2" StartOffset="12863"/>
</LocList>
<BasicStmnt CovItemId="S220" CovItemPrefix="is2.rubrica.PanelInserimento.java" Intrnl_Id="426">
<LocList>
<Loc EndOffset="12832" SrcFileId="2" StartOffset="12821"/>
</LocList>
</BasicStmnt>
<BasicStmnt CovItemId="S221" CovItemPrefix="is2.rubrica.PanelInserimento.java" Intrnl_Id="427">
<LocList>
<Loc EndOffset="12853" SrcFileId="2" StartOffset="12837"/>
</LocList>
</BasicStmnt>
<BasicStmnt CovItemId="S223" CovItemPrefix="is2.rubrica.PanelInserimento.java" Intrnl_Id="428">
<LocList>
<Loc EndOffset="12912" SrcFileId="2" StartOffset="12874"/>
</LocList>
</BasicStmnt>
<BasicStmnt CovItemId="S224" CovItemPrefix="is2.rubrica.PanelInserimento.java" Intrnl_Id="429">
<LocList>
<Loc EndOffset="12964" SrcFileId="2" StartOffset="12918"/>
</LocList>
</BasicStmnt>
<LoopStmnt CovItemId="S225" CovItemPrefix="is2.rubrica.PanelInserimento.java" Intrnl_Id="430" MltplExecId="L2-2" MltplExecPrefix="is2.rubrica.PanelInserimento.java" NvrExecId="L2-0" NvrExecPrefix="is2.rubrica.PanelInserimento.java" OnceExecutedId="L2-1" OnceExecutedPrefix="is2.rubrica.PanelInserimento.java" OptBodyExec="true">
<StmntSeq Intrnl_Id="431">
<LocList>
<Loc EndOffset="13054" SrcFileId="2" StartOffset="13038"/>
</LocList>
<BasicStmnt CovItemId="S226" CovItemPrefix="is2.rubrica.PanelInserimento.java" Intrnl_Id="432">
<LocList>
<Loc EndOffset="13054" SrcFileId="2" StartOffset="13038"/>
</LocList>
</BasicStmnt>
</StmntSeq>
<Keyword EndOffset="12981" SrcFileId="2" StartOffset="12976"/>
<LocList>
<Loc EndOffset="13054" SrcFileId="2" StartOffset="12976"/>
</LocList>
</LoopStmnt>
<BasicStmnt CovItemId="S227" CovItemPrefix="is2.rubrica.PanelInserimento.java" Intrnl_Id="433">
<LocList>
<Loc EndOffset="13104" SrcFileId="2" StartOffset="13066"/>
</LocList>
</BasicStmnt>
<BasicStmnt CovItemId="S228" CovItemPrefix="is2.rubrica.PanelInserimento.java" Intrnl_Id="434">
<LocList>
<Loc EndOffset="13151" SrcFileId="2" StartOffset="13110"/>
</LocList>
</BasicStmnt>
<LoopStmnt CovItemId="S229" CovItemPrefix="is2.rubrica.PanelInserimento.java" Intrnl_Id="435" MltplExecId="L3-2" MltplExecPrefix="is2.rubrica.PanelInserimento.java" NvrExecId="L3-0" NvrExecPrefix="is2.rubrica.PanelInserimento.java" OnceExecutedId="L3-1" OnceExecutedPrefix="is2.rubrica.PanelInserimento.java" OptBodyExec="true">
<StmntSeq Intrnl_Id="436">
<LocList>
<Loc EndOffset="13205" SrcFileId="2" StartOffset="13198"/>
<Loc EndOffset="13249" SrcFileId="2" StartOffset="13212"/>
</LocList>
<BasicStmnt CovItemId="S230" CovItemPrefix="is2.rubrica.PanelInserimento.java" Intrnl_Id="437">
<LocList>
<Loc EndOffset="13205" SrcFileId="2" StartOffset="13198"/>
</LocList>
</BasicStmnt>
<BasicStmnt CovItemId="S231" CovItemPrefix="is2.rubrica.PanelInserimento.java" Intrnl_Id="438">
<LocList>
<Loc EndOffset="13249" SrcFileId="2" StartOffset="13212"/>
</LocList>
</BasicStmnt>
</StmntSeq>
<Keyword EndOffset="13168" SrcFileId="2" StartOffset="13163"/>
<LocList>
<Loc EndOffset="13256" SrcFileId="2" StartOffset="13163"/>
</LocList>
<RootTerm CovItemId="C30" CovItemPrefix="is2.rubrica.PanelInserimento.java" Intrnl_Id="439">
<BasicBoolTerm Intrnl_Id="440">
<LocList>
<Loc EndOffset="13187" SrcFileId="2" StartOffset="13170"/>
</LocList>
</BasicBoolTerm>
</RootTerm>
</LoopStmnt>
<CondStmnt CovItemId="S222" CovItemPrefix="is2.rubrica.PanelInserimento.java" Intrnl_Id="441">
<Branch CovItemId="B59" CovItemPrefix="is2.rubrica.PanelInserimento.java" Implct="true" Intrnl_Id="442">
<Cond/>
<LocList/>
<StmntSeq Intrnl_Id="443">
<LocList/>
</StmntSeq>
</Branch>
<Branch CovItemId="B60" CovItemPrefix="is2.rubrica.PanelInserimento.java" Implct="false" Intrnl_Id="444">
<Cond>
<Loc EndOffset="13298" SrcFileId="2" StartOffset="13267"/>
</Cond>
<LocList>
<Loc EndOffset="13379" SrcFileId="2" StartOffset="13299"/>
</LocList>
<StmntSeq Intrnl_Id="445">
<LocList>
<Loc EndOffset="13373" SrcFileId="2" StartOffset="13306"/>
</LocList>
<BasicStmnt CovItemId="S232" CovItemPrefix="is2.rubrica.PanelInserimento.java" Intrnl_Id="446">
<LocList>
<Loc EndOffset="13373" SrcFileId="2" StartOffset="13306"/>
</LocList>
</BasicStmnt>
</StmntSeq>
</Branch>
<Branch CovItemId="B61" CovItemPrefix="is2.rubrica.PanelInserimento.java" Implct="false" Intrnl_Id="447">
<Cond>
<Loc EndOffset="13405" SrcFileId="2" StartOffset="13384"/>
</Cond>
<LocList>
<Loc EndOffset="13466" SrcFileId="2" StartOffset="13406"/>
</LocList>
<StmntSeq Intrnl_Id="448">
<LocList>
<Loc EndOffset="13460" SrcFileId="2" StartOffset="13413"/>
</LocList>
<BasicStmnt CovItemId="S233" CovItemPrefix="is2.rubrica.PanelInserimento.java" Intrnl_Id="449">
<LocList>
<Loc EndOffset="13460" SrcFileId="2" StartOffset="13413"/>
</LocList>
</BasicStmnt>
</StmntSeq>
</Branch>
<Keyword EndOffset="12866" SrcFileId="2" StartOffset="12863"/>
<LocList>
<Loc EndOffset="13466" SrcFileId="2" StartOffset="12863"/>
</LocList>
</CondStmnt>
</StmntSeq>
</HierarchyLvl>
<HierarchyLvl HierarchyLvlId="294" HierarchyLvlTypeId="8" Intrnl_Id="450" Name="cerca">
<Header>
<Loc EndOffset="13521" SrcFileId="2" StartOffset="13473"/>
</Header>
<LocList>
<Loc EndOffset="14328" SrcFileId="2" StartOffset="13473"/>
</LocList>
<StmntSeq Intrnl_Id="451">
<LocList>
<Loc EndOffset="13535" SrcFileId="2" StartOffset="13526"/>
<Loc EndOffset="13587" SrcFileId="2" StartOffset="13549"/>
<Loc EndOffset="13636" SrcFileId="2" StartOffset="13591"/>
<Loc EndOffset="13724" SrcFileId="2" StartOffset="13644"/>
<Loc EndOffset="13770" SrcFileId="2" StartOffset="13732"/>
<Loc EndOffset="13820" SrcFileId="2" StartOffset="13774"/>
<Loc EndOffset="13835" SrcFileId="2" StartOffset="13824"/>
<Loc EndOffset="14149" SrcFileId="2" StartOffset="13839"/>
<Loc EndOffset="14325" SrcFileId="2" StartOffset="13541"/>
</LocList>
<BasicStmnt CovItemId="S234" CovItemPrefix="is2.rubrica.PanelInserimento.java" Intrnl_Id="452">
<LocList>
<Loc EndOffset="13535" SrcFileId="2" StartOffset="13526"/>
</LocList>
</BasicStmnt>
<BasicStmnt CovItemId="S236" CovItemPrefix="is2.rubrica.PanelInserimento.java" Intrnl_Id="453">
<LocList>
<Loc EndOffset="13587" SrcFileId="2" StartOffset="13549"/>
</LocList>
</BasicStmnt>
<BasicStmnt CovItemId="S237" CovItemPrefix="is2.rubrica.PanelInserimento.java" Intrnl_Id="454">
<LocList>
<Loc EndOffset="13636" SrcFileId="2" StartOffset="13591"/>
</LocList>
</BasicStmnt>
<LoopStmnt CovItemId="S238" CovItemPrefix="is2.rubrica.PanelInserimento.java" Intrnl_Id="455" MltplExecId="L4-2" MltplExecPrefix="is2.rubrica.PanelInserimento.java" NvrExecId="L4-0" NvrExecPrefix="is2.rubrica.PanelInserimento.java" OnceExecutedId="L4-1" OnceExecutedPrefix="is2.rubrica.PanelInserimento.java" OptBodyExec="true">
<StmntSeq Intrnl_Id="456">
<LocList>
<Loc EndOffset="13719" SrcFileId="2" StartOffset="13706"/>
</LocList>
<BasicStmnt CovItemId="S239" CovItemPrefix="is2.rubrica.PanelInserimento.java" Intrnl_Id="457">
<LocList>
<Loc EndOffset="13719" SrcFileId="2" StartOffset="13706"/>
</LocList>
</BasicStmnt>
</StmntSeq>
<Keyword EndOffset="13649" SrcFileId="2" StartOffset="13644"/>
<LocList>
<Loc EndOffset="13724" SrcFileId="2" StartOffset="13644"/>
</LocList>
</LoopStmnt>
<BasicStmnt CovItemId="S240" CovItemPrefix="is2.rubrica.PanelInserimento.java" Intrnl_Id="458">
<LocList>
<Loc EndOffset="13770" SrcFileId="2" StartOffset="13732"/>
</LocList>
</BasicStmnt>
<BasicStmnt CovItemId="S241" CovItemPrefix="is2.rubrica.PanelInserimento.java" Intrnl_Id="459">
<LocList>
<Loc EndOffset="13820" SrcFileId="2" StartOffset="13774"/>
</LocList>
</BasicStmnt>
<BasicStmnt CovItemId="S242" CovItemPrefix="is2.rubrica.PanelInserimento.java" Intrnl_Id="460">
<LocList>
<Loc EndOffset="13835" SrcFileId="2" StartOffset="13824"/>
</LocList>
</BasicStmnt>
<LoopStmnt CovItemId="S243" CovItemPrefix="is2.rubrica.PanelInserimento.java" Intrnl_Id="461" MltplExecId="L5-2" MltplExecPrefix="is2.rubrica.PanelInserimento.java" NvrExecId="L5-0" NvrExecPrefix="is2.rubrica.PanelInserimento.java" OnceExecutedId="L5-1" OnceExecutedPrefix="is2.rubrica.PanelInserimento.java" OptBodyExec="false">
<StmntSeq Intrnl_Id="462">
<LocList>
<Loc EndOffset="14094" SrcFileId="2" StartOffset="13848"/>
<Loc EndOffset="14110" SrcFileId="2" StartOffset="14099"/>
</LocList>
<LoopStmnt CovItemId="S244" CovItemPrefix="is2.rubrica.PanelInserimento.java" Intrnl_Id="463" MltplExecId="L6-2" MltplExecPrefix="is2.rubrica.PanelInserimento.java" NvrExecId="L6-0" NvrExecPrefix="is2.rubrica.PanelInserimento.java" OnceExecutedId="L6-1" OnceExecutedPrefix="is2.rubrica.PanelInserimento.java" OptBodyExec="true">
<StmntSeq Intrnl_Id="464">
<LocList>
<Loc EndOffset="13899" SrcFileId="2" StartOffset="13887"/>
<Loc EndOffset="13942" SrcFileId="2" StartOffset="13905"/>
<Loc EndOffset="14088" SrcFileId="2" StartOffset="13948"/>
</LocList>
<BasicStmnt CovItemId="S245" CovItemPrefix="is2.rubrica.PanelInserimento.java" Intrnl_Id="465">
<LocList>
<Loc EndOffset="13899" SrcFileId="2" StartOffset="13887"/>
</LocList>
</BasicStmnt>
<BasicStmnt CovItemId="S246" CovItemPrefix="is2.rubrica.PanelInserimento.java" Intrnl_Id="466">
<LocList>
<Loc EndOffset="13942" SrcFileId="2" StartOffset="13905"/>
</LocList>
</BasicStmnt>
<CondStmnt CovItemId="S247" CovItemPrefix="is2.rubrica.PanelInserimento.java" Intrnl_Id="467">
<Branch CovItemId="B63" CovItemPrefix="is2.rubrica.PanelInserimento.java" Implct="false" Intrnl_Id="468">
<Cond/>
<LocList>
<Loc EndOffset="14088" SrcFileId="2" StartOffset="13972"/>
</LocList>
<StmntSeq Intrnl_Id="469">
<LocList>
<Loc EndOffset="14081" SrcFileId="2" StartOffset="13980"/>
</LocList>
<CondStmnt CovItemId="S248" CovItemPrefix="is2.rubrica.PanelInserimento.java" Intrnl_Id="470">
<Branch CovItemId="B65" CovItemPrefix="is2.rubrica.PanelInserimento.java" Implct="false" Intrnl_Id="471">
<Cond/>
<LocList>
<Loc EndOffset="14081" SrcFileId="2" StartOffset="14017"/>
</LocList>
<StmntSeq Intrnl_Id="472">
<LocList>
<Loc EndOffset="14056" SrcFileId="2" StartOffset="14026"/>
<Loc EndOffset="14073" SrcFileId="2" StartOffset="14064"/>
</LocList>
<BasicStmnt CovItemId="S249" CovItemPrefix="is2.rubrica.PanelInserimento.java" Intrnl_Id="473">
<LocList>
<Loc EndOffset="14056" SrcFileId="2" StartOffset="14026"/>
</LocList>
</BasicStmnt>
<BasicStmnt CovItemId="S250" CovItemPrefix="is2.rubrica.PanelInserimento.java" Intrnl_Id="474">
<LocList>
<Loc EndOffset="14073" SrcFileId="2" StartOffset="14064"/>
</LocList>
</BasicStmnt>
</StmntSeq>
</Branch>
<Branch CovItemId="B66" CovItemPrefix="is2.rubrica.PanelInserimento.java" Implct="true" Intrnl_Id="475">
<Cond/>
<LocList/>
<StmntSeq Intrnl_Id="476">
<LocList/>
</StmntSeq>
</Branch>
<Keyword EndOffset="13982" SrcFileId="2" StartOffset="13980"/>
<LocList>
<Loc EndOffset="14081" SrcFileId="2" StartOffset="13980"/>
</LocList>
<RootTerm CovItemId="C35" CovItemPrefix="is2.rubrica.PanelInserimento.java" Intrnl_Id="477">
<BasicBoolTerm Intrnl_Id="478">
<LocList>
<Loc EndOffset="14015" SrcFileId="2" StartOffset="13983"/>
</LocList>
</BasicBoolTerm>
</RootTerm>
</CondStmnt>
</StmntSeq>
</Branch>
<Branch CovItemId="B64" CovItemPrefix="is2.rubrica.PanelInserimento.java" Implct="true" Intrnl_Id="479">
<Cond/>
<LocList/>
<StmntSeq Intrnl_Id="480">
<LocList/>
</StmntSeq>
</Branch>
<Keyword EndOffset="13950" SrcFileId="2" StartOffset="13948"/>
<LocList>
<Loc EndOffset="14088" SrcFileId="2" StartOffset="13948"/>
</LocList>
<RootTerm CovItemId="C34" CovItemPrefix="is2.rubrica.PanelInserimento.java" Intrnl_Id="481">
<BasicBoolTerm Intrnl_Id="482">
<LocList>
<Loc EndOffset="13970" SrcFileId="2" StartOffset="13952"/>
</LocList>
</BasicBoolTerm>
</RootTerm>
</CondStmnt>
</StmntSeq>
<Keyword EndOffset="13853" SrcFileId="2" StartOffset="13848"/>
<LocList>
<Loc EndOffset="14094" SrcFileId="2" StartOffset="13848"/>
</LocList>
<RootTerm CovItemId="C33" CovItemPrefix="is2.rubrica.PanelInserimento.java" Intrnl_Id="483">
<BasicBoolTerm Intrnl_Id="484">
<LocList>
<Loc EndOffset="13877" SrcFileId="2" StartOffset="13855"/>
</LocList>
</BasicBoolTerm>
</RootTerm>
</LoopStmnt>
<BasicStmnt CovItemId="S251" CovItemPrefix="is2.rubrica.PanelInserimento.java" Intrnl_Id="485">
<LocList>
<Loc EndOffset="14110" SrcFileId="2" StartOffset="14099"/>
</LocList>
</BasicStmnt>
</StmntSeq>
<Keyword EndOffset="13841" SrcFileId="2" StartOffset="13839"/>
<LocList>
<Loc EndOffset="14149" SrcFileId="2" StartOffset="13839"/>
</LocList>
<RootTerm CovItemId="C32" CovItemPrefix="is2.rubrica.PanelInserimento.java" Intrnl_Id="486">
<BasicBoolTerm Intrnl_Id="487">
<LocList>
<Loc EndOffset="14147" SrcFileId="2" StartOffset="14125"/>
</LocList>
</BasicBoolTerm>
</RootTerm>
</LoopStmnt>
<CondStmnt CovItemId="S235" CovItemPrefix="is2.rubrica.PanelInserimento.java" Intrnl_Id="488">
<Branch CovItemId="B62" CovItemPrefix="is2.rubrica.PanelInserimento.java" Implct="true" Intrnl_Id="489">
<Cond/>
<LocList/>
<StmntSeq Intrnl_Id="490">
<LocList/>
</StmntSeq>
</Branch>
<Branch CovItemId="B67" CovItemPrefix="is2.rubrica.PanelInserimento.java" Implct="false" Intrnl_Id="491">
<Cond>
<Loc EndOffset="14187" SrcFileId="2" StartOffset="14156"/>
</Cond>
<LocList>
<Loc EndOffset="14244" SrcFileId="2" StartOffset="14188"/>
</LocList>
<StmntSeq Intrnl_Id="492">
<LocList>
<Loc EndOffset="14240" SrcFileId="2" StartOffset="14193"/>
</LocList>
<BasicStmnt CovItemId="S252" CovItemPrefix="is2.rubrica.PanelInserimento.java" Intrnl_Id="493">
<LocList>
<Loc EndOffset="14240" SrcFileId="2" StartOffset="14193"/>
</LocList>
</BasicStmnt>
</StmntSeq>
</Branch>
<Branch CovItemId="B68" CovItemPrefix="is2.rubrica.PanelInserimento.java" Implct="false" Intrnl_Id="494">
<Cond>
<Loc EndOffset="14268" SrcFileId="2" StartOffset="14247"/>
</Cond>
<LocList>
<Loc EndOffset="14325" SrcFileId="2" StartOffset="14269"/>
</LocList>
<StmntSeq Intrnl_Id="495">
<LocList>
<Loc EndOffset="14321" SrcFileId="2" StartOffset="14274"/>
</LocList>
<BasicStmnt CovItemId="S253" CovItemPrefix="is2.rubrica.PanelInserimento.java" Intrnl_Id="496">
<LocList>
<Loc EndOffset="14321" SrcFileId="2" StartOffset="14274"/>
</LocList>
</BasicStmnt>
</StmntSeq>
</Branch>
<Keyword EndOffset="13544" SrcFileId="2" StartOffset="13541"/>
<LocList>
<Loc EndOffset="14325" SrcFileId="2" StartOffset="13541"/>
</LocList>
</CondStmnt>
</StmntSeq>
</HierarchyLvl>
<HierarchyLvl HierarchyLvlId="295" HierarchyLvlTypeId="8" Intrnl_Id="497" Name="stampaRisultati">
<Header>
<Loc EndOffset="14378" SrcFileId="2" StartOffset="14332"/>
</Header>
<LocList>
<Loc EndOffset="15470" SrcFileId="2" StartOffset="14332"/>
</LocList>
<StmntSeq Intrnl_Id="498">
<LocList>
<Loc EndOffset="14395" SrcFileId="2" StartOffset="14383"/>
<Loc EndOffset="14528" SrcFileId="2" StartOffset="14515"/>
<Loc EndOffset="14577" SrcFileId="2" StartOffset="14539"/>
<Loc EndOffset="14627" SrcFileId="2" StartOffset="14581"/>
<Loc EndOffset="14715" SrcFileId="2" StartOffset="14635"/>
<Loc EndOffset="14761" SrcFileId="2" StartOffset="14723"/>
<Loc EndOffset="14811" SrcFileId="2" StartOffset="14765"/>
<Loc EndOffset="14908" SrcFileId="2" StartOffset="14819"/>
<Loc EndOffset="14953" SrcFileId="2" StartOffset="14916"/>
<Loc EndOffset="14996" SrcFileId="2" StartOffset="14957"/>
<Loc EndOffset="15041" SrcFileId="2" StartOffset="15004"/>
<Loc EndOffset="15089" SrcFileId="2" StartOffset="15045"/>
<Loc EndOffset="15134" SrcFileId="2" StartOffset="15097"/>
<Loc EndOffset="15186" SrcFileId="2" StartOffset="15138"/>
<Loc EndOffset="15231" SrcFileId="2" StartOffset="15194"/>
<Loc EndOffset="15290" SrcFileId="2" StartOffset="15235"/>
<Loc EndOffset="15467" SrcFileId="2" StartOffset="14531"/>
</LocList>
<BasicStmnt CovItemId="S254" CovItemPrefix="is2.rubrica.PanelInserimento.java" Intrnl_Id="499">
<LocList>
<Loc EndOffset="14395" SrcFileId="2" StartOffset="14383"/>
</LocList>
</BasicStmnt>
<BasicStmnt CovItemId="S255" CovItemPrefix="is2.rubrica.PanelInserimento.java" Intrnl_Id="500">
<LocList>
<Loc EndOffset="14528" SrcFileId="2" StartOffset="14515"/>
</LocList>
</BasicStmnt>
<BasicStmnt CovItemId="S257" CovItemPrefix="is2.rubrica.PanelInserimento.java" Intrnl_Id="501">
<LocList>
<Loc EndOffset="14577" SrcFileId="2" StartOffset="14539"/>
</LocList>
</BasicStmnt>
<BasicStmnt CovItemId="S258" CovItemPrefix="is2.rubrica.PanelInserimento.java" Intrnl_Id="502">
<LocList>
<Loc EndOffset="14627" SrcFileId="2" StartOffset="14581"/>
</LocList>
</BasicStmnt>
<LoopStmnt CovItemId="S259" CovItemPrefix="is2.rubrica.PanelInserimento.java" Intrnl_Id="503" MltplExecId="L7-2" MltplExecPrefix="is2.rubrica.PanelInserimento.java" NvrExecId="L7-0" NvrExecPrefix="is2.rubrica.PanelInserimento.java" OnceExecutedId="L7-1" OnceExecutedPrefix="is2.rubrica.PanelInserimento.java" OptBodyExec="true">
<StmntSeq Intrnl_Id="504">
<LocList>
<Loc EndOffset="14710" SrcFileId="2" StartOffset="14697"/>
</LocList>
<BasicStmnt CovItemId="S260" CovItemPrefix="is2.rubrica.PanelInserimento.java" Intrnl_Id="505">
<LocList>
<Loc EndOffset="14710" SrcFileId="2" StartOffset="14697"/>
</LocList>
</BasicStmnt>
</StmntSeq>
<Keyword EndOffset="14640" SrcFileId="2" StartOffset="14635"/>
<LocList>
<Loc EndOffset="14715" SrcFileId="2" StartOffset="14635"/>
</LocList>
</LoopStmnt>
<BasicStmnt CovItemId="S261" CovItemPrefix="is2.rubrica.PanelInserimento.java" Intrnl_Id="506">
<LocList>
<Loc EndOffset="14761" SrcFileId="2" StartOffset="14723"/>
</LocList>
</BasicStmnt>
<BasicStmnt CovItemId="S262" CovItemPrefix="is2.rubrica.PanelInserimento.java" Intrnl_Id="507">
<LocList>
<Loc EndOffset="14811" SrcFileId="2" StartOffset="14765"/>
</LocList>
</BasicStmnt>
<LoopStmnt CovItemId="S263" CovItemPrefix="is2.rubrica.PanelInserimento.java" Intrnl_Id="508" MltplExecId="L8-2" MltplExecPrefix="is2.rubrica.PanelInserimento.java" NvrExecId="L8-0" NvrExecPrefix="is2.rubrica.PanelInserimento.java" OnceExecutedId="L8-1" OnceExecutedPrefix="is2.rubrica.PanelInserimento.java" OptBodyExec="true">
<StmntSeq Intrnl_Id="509">
<LocList>
<Loc EndOffset="14886" SrcFileId="2" StartOffset="14849"/>
<Loc EndOffset="14903" SrcFileId="2" StartOffset="14891"/>
</LocList>
<BasicStmnt CovItemId="S264" CovItemPrefix="is2.rubrica.PanelInserimento.java" Intrnl_Id="510">
<LocList>
<Loc EndOffset="14886" SrcFileId="2" StartOffset="14849"/>
</LocList>
</BasicStmnt>
<BasicStmnt CovItemId="S265" CovItemPrefix="is2.rubrica.PanelInserimento.java" Intrnl_Id="511">
<LocList>
<Loc EndOffset="14903" SrcFileId="2" StartOffset="14891"/>
</LocList>
</BasicStmnt>
</StmntSeq>
<Keyword EndOffset="14824" SrcFileId="2" StartOffset="14819"/>
<LocList>
<Loc EndOffset="14908" SrcFileId="2" StartOffset="14819"/>
</LocList>
<RootTerm CovItemId="C37" CovItemPrefix="is2.rubrica.PanelInserimento.java" Intrnl_Id="512">
<BasicBoolTerm Intrnl_Id="513">
<LocList>
<Loc EndOffset="14841" SrcFileId="2" StartOffset="14825"/>
</LocList>
</BasicBoolTerm>
</RootTerm>
</LoopStmnt>
<BasicStmnt CovItemId="S266" CovItemPrefix="is2.rubrica.PanelInserimento.java" Intrnl_Id="514">
<LocList>
<Loc EndOffset="14953" SrcFileId="2" StartOffset="14916"/>
</LocList>
</BasicStmnt>
<BasicStmnt CovItemId="S267" CovItemPrefix="is2.rubrica.PanelInserimento.java" Intrnl_Id="515">
<LocList>
<Loc EndOffset="14996" SrcFileId="2" StartOffset="14957"/>
</LocList>
</BasicStmnt>
<BasicStmnt CovItemId="S268" CovItemPrefix="is2.rubrica.PanelInserimento.java" Intrnl_Id="516">
<LocList>
<Loc EndOffset="15041" SrcFileId="2" StartOffset="15004"/>
</LocList>
</BasicStmnt>
<BasicStmnt CovItemId="S269" CovItemPrefix="is2.rubrica.PanelInserimento.java" Intrnl_Id="517">
<LocList>
<Loc EndOffset="15089" SrcFileId="2" StartOffset="15045"/>
</LocList>
</BasicStmnt>
<BasicStmnt CovItemId="S270" CovItemPrefix="is2.rubrica.PanelInserimento.java" Intrnl_Id="518">
<LocList>
<Loc EndOffset="15134" SrcFileId="2" StartOffset="15097"/>
</LocList>
</BasicStmnt>
<BasicStmnt CovItemId="S271" CovItemPrefix="is2.rubrica.PanelInserimento.java" Intrnl_Id="519">
<LocList>
<Loc EndOffset="15186" SrcFileId="2" StartOffset="15138"/>
</LocList>
</BasicStmnt>
<BasicStmnt CovItemId="S272" CovItemPrefix="is2.rubrica.PanelInserimento.java" Intrnl_Id="520">
<LocList>
<Loc EndOffset="15231" SrcFileId="2" StartOffset="15194"/>
</LocList>
</BasicStmnt>
<BasicStmnt CovItemId="S273" CovItemPrefix="is2.rubrica.PanelInserimento.java" Intrnl_Id="521">
<LocList>
<Loc EndOffset="15290" SrcFileId="2" StartOffset="15235"/>
</LocList>
</BasicStmnt>
<CondStmnt CovItemId="S256" CovItemPrefix="is2.rubrica.PanelInserimento.java" Intrnl_Id="522">
<Branch CovItemId="B69" CovItemPrefix="is2.rubrica.PanelInserimento.java" Implct="true" Intrnl_Id="523">
<Cond/>
<LocList/>
<StmntSeq Intrnl_Id="524">
<LocList/>
</StmntSeq>
</Branch>
<Branch CovItemId="B70" CovItemPrefix="is2.rubrica.PanelInserimento.java" Implct="false" Intrnl_Id="525">
<Cond>
<Loc EndOffset="15328" SrcFileId="2" StartOffset="15297"/>
</Cond>
<LocList>
<Loc EndOffset="15385" SrcFileId="2" StartOffset="15329"/>
</LocList>
<StmntSeq Intrnl_Id="526">
<LocList>
<Loc EndOffset="15381" SrcFileId="2" StartOffset="15334"/>
</LocList>
<BasicStmnt CovItemId="S274" CovItemPrefix="is2.rubrica.PanelInserimento.java" Intrnl_Id="527">
<LocList>
<Loc EndOffset="15381" SrcFileId="2" StartOffset="15334"/>
</LocList>
</BasicStmnt>
</StmntSeq>
</Branch>
<Branch CovItemId="B71" CovItemPrefix="is2.rubrica.PanelInserimento.java" Implct="false" Intrnl_Id="528">
<Cond>
<Loc EndOffset="15409" SrcFileId="2" StartOffset="15388"/>
</Cond>
<LocList>
<Loc EndOffset="15467" SrcFileId="2" StartOffset="15410"/>
</LocList>
<StmntSeq Intrnl_Id="529">
<LocList>
<Loc EndOffset="15463" SrcFileId="2" StartOffset="15416"/>
</LocList>
<BasicStmnt CovItemId="S275" CovItemPrefix="is2.rubrica.PanelInserimento.java" Intrnl_Id="530">
<LocList>
<Loc EndOffset="15463" SrcFileId="2" StartOffset="15416"/>
</LocList>
</BasicStmnt>
</StmntSeq>
</Branch>
<Keyword EndOffset="14534" SrcFileId="2" StartOffset="14531"/>
<LocList>
<Loc EndOffset="15467" SrcFileId="2" StartOffset="14531"/>
</LocList>
</CondStmnt>
</StmntSeq>
</HierarchyLvl>
<HierarchyLvl HierarchyLvlId="296" HierarchyLvlTypeId="8" Intrnl_Id="531" Name="stampa">
<Header>
<Loc EndOffset="15486" SrcFileId="2" StartOffset="15473"/>
</Header>
<LocList>
<Loc EndOffset="16331" SrcFileId="2" StartOffset="15473"/>
</LocList>
<StmntSeq Intrnl_Id="532">
<LocList>
<Loc EndOffset="15540" SrcFileId="2" StartOffset="15503"/>
<Loc EndOffset="15663" SrcFileId="2" StartOffset="15544"/>
<Loc EndOffset="15704" SrcFileId="2" StartOffset="15667"/>
<Loc EndOffset="15823" SrcFileId="2" StartOffset="15708"/>
<Loc EndOffset="15864" SrcFileId="2" StartOffset="15827"/>
<Loc EndOffset="15982" SrcFileId="2" StartOffset="15868"/>
<Loc EndOffset="16023" SrcFileId="2" StartOffset="15986"/>
<Loc EndOffset="16146" SrcFileId="2" StartOffset="16027"/>
<Loc EndOffset="16328" SrcFileId="2" StartOffset="15494"/>
</LocList>
<BasicStmnt CovItemId="S277" CovItemPrefix="is2.rubrica.PanelInserimento.java" Intrnl_Id="533">
<LocList>
<Loc EndOffset="15540" SrcFileId="2" StartOffset="15503"/>
</LocList>
</BasicStmnt>
<BasicStmnt CovItemId="S278" CovItemPrefix="is2.rubrica.PanelInserimento.java" Intrnl_Id="534">
<LocList>
<Loc EndOffset="15663" SrcFileId="2" StartOffset="15544"/>
</LocList>
</BasicStmnt>
<BasicStmnt CovItemId="S279" CovItemPrefix="is2.rubrica.PanelInserimento.java" Intrnl_Id="535">
<LocList>
<Loc EndOffset="15704" SrcFileId="2" StartOffset="15667"/>
</LocList>
</BasicStmnt>
<BasicStmnt CovItemId="S280" CovItemPrefix="is2.rubrica.PanelInserimento.java" Intrnl_Id="536">
<LocList>
<Loc EndOffset="15823" SrcFileId="2" StartOffset="15708"/>
</LocList>
</BasicStmnt>
<BasicStmnt CovItemId="S281" CovItemPrefix="is2.rubrica.PanelInserimento.java" Intrnl_Id="537">
<LocList>
<Loc EndOffset="15864" SrcFileId="2" StartOffset="15827"/>
</LocList>
</BasicStmnt>
<BasicStmnt CovItemId="S282" CovItemPrefix="is2.rubrica.PanelInserimento.java" Intrnl_Id="538">
<LocList>
<Loc EndOffset="15982" SrcFileId="2" StartOffset="15868"/>
</LocList>
</BasicStmnt>
<BasicStmnt CovItemId="S283" CovItemPrefix="is2.rubrica.PanelInserimento.java" Intrnl_Id="539">
<LocList>
<Loc EndOffset="16023" SrcFileId="2" StartOffset="15986"/>
</LocList>
</BasicStmnt>
<BasicStmnt CovItemId="S284" CovItemPrefix="is2.rubrica.PanelInserimento.java" Intrnl_Id="540">
<LocList>
<Loc EndOffset="16146" SrcFileId="2" StartOffset="16027"/>
</LocList>
</BasicStmnt>
<CondStmnt CovItemId="S276" CovItemPrefix="is2.rubrica.PanelInserimento.java" Intrnl_Id="541">
<Branch CovItemId="B72" CovItemPrefix="is2.rubrica.PanelInserimento.java" Implct="true" Intrnl_Id="542">
<Cond/>
<LocList/>
<StmntSeq Intrnl_Id="543">
<LocList/>
</StmntSeq>
</Branch>
<Branch CovItemId="B73" CovItemPrefix="is2.rubrica.PanelInserimento.java" Implct="false" Intrnl_Id="544">
<Cond>
<Loc EndOffset="16174" SrcFileId="2" StartOffset="16153"/>
</Cond>
<LocList>
<Loc EndOffset="16238" SrcFileId="2" StartOffset="16175"/>
</LocList>
<StmntSeq Intrnl_Id="545">
<LocList>
<Loc EndOffset="16234" SrcFileId="2" StartOffset="16180"/>
</LocList>
<BasicStmnt CovItemId="S285" CovItemPrefix="is2.rubrica.PanelInserimento.java" Intrnl_Id="546">
<LocList>
<Loc EndOffset="16234" SrcFileId="2" StartOffset="16180"/>
</LocList>
</BasicStmnt>
</StmntSeq>
</Branch>
<Branch CovItemId="B74" CovItemPrefix="is2.rubrica.PanelInserimento.java" Implct="false" Intrnl_Id="547">
<Cond>
<Loc EndOffset="16272" SrcFileId="2" StartOffset="16242"/>
</Cond>
<LocList>
<Loc EndOffset="16328" SrcFileId="2" StartOffset="16273"/>
</LocList>
<StmntSeq Intrnl_Id="548">
<LocList>
<Loc EndOffset="16324" SrcFileId="2" StartOffset="16278"/>
</LocList>
<BasicStmnt CovItemId="S286" CovItemPrefix="is2.rubrica.PanelInserimento.java" Intrnl_Id="549">
<LocList>
<Loc EndOffset="16324" SrcFileId="2" StartOffset="16278"/>
</LocList>
</BasicStmnt>
</StmntSeq>
</Branch>
<Keyword EndOffset="15497" SrcFileId="2" StartOffset="15494"/>
<LocList>
<Loc EndOffset="16328" SrcFileId="2" StartOffset="15494"/>
</LocList>
</CondStmnt>
</StmntSeq>
</HierarchyLvl>
<HierarchyLvl HierarchyLvlId="297" HierarchyLvlTypeId="8" Intrnl_Id="550" Name="reset">
<Header>
<Loc EndOffset="16347" SrcFileId="2" StartOffset="16335"/>
</Header>
<LocList>
<Loc EndOffset="16470" SrcFileId="2" StartOffset="16335"/>
</LocList>
<StmntSeq Intrnl_Id="551">
<LocList>
<Loc EndOffset="16376" SrcFileId="2" StartOffset="16352"/>
<Loc EndOffset="16406" SrcFileId="2" StartOffset="16379"/>
<Loc EndOffset="16435" SrcFileId="2" StartOffset="16409"/>
<Loc EndOffset="16467" SrcFileId="2" StartOffset="16438"/>
</LocList>
<BasicStmnt CovItemId="S287" CovItemPrefix="is2.rubrica.PanelInserimento.java" Intrnl_Id="552">
<LocList>
<Loc EndOffset="16376" SrcFileId="2" StartOffset="16352"/>
</LocList>
</BasicStmnt>
<BasicStmnt CovItemId="S288" CovItemPrefix="is2.rubrica.PanelInserimento.java" Intrnl_Id="553">
<LocList>
<Loc EndOffset="16406" SrcFileId="2" StartOffset="16379"/>
</LocList>
</BasicStmnt>
<BasicStmnt CovItemId="S289" CovItemPrefix="is2.rubrica.PanelInserimento.java" Intrnl_Id="554">
<LocList>
<Loc EndOffset="16435" SrcFileId="2" StartOffset="16409"/>
</LocList>
</BasicStmnt>
<BasicStmnt CovItemId="S290" CovItemPrefix="is2.rubrica.PanelInserimento.java" Intrnl_Id="555">
<LocList>
<Loc EndOffset="16467" SrcFileId="2" StartOffset="16438"/>
</LocList>
</BasicStmnt>
</StmntSeq>
</HierarchyLvl>
<HierarchyLvl HierarchyLvlId="298" HierarchyLvlTypeId="8" Intrnl_Id="556" Name="pannelloCerca">
<Header>
<Loc EndOffset="16505" SrcFileId="2" StartOffset="16474"/>
</Header>
<LocList>
<Loc EndOffset="16695" SrcFileId="2" StartOffset="16474"/>
</LocList>
<StmntSeq Intrnl_Id="557">
<LocList>
<Loc EndOffset="16540" SrcFileId="2" StartOffset="16510"/>
<Loc EndOffset="16574" SrcFileId="2" StartOffset="16543"/>
<Loc EndOffset="16608" SrcFileId="2" StartOffset="16577"/>
<Loc EndOffset="16640" SrcFileId="2" StartOffset="16611"/>
<Loc EndOffset="16665" SrcFileId="2" StartOffset="16643"/>
<Loc EndOffset="16689" SrcFileId="2" StartOffset="16668"/>
</LocList>
<BasicStmnt CovItemId="S291" CovItemPrefix="is2.rubrica.PanelInserimento.java" Intrnl_Id="558">
<LocList>
<Loc EndOffset="16540" SrcFileId="2" StartOffset="16510"/>
</LocList>
</BasicStmnt>
<BasicStmnt CovItemId="S292" CovItemPrefix="is2.rubrica.PanelInserimento.java" Intrnl_Id="559">
<LocList>
<Loc EndOffset="16574" SrcFileId="2" StartOffset="16543"/>
</LocList>
</BasicStmnt>
<BasicStmnt CovItemId="S293" CovItemPrefix="is2.rubrica.PanelInserimento.java" Intrnl_Id="560">
<LocList>
<Loc EndOffset="16608" SrcFileId="2" StartOffset="16577"/>
</LocList>
</BasicStmnt>
<BasicStmnt CovItemId="S294" CovItemPrefix="is2.rubrica.PanelInserimento.java" Intrnl_Id="561">
<LocList>
<Loc EndOffset="16640" SrcFileId="2" StartOffset="16611"/>
</LocList>
</BasicStmnt>
<BasicStmnt CovItemId="S295" CovItemPrefix="is2.rubrica.PanelInserimento.java" Intrnl_Id="562">
<LocList>
<Loc EndOffset="16665" SrcFileId="2" StartOffset="16643"/>
</LocList>
</BasicStmnt>
<BasicStmnt CovItemId="S296" CovItemPrefix="is2.rubrica.PanelInserimento.java" Intrnl_Id="563">
<LocList>
<Loc EndOffset="16689" SrcFileId="2" StartOffset="16668"/>
</LocList>
</BasicStmnt>
</StmntSeq>
</HierarchyLvl>
<HierarchyLvl HierarchyLvlId="299" HierarchyLvlTypeId="8" Intrnl_Id="564" Name="pannelloRisultati">
<Header>
<Loc EndOffset="16736" SrcFileId="2" StartOffset="16701"/>
</Header>
<LocList>
<Loc EndOffset="16804" SrcFileId="2" StartOffset="16701"/>
</LocList>
<StmntSeq Intrnl_Id="565">
<LocList>
<Loc EndOffset="16772" SrcFileId="2" StartOffset="16741"/>
<Loc EndOffset="16801" SrcFileId="2" StartOffset="16775"/>
</LocList>
<BasicStmnt CovItemId="S297" CovItemPrefix="is2.rubrica.PanelInserimento.java" Intrnl_Id="566">
<LocList>
<Loc EndOffset="16772" SrcFileId="2" StartOffset="16741"/>
</LocList>
</BasicStmnt>
<BasicStmnt CovItemId="S298" CovItemPrefix="is2.rubrica.PanelInserimento.java" Intrnl_Id="567">
<LocList>
<Loc EndOffset="16801" SrcFileId="2" StartOffset="16775"/>
</LocList>
</BasicStmnt>
</StmntSeq>
</HierarchyLvl>
<HierarchyLvl HierarchyLvlId="300" HierarchyLvlTypeId="8" Intrnl_Id="568" Name="pannelloInput">
<Header>
<Loc EndOffset="16839" SrcFileId="2" StartOffset="16808"/>
</Header>
<LocList>
<Loc EndOffset="17196" SrcFileId="2" StartOffset="16808"/>
</LocList>
<StmntSeq Intrnl_Id="569">
<LocList>
<Loc EndOffset="16870" SrcFileId="2" StartOffset="16844"/>
<Loc EndOffset="16901" SrcFileId="2" StartOffset="16873"/>
<Loc EndOffset="16933" SrcFileId="2" StartOffset="16904"/>
<Loc EndOffset="16967" SrcFileId="2" StartOffset="16936"/>
<Loc EndOffset="16998" SrcFileId="2" StartOffset="16970"/>
<Loc EndOffset="17031" SrcFileId="2" StartOffset="17001"/>
<Loc EndOffset="17065" SrcFileId="2" StartOffset="17034"/>
<Loc EndOffset="17101" SrcFileId="2" StartOffset="17068"/>
<Loc EndOffset="17131" SrcFileId="2" StartOffset="17107"/>
<Loc EndOffset="17161" SrcFileId="2" StartOffset="17134"/>
<Loc EndOffset="17193" SrcFileId="2" StartOffset="17164"/>
</LocList>
<BasicStmnt CovItemId="S299" CovItemPrefix="is2.rubrica.PanelInserimento.java" Intrnl_Id="570">
<LocList>
<Loc EndOffset="16870" SrcFileId="2" StartOffset="16844"/>
</LocList>
</BasicStmnt>
<BasicStmnt CovItemId="S300" CovItemPrefix="is2.rubrica.PanelInserimento.java" Intrnl_Id="571">
<LocList>
<Loc EndOffset="16901" SrcFileId="2" StartOffset="16873"/>
</LocList>
</BasicStmnt>
<BasicStmnt CovItemId="S301" CovItemPrefix="is2.rubrica.PanelInserimento.java" Intrnl_Id="572">
<LocList>
<Loc EndOffset="16933" SrcFileId="2" StartOffset="16904"/>
</LocList>
</BasicStmnt>
<BasicStmnt CovItemId="S302" CovItemPrefix="is2.rubrica.PanelInserimento.java" Intrnl_Id="573">
<LocList>
<Loc EndOffset="16967" SrcFileId="2" StartOffset="16936"/>
</LocList>
</BasicStmnt>
<BasicStmnt CovItemId="S303" CovItemPrefix="is2.rubrica.PanelInserimento.java" Intrnl_Id="574">
<LocList>
<Loc EndOffset="16998" SrcFileId="2" StartOffset="16970"/>
</LocList>
</BasicStmnt>
<BasicStmnt CovItemId="S304" CovItemPrefix="is2.rubrica.PanelInserimento.java" Intrnl_Id="575">
<LocList>
<Loc EndOffset="17031" SrcFileId="2" StartOffset="17001"/>
</LocList>
</BasicStmnt>
<BasicStmnt CovItemId="S305" CovItemPrefix="is2.rubrica.PanelInserimento.java" Intrnl_Id="576">
<LocList>
<Loc EndOffset="17065" SrcFileId="2" StartOffset="17034"/>
</LocList>
</BasicStmnt>
<BasicStmnt CovItemId="S306" CovItemPrefix="is2.rubrica.PanelInserimento.java" Intrnl_Id="577">
<LocList>
<Loc EndOffset="17101" SrcFileId="2" StartOffset="17068"/>
</LocList>
</BasicStmnt>
<BasicStmnt CovItemId="S307" CovItemPrefix="is2.rubrica.PanelInserimento.java" Intrnl_Id="578">
<LocList>
<Loc EndOffset="17131" SrcFileId="2" StartOffset="17107"/>
</LocList>
</BasicStmnt>
<BasicStmnt CovItemId="S308" CovItemPrefix="is2.rubrica.PanelInserimento.java" Intrnl_Id="579">
<LocList>
<Loc EndOffset="17161" SrcFileId="2" StartOffset="17134"/>
</LocList>
</BasicStmnt>
<BasicStmnt CovItemId="S309" CovItemPrefix="is2.rubrica.PanelInserimento.java" Intrnl_Id="580">
<LocList>
<Loc EndOffset="17193" SrcFileId="2" StartOffset="17164"/>
</LocList>
</BasicStmnt>
</StmntSeq>
</HierarchyLvl>
<HierarchyLvl HierarchyLvlId="301" HierarchyLvlTypeId="8" Intrnl_Id="581" Name="pannelloOutput">
<Header>
<Loc EndOffset="17232" SrcFileId="2" StartOffset="17200"/>
</Header>
<LocList>
<Loc EndOffset="17468" SrcFileId="2" StartOffset="17200"/>
</LocList>
<StmntSeq Intrnl_Id="582">
<LocList>
<Loc EndOffset="17266" SrcFileId="2" StartOffset="17237"/>
<Loc EndOffset="17301" SrcFileId="2" StartOffset="17269"/>
<Loc EndOffset="17335" SrcFileId="2" StartOffset="17304"/>
<Loc EndOffset="17372" SrcFileId="2" StartOffset="17338"/>
<Loc EndOffset="17403" SrcFileId="2" StartOffset="17375"/>
<Loc EndOffset="17432" SrcFileId="2" StartOffset="17406"/>
<Loc EndOffset="17465" SrcFileId="2" StartOffset="17435"/>
</LocList>
<BasicStmnt CovItemId="S310" CovItemPrefix="is2.rubrica.PanelInserimento.java" Intrnl_Id="583">
<LocList>
<Loc EndOffset="17266" SrcFileId="2" StartOffset="17237"/>
</LocList>
</BasicStmnt>
<BasicStmnt CovItemId="S311" CovItemPrefix="is2.rubrica.PanelInserimento.java" Intrnl_Id="584">
<LocList>
<Loc EndOffset="17301" SrcFileId="2" StartOffset="17269"/>
</LocList>
</BasicStmnt>
<BasicStmnt CovItemId="S312" CovItemPrefix="is2.rubrica.PanelInserimento.java" Intrnl_Id="585">
<LocList>
<Loc EndOffset="17335" SrcFileId="2" StartOffset="17304"/>
</LocList>
</BasicStmnt>
<BasicStmnt CovItemId="S313" CovItemPrefix="is2.rubrica.PanelInserimento.java" Intrnl_Id="586">
<LocList>
<Loc EndOffset="17372" SrcFileId="2" StartOffset="17338"/>
</LocList>
</BasicStmnt>
<BasicStmnt CovItemId="S314" CovItemPrefix="is2.rubrica.PanelInserimento.java" Intrnl_Id="587">
<LocList>
<Loc EndOffset="17403" SrcFileId="2" StartOffset="17375"/>
</LocList>
</BasicStmnt>
<BasicStmnt CovItemId="S315" CovItemPrefix="is2.rubrica.PanelInserimento.java" Intrnl_Id="588">
<LocList>
<Loc EndOffset="17432" SrcFileId="2" StartOffset="17406"/>
</LocList>
</BasicStmnt>
<BasicStmnt CovItemId="S316" CovItemPrefix="is2.rubrica.PanelInserimento.java" Intrnl_Id="589">
<LocList>
<Loc EndOffset="17465" SrcFileId="2" StartOffset="17435"/>
</LocList>
</BasicStmnt>
</StmntSeq>
</HierarchyLvl>
<HierarchyLvl HierarchyLvlId="302" HierarchyLvlTypeId="8" Intrnl_Id="590" Name="pannelloRubIns">
<Header>
<Loc EndOffset="17504" SrcFileId="2" StartOffset="17472"/>
</Header>
<LocList>
<Loc EndOffset="17674" SrcFileId="2" StartOffset="17472"/>
</LocList>
<StmntSeq Intrnl_Id="591">
<LocList>
<Loc EndOffset="17541" SrcFileId="2" StartOffset="17509"/>
<Loc EndOffset="17574" SrcFileId="2" StartOffset="17544"/>
<Loc EndOffset="17608" SrcFileId="2" StartOffset="17577"/>
<Loc EndOffset="17638" SrcFileId="2" StartOffset="17611"/>
<Loc EndOffset="17671" SrcFileId="2" StartOffset="17641"/>
</LocList>
<BasicStmnt CovItemId="S317" CovItemPrefix="is2.rubrica.PanelInserimento.java" Intrnl_Id="592">
<LocList>
<Loc EndOffset="17541" SrcFileId="2" StartOffset="17509"/>
</LocList>
</BasicStmnt>
<BasicStmnt CovItemId="S318" CovItemPrefix="is2.rubrica.PanelInserimento.java" Intrnl_Id="593">
<LocList>
<Loc EndOffset="17574" SrcFileId="2" StartOffset="17544"/>
</LocList>
</BasicStmnt>
<BasicStmnt CovItemId="S319" CovItemPrefix="is2.rubrica.PanelInserimento.java" Intrnl_Id="594">
<LocList>
<Loc EndOffset="17608" SrcFileId="2" StartOffset="17577"/>
</LocList>
</BasicStmnt>
<BasicStmnt CovItemId="S320" CovItemPrefix="is2.rubrica.PanelInserimento.java" Intrnl_Id="595">
<LocList>
<Loc EndOffset="17638" SrcFileId="2" StartOffset="17611"/>
</LocList>
</BasicStmnt>
<BasicStmnt CovItemId="S321" CovItemPrefix="is2.rubrica.PanelInserimento.java" Intrnl_Id="596">
<LocList>
<Loc EndOffset="17671" SrcFileId="2" StartOffset="17641"/>
</LocList>
</BasicStmnt>
</StmntSeq>
</HierarchyLvl>
<HierarchyLvl HierarchyLvlId="303" HierarchyLvlTypeId="8" Intrnl_Id="597" Name="pannelloRubStp">
<Header>
<Loc EndOffset="17710" SrcFileId="2" StartOffset="17678"/>
</Header>
<LocList>
<Loc EndOffset="17909" SrcFileId="2" StartOffset="17678"/>
</LocList>
<StmntSeq Intrnl_Id="598">
<LocList>
<Loc EndOffset="17747" SrcFileId="2" StartOffset="17715"/>
<Loc EndOffset="17780" SrcFileId="2" StartOffset="17750"/>
<Loc EndOffset="17814" SrcFileId="2" StartOffset="17783"/>
<Loc EndOffset="17846" SrcFileId="2" StartOffset="17817"/>
<Loc EndOffset="17877" SrcFileId="2" StartOffset="17849"/>
<Loc EndOffset="17906" SrcFileId="2" StartOffset="17880"/>
</LocList>
<BasicStmnt CovItemId="S322" CovItemPrefix="is2.rubrica.PanelInserimento.java" Intrnl_Id="599">
<LocList>
<Loc EndOffset="17747" SrcFileId="2" StartOffset="17715"/>
</LocList>
</BasicStmnt>
<BasicStmnt CovItemId="S323" CovItemPrefix="is2.rubrica.PanelInserimento.java" Intrnl_Id="600">
<LocList>
<Loc EndOffset="17780" SrcFileId="2" StartOffset="17750"/>
</LocList>
</BasicStmnt>
<BasicStmnt CovItemId="S324" CovItemPrefix="is2.rubrica.PanelInserimento.java" Intrnl_Id="601">
<LocList>
<Loc EndOffset="17814" SrcFileId="2" StartOffset="17783"/>
</LocList>
</BasicStmnt>
<BasicStmnt CovItemId="S325" CovItemPrefix="is2.rubrica.PanelInserimento.java" Intrnl_Id="602">
<LocList>
<Loc EndOffset="17846" SrcFileId="2" StartOffset="17817"/>
</LocList>
</BasicStmnt>
<BasicStmnt CovItemId="S326" CovItemPrefix="is2.rubrica.PanelInserimento.java" Intrnl_Id="603">
<LocList>
<Loc EndOffset="17877" SrcFileId="2" StartOffset="17849"/>
</LocList>
</BasicStmnt>
<BasicStmnt CovItemId="S327" CovItemPrefix="is2.rubrica.PanelInserimento.java" Intrnl_Id="604">
<LocList>
<Loc EndOffset="17906" SrcFileId="2" StartOffset="17880"/>
</LocList>
</BasicStmnt>
</StmntSeq>
</HierarchyLvl>
<HierarchyLvl HierarchyLvlId="304" HierarchyLvlTypeId="8" Intrnl_Id="605" Name="pannelloIndex">
<Header>
<Loc EndOffset="17944" SrcFileId="2" StartOffset="17913"/>
</Header>
<LocList>
<Loc EndOffset="18132" SrcFileId="2" StartOffset="17913"/>
</LocList>
<StmntSeq Intrnl_Id="606">
<LocList>
<Loc EndOffset="17976" SrcFileId="2" StartOffset="17949"/>
<Loc EndOffset="18007" SrcFileId="2" StartOffset="17979"/>
<Loc EndOffset="18038" SrcFileId="2" StartOffset="18010"/>
<Loc EndOffset="18069" SrcFileId="2" StartOffset="18041"/>
<Loc EndOffset="18098" SrcFileId="2" StartOffset="18072"/>
<Loc EndOffset="18129" SrcFileId="2" StartOffset="18101"/>
</LocList>
<BasicStmnt CovItemId="S328" CovItemPrefix="is2.rubrica.PanelInserimento.java" Intrnl_Id="607">
<LocList>
<Loc EndOffset="17976" SrcFileId="2" StartOffset="17949"/>
</LocList>
</BasicStmnt>
<BasicStmnt CovItemId="S329" CovItemPrefix="is2.rubrica.PanelInserimento.java" Intrnl_Id="608">
<LocList>
<Loc EndOffset="18007" SrcFileId="2" StartOffset="17979"/>
</LocList>
</BasicStmnt>
<BasicStmnt CovItemId="S330" CovItemPrefix="is2.rubrica.PanelInserimento.java" Intrnl_Id="609">
<LocList>
<Loc EndOffset="18038" SrcFileId="2" StartOffset="18010"/>
</LocList>
</BasicStmnt>
<BasicStmnt CovItemId="S331" CovItemPrefix="is2.rubrica.PanelInserimento.java" Intrnl_Id="610">
<LocList>
<Loc EndOffset="18069" SrcFileId="2" StartOffset="18041"/>
</LocList>
</BasicStmnt>
<BasicStmnt CovItemId="S332" CovItemPrefix="is2.rubrica.PanelInserimento.java" Intrnl_Id="611">
<LocList>
<Loc EndOffset="18098" SrcFileId="2" StartOffset="18072"/>
</LocList>
</BasicStmnt>
<BasicStmnt CovItemId="S333" CovItemPrefix="is2.rubrica.PanelInserimento.java" Intrnl_Id="612">
<LocList>
<Loc EndOffset="18129" SrcFileId="2" StartOffset="18101"/>
</LocList>
</BasicStmnt>
</StmntSeq>
</HierarchyLvl>
</HierarchyLvl>
<HierarchyLvl HierarchyLvlId="307" HierarchyLvlTypeId="7" Intrnl_Id="613" Name="FramePri">
<Header>
<Loc EndOffset="810" SrcFileId="3" StartOffset="774"/>
</Header>
<LocList>
<Loc EndOffset="2069" SrcFileId="3" StartOffset="774"/>
</LocList>
<StmntSeq Intrnl_Id="614">
<LocList>
<Loc EndOffset="1090" SrcFileId="3" StartOffset="1024"/>
<Loc EndOffset="1191" SrcFileId="3" StartOffset="1146"/>
<Loc EndOffset="1239" SrcFileId="3" StartOffset="1193"/>
</LocList>
<BasicStmnt CovItemId="S1" CovItemPrefix="is2.rubrica.FramePri.java" Intrnl_Id="615">
<LocList>
<Loc EndOffset="1090" SrcFileId="3" StartOffset="1024"/>
</LocList>
</BasicStmnt>
<BasicStmnt CovItemId="S2" CovItemPrefix="is2.rubrica.FramePri.java" Intrnl_Id="616">
<LocList>
<Loc EndOffset="1191" SrcFileId="3" StartOffset="1146"/>
</LocList>
</BasicStmnt>
<BasicStmnt CovItemId="S3" CovItemPrefix="is2.rubrica.FramePri.java" Intrnl_Id="617">
<LocList>
<Loc EndOffset="1239" SrcFileId="3" StartOffset="1193"/>
</LocList>
</BasicStmnt>
</StmntSeq>
<HierarchyLvl HierarchyLvlId="306" HierarchyLvlTypeId="8" Intrnl_Id="618" Name="FramePri">
<Header>
<Loc EndOffset="1527" SrcFileId="3" StartOffset="1493"/>
</Header>
<LocList>
<Loc EndOffset="2067" SrcFileId="3" StartOffset="1493"/>
</LocList>
<StmntSeq Intrnl_Id="619">
<LocList>
<Loc EndOffset="1593" SrcFileId="3" StartOffset="1531"/>
<Loc EndOffset="1668" SrcFileId="3" StartOffset="1619"/>
<Loc EndOffset="1715" SrcFileId="3" StartOffset="1690"/>
<Loc EndOffset="1805" SrcFileId="3" StartOffset="1777"/>
<Loc EndOffset="1914" SrcFileId="3" StartOffset="1863"/>
<Loc EndOffset="1993" SrcFileId="3" StartOffset="1952"/>
<Loc EndOffset="2047" SrcFileId="3" StartOffset="2021"/>
</LocList>
<BasicStmnt CovItemId="S4" CovItemPrefix="is2.rubrica.FramePri.java" Intrnl_Id="620">
<LocList>
<Loc EndOffset="1593" SrcFileId="3" StartOffset="1531"/>
</LocList>
</BasicStmnt>
<BasicStmnt CovItemId="S5" CovItemPrefix="is2.rubrica.FramePri.java" Intrnl_Id="621">
<LocList>
<Loc EndOffset="1668" SrcFileId="3" StartOffset="1619"/>
</LocList>
</BasicStmnt>
<BasicStmnt CovItemId="S6" CovItemPrefix="is2.rubrica.FramePri.java" Intrnl_Id="622">
<LocList>
<Loc EndOffset="1715" SrcFileId="3" StartOffset="1690"/>
</LocList>
</BasicStmnt>
<BasicStmnt CovItemId="S7" CovItemPrefix="is2.rubrica.FramePri.java" Intrnl_Id="623">
<LocList>
<Loc EndOffset="1805" SrcFileId="3" StartOffset="1777"/>
</LocList>
</BasicStmnt>
<BasicStmnt CovItemId="S8" CovItemPrefix="is2.rubrica.FramePri.java" Intrnl_Id="624">
<LocList>
<Loc EndOffset="1914" SrcFileId="3" StartOffset="1863"/>
</LocList>
</BasicStmnt>
<BasicStmnt CovItemId="S9" CovItemPrefix="is2.rubrica.FramePri.java" Intrnl_Id="625">
<LocList>
<Loc EndOffset="1993" SrcFileId="3" StartOffset="1952"/>
</LocList>
</BasicStmnt>
<BasicStmnt CovItemId="S10" CovItemPrefix="is2.rubrica.FramePri.java" Intrnl_Id="626">
<LocList>
<Loc EndOffset="2047" SrcFileId="3" StartOffset="2021"/>
</LocList>
</BasicStmnt>
</StmntSeq>
</HierarchyLvl>
</HierarchyLvl>
</HierarchyLvl>
</HierarchyLvl>
</HierarchyLvl>
</MASTRoot>
</TestSessionContainer>
